
   APS:<BEEBE.MAKE>
		  Write              

 KLH.MSG.1        16-Mar-87 14:28:25 
 MAKE.REL.1       16-Mar-87 14:22:10 
 PHOTO.LOG.1      16-Mar-87 14:21:01 
 MACRO.REL.10     16-Mar-87 13:55:01 
 RULES.REL.12     16-Mar-87 12:10:55 
 READER.REL.10    16-Mar-87 12:10:39 
 MAIN.REL.13      16-Mar-87 12:10:12 
 INPUT.REL.12     16-Mar-87 12:09:57 
 CHECK.REL.10     16-Mar-87 12:09:41 
 MACRO.NEW-C.1    16-Mar-87 12:07:54 
 MAKE.TAGS.4      16-Mar-87 12:03:48 
 RULES.C.18       14-Mar-87 12:55:00 
 MAKEFILE.VMS.2   14-Mar-87 12:43:17 
 MAKEFILE.KCC.2   14-Mar-87 12:43:14 
 MAKEFILE..5      14-Mar-87 12:43:14 
 MAKEFILE.UNIX.4  14-Mar-87 12:42:09 
 H.H.18           14-Mar-87 12:35:43 
 MAKE.C.23        14-Mar-87 12:31:06 
 VAXVMS.C.1       14-Mar-87 12:16:54 
 MAIN.C.15        14-Mar-87 12:16:30 
 READER.C.6       14-Mar-87 09:16:27 
 MAKEFILE.MSC.2   14-Mar-87 08:40:13 
 MACRO.C.8        14-Mar-87 07:52:03 
 INPUT.C.7        14-Mar-87 07:51:17 
 CHECK.C.4        14-Mar-87 07:51:01 
 TEST.MAK.8       13-Mar-87 18:44:18 
 MAKE.HLP.15      13-Mar-87 18:39:32 
 TEST.FOR.1       13-Mar-87 18:24:37 
 --MAKE.MIC.3     11-Mar-87 13:08:33 
 README..1         5-Dec-86 17:24:32 

 Total of 30 files
