
			10-Feb-88 16:32:37

BATCON Version	5(6063)			GLXLIB Version	5(1247)

	    Job KERMIT Req #814 for MKL in Stream 0

	OUTPUT:	 Nolog				TIME-LIMIT: 1:00:00
	UNIQUE:	 Yes				BATCH-LOG:  Supersede
	RESTART: No				ASSISTANCE: Yes
	ACCOUNT: CF                             SEQUENCE:   190

	Input from => SRC:<LOC.SUBSYS>KERMIT.CTL
	Output to  => SRC:<LOC.SUBSYS>KERMIT.LOG



16:32:40 MONTR	 SRI-NIC, TOPS-20 Monitor 6.1(7340)-4
16:32:40 MONTR	 Job 17 on TTY124 10-Feb-88  4:32pm
16:32:41 MONTR	 $
16:32:41 MONTR	[CONNECTED TO SRC:<LOC.SUBSYS>]
16:32:41 MONTR	enable
16:32:42 MONTR	 $cd src:<loc.subsys>
16:32:42 MONTR	
16:32:42 MONTR	 $load kermit
16:32:49 USER	MACRO:	Kermit
16:54:05 USER	LINK:	Loading
16:54:24 MONTR	 $save
16:54:25 MONTR	 KERMIT.EXE.1 Saved
16:54:25 MONTR	 $
16:54:30 MONTR	Killed by OPERATOR, TTY 110
16:54:30 MONTR	Killed Job 17, User MKL, TTY 124, at 10-Feb-88 16:54:30
16:54:30 MONTR	 Used 0:03:40 in 0:21:51
