
[PHOTO:  Recording initiated  Wed 14-Mar-90 4:27pm]

 End of PS:<KLH>COMAND.CMD.4
@!      Compile general utility routines
@KCC: -c -q -x=macro -Hc: -Hcinc: -hcsys: -hcincs: @cgen:gen.ccl
@!      Compile stdio routines
@KCC: -c -q -x=macro -Hc: -Hcinc: -hcsys: -hcincs: @cstdio:stdio.ccl
@!      Compile math routines
@KCC: -c -q -x=macro -Hc: -Hcinc: -hcsys: -hcincs: @cmath:math.ccl
KCC:    exp
MACRO:  exp

EXIT
KCC:    pow
MACRO:  pow

EXIT
@!      Compile un*x syscalls (1st half)
@KCC: -c -q -x=macro -Hc: -Hcinc: -hcsys: -hcincs: @cusys:usys1.ccl
@!      Compile un*x syscalls (2nd half)
@KCC: -c -q -x=macro -Hc: -Hcinc: -hcsys: -hcincs: @cusys:usys2.ccl
@!      Now build library.  Includes everything except LIBCKX.
@maklib
*libc=@clib:libc.ccl
*libc.poi=libc/points
*^Z
@
@pop

[PHOTO:  Recording terminated Wed 14-Mar-90 4:33pm]
