
			18-Feb-86 19:46:42

BATCON Version	104(4133)			GLXLIB Version	1(527)

	    Job LV2 Req #315 for CLYNN in Stream 1

	OUTPUT:	 Nolog				TIME-LIMIT: 2:00:00
	UNIQUE:	 Yes				BATCH-LOG:  Append
	RESTART: No				ASSISTANCE: Yes
						SEQUENCE:   4023

	Input from => CWL:<CMU>LV2.CTL.1
	Output to  => CWL:<CMU>LV2.LOG



19:46:43 MONTR	 BBN System F, v12, TOPS-20 Monitor 5.4(1022)
19:46:43 MONTR	 System down Fri 21-Feb-86 04:00 to Fri 21-Feb-86 07:00
19:46:43 MONTR	@SET TIME-LIMIT 7200
19:46:43 MONTR	@LOGIN CLYNN 5220439
19:46:47 MONTR	 Job 34 on TTY172 18-Feb-86 19:46:47, Account: 5220439
19:46:47 MONTR	 1 other job(s) logged in as CLYNN, 0 detached
19:46:47 MONTR	@
19:46:47 MONTR	[CWL Mounted]
19:46:47 MONTR	
19:46:47 MONTR	[CONNECTED TO CWL:<CMU>]
19:46:47 BATCH	@NOERROR
		!
19:46:47 MONTR	def n:   cwl:<5-4-net>
19:46:48 MONTR	@def b:   cwl:<5-4-build>
19:46:48 MONTR	@def dsk:
19:46:48 MONTR	%Logical name DSK: was not defined
19:46:49 MONTR	@def mon: dsk:,cwl:<5-4-net>,cwl:<dec-6-1-base>,cwl:<dec-6-1-base.ap7>
19:46:49 MONTR	@def r:   dsk:,cwl:<5-4-build>
19:46:49 MONTR	@def sys: dsk:,sys:
19:46:49 MONTR	@def unv: dsk:
19:46:49 MONTR	@def utl: dsk:
19:46:49 MONTR	@
		!
19:46:49 MONTR	@ena
19:46:49 MONTR	 $
		!
19:46:49 MONTR	@EXP
19:46:49 MONTR	 CWL:<CMU> [No pages freed]
19:46:49 MONTR	 $
		!
19:46:49 BLABL	ANAUNV::
19:46:49 MONTR	@COMPILE MON:ANAUNV.MAC R:ANAUNV
19:46:55 USER	MACRO:  ANAUNV
19:47:24 USER	Defining NCT format
19:47:24 USER	NTFLAG  =       2
19:47:24 USER	NTNET   =       3
19:47:24 USER	NTLADR  =       4
19:47:24 USER	NTSBNM  =       5
19:47:24 USER	NTNLHM  =       6
19:47:24 USER	NTNLHB  =       7
19:47:24 USER	NTHDRL  =       10
19:47:24 USER	NTPSIZ  =       11
19:47:25 USER	NTRDY   =       12
19:47:25 USER	NETON   =       13
19:47:25 USER	NTSTCH  =       14
19:47:25 USER	NTORDY  =       15
19:47:25 USER	NTIUPT  =       16
19:47:25 USER	NTXDNT  =       17
19:47:25 USER	NTXUPP  =       20
19:47:25 USER	NTDCLK  =       21
19:47:25 USER	NTIDNT  =       22
19:47:25 USER	NTPVEC  =       23
19:47:25 USER	NTPSTI  =       24
19:47:25 USER	NTHDWN  =       25
19:47:25 USER	NTHDWI  =       26
19:47:25 USER	NTPHY   =       27
19:47:25 USER	NTPSTS  =       30
19:47:25 USER	NTIB    =       31
19:47:25 USER	NTOB    =       32
19:47:25 USER	NTORAT  =       33
19:47:25 USER	NTOFCT  =       34
19:47:25 USER	NTOMSC  =       35
19:47:25 USER	NTHOBO  =       36
19:47:25 USER	NTHOBI  =       37
19:47:25 USER	NTLOBO  =       40
19:47:25 USER	NTLOBI  =       41
19:47:25 USER	NTHVEC  =       42
19:47:25 USER	NTERRF  =       43
19:47:25 USER	NTTOUT  =       44
19:47:25 USER	NTINRS  =       46
19:47:25 USER	NTGEN   =       47
19:47:26 USER	Defining HARDWARE-VECTOR format
19:47:26 USER	NTHKIL  =       0
19:47:26 USER	NTRSRT  =       1
19:47:26 USER	NTISRT  =       2
19:47:26 USER	NTOSRT  =       3
19:47:26 USER	NTSCHK  =       4
19:47:26 USER	NTHRMV  =       5
19:47:26 USER	Defining PROTOCOL-VECTOR format
19:47:26 USER	NTPKIL  =       0
19:47:26 USER	NTPERR  =       1
19:47:26 USER	NTIDUN  =       2
19:47:26 USER	NTODUN  =       3
19:47:26 USER	NTLLDR  =       4
19:47:26 USER	NTPINI  =       5
19:47:26 USER	NTPMNT  =       6
19:47:26 USER	NTPRMV  =       7
19:48:08 USER	
19:48:08 USER	EXIT
19:48:08 MONTR	 $
		!
19:48:08 BLABL	MNETDV::
19:48:08 MONTR	@COMPILE /COMPILE MON:REL5.MAC+MON:MNETDV.MAC R:MNETDV
19:48:10 USER	MACRO:  MNETDV
19:50:59 USER	% DIN differs from NP.IP
19:56:52 USER	
19:56:52 USER	EXIT
19:56:53 MONTR	 $
		1822DV::
19:56:53 MONTR	@COMPILE /COMPILE MON:1822DV.MAC R:1822DV
19:56:56 USER	MACRO:  1822DV
19:58:26 USER	
19:58:26 USER	EXIT
19:58:26 MONTR	 $
19:58:26 BLABL	IMPANX::
19:58:26 MONTR	@COMPILE /COMPILE MON:IMPANX.MAC R:IMPANX
19:58:32 USER	MACRO:  IMPANX
19:59:24 USER	Defining NCT EXTENSIONS format
19:59:24 USER	NTFLS   =       55
19:59:24 USER	NTIQDB  =       56
19:59:24 USER	NTINP   =       60
19:59:24 USER	NTOUP   =       61
19:59:24 USER	NTITYP  =       62
19:59:24 USER	NTOTYP  =       63
19:59:24 USER	NTCNSZ  =       64
19:59:24 USER	NTCNSO  =       65
19:59:24 USER	NTCONO  =       66
19:59:24 USER	NTCONI  =       67
19:59:24 USER	NTDATO  =       70
19:59:25 USER	NTDATI  =       71
19:59:25 USER	NTOCSZ  =       72
19:59:25 USER	NTOCSO  =       73
19:59:25 USER	NTOCNO  =       74
19:59:25 USER	NTOCNI  =       75
19:59:25 USER	NTODTO  =       76
19:59:25 USER	NTIINT  =       77
19:59:25 USER	NTIJSR  =       100
19:59:25 USER	NTIDSP  =       101
19:59:25 USER	NTINCT  =       102
19:59:25 USER	NTIIPC  =       103
19:59:25 USER	NTOINT  =       107
19:59:25 USER	NTOJSR  =       110
19:59:25 USER	NTODSP  =       111
19:59:25 USER	NTONCT  =       112
19:59:25 USER	NTOIPC  =       113
19:59:41 USER	
19:59:41 USER	EXIT
19:59:42 MONTR	 $
19:59:42 BLABL	IMPBBN::
19:59:42 MONTR	@COMPILE /COMPILE MON:IMPBBN.MAC R:IMPBBN
19:59:49 USER	MACRO:  IMPBBN
20:00:34 USER	Defining IMP10 NCT EXTENSIONS format
20:00:34 USER	NTFLS   =       55
20:00:34 USER	NTIQDB  =       56
20:00:34 USER	NTINP   =       60
20:00:34 USER	NTOUP   =       61
20:00:34 USER	NTIS32  =       62
20:00:34 USER	NTOS32  =       63
20:00:34 USER	NTIWC   =       64
20:00:34 USER	NTOWC   =       65
20:00:34 USER	NTCNSZ  =       66
20:00:34 USER	NTCNSO  =       67
20:00:34 USER	NTCONO  =       70
20:00:34 USER	NTCONI  =       71
20:00:34 USER	NTDATI  =       72
20:00:34 USER	NTDATO  =       73
20:00:34 USER	NTIDSP  =       74
20:00:34 USER	NTODSP  =       75
20:00:44 USER	
20:00:44 USER	EXIT
20:00:45 MONTR	 $
20:00:45 BLABL	NFEPHY::
20:00:45 MONTR	@COMPILE /COMPILE MON:NFEPHY.MAC R:NFEPHY
20:00:50 USER	MACRO:  NFEPHY
20:02:40 USER	Defining NCT EXTENSIONS format
20:02:40 USER	NTDTEN  =       55
20:02:40 USER	NTCONI  =       56
20:02:40 USER	NTCONO  =       57
20:02:40 USER	NTCNSO  =       60
20:02:40 USER	NTCNSZ  =       61
20:02:40 USER	NTDATO  =       62
20:02:40 USER	NTIJSR  =       63
20:02:40 USER	NTIDSP  =       64
20:02:40 USER	NTINCT  =       65
20:02:42 USER	NTIPCW  =       66
20:02:42 USER	NT11ST  =       72
20:02:42 USER	NT10ST  =       73
20:02:42 USER	NTINP   =       74
20:02:42 USER	NTOUP   =       75
20:02:42 USER	NTITIM  =       76
20:03:39 USER	
20:03:39 USER	EXIT
20:03:40 MONTR	 $
		!
20:03:40 BLABL	IPFREE::
20:03:40 MONTR	@COMPILE /COMPILE MON:REL5.MAC+MON:IPFREE.MAC R:IPFREE
20:04:03 USER	MACRO:  IPFREE
20:06:02 USER	
20:06:02 USER	EXIT
20:06:02 MONTR	 $
20:06:02 BLABL	IPIPIP::
20:06:02 MONTR	@COMPILE /COMPILE MON:REL5.MAC+MON:IPIPIP.MAC R:IPIPIP
20:06:09 USER	MACRO:  IPIPIP
20:16:50 USER	
20:16:50 USER	EXIT
20:16:51 MONTR	 $
		!
20:16:51 BLABL	TCPCRC::
20:16:51 MONTR	@COMPILE /COMPILE MON:TCPCRC.MAC R:TCPCRC
20:17:02 USER	MACRO:  TCPCRC
20:17:45 USER	
20:17:45 USER	EXIT
20:17:45 MONTR	 $
20:17:45 BLABL	TCPTCP::
20:17:45 MONTR	@COMPILE /COMPILE MON:TCPTCP.MAC R:TCPTCP
20:17:49 USER	MACRO:  TCPTCP
20:33:49 USER	
20:33:49 USER	EXIT
20:33:49 MONTR	 $
20:33:49 BLABL	TCPBBN::
20:33:49 MONTR	@COMPILE /COMPILE MON:REL5.MAC+MON:TCPBBN.MAC R:TCPBBN
20:33:55 USER	MACRO:  TCPBBN
20:37:27 USER	
20:37:27 USER	EXIT
20:37:29 MONTR	 $
20:37:29 BLABL	TCPJFN::
20:37:29 MONTR	@COMPILE /COMPILE MON:REL5.MAC+MON:TCPJFN.MAC R:TCPJFN
20:37:35 USER	MACRO:  TCPJFN
20:39:21 USER	
20:39:21 USER	EXIT
20:39:22 MONTR	 $
		!
20:39:22 BLABL	TTYSNV::
20:39:22 MONTR	@COMPILE /COMPILE MON:ARPAF.MAC+MON:KLPRE.MAC+MON:TTYSRV.MAC+MON:TTANDV.MAC+MON:TTPHDV.MAC R:TTYSNV
20:39:25 USER	MACRO:  TTYSRV
20:41:48 USER	%TVTIGA ABSENT
20:45:37 USER	
20:45:37 USER	EXIT
20:45:38 MONTR	 $
20:45:38 BLABL	TTYSDN::
20:45:38 MONTR	@COMPILE /COMPILE MON:ARPAD.MAC+MON:KLPRE.MAC+MON:TTYSRV.MAC+MON:TTANDV.MAC+MON:TTPHDV.MAC R:TTYSDN
20:45:42 USER	MACRO:  TTYSRV
20:49:05 USER	%TVTIGA ABSENT
20:55:58 USER	
20:55:58 USER	EXIT
20:55:59 MONTR	 $
		!
20:55:59 BLABL	STGAN::
20:55:59 MONTR	@COMPIL/COMP MON:REL5.MAC+MON:KLPRE.MAC+MON:ANPLND.MAC+MON:PARSYF.MAC+MON:PARAMS.MAC+MON:STG.MAC R:STGAN
20:56:06 USER	MACRO:  STG
20:56:44 USER	% Number of network wait bits clamped to 511.
21:01:21 USER	Defining Multinet Storage Section format
21:01:21 USER	Defining ETHERNET-HASH-TABLE format
21:01:21 USER	ETHRTB  =       5001000
21:01:21 USER	Defining HOST-TABLES format
21:01:21 USER	HOSTNN  =       5002000
21:01:21 USER	HSTSTS  =       5011641
21:01:21 USER	HOSTPN  =       5021502
21:01:21 USER	HOSTN   =       5031343
21:01:21 USER	HSTNAM  =       5070547
21:01:21 USER	HSTNML  =       5127753
21:01:21 USER	Defining Network Buffers format
21:01:21 USER	BUFFRE  =       5150000
21:01:21 USER	BUFFRZ  =       5550000
21:01:28 USER	Defining Internet Free Storage format
21:01:28 USER	INTFRE  =       5550000
21:01:28 USER	INTFRZ  =       5747776
21:05:29 USER	
21:05:29 USER	EXIT
21:05:29 MONTR	 $
		!
21:05:29 BLABL	MNTBEG::
21:05:29 MONTR	@COMPILE MON:MNTBEG.MAC R:MNTBEG
21:05:30 MONTR	 $
21:05:30 BLABL	MNTEND::
21:05:30 MONTR	@COMPILE MON:MNTEND.MAC R:MNTEND
21:05:30 MONTR	 $
21:05:30 BLABL	JSYSB::
21:05:30 MONTR	@COMPILE MON:JSYSB.MAC R:JSYSB
21:05:30 MONTR	 $
		!
21:05:30 BLABL	MEXEC::
21:05:30 MONTR	@COMPILE /COMPILE MON:MEXEC.MAC R:MEXEC
21:05:37 USER	MACRO:  MEXEC
21:08:39 USER	
21:08:39 USER	EXIT
21:08:39 MONTR	 $
		!
21:08:39 BATCH	@NOERROR
		!
21:08:39 BLABL	LINK::
21:08:39 MONTR	@R LINK
21:08:42 USER	*
		;*@MON:LNKAND.CCL
21:08:42 USER	TTY:/LOG/LOGL:5
21:08:42 USER	*AMON/SAVE,/HASHSIZE:12007, -
21:08:42 USER	#/FRECOR:0, -
21:08:42 USER	#/SET:RSCOD:1000, -
21:08:42 USER	#/SET:INCOD:121000, -
21:08:42 USER	#/SET:RSDAT:143000,/SYMSEG:PSECT:RSDAT,/PATCHSIZE:100, -
21:08:43 USER	#/SET:PPVAR:205000, -
21:08:43 USER	#/SET:RSVAR:211000, -
21:08:43 USER	#/SET:SYVAR:327000, -
21:08:43 USER	#/SET:PSVAR:330000, -
21:08:43 USER	#/SET:JSVAR:346000, -
21:08:43 USER	#/SET:NRVAR:424000, -
21:08:43 USER	#/SET:BGPTR:450000/UPTO:447777, -
21:08:43 USER	#/SET:NRCOD:452000, -
21:08:43 USER	#/SET:BGSTR:727000, -
21:08:43 USER	#/SET:POSTCD:741000, -
21:08:43 USER	#/SET:NPVAR:727000, -
21:08:43 USER	#
		;/NOLOCALS, -
21:08:43 USER	R:MONSYM.REL, -
21:08:43 USER	#R:LDINIT, -
21:08:43 USER	#R:VERSIO,R:STGAN, -
21:08:43 USER	#
		;/LOCALS, -
21:08:43 USER	*;R:T20AN/S, -
21:08:44 USER	[LNKLMN Loading module MONSYM from file R:MONSYM.REL]
21:08:45 USER	[LNKLMN Loading module LDINIT from file R:LDINIT.REL]
21:08:46 USER	[LNKLMN Loading module VERSIO from file R:VERSIO.REL]
21:08:48 USER	[LNKLMN Loading module STG from file R:STGAN.REL]
21:08:51 USER	*R:APRSRV.REL/s,R:SCHED.REL/s,R:PAGEM.REL/s,R:FORK.REL/s, -
21:08:52 USER	#R:MEXEC.REL/s,R:GETSAV.REL/s,R:SYSERR.REL/s,R:COMND.REL/s, -
21:08:52 USER	#R:DEVICE.REL/s,R:DIRECT.REL/s,R:ENQ.REL/s,R:FREE.REL/s, -
21:08:52 USER	#R:FUTILI.REL/s,R:GTJFN.REL/s,R:IO.REL/s,R:IPCF.REL/s, -
21:08:52 USER	#R:JSYSA.REL/s,R:JSYSF.REL/s,R:LOGNAM.REL/s,R:LOOKUP.REL/s, -
21:08:52 USER	#R:MSTR.REL/s,R:SWPALC.REL/s,R:DISC.REL/s,R:EFILIN.REL/s, -
21:08:52 USER	#R:FILMSC.REL/s,R:MFLIN.REL/s,R:MFLOUT.REL/s,R:DATIME.REL/s, -
21:08:52 USER	#R:PHYSIO.REL/s,R:DIAG.REL/s,R:DSKALC.REL/s,R:PHYH2.REL/s, -
21:08:52 USER	#R:PHYP4.REL/s,R:PHYP2.REL/s,R:TTYSDN.REL/s,R:FESRV.REL/s, -
21:08:53 USER	#R:MAGTAP.REL/s,R:TAPE.REL/s,R:TIMER.REL/s,R:PHYM2.REL/s, -
21:08:53 USER	#R:PHYM78.REL/s,R:PHYX2.REL/s,R:DTESRV.REL/s,R:LINEPR.REL/s, -
21:08:53 USER	#R:CDRSRV.REL/s,R:PLT.REL/s,R:PTR.REL/s,R:PTP.REL/s, -
21:08:53 USER	#R:CDPSRV.REL/s,R:TTYSNV.REL/s, -
21:08:53 USER	#r:mntbeg,r:jsysb,r:1822dv/s,r:impbbn/s,r:nfephy/s, -
21:08:53 USER	#R:IMPANX.REL/s,R:IPIPIP.REL/s,R:IPFREE.REL/s, -
21:08:53 USER	#R:TCPTCP.REL/s,R:TCPCRC.REL/s,R:MNETDV.REL/s, -
21:08:54 USER	#R:TCPJFN.REL/s,R:TCPBBN.REL/s, -
21:08:54 USER	#r:mntend, -
21:08:54 USER	#R:NSPSRV.REL/s, -
21:08:54 USER	#R:IPNIDV.REL/s,R:NISRV.REL/s,R:NITEST.REL/s,R:NIUSR.REL/s, -
21:08:55 USER	#R:KDDT.REL,R:MDDT.REL,R:POSTLD.REL, -
21:08:55 USER	#*;/NOLOCALS, -
21:08:55 USER	[LNKLMN Loading module APRSRV from file R:APRSRV.REL]
21:09:03 USER	[LNKLMN Loading module SCHED from file R:SCHED.REL]
21:09:11 USER	[LNKLMN Loading module PAGEM from file R:PAGEM.REL]
21:09:26 USER	[LNKLMN Loading module FORK from file R:FORK.REL]
21:09:29 USER	[LNKLMN Loading module MEXEC from file R:MEXEC.REL]
21:09:37 USER	[LNKLMN Loading module GETSAV from file R:GETSAV.REL]
21:09:38 USER	[LNKLMN Loading module SYSERR from file R:SYSERR.REL]
21:09:40 USER	[LNKLMN Loading module COMND from file R:COMND.REL]
21:09:40 USER	[LNKLMN Loading module DEVICE from file R:DEVICE.REL]
21:09:41 USER	[LNKLMN Loading module DIRECT from file R:DIRECT.REL]
21:09:48 USER	[LNKLMN Loading module ENQ from file R:ENQ.REL]
21:09:49 USER	[LNKLMN Loading module FREE from file R:FREE.REL]
21:09:51 USER	[LNKLMN Loading module FUTILI from file R:FUTILI.REL]
21:09:56 USER	[LNKLMN Loading module GTJFN from file R:GTJFN.REL]
21:09:58 USER	[LNKLMN Loading module IO from file R:IO.REL]
21:09:59 USER	[LNKLMN Loading module IPCF from file R:IPCF.REL]
21:10:01 USER	[LNKLMN Loading module JSYSA from file R:JSYSA.REL]
21:10:05 USER	[LNKLMN Loading module JSYSF from file R:JSYSF.REL]
21:10:08 USER	[LNKLMN Loading module LOGNAM from file R:LOGNAM.REL]
21:10:09 USER	[LNKLMN Loading module LOOKUP from file R:LOOKUP.REL]
21:10:10 USER	[LNKLMN Loading module MSTR from file R:MSTR.REL]
21:10:11 USER	[LNKLMN Loading module SWPALC from file R:SWPALC.REL]
21:10:13 USER	[LNKLMN Loading module DISC from file R:DISC.REL]
21:10:14 USER	[LNKLMN Loading module FILINI from file R:EFILIN.REL]
21:10:16 USER	[LNKLMN Loading module FILMSC from file R:FILMSC.REL]
21:10:18 USER	[LNKLMN Loading module MFLIN from file R:MFLIN.REL]
21:10:18 USER	[LNKLMN Loading module MFLOUT from file R:MFLOUT.REL]
21:10:18 USER	[LNKLMN Loading module DATIME from file R:DATIME.REL]
21:10:19 USER	[LNKLMN Loading module PHYSIO from file R:PHYSIO.REL]
21:10:26 USER	[LNKLMN Loading module DIAG from file R:DIAG.REL]
21:10:26 USER	[LNKLMN Loading module DSKALC from file R:DSKALC.REL]
21:10:31 USER	[LNKLMN Loading module PHYH2 from file R:PHYH2.REL]
21:10:32 USER	[LNKLMN Loading module PHYP4 from file R:PHYP4.REL]
21:10:35 USER	[LNKLMN Loading module FESRV from file R:FESRV.REL]
21:10:37 USER	[LNKLMN Loading module MAGTAP from file R:MAGTAP.REL]
21:10:39 USER	[LNKLMN Loading module TAPE from file R:TAPE.REL]
21:10:42 USER	[LNKLMN Loading module TIMER from file R:TIMER.REL]
21:10:42 USER	[LNKLMN Loading module PHYM2 from file R:PHYM2.REL]
21:10:46 USER	[LNKLMN Loading module DTESRV from file R:DTESRV.REL]
21:10:53 USER	[LNKLMN Loading module LINEPR from file R:LINEPR.REL]
21:10:56 USER	[LNKLMN Loading module TTYSRV from file R:TTYSNV.REL]
21:11:09 USER	[LNKLMN Loading module .MAIN from file R:MNTBEG.REL]
21:11:10 USER	[LNKLMN Loading module JSYSB from file R:JSYSB.REL]
21:11:11 USER	[LNKLMN Loading module 1822DV from file R:1822DV.REL]
21:11:12 USER	[LNKLMN Loading module IMPBBN from file R:IMPBBN.REL]
21:11:13 USER	[LNKLMN Loading module NFEPHY from file R:NFEPHY.REL]
21:11:15 USER	[LNKLMN Loading module IMPANX from file R:IMPANX.REL]
21:11:21 USER	[LNKLMN Loading module IPIPIP from file R:IPIPIP.REL]
21:11:28 USER	[LNKLMN Loading module IPFREE from file R:IPFREE.REL]
21:11:30 USER	[LNKLMN Loading module TCPTCP from file R:TCPTCP.REL]
21:11:32 USER	[LNKLMN Loading module TCPCRC from file R:TCPCRC.REL]
21:11:33 USER	[LNKLMN Loading module MNETDV from file R:MNETDV.REL]
21:11:44 USER	[LNKLMN Loading module TCPJFN from file R:TCPJFN.REL]
21:11:45 USER	[LNKLMN Loading module TCPBBN from file R:TCPBBN.REL]
21:11:47 USER	[LNKLMN Loading module .MAIN from file R:MNTEND.REL]
21:11:48 USER	[LNKLMN Loading module IPNIDV from file R:IPNIDV.REL]
21:11:54 USER	[LNKLMN Loading module NISRV from file R:NISRV.REL]
21:12:02 USER	[LNKLMN Loading module NIUSR from file R:NIUSR.REL]
21:12:02 USER	[LNKLMN Loading module KDDT from file R:KDDT.REL]
21:12:04 USER	[LNKLMN Loading module MDDT from file R:MDDT.REL]
21:12:06 USER	[LNKLMN Loading module POSTLD from file R:POSTLD.REL]
21:12:07 USER	**;/SYSLIB, -
21:12:07 USER	**/G
21:12:22 USER	%LNKPOV Psects POSTCD and NPVAR overlap from address 741000 to 743434
21:12:22 USER	%LNKPOV Psects NPVAR and BGSTR overlap from address 727000 to 737752
21:13:08 MONTR	 $@EXP
21:13:11 MONTR	 CWL:<CMU> [894 pages freed]
21:13:11 MONTR	 $
21:13:11 BLABL	AMON::
21:13:11 MONTR	@GET AMON
21:13:11 MONTR	 $@START 142
21:13:12 USER	DDT
21:13:12 USER	=BUGHLT<HLTADR^[12B   =BUGCHK<CHKADR^[11B   DBUGSW/1
21:13:14 USER	   0   DCHKSW/1
21:13:14 USER	   0   WEFLAG/-1
21:13:14 USER	   0   LPSNAM/^["/CWL/
21:13:14 USER	   0   BUGH0+1/JFCL
21:13:14 USER	   JRST @SBSERF+135   =^[G
21:13:23 USER	
21:13:23 USER	BBN System F, TOPS-20AN Large NI Decnet System, TOPS-20AN Monitor 5.4(10
21:13:23 USER	22)
21:13:23 USER	
21:13:23 USER	Monitor address space:
21:13:23 USER	
21:13:23 USER	    Psect              Start     End  Length    Free    Limit
21:13:23 USER	
21:13:23 USER	    RSCOD               1000  116371  115372    2406    
21:13:23 USER	    INCOD             121000  142437   21440     340    
21:13:23 USER	    RSDAT             143000  176365   33366    6412    
21:13:23 USER	    PPVAR             205000  210777    4000       0    
21:13:23 USER	    RSVAR             211000  323127  112130    3650    
21:13:23 USER	    SYVAR             327000  327777    1000       0    
21:13:23 USER	    PSVAR             330000  345777   16000       0    
21:13:24 USER	    JSVAR             346000  423777   56000       0    
21:13:24 USER	    NRVAR             424000  446167   22170    3610    
21:13:24 USER	    NRCOD             452000  724432  252433    2345    
21:13:24 USER	    POSTCD            741000  743434    2435       0    777777
21:13:24 USER	    NPVAR             727000  775777   47000    2000    777777
21:13:24 USER	
21:13:24 USER	    Loaded symbols    176532  415017  216266   34760    NRCOD
21:13:24 USER	    Runtime symbols   330000  546265  216266  160512    NPVAR
21:13:24 USER	
21:13:24 USER	The symbols will be moved to their runtime area right after
21:13:24 USER	the SYVAR psect by STG early in the monitor's initialization.
21:13:24 USER	
21:13:24 USER	    BGSTR             727000  737751   10752 -313752    NRVAR
21:13:24 USER	? PSECT Overflow
21:13:24 USER	    BGPTR             450000  451140    1141     637    NRCOD
21:13:24 USER	
21:13:24 USER	There are 22 (octal) free pages, not counting symbols.
21:13:24 USER	
21:13:24 USER	% Runtime symbols must end by 360000 in order to run on a 128K system.
21:13:24 USER	
21:13:25 USER	Writing sorted bug list to file BUGSTRINGS.TXT.1
21:13:31 USER	Saving monitor as AMONITR.EXE.1
21:13:55 MONTR	 $
		!
21:13:55 BLABL	FINFIN::
21:13:55 MONTR	@CONT
21:13:55 MONTR	 $@
21:13:55 MONTR	 $
21:13:55 BLABL	%FIN::
		!
21:13:55 MONTR	
21:13:56 MONTR	Killed Job 34, User CLYNN, Account 5220439, TTY 172,
21:13:56 MONTR	  at 18-Feb-86 21:13:56
21:13:56 MONTR	  Used 113.94 CRU minutes in 1:27:09,
21:13:56 MONTR	  Used this session 98.93 CRU minutes in 1:15:25
 