
[PHOTO:  Recording initiated  Tue 6-Sep-88 5:47pm]

2!xsearch


 SUBSTRING search routine (compiled  9-Aug-83) ? for help
Files to search: *.mac.0

Files to search: (continued) : 

Target 1) .icmse

Target 2) 

Equivalences:  1// 

Create .PL files? NO//


Output goes to: * TTY: //

Type DEL or RUBOUT to abort any particular file search.
Searching <6-1-MONITOR>ANAUNV.MAC.2
Searching <6-1-MONITOR>APRSRV.MAC.1
Searching <6-1-MONITOR>ARP.MAC.1
Searching <6-1-MONITOR>BOOT.MAC.1
Searching <6-1-MONITOR>BUGS.MAC.1
Searching <6-1-MONITOR>CFSSRV.MAC.1
Searching <6-1-MONITOR>CHECKD.MAC.2
Searching <6-1-MONITOR>CIDLL.MAC.1
Searching <6-1-MONITOR>COMND.MAC.4
Searching <6-1-MONITOR>CRYPT.MAC.1
Searching <6-1-MONITOR>CTERMD.MAC.1
Searching <6-1-MONITOR>D36COM.MAC.1
Searching <6-1-MONITOR>D36PAR.MAC.1
Searching <6-1-MONITOR>DATIME.MAC.6
Searching <6-1-MONITOR>DDT.MAC.1
Searching <6-1-MONITOR>DEVICE.MAC.1
Searching <6-1-MONITOR>DIAG.MAC.1
Searching <6-1-MONITOR>DIRECT.MAC.1
Searching <6-1-MONITOR>DISC.MAC.2
Searching <6-1-MONITOR>DOMSYM.MAC.2
Searching <6-1-MONITOR>DOMSYM-ISI.MAC.1
Searching <6-1-MONITOR>DSKALC.MAC.1
Searching <6-1-MONITOR>DTESRV.MAC.1
Searching <6-1-MONITOR>ENET.MAC.1
Searching <6-1-MONITOR>ENQ.MAC.1
Searching <6-1-MONITOR>ERBLD.MAC.1
Searching <6-1-MONITOR>F2KDDT.MAC.1
Searching <6-1-MONITOR>F2MDDT.MAC.1
Searching <6-1-MONITOR>FESRV.MAC.1
Searching <6-1-MONITOR>FILINI.MAC.1
Searching <6-1-MONITOR>FILMSC.MAC.1
Searching <6-1-MONITOR>FORK.MAC.1

(FORK.MAC.1 14.26) {.icmse}
        MOVE 2,BITS+.ICMSE      ;GOT INT. SEE IF FATAL
^L
Searching <6-1-MONITOR>FREE.MAC.2
Searching <6-1-MONITOR>FUTILI.MAC.5
Searching <6-1-MONITOR>GETSAV.MAC.1
Searching <6-1-MONITOR>GLOBS.MAC.16
Searching <6-1-MONITOR>GTDOM.MAC.89
Searching <6-1-MONITOR>GTDOM-ISI.MAC.1
Searching <6-1-MONITOR>GTJFN.MAC.5
Searching <6-1-MONITOR>IMPANX.MAC.1
Searching <6-1-MONITOR>IMPDV.MAC.6
Searching <6-1-MONITOR>IO.MAC.1
Searching <6-1-MONITOR>IPCF.MAC.2
Searching <6-1-MONITOR>IPCIDV.MAC.1
Searching <6-1-MONITOR>IPFREE.MAC.12
Searching <6-1-MONITOR>IPIPIP.MAC.29
Searching <6-1-MONITOR>IPNIDV.MAC.3
Searching <6-1-MONITOR>JSYSA.MAC.1
Searching <6-1-MONITOR>JSYSF.MAC.2
Searching <6-1-MONITOR>LATSRV.MAC.1
Searching <6-1-MONITOR>LDINIT.MAC.1
Searching <6-1-MONITOR>LINEPR.MAC.1
Searching <6-1-MONITOR>LOGNAM.MAC.2
Searching <6-1-MONITOR>LOOKUP.MAC.3
Searching <6-1-MONITOR>LPFEDV.MAC.1
Searching <6-1-MONITOR>MACSYM.MAC.1
Searching <6-1-MONITOR>MAGTAP.MAC.1
Searching <6-1-MONITOR>MEXEC.MAC.2

(MEXEC.MAC.2 7.23) {.icmse}
        MOVEI T3,.ICMSE         ;ON MACHINE-SIZE EXC CHANNEL, SO PANIC
^L
Searching <6-1-MONITOR>MFLIN.MAC.1
Searching <6-1-MONITOR>MFLOUT.MAC.1
Searching <6-1-MONITOR>MNETDV.MAC.34
Searching <6-1-MONITOR>MONSYM.MAC.7

(MONSYM.MAC.7 70.18) {.icmse}
.ICMSE==:20                     ;MACHINE SIZE EXCEEDED
^L
Searching <6-1-MONITOR>MSCPAR.MAC.1
Searching <6-1-MONITOR>MSTR.MAC.1
Searching <6-1-MONITOR>NAMNIC.MAC.1
Searching <6-1-MONITOR>NIPAR.MAC.2
Searching <6-1-MONITOR>NISRV.MAC.1
Searching <6-1-MONITOR>NIUSR.MAC.2
Searching <6-1-MONITOR>PAGEM.MAC.1

(PAGEM.MAC.1 81.8) {.icmse}
        ;IFXE. T1,<1B<.ICMSE>>

(PAGEM.MAC.1 81.12) {.icmse}
        MOVX 1,.ICMSE           ;MACH SIZE EXCEEDED INT CHANNEL

(PAGEM.MAC.1 87.32) {.icmse}
        MOVX T1,.ICMSE          ;MACH SIZE CHNL
^L
Searching <6-1-MONITOR>PAGUTL.MAC.1
Searching <6-1-MONITOR>PARAMS.MAC.9
Searching <6-1-MONITOR>PARNEW.MAC.12
Searching <6-1-MONITOR>PARNIC.MAC.12
Searching <6-1-MONITOR>PHYH2.MAC.1
Searching <6-1-MONITOR>PHYKLP.MAC.1
Searching <6-1-MONITOR>PHYKNI.MAC.4
Searching <6-1-MONITOR>PHYM2.MAC.1
Searching <6-1-MONITOR>PHYM78.MAC.1
Searching <6-1-MONITOR>PHYMEI.MAC.1
Searching <6-1-MONITOR>PHYMSC.MAC.1
Searching <6-1-MONITOR>PHYMVR.MAC.1
Searching <6-1-MONITOR>PHYP4.MAC.1
Searching <6-1-MONITOR>PHYPAR.MAC.1
Searching <6-1-MONITOR>PHYSIO.MAC.1
Searching <6-1-MONITOR>PIPE.MAC.1
Searching <6-1-MONITOR>PKOPR.MAC.1
Searching <6-1-MONITOR>PMT.MAC.1
Searching <6-1-MONITOR>PNVSRV.MAC.1
Searching <6-1-MONITOR>POSTLD.MAC.1
Searching <6-1-MONITOR>PROLOG.MAC.2
Searching <6-1-MONITOR>PUP.MAC.1
Searching <6-1-MONITOR>PUPNM.MAC.1
Searching <6-1-MONITOR>PUPSYM.MAC.1
Searching <6-1-MONITOR>REL1.MAC.1
Searching <6-1-MONITOR>RSXSRV.MAC.1
Searching <6-1-MONITOR>SCAMPI.MAC.1
Searching <6-1-MONITOR>SCAPAR.MAC.1
Searching <6-1-MONITOR>SCHED.MAC.1
Searching <6-1-MONITOR>SCJSYS.MAC.2
Searching <6-1-MONITOR>SCPAR.MAC.1
Searching <6-1-MONITOR>SCSJSY.MAC.1
Searching <6-1-MONITOR>SERCOD.MAC.1
Searching <6-1-MONITOR>SETSPD.MAC.1
Searching <6-1-MONITOR>SITE.MAC.6
Searching <6-1-MONITOR>STG.MAC.37
Searching <6-1-MONITOR>SWPALC.MAC.1
Searching <6-1-MONITOR>SYSERR.MAC.1
Searching <6-1-MONITOR>SYSFLG.MAC.1
Searching <6-1-MONITOR>TAPE.MAC.1
Searching <6-1-MONITOR>TCPBBN.MAC.1
Searching <6-1-MONITOR>TCPCRC.MAC.1
Searching <6-1-MONITOR>TCPJFN.MAC.3
Searching <6-1-MONITOR>TCPTCP.MAC.6
Searching <6-1-MONITOR>TIMER.MAC.1
Searching <6-1-MONITOR>TOPS.MAC.1
Searching <6-1-MONITOR>TTYDEF.MAC.1
Searching <6-1-MONITOR>TTYSRV.MAC.1
Searching <6-1-MONITOR>TVTSRV.MAC.6
Searching <6-1-MONITOR>VERSIO.MAC.5

        Lines recognized = 6
   String    Matches  Unrecognized Matches
1) ".icmse"     6       0
Letter case ignored ("Ab" = "aB").

Files with no matches: ANAUNV.MAC.2, APRSRV.MAC.1, ... VERSIO.MAC.5.
119 files searched, 115 without matches.
^L

        ...DONE...   continue to start over
2!po

[PHOTO:  Recording terminated Tue 6-Sep-88 6:22pm]
