
			14-Mar-85  3:56:08

BATCON Version	104(4143)			GLXLIB Version	1(527)

	    Job SPMAKE Req #59 for JTW in Stream 0

	OUTPUT:	 Nolog				TIME-LIMIT: 0:20:00
	UNIQUE:	 Yes				BATCH-LOG:  Supersede
	RESTART: No				ASSISTANCE: Yes
						SEQUENCE:   2428

	Input from => SRC:<EXEC.TEST>SPMAKE.CTL.3
	Output to  => SRC:<EXEC.TEST>SPMAKE.LOG



 3:56:08 MONTR	 MIT-XX System, TOPS-20 Monitor 5.4(1025+MIT33)-4
 3:56:08 MONTR	@SET TIME-LIMIT 1200
 3:56:08 MONTR	
 3:56:08 MONTR	@LOGIN JTW GUEST.MIT
 3:56:08 MONTR	 Job 9 on TTY206 14-Mar-85 03:56
 3:56:08 MONTR	 Last login: 14-Mar-85 03:51 from TTY234 (Pseudo-terminal)
 3:56:09 MONTR	 [Job 16 also logged in under JTW]
 3:56:09 MONTR	@
 3:56:09 MONTR	[SRC Mounted]
 3:56:09 MONTR	
 3:56:09 MONTR	[CONNECTED TO SRC:<EXEC.TEST>]
		;[MIT-XX]SSY:<EXEC.TEST>SPMAKE.CTL.2, 16-Jun-83 18:47:19, Edit by TEK
		;713 reorganize batch control files
		;build MIT-SPEECH EXEC
		
 3:56:09 BATCH	@noerror
 3:56:09 MONTR	@enable
 3:56:10 MONTR	 !@define exec: dsk:
 3:56:10 MONTR	
 3:56:10 MONTR	 !@define unv: dsk:,ssy:<xx.monrel>, unv:	!get new definitions
 3:56:11 MONTR	
 3:56:11 MONTR	 !@define sys: dsk:,ssy:<xx.monrel>, sys:
 3:56:11 MONTR	
 3:56:11 MONTR	 !@delete spexgl.rel			!force reassmbly of universals
 3:56:11 MONTR	 SPEXGL.REL.10 [OK]
 3:56:11 MONTR	 !@execute @spassm
 3:56:15 USER	MACRO:	EXECDE
 3:56:17 USER	Building SPEECH EXEC
 3:56:30 USER	MACRO:	EXECSE
 3:57:22 USER	MACRO:	EXECIN
 3:58:16 USER	LINK:	Loading
 3:58:30 USER	[LNKPCX	Program too complex to load and execute, will run from file DSK:009LNK.EXE]
 3:58:33 USER	[LNKXCT	EXECPR execution]
 3:58:33 USER	
 3:58:33 USER	Data seg: 8. Pages
 3:58:33 USER	          395. Words free
 3:58:33 USER	
 3:58:33 USER	Pure seg: 116.+35. Pages + symbols
 3:58:33 USER	          120. Words to next page boundary
 3:58:33 USER	
 3:58:33 USER	Save symbols? *y
 3:58:33 USER	
 3:58:33 USER	Saving EXEC on file: EXEC.EXE.1 [OK]
 3:58:49 MONTR	 !@rename exec.exe spexec.exe
 3:58:49 MONTR	 EXEC.EXE.1 => SPEXEC.EXE.3 [OK]
 3:58:50 MONTR	 !@delete *lnk.exe
 3:58:50 MONTR	 009LNK.EXE.1 [OK]
 3:58:50 MONTR	 !@logout
 3:58:51 MONTR	 SRC:<EXEC.TEST> Over permanent storage allocation by 328 page(s).
 3:58:54 MONTR	Killed Job 9, User JTW, Account GUEST.MIT, TTY 206,
 3:58:54 MONTR	  at 14-Mar-85 03:58:54,  Used 0:01:33 in 0:02:45,
 3:58:54 MONTR	  Used this session 0:01:33 in 0:02:45
