
[PHOTO:  Recording initiated  Tue 25-Apr-89 12:31pm]

 End of PS:<KLH>COMAND.CMD.4
@!
@!      compile stdio routines
@!
@connect cstdio:
@take -make-.cmd
KCC:    ftell
<C.LIB.STDIO>FTELL.PRE.7
<C.LIB.STDIO>FTELL.FAI.1
FAIL:  ftell
 End of -MAKE-.CMD.20
@!
@!      compile math routines
@!
@connect cmath:
@take -make-.cmd
 End of -MAKE-.CMD.8
@!
@!      compile unix syscall routines
@!
@connect cusys:
@take -make-.cmd
 End of -MAKE-.CMD.25
@!
@!      compile network stuff
@!
@connect cnet:
@take -make-.cmd
 End of -MAKE-.CMD.2
@!
@!      compile everything else
@!
@connect libc:
@take -make-.cmd
KCC:    getpw
MACRO:  getpw

EXIT
 End of -MAKE-.CMD.23
@!
@!      now merge them
@!
@maklib
*libc=@libc.mak
*libc.poi= libc/points
*^Z
@
@!
@!      Compile special LIBCKX module (not part of normal LIBC)
@!
@cc -q -c -m libckx
@pop

[PHOTO:  Recording terminated Tue 25-Apr-89 12:37pm]
