
			26-Apr-84 11:37:34

BATCON Version	104(4205)			GLXLIB Version	1(1137)

	    Job METAFO Req #575 for HSS in Stream 0

	OUTPUT:	 Log				TIME-LIMIT: 1:00:00
	UNIQUE:	 Yes				BATCH-LOG:  Append
	RESTART: No				ASSISTANCE: Yes
						SEQUENCE:   1061

	Input from => PS:<METAFONT>METAFONT.CTL.1
	Output to  => PS:<METAFONT>METAFONT.LOG



11:37:34 USER	 SRI-NIC, TOPS-20 Monitor 5.3(5703)-1
11:37:34 USER	 The system will go down today at  6:00PM until  9:00PM
11:37:34 USER	 for Preventive Maintenace
11:37:34 MONTR	 Job 26 on TTY60 26-Apr-84 11:37AM
11:37:35 MONTR	 End of COMAND.CMD.11
11:37:36 MONTR	 $
11:37:36 MONTR	[PS Mounted]
11:37:36 MONTR	
11:37:36 MONTR	[CONNECTED TO PS:<METAFONT>]
11:37:36 MONTR	@cd <metafont>
11:37:37 MONTR	 $@ftp
11:37:37 USER	
11:37:37 USER	FTP>*conn aic
11:37:38 USER	[Assuming 36-bit connections, paged transfers]
11:37:41 USER	< SRI-AI FTP Server Process 5A(4)-7 at Thu 26-Apr-84 11:41-PST
11:37:41 USER	FTP!*log hss
11:37:42 USER	
11:37:42 USER	Your password:
11:37:42 USER	*
11:37:42 USER			Thank-You.....
11:37:43 USER	< User HSS logged in at Thu 26-Apr-84 11:41-PST, job 59. 
11:37:43 USER	FTP!*get <metafont>ASCICM.MF.1
11:37:48 USER	
11:37:48 USER	< Paged retrieve of <METAFONT>ASCICM.MF.1 started.
11:37:49 USER	< Transfer completed.
11:37:52 USER	FTP!*get <metafont>ASCII.MF.3
11:37:58 USER	
11:37:58 USER	< Paged retrieve of <METAFONT>ASCII.MF.3 started.
11:37:58 USER	< Transfer completed.
11:38:00 USER	FTP!*get <metafont>CIRCLE.MF.1
11:38:05 USER	
11:38:05 USER	< Paged retrieve of <METAFONT>CIRCLE.MF.1 started.
11:38:09 USER	< Transfer completed.
11:38:11 USER	FTP!*get <metafont>CIRCLE10.MF.1
11:38:16 USER	
11:38:16 USER	< Paged retrieve of <METAFONT>CIRCLE10.MF.1 started.
11:38:16 USER	< Transfer completed.
11:38:18 USER	FTP!*get <metafont>CIRCLEW10.MF.1
11:38:25 USER	
11:38:25 USER	< Paged retrieve of <METAFONT>CIRCLEW10.MF.1 started.
11:38:25 USER	< Transfer completed.
11:38:27 USER	FTP!*get <metafont>CMATHX.MF.1
11:38:33 USER	
11:38:33 USER	< Paged retrieve of <METAFONT>CMATHX.MF.1 started.
11:38:35 USER	< Transfer completed.
11:38:37 USER	FTP!*get <metafont>CMB10.MF.1
11:38:43 USER	
11:38:43 USER	< Paged retrieve of <METAFONT>CMB10.MF.1 started.
11:38:43 USER	< Transfer completed.
11:38:44 USER	FTP!*get <metafont>CMB12.MF.1
11:38:50 USER	
11:38:50 USER	< Paged retrieve of <METAFONT>CMB12.MF.1 started.
11:38:50 USER	< Transfer completed.
11:38:52 USER	FTP!*get <metafont>CMB5.MF.1
11:38:57 USER	
11:38:57 USER	< Paged retrieve of <METAFONT>CMB5.MF.1 started.
11:38:57 USER	< Transfer completed.
11:38:58 USER	FTP!*get <metafont>CMB6.MF.1
11:39:04 USER	
11:39:04 USER	< Paged retrieve of <METAFONT>CMB6.MF.1 started.
11:39:04 USER	< Transfer completed.
11:39:06 USER	FTP!*get <metafont>CMB7.MF.1
11:39:11 USER	
11:39:11 USER	< Paged retrieve of <METAFONT>CMB7.MF.1 started.
11:39:12 USER	< Transfer completed.
11:39:14 USER	FTP!*get <metafont>CMB8.MF.1
11:39:20 USER	
11:39:20 USER	< Paged retrieve of <METAFONT>CMB8.MF.1 started.
11:39:20 USER	< Transfer completed.
11:39:22 USER	FTP!*get <metafont>CMB9.MF.1
11:39:27 USER	
11:39:27 USER	< Paged retrieve of <METAFONT>CMB9.MF.1 started.
11:39:27 USER	< Transfer completed.
11:39:29 USER	FTP!*get <metafont>CMBI10.MF.1
11:39:34 USER	
11:39:34 USER	< Paged retrieve of <METAFONT>CMBI10.MF.1 started.
11:39:34 USER	< Transfer completed.
11:39:36 USER	FTP!*get <metafont>CMBS10.MF.1
11:39:42 USER	
11:39:42 USER	< Paged retrieve of <METAFONT>CMBS10.MF.1 started.
11:39:43 USER	< Transfer completed.
11:39:45 USER	FTP!*get <metafont>CMBSY.MF.1
11:39:50 USER	
11:39:50 USER	< Paged retrieve of <METAFONT>CMBSY.MF.1 started.
11:39:50 USER	< Transfer completed.
11:39:52 USER	FTP!*get <metafont>CMBT.MF.1
11:39:58 USER	
11:39:58 USER	< Paged retrieve of <METAFONT>CMBT.MF.1 started.
11:39:58 USER	< Transfer completed.
11:40:00 USER	FTP!*get <metafont>CMBTI.MF.1
11:40:05 USER	
11:40:05 USER	< Paged retrieve of <METAFONT>CMBTI.MF.1 started.
11:40:05 USER	< Transfer completed.
11:40:08 USER	FTP!*get <metafont>CMCSC.MF.1
11:40:19 USER	
11:40:19 USER	< Paged retrieve of <METAFONT>CMCSC.MF.1 started.
11:40:19 USER	< Transfer completed.
11:40:24 USER	FTP!*get <metafont>CMCSC9.MF.1
11:40:31 USER	
11:40:31 USER	< Paged retrieve of <METAFONT>CMCSC9.MF.1 started.
11:40:31 USER	< Transfer completed.
11:40:34 USER	FTP!*get <metafont>CMDUNH.MF.1
11:40:44 USER	
11:40:44 USER	< Paged retrieve of <METAFONT>CMDUNH.MF.1 started.
11:40:44 USER	< Transfer completed.
11:40:46 USER	FTP!*get <metafont>CMFF.MF.1
11:40:51 USER	
11:40:51 USER	< Paged retrieve of <METAFONT>CMFF.MF.1 started.
11:40:51 USER	< Transfer completed.
11:40:53 USER	FTP!*get <metafont>CMFIB.MF.1
11:40:58 USER	
11:40:58 USER	< Paged retrieve of <METAFONT>CMFIB.MF.1 started.
11:40:58 USER	< Transfer completed.
11:41:00 USER	FTP!*get <metafont>CMI10.MF.1
11:41:05 USER	
11:41:05 USER	< Paged retrieve of <METAFONT>CMI10.MF.1 started.
11:41:05 USER	< Transfer completed.
11:41:08 USER	FTP!*get <metafont>CMI5.MF.1
11:41:13 USER	
11:41:13 USER	< Paged retrieve of <METAFONT>CMI5.MF.1 started.
11:41:13 USER	< Transfer completed.
11:41:15 USER	FTP!*get <metafont>CMI6.MF.1
11:41:20 USER	
11:41:20 USER	< Paged retrieve of <METAFONT>CMI6.MF.1 started.
11:41:20 USER	< Transfer completed.
11:41:22 USER	FTP!*get <metafont>CMI7.MF.1
11:41:29 USER	
11:41:29 USER	< Paged retrieve of <METAFONT>CMI7.MF.1 started.
11:41:29 USER	< Transfer completed.
11:41:30 USER	FTP!*get <metafont>CMI8.MF.1
11:41:36 USER	
11:41:36 USER	< Paged retrieve of <METAFONT>CMI8.MF.1 started.
11:41:36 USER	< Transfer completed.
11:41:37 USER	FTP!*get <metafont>CMI9.MF.1
11:41:42 USER	
11:41:42 USER	< Paged retrieve of <METAFONT>CMI9.MF.1 started.
11:41:42 USER	< Transfer completed.
11:41:44 USER	FTP!*get <metafont>CMIS8.MF.1
11:41:50 USER	
11:41:50 USER	< Paged retrieve of <METAFONT>CMIS8.MF.1 started.
11:41:50 USER	< Transfer completed.
11:41:51 USER	FTP!*get <metafont>CMIT.MF.1
11:41:59 USER	
11:41:59 USER	< Paged retrieve of <METAFONT>CMIT.MF.1 started.
11:41:59 USER	< Transfer completed.
11:42:00 USER	FTP!*get <metafont>CMKSY.MF.1
11:42:05 USER	
11:42:05 USER	< Paged retrieve of <METAFONT>CMKSY.MF.1 started.
11:42:05 USER	< Transfer completed.
11:42:07 USER	FTP!*get <metafont>CMKSY5.MF.1
11:42:12 USER	
11:42:12 USER	< Paged retrieve of <METAFONT>CMKSY5.MF.1 started.
11:42:12 USER	< Transfer completed.
11:42:15 USER	FTP!*get <metafont>CMKSY6.MF.1
11:42:20 USER	
11:42:20 USER	< Paged retrieve of <METAFONT>CMKSY6.MF.1 started.
11:42:20 USER	< Transfer completed.
11:42:22 USER	FTP!*get <metafont>CMKSY7.MF.1
11:42:27 USER	
11:42:27 USER	< Paged retrieve of <METAFONT>CMKSY7.MF.1 started.
11:42:27 USER	< Transfer completed.
11:42:29 USER	FTP!*get <metafont>CMKSY8.MF.1
11:42:34 USER	
11:42:34 USER	< Paged retrieve of <METAFONT>CMKSY8.MF.1 started.
11:42:34 USER	< Transfer completed.
11:42:36 USER	FTP!*get <metafont>CMLOG.MF.3
11:42:44 USER	
11:42:44 USER	< Paged retrieve of <METAFONT>CMLOG.MF.3 started.
11:42:44 USER	< Transfer completed.
11:42:46 USER	FTP!*get <metafont>CMLOG5.MF.1
11:42:51 USER	
11:42:51 USER	< Paged retrieve of <METAFONT>CMLOG5.MF.1 started.
11:42:51 USER	< Transfer completed.
11:42:53 USER	FTP!*get <metafont>CMLOG6.MF.1
11:42:58 USER	
11:42:58 USER	< Paged retrieve of <METAFONT>CMLOG6.MF.1 started.
11:42:58 USER	< Transfer completed.
11:43:00 USER	FTP!*get <metafont>CMLOG7.MF.1
11:43:05 USER	
11:43:05 USER	< Paged retrieve of <METAFONT>CMLOG7.MF.1 started.
11:43:05 USER	< Transfer completed.
11:43:06 USER	FTP!*get <metafont>CMLOG8.MF.1
11:43:14 USER	
11:43:14 USER	< Paged retrieve of <METAFONT>CMLOG8.MF.1 started.
11:43:14 USER	< Transfer completed.
11:43:16 USER	FTP!*get <metafont>CMLPT.MF.2
11:43:25 USER	
11:43:25 USER	< Paged retrieve of <METAFONT>CMLPT.MF.2 started.
11:43:25 USER	< Transfer completed.
11:43:26 USER	FTP!*get <metafont>CMLPTS.MF.1
11:43:32 USER	
11:43:32 USER	< Paged retrieve of <METAFONT>CMLPTS.MF.1 started.
11:43:32 USER	< Transfer completed.
11:43:33 USER	FTP!*get <metafont>CMMU10.MF.1
11:43:40 USER	
11:43:40 USER	< Paged retrieve of <METAFONT>CMMU10.MF.1 started.
11:43:41 USER	< Transfer completed.
11:43:42 USER	FTP!*get <metafont>CMMU7.MF.1
11:43:48 USER	
11:43:48 USER	< Paged retrieve of <METAFONT>CMMU7.MF.1 started.
11:43:48 USER	< Transfer completed.
11:43:50 USER	FTP!*get <metafont>CMNEW.MF.1
11:43:56 USER	
11:43:56 USER	< Paged retrieve of <METAFONT>CMNEW.MF.1 started.
11:43:56 USER	< Transfer completed.
11:43:57 USER	FTP!*get <metafont>CMNEWS.MF.1
11:44:04 USER	
11:44:04 USER	< Paged retrieve of <METAFONT>CMNEWS.MF.1 started.
11:44:04 USER	< Transfer completed.
11:44:06 USER	FTP!*get <metafont>CMOLD.MF.1
11:44:12 USER	
11:44:12 USER	< Paged retrieve of <METAFONT>CMOLD.MF.1 started.
11:44:12 USER	< Transfer completed.
11:44:14 USER	FTP!*get <metafont>CMOLDI.MF.1
11:44:19 USER	
11:44:19 USER	< Paged retrieve of <METAFONT>CMOLDI.MF.1 started.
11:44:19 USER	< Transfer completed.
11:44:21 USER	FTP!*get <metafont>CMR10.MF.1
11:44:27 USER	
11:44:27 USER	< Paged retrieve of <METAFONT>CMR10.MF.1 started.
11:44:28 USER	< Transfer completed.
11:44:30 USER	FTP!*get <metafont>CMR12.MF.1
11:44:35 USER	
11:44:35 USER	< Paged retrieve of <METAFONT>CMR12.MF.1 started.
11:44:35 USER	< Transfer completed.
11:44:37 USER	FTP!*get <metafont>CMR18.MF.1
11:44:43 USER	
11:44:43 USER	< Paged retrieve of <METAFONT>CMR18.MF.1 started.
11:44:43 USER	< Transfer completed.
11:44:45 USER	FTP!*get <metafont>CMR40.MF.1
11:44:50 USER	
11:44:50 USER	< Paged retrieve of <METAFONT>CMR40.MF.1 started.
11:44:50 USER	< Transfer completed.
11:44:52 USER	FTP!*get <metafont>CMR5.MF.1
11:44:57 USER	
11:44:57 USER	< Paged retrieve of <METAFONT>CMR5.MF.1 started.
11:44:57 USER	< Transfer completed.
11:44:59 USER	FTP!*get <metafont>CMR6.MF.1
11:45:04 USER	
11:45:04 USER	< Paged retrieve of <METAFONT>CMR6.MF.1 started.
11:45:04 USER	< Transfer completed.
11:45:06 USER	FTP!*get <metafont>CMR7.MF.1
11:45:12 USER	
11:45:12 USER	< Paged retrieve of <METAFONT>CMR7.MF.1 started.
11:45:12 USER	< Transfer completed.
11:45:14 USER	FTP!*get <metafont>CMR8.MF.1
11:45:19 USER	
11:45:19 USER	< Paged retrieve of <METAFONT>CMR8.MF.1 started.
11:45:19 USER	< Transfer completed.
11:45:21 USER	FTP!*get <metafont>CMR9.MF.1
11:45:26 USER	
11:45:26 USER	< Paged retrieve of <METAFONT>CMR9.MF.1 started.
11:45:26 USER	< Transfer completed.
11:45:28 USER	FTP!*get <metafont>CMRT.MF.1
11:45:33 USER	
11:45:33 USER	< Paged retrieve of <METAFONT>CMRT.MF.1 started.
11:45:33 USER	< Transfer completed.
11:45:35 USER	FTP!*get <metafont>CMS10.MF.1
11:45:40 USER	
11:45:40 USER	< Paged retrieve of <METAFONT>CMS10.MF.1 started.
11:45:41 USER	< Transfer completed.
11:45:43 USER	FTP!*get <metafont>CMS7.MF.1
11:45:48 USER	
11:45:48 USER	< Paged retrieve of <METAFONT>CMS7.MF.1 started.
11:45:48 USER	< Transfer completed.
11:45:50 USER	FTP!*get <metafont>CMS8.MF.1
11:45:56 USER	
11:45:56 USER	< Paged retrieve of <METAFONT>CMS8.MF.1 started.
11:45:56 USER	< Transfer completed.
11:45:58 USER	FTP!*get <metafont>CMS9.MF.1
11:46:04 USER	
11:46:04 USER	< Paged retrieve of <METAFONT>CMS9.MF.1 started.
11:46:04 USER	< Transfer completed.
11:46:06 USER	FTP!*get <metafont>CMSA10.MF.1
11:46:12 USER	
11:46:12 USER	< Paged retrieve of <METAFONT>CMSA10.MF.1 started.
11:46:13 USER	< Transfer completed.
11:46:15 USER	FTP!*get <metafont>CMSC10.MF.1
11:46:20 USER	
11:46:20 USER	< Paged retrieve of <METAFONT>CMSC10.MF.1 started.
11:46:20 USER	< Transfer completed.
11:46:22 USER	FTP!*get <metafont>CMSC9.MF.1
11:46:27 USER	
11:46:27 USER	< Paged retrieve of <METAFONT>CMSC9.MF.1 started.
11:46:27 USER	< Transfer completed.
11:46:29 USER	FTP!*get <metafont>CMSS10.MF.1
11:46:34 USER	
11:46:34 USER	< Paged retrieve of <METAFONT>CMSS10.MF.1 started.
11:46:34 USER	< Transfer completed.
11:46:36 USER	FTP!*get <metafont>CMSS12.MF.1
11:46:41 USER	
11:46:41 USER	< Paged retrieve of <METAFONT>CMSS12.MF.1 started.
11:46:41 USER	< Transfer completed.
11:46:43 USER	FTP!*get <metafont>CMSS8.MF.1
11:46:48 USER	
11:46:48 USER	< Paged retrieve of <METAFONT>CMSS8.MF.1 started.
11:46:48 USER	< Transfer completed.
11:46:50 USER	FTP!*get <metafont>CMSS8B.MF.1
11:46:56 USER	
11:46:56 USER	< Paged retrieve of <METAFONT>CMSS8B.MF.1 started.
11:46:56 USER	< Transfer completed.
11:46:58 USER	FTP!*get <metafont>CMSS9.MF.1
11:47:03 USER	
11:47:03 USER	< Paged retrieve of <METAFONT>CMSS9.MF.1 started.
11:47:03 USER	< Transfer completed.
11:47:05 USER	FTP!*get <metafont>CMSS9B.MF.1
11:47:11 USER	
11:47:11 USER	< Paged retrieve of <METAFONT>CMSS9B.MF.1 started.
11:47:11 USER	< Transfer completed.
11:47:12 USER	FTP!*get <metafont>CMSSB.MF.1
11:47:17 USER	
11:47:17 USER	< Paged retrieve of <METAFONT>CMSSB.MF.1 started.
11:47:18 USER	< Transfer completed.
11:47:19 USER	FTP!*get <metafont>CMSSB8.MF.1
11:47:25 USER	
11:47:25 USER	< Paged retrieve of <METAFONT>CMSSB8.MF.1 started.
11:47:25 USER	< Transfer completed.
11:47:27 USER	FTP!*get <metafont>CMSSBB8.MF.1
11:47:32 USER	
11:47:32 USER	< Paged retrieve of <METAFONT>CMSSBB8.MF.1 started.
11:47:32 USER	< Transfer completed.
11:47:34 USER	FTP!*get <metafont>CMSSBFW8.MF.3
11:47:40 USER	
11:47:40 USER	< Paged retrieve of <METAFONT>CMSSBFW8.MF.3 started.
11:47:40 USER	< Transfer completed.
11:47:41 USER	FTP!*get <metafont>CMSSS.MF.1
11:47:48 USER	
11:47:48 USER	< Paged retrieve of <METAFONT>CMSSS.MF.1 started.
11:47:48 USER	< Transfer completed.
11:47:49 USER	FTP!*get <metafont>CMSSS8.MF.1
11:47:55 USER	
11:47:55 USER	< Paged retrieve of <METAFONT>CMSSS8.MF.1 started.
11:47:55 USER	< Transfer completed.
11:47:57 USER	FTP!*get <metafont>CMSSS9.MF.1
11:48:02 USER	
11:48:02 USER	< Paged retrieve of <METAFONT>CMSSS9.MF.1 started.
11:48:02 USER	< Transfer completed.
11:48:04 USER	FTP!*get <metafont>CMST.MF.1
11:48:12 USER	
11:48:12 USER	< Paged retrieve of <METAFONT>CMST.MF.1 started.
11:48:12 USER	< Transfer completed.
11:48:14 USER	FTP!*get <metafont>CMSY5.MF.1
11:48:19 USER	
11:48:19 USER	< Paged retrieve of <METAFONT>CMSY5.MF.1 started.
11:48:19 USER	< Transfer completed.
11:48:22 USER	FTP!*get <metafont>CMSY6.MF.1
11:48:27 USER	
11:48:27 USER	< Paged retrieve of <METAFONT>CMSY6.MF.1 started.
11:48:27 USER	< Transfer completed.
11:48:29 USER	FTP!*get <metafont>CMSY7.MF.1
11:48:36 USER	
11:48:36 USER	< Paged retrieve of <METAFONT>CMSY7.MF.1 started.
11:48:36 USER	< Transfer completed.
11:48:38 USER	FTP!*get <metafont>CMSY8.MF.1
11:48:43 USER	
11:48:43 USER	< Paged retrieve of <METAFONT>CMSY8.MF.1 started.
11:48:44 USER	< Transfer completed.
11:48:45 USER	FTP!*get <metafont>CMSY9.MF.1
11:48:50 USER	
11:48:50 USER	< Paged retrieve of <METAFONT>CMSY9.MF.1 started.
11:48:50 USER	< Transfer completed.
11:48:52 USER	FTP!*get <metafont>CMSYT.MF.1
11:48:58 USER	
11:48:58 USER	< Paged retrieve of <METAFONT>CMSYT.MF.1 started.
11:48:58 USER	< Transfer completed.
11:48:59 USER	FTP!*get <metafont>CMTI10.MF.1
11:49:05 USER	
11:49:05 USER	< Paged retrieve of <METAFONT>CMTI10.MF.1 started.
11:49:06 USER	< Transfer completed.
11:49:07 USER	FTP!*get <metafont>CMTI12.MF.1
11:49:13 USER	
11:49:13 USER	< Paged retrieve of <METAFONT>CMTI12.MF.1 started.
11:49:13 USER	< Transfer completed.
11:49:15 USER	FTP!*get <metafont>CMTI7.MF.1
11:49:20 USER	
11:49:20 USER	< Paged retrieve of <METAFONT>CMTI7.MF.1 started.
11:49:20 USER	< Transfer completed.
11:49:22 USER	FTP!*get <metafont>CMTI8.MF.1
11:49:27 USER	
11:49:27 USER	< Paged retrieve of <METAFONT>CMTI8.MF.1 started.
11:49:28 USER	< Transfer completed.
11:49:29 USER	FTP!*get <metafont>CMTI9.MF.1
11:49:37 USER	
11:49:37 USER	< Paged retrieve of <METAFONT>CMTI9.MF.1 started.
11:49:37 USER	< Transfer completed.
11:49:38 USER	FTP!*get <metafont>CMTITL.MF.1
11:49:45 USER	
11:49:45 USER	< Paged retrieve of <METAFONT>CMTITL.MF.1 started.
11:49:45 USER	< Transfer completed.
11:49:47 USER	FTP!*get <metafont>CMTT.MF.1
11:49:53 USER	
11:49:53 USER	< Paged retrieve of <METAFONT>CMTT.MF.1 started.
11:49:53 USER	< Transfer completed.
11:49:55 USER	FTP!*get <metafont>CMTT8.MF.1
11:50:00 USER	
11:50:00 USER	< Paged retrieve of <METAFONT>CMTT8.MF.1 started.
11:50:00 USER	< Transfer completed.
11:50:02 USER	FTP!*get <metafont>CMTT9.MF.1
11:50:11 USER	
11:50:11 USER	< Paged retrieve of <METAFONT>CMTT9.MF.1 started.
11:50:11 USER	< Transfer completed.
11:50:13 USER	FTP!*get <metafont>CMTY.MF.1
11:50:18 USER	
11:50:18 USER	< Paged retrieve of <METAFONT>CMTY.MF.1 started.
11:50:18 USER	< Transfer completed.
11:50:20 USER	FTP!*get <metafont>CMU10.MF.1
11:50:27 USER	
11:50:27 USER	< Paged retrieve of <METAFONT>CMU10.MF.1 started.
11:50:27 USER	< Transfer completed.
11:50:29 USER	FTP!*get <metafont>CSLPT.MF.4
11:50:39 USER	
11:50:39 USER	< Paged retrieve of <METAFONT>CSLPT.MF.4 started.
11:50:39 USER	< Transfer completed.
11:50:41 USER	FTP!*get <metafont>CTSS9.MF.1
11:50:47 USER	
11:50:47 USER	< Paged retrieve of <METAFONT>CTSS9.MF.1 started.
11:50:47 USER	< Transfer completed.
11:50:49 USER	FTP!*get <metafont>GEOFF.MF.2
11:50:56 USER	
11:50:56 USER	< Paged retrieve of <METAFONT>GEOFF.MF.2 started.
11:50:57 USER	< Transfer completed.
11:50:58 USER	FTP!*get <metafont>GREEKL.MF.1
11:51:04 USER	
11:51:04 USER	< Paged retrieve of <METAFONT>GREEKL.MF.1 started.
11:51:06 USER	< Transfer completed.
11:51:08 USER	FTP!*get <metafont>ICMSSB8.MF.1
11:51:15 USER	
11:51:15 USER	< Paged retrieve of <METAFONT>ICMSSB8.MF.1 started.
11:51:15 USER	< Transfer completed.
11:51:17 USER	FTP!*get <metafont>IGREEKU.MF.1
11:51:34 USER	
11:51:34 USER	< Paged retrieve of <METAFONT>IGREEKU.MF.1 started.
11:51:34 USER	< Transfer completed.
11:51:38 USER	FTP!*get <metafont>IPA10.MF.12
11:51:44 USER	
11:51:44 USER	< Paged retrieve of <METAFONT>IPA10.MF.12 started.
11:51:50 USER	< Transfer completed.
11:51:51 USER	FTP!*get <metafont>IROMAN.MF.2
11:51:59 USER	
11:51:59 USER	< Paged retrieve of <METAFONT>IROMAN.MF.2 started.
11:51:59 USER	< Transfer completed.
11:52:01 USER	FTP!*get <metafont>IROMAND.MF.1
11:52:08 USER	
11:52:08 USER	< Paged retrieve of <METAFONT>IROMAND.MF.1 started.
11:52:08 USER	< Transfer completed.
11:52:10 USER	FTP!*get <metafont>IROMANL.MF.1
11:52:21 USER	
11:52:21 USER	< Paged retrieve of <METAFONT>IROMANL.MF.1 started.
11:52:21 USER	< Transfer completed.
11:52:23 USER	FTP!*get <metafont>IROMANS.MF.1
11:52:31 USER	
11:52:31 USER	< Paged retrieve of <METAFONT>IROMANS.MF.1 started.
11:52:31 USER	< Transfer completed.
11:52:33 USER	FTP!*get <metafont>IROMANU.MF.1
11:52:40 USER	
11:52:40 USER	< Paged retrieve of <METAFONT>IROMANU.MF.1 started.
11:52:40 USER	< Transfer completed.
11:52:41 USER	FTP!*get <metafont>IROMITA.MF.1
11:52:49 USER	
11:52:49 USER	< Paged retrieve of <METAFONT>IROMITA.MF.1 started.
11:52:49 USER	< Transfer completed.
11:52:51 USER	FTP!*get <metafont>IROMITL.MF.1
11:52:57 USER	
11:52:57 USER	< Paged retrieve of <METAFONT>IROMITL.MF.1 started.
11:52:57 USER	< Transfer completed.
11:53:00 USER	FTP!*get <metafont>IROMITM.MF.1
11:53:07 USER	
11:53:07 USER	< Paged retrieve of <METAFONT>IROMITM.MF.1 started.
11:53:07 USER	< Transfer completed.
11:53:08 USER	FTP!*get <metafont>IROMITP.MF.1
11:53:15 USER	
11:53:15 USER	< Paged retrieve of <METAFONT>IROMITP.MF.1 started.
11:53:15 USER	< Transfer completed.
11:53:17 USER	FTP!*get <metafont>IROMLIG.MF.1
11:53:22 USER	
11:53:22 USER	< Paged retrieve of <METAFONT>IROMLIG.MF.1 started.
11:53:22 USER	< Transfer completed.
11:53:24 USER	FTP!*get <metafont>ITALD.MF.1
11:53:30 USER	
11:53:30 USER	< Paged retrieve of <METAFONT>ITALD.MF.1 started.
11:53:30 USER	< Transfer completed.
11:53:33 USER	FTP!*get <metafont>ITALIC.MF.1
11:53:39 USER	
11:53:39 USER	< Paged retrieve of <METAFONT>ITALIC.MF.1 started.
11:53:39 USER	< Transfer completed.
11:53:41 USER	FTP!*get <metafont>ITALIG.MF.1
11:53:48 USER	
11:53:48 USER	< Paged retrieve of <METAFONT>ITALIG.MF.1 started.
11:53:48 USER	< Transfer completed.
11:53:49 USER	FTP!*get <metafont>ITALL.MF.1
11:53:57 USER	
11:53:57 USER	< Paged retrieve of <METAFONT>ITALL.MF.1 started.
11:53:59 USER	< Transfer completed.
11:54:01 USER	FTP!*get <metafont>ITALMS.MF.1
11:54:09 USER	
11:54:09 USER	< Paged retrieve of <METAFONT>ITALMS.MF.1 started.
11:54:09 USER	< Transfer completed.
11:54:11 USER	FTP!*get <metafont>ITALS.MF.1
11:54:17 USER	
11:54:17 USER	< Paged retrieve of <METAFONT>ITALS.MF.1 started.
11:54:17 USER	< Transfer completed.
11:54:18 USER	FTP!*get <metafont>ITMEXT.MF.1
11:54:24 USER	
11:54:24 USER	< Paged retrieve of <METAFONT>ITMEXT.MF.1 started.
11:54:24 USER	< Transfer completed.
11:54:26 USER	FTP!*get <metafont>ITTEXT.MF.1
11:54:31 USER	
11:54:31 USER	< Paged retrieve of <METAFONT>ITTEXT.MF.1 started.
11:54:31 USER	< Transfer completed.
11:54:33 USER	FTP!*get <metafont>KSYM.MF.10
11:54:39 USER	
11:54:39 USER	< Paged retrieve of <METAFONT>KSYM.MF.10 started.
11:54:39 USER	< Transfer completed.
11:54:41 USER	FTP!*get <metafont>LASY10.MF.4
11:54:47 USER	
11:54:47 USER	< Paged retrieve of <METAFONT>LASY10.MF.4 started.
11:54:47 USER	< Transfer completed.
11:54:48 USER	FTP!*get <metafont>LASY8.MF.1
11:54:54 USER	
11:54:54 USER	< Paged retrieve of <METAFONT>LASY8.MF.1 started.
11:54:54 USER	< Transfer completed.
11:54:56 USER	FTP!*get <metafont>LASYM.MF.1
11:55:01 USER	
11:55:01 USER	< Paged retrieve of <METAFONT>LASYM.MF.1 started.
11:55:06 USER	< Transfer completed.
11:55:06 USER	FTP!*get <metafont>LASYMBOL.MF.1
11:55:15 USER	
11:55:15 USER	< Paged retrieve of <METAFONT>LASYMBOL.MF.1 started.
11:55:20 USER	< Transfer completed.
11:55:21 USER	FTP!*get <metafont>LASYMEXT.MF.1
11:55:26 USER	
11:55:26 USER	< Paged retrieve of <METAFONT>LASYMEXT.MF.1 started.
11:55:26 USER	< Transfer completed.
11:55:28 USER	FTP!*get <metafont>LINE.MF.7
11:55:34 USER	
11:55:34 USER	< Paged retrieve of <METAFONT>LINE.MF.7 started.
11:55:35 USER	< Transfer completed.
11:55:37 USER	FTP!*get <metafont>LINE10.MF.2
11:55:44 USER	
11:55:44 USER	< Paged retrieve of <METAFONT>LINE10.MF.2 started.
11:55:44 USER	< Transfer completed.
11:55:47 USER	FTP!*get <metafont>LINEW10.MF.2
11:55:52 USER	
11:55:52 USER	< Paged retrieve of <METAFONT>LINEW10.MF.2 started.
11:55:52 USER	< Transfer completed.
11:55:54 USER	FTP!*get <metafont>LINEWW10.MF.1
11:56:01 USER	
11:56:01 USER	< Paged retrieve of <METAFONT>LINEWW10.MF.1 started.
11:56:01 USER	< Transfer completed.
11:56:02 USER	FTP!*get <metafont>LINEWWW10.MF.1
11:56:09 USER	
11:56:09 USER	< Paged retrieve of <METAFONT>LINEWWW10.MF.1 started.
11:56:09 USER	< Transfer completed.
11:56:10 USER	FTP!*get <metafont>LIST.MF.1
11:56:17 USER	
11:56:17 USER	< Paged retrieve of <METAFONT>LIST.MF.1 started.
11:56:18 USER	< Transfer completed.
11:56:19 USER	FTP!*get <metafont>LISTB.MF.3
11:56:24 USER	
11:56:24 USER	< Paged retrieve of <METAFONT>LISTB.MF.3 started.
11:56:24 USER	< Transfer completed.
11:56:26 USER	FTP!*get <metafont>LOGSYM.MF.5
11:56:32 USER	
11:56:32 USER	< Paged retrieve of <METAFONT>LOGSYM.MF.5 started.
11:56:32 USER	< Transfer completed.
11:56:34 USER	FTP!*get <metafont>LPTROMAN.MF.3
11:56:40 USER	
11:56:40 USER	< Paged retrieve of <METAFONT>LPTROMAN.MF.3 started.
11:56:40 USER	< Transfer completed.
11:56:42 USER	FTP!*get <metafont>LPTROMITA.MF.2
11:56:47 USER	
11:56:47 USER	< Paged retrieve of <METAFONT>LPTROMITA.MF.2 started.
11:56:47 USER	< Transfer completed.
11:56:49 USER	FTP!*get <metafont>LSYM.MF.3
11:56:55 USER	
11:56:55 USER	< Paged retrieve of <METAFONT>LSYM.MF.3 started.
11:56:55 USER	< Transfer completed.
11:56:57 USER	FTP!*get <metafont>MANFNT.MF.1
11:57:04 USER	
11:57:04 USER	< Paged retrieve of <METAFONT>MANFNT.MF.1 started.
11:57:04 USER	< Transfer completed.
11:57:07 USER	FTP!*get <metafont>MATHDL.MF.1
11:57:14 USER	
11:57:14 USER	< Paged retrieve of <METAFONT>MATHDL.MF.1 started.
11:57:18 USER	< Transfer completed.
11:57:19 USER	FTP!*get <metafont>MATHEX.MF.1
11:57:24 USER	
11:57:24 USER	< Paged retrieve of <METAFONT>MATHEX.MF.1 started.
11:57:24 USER	< Transfer completed.
11:57:25 USER	FTP!*get <metafont>MATHOP.MF.1
11:57:31 USER	
11:57:31 USER	< Paged retrieve of <METAFONT>MATHOP.MF.1 started.
11:57:32 USER	< Transfer completed.
11:57:34 USER	FTP!*get <metafont>MEXEXT.MF.1
11:57:42 USER	
11:57:42 USER	< Paged retrieve of <METAFONT>MEXEXT.MF.1 started.
11:57:42 USER	< Transfer completed.
11:57:44 USER	FTP!*get <metafont>NEWLIST.MF.1
11:57:50 USER	
11:57:50 USER	< Paged retrieve of <METAFONT>NEWLIST.MF.1 started.
11:57:50 USER	< Transfer completed.
11:57:52 USER	FTP!*get <metafont>NEWMF.EXE.1
11:58:02 USER	
11:58:02 USER	< Paged retrieve of <METAFONT>NEWMF.EXE.1 started.
12:00:09 USER	< Transfer completed.
12:00:10 USER	FTP!*get <metafont>PAD.MF.1
12:00:16 USER	
12:00:16 USER	< Paged retrieve of <METAFONT>PAD.MF.1 started.
12:00:16 USER	< Transfer completed.
12:00:17 USER	FTP!*get <metafont>PADS.MF.1
12:00:22 USER	
12:00:22 USER	< Paged retrieve of <METAFONT>PADS.MF.1 started.
12:00:22 USER	< Transfer completed.
12:00:24 USER	FTP!*get <metafont>PAREN.FOO.1
12:00:33 USER	
12:00:33 USER	< Paged retrieve of <METAFONT>PAREN.FOO.1 started.
12:00:33 USER	< Transfer completed.
12:00:35 USER	FTP!*get <metafont>PCB.MF.1
12:00:42 USER	
12:00:42 USER	< Paged retrieve of <METAFONT>PCB.MF.1 started.
12:00:43 USER	< Transfer completed.
12:00:44 USER	FTP!*get <metafont>PCBASE.MF.1
12:00:50 USER	
12:00:50 USER	< Paged retrieve of <METAFONT>PCBASE.MF.1 started.
12:00:51 USER	< Transfer completed.
12:00:52 USER	FTP!*get <metafont>PEN.MF.4
12:00:57 USER	
12:00:57 USER	< Paged retrieve of <METAFONT>PEN.MF.4 started.
12:01:03 USER	< Transfer completed.
12:01:05 USER	FTP!*get <metafont>PEN0.MF.3
12:01:11 USER	
12:01:11 USER	< Paged retrieve of <METAFONT>PEN0.MF.3 started.
12:01:16 USER	< Transfer completed.
12:01:19 USER	FTP!*get <metafont>PENI10.MF.1
12:01:25 USER	
12:01:25 USER	< Paged retrieve of <METAFONT>PENI10.MF.1 started.
12:01:25 USER	< Transfer completed.
12:01:27 USER	FTP!*get <metafont>PENI16.MF.1
12:01:32 USER	
12:01:32 USER	< Paged retrieve of <METAFONT>PENI16.MF.1 started.
12:01:32 USER	< Transfer completed.
12:01:34 USER	FTP!*get <metafont>PENI20.MF.1
12:01:40 USER	
12:01:40 USER	< Paged retrieve of <METAFONT>PENI20.MF.1 started.
12:01:40 USER	< Transfer completed.
12:01:42 USER	FTP!*get <metafont>PENI24.MF.1
12:01:47 USER	
12:01:47 USER	< Paged retrieve of <METAFONT>PENI24.MF.1 started.
12:01:47 USER	< Transfer completed.
12:01:49 USER	FTP!*get <metafont>ROMAN2.MF.3
12:01:55 USER	
12:01:55 USER	< Paged retrieve of <METAFONT>ROMAN2.MF.3 started.
12:01:55 USER	< Transfer completed.
12:01:57 USER	FTP!*get <metafont>ROMAN3.MF.3
12:02:04 USER	
12:02:04 USER	< Paged retrieve of <METAFONT>ROMAN3.MF.3 started.
12:02:04 USER	< Transfer completed.
12:02:06 USER	FTP!*get <metafont>ROMCSC.MF.1
12:02:12 USER	
12:02:12 USER	< Paged retrieve of <METAFONT>ROMCSC.MF.1 started.
12:02:12 USER	< Transfer completed.
12:02:14 USER	FTP!*get <metafont>ROMITA2.MF.2
12:02:20 USER	
12:02:20 USER	< Paged retrieve of <METAFONT>ROMITA2.MF.2 started.
12:02:20 USER	< Transfer completed.
12:02:22 USER	FTP!*get <metafont>ROMITP2.MF.1
12:02:29 USER	
12:02:29 USER	< Paged retrieve of <METAFONT>ROMITP2.MF.1 started.
12:02:29 USER	< Transfer completed.
12:02:31 USER	FTP!*get <metafont>ROMITS2.MF.5
12:02:39 USER	
12:02:39 USER	< Paged retrieve of <METAFONT>ROMITS2.MF.5 started.
12:02:39 USER	< Transfer completed.
12:02:40 USER	FTP!*get <metafont>ROMITS3.MF.1
12:02:46 USER	
12:02:46 USER	< Paged retrieve of <METAFONT>ROMITS3.MF.1 started.
12:02:46 USER	< Transfer completed.
12:02:47 USER	FTP!*get <metafont>ROMSP2.MF.5
12:02:55 USER	
12:02:55 USER	< Paged retrieve of <METAFONT>ROMSP2.MF.5 started.
12:02:56 USER	< Transfer completed.
12:02:57 USER	FTP!*get <metafont>SAILCM.MF.1
12:03:03 USER	
12:03:03 USER	< Paged retrieve of <METAFONT>SAILCM.MF.1 started.
12:03:04 USER	< Transfer completed.
12:03:05 USER	FTP!*get <metafont>SCRIBEGAMMA10.MF.2
12:03:12 USER	
12:03:12 USER	< Paged retrieve of <METAFONT>SCRIBEGAMMA10.MF.2 started.
12:03:12 USER	< Transfer completed.
12:03:13 USER	FTP!*get <metafont>SCRIBEMISSINGCMB10.MF.1
12:03:19 USER	
12:03:19 USER	< Paged retrieve of <METAFONT>SCRIBEMISSINGCMB10.MF.1 started.
12:03:19 USER	< Transfer completed.
12:03:21 USER	FTP!*get <metafont>SCRIBEMISSINGCMB12.MF.1
12:03:27 USER	
12:03:27 USER	< Paged retrieve of <METAFONT>SCRIBEMISSINGCMB12.MF.1 started.
12:03:27 USER	< Transfer completed.
12:03:29 USER	FTP!*get <metafont>SCRIBEMISSINGCMB8.MF.1
12:03:35 USER	
12:03:35 USER	< Paged retrieve of <METAFONT>SCRIBEMISSINGCMB8.MF.1 started.
12:03:35 USER	< Transfer completed.
12:03:36 USER	FTP!*get <metafont>SCRIBEMISSINGCMR10.MF.2
12:03:42 USER	
12:03:42 USER	< Paged retrieve of <METAFONT>SCRIBEMISSINGCMR10.MF.2 started.
12:03:42 USER	< Transfer completed.
12:03:44 USER	FTP!*get <metafont>SCRIBEMISSINGCMR6.MF.1
12:03:50 USER	
12:03:50 USER	< Paged retrieve of <METAFONT>SCRIBEMISSINGCMR6.MF.1 started.
12:03:50 USER	< Transfer completed.
12:03:51 USER	FTP!*get <metafont>SCRIBEMISSINGCMR8.MF.1
12:03:58 USER	
12:03:58 USER	< Paged retrieve of <METAFONT>SCRIBEMISSINGCMR8.MF.1 started.
12:03:58 USER	< Transfer completed.
12:03:59 USER	FTP!*get <metafont>SCRIBEMISSINGCMSY10.MF.3
12:04:06 USER	
12:04:06 USER	< Paged retrieve of <METAFONT>SCRIBEMISSINGCMSY10.MF.3 started.
12:04:06 USER	< Transfer completed.
12:04:08 USER	FTP!*get <metafont>SCRIBEMISSINGCMTT.MF.1
12:04:13 USER	
12:04:13 USER	< Paged retrieve of <METAFONT>SCRIBEMISSINGCMTT.MF.1 started.
12:04:13 USER	< Transfer completed.
12:04:15 USER	FTP!*get <metafont>SCRIBEMISSINGCMTT8.MF.1
12:04:20 USER	
12:04:20 USER	< Paged retrieve of <METAFONT>SCRIBEMISSINGCMTT8.MF.1 started.
12:04:20 USER	< Transfer completed.
12:04:21 USER	FTP!*get <metafont>SCRIBEMISSINGGREEKU.MF.1
12:04:29 USER	
12:04:29 USER	< Paged retrieve of <METAFONT>SCRIBEMISSINGGREEKU.MF.1 started.
12:04:29 USER	< Transfer completed.
12:04:31 USER	FTP!*get <metafont>SCRIBEMISSINGROMAN.MF.6
12:04:36 USER	
12:04:36 USER	< Paged retrieve of <METAFONT>SCRIBEMISSINGROMAN.MF.6 started.
12:04:36 USER	< Transfer completed.
12:04:38 USER	FTP!*get <metafont>SCRIBEMISSINGROMITL.MF.1
12:04:43 USER	
12:04:43 USER	< Paged retrieve of <METAFONT>SCRIBEMISSINGROMITL.MF.1 started.
12:04:44 USER	< Transfer completed.
12:04:46 USER	FTP!*get <metafont>SCRIBEMISSINGROMITS.MF.1
12:04:51 USER	
12:04:51 USER	< Paged retrieve of <METAFONT>SCRIBEMISSINGROMITS.MF.1 started.
12:04:51 USER	< Transfer completed.
12:04:53 USER	FTP!*get <metafont>SCRIBEMISSINGROMLIG.MF.1
12:04:58 USER	
12:04:58 USER	< Paged retrieve of <METAFONT>SCRIBEMISSINGROMLIG.MF.1 started.
12:04:58 USER	< Transfer completed.
12:05:00 USER	FTP!*get <metafont>SCRIBEROMITA.MF.1
12:05:07 USER	
12:05:07 USER	< Paged retrieve of <METAFONT>SCRIBEROMITA.MF.1 started.
12:05:07 USER	< Transfer completed.
12:05:09 USER	FTP!*get <metafont>SCRIPT.MF.1
12:05:15 USER	
12:05:15 USER	< Paged retrieve of <METAFONT>SCRIPT.MF.1 started.
12:05:15 USER	< Transfer completed.
12:05:19 USER	FTP!*get <metafont>SHRTEQ.MF.1
12:05:25 USER	
12:05:25 USER	< Paged retrieve of <METAFONT>SHRTEQ.MF.1 started.
12:05:25 USER	< Transfer completed.
12:05:27 USER	FTP!*get <metafont>SYMEXT.MF.1
12:05:32 USER	
12:05:32 USER	< Paged retrieve of <METAFONT>SYMEXT.MF.1 started.
12:05:32 USER	< Transfer completed.
12:05:34 USER	FTP!*get <metafont>SYMLOG.MF.2
12:05:41 USER	
12:05:41 USER	< Paged retrieve of <METAFONT>SYMLOG.MF.2 started.
12:05:47 USER	< Transfer completed.
12:05:48 USER	FTP!*get <metafont>WI.MF.1
12:05:54 USER	
12:05:54 USER	< Paged retrieve of <METAFONT>WI.MF.1 started.
12:05:55 USER	< Transfer completed.
12:05:57 USER	FTP!*get <metafont>WIRE0.MF.1
12:06:03 USER	
12:06:03 USER	< Paged retrieve of <METAFONT>WIRE0.MF.1 started.
12:06:03 USER	< Transfer completed.
12:06:05 USER	FTP!*get <metafont>WIRE1.MF.1
12:06:11 USER	
12:06:11 USER	< Paged retrieve of <METAFONT>WIRE1.MF.1 started.
12:06:11 USER	< Transfer completed.
12:06:13 USER	FTP!*get <metafont>WIRE2.MF.1
12:06:18 USER	
12:06:18 USER	< Paged retrieve of <METAFONT>WIRE2.MF.1 started.
12:06:18 USER	< Transfer completed.
12:06:20 USER	FTP!*get <metafont>WIRE3.MF.1
12:06:25 USER	
12:06:25 USER	< Paged retrieve of <METAFONT>WIRE3.MF.1 started.
12:06:25 USER	< Transfer completed.
12:06:27 USER	FTP!*get <metafont>ZMSY10.MF.1
12:06:33 USER	
12:06:33 USER	< Paged retrieve of <METAFONT>ZMSY10.MF.1 started.
12:06:34 USER	< Transfer completed.
12:06:36 USER	FTP!*bye
12:06:37 USER	
12:06:37 USER	< QUIT command received. Goodbye.
12:07:07 USER	FTP>*quit
12:07:07 MONTR	
12:07:07 MONTR	 $
12:07:09 MONTR	Killed by OPERATOR, TTY 47
12:07:09 MONTR	Killed Job 26, User HSS, Account NIC, TTY 60, at 26-Apr-84 12:07:09
12:07:09 MONTR	 Used 0:00:56 in 0:29:34
