
[PHOTO:  Recording initiated  Thu 14-Dec-89 2:47am]

 End of PS:<KLH>COMAND.CMD.4
@bug24
ERROR at line 72 : (0.7853981629957472428) != (0.7853981633974483095)
ERROR at line 86 : (0.7853981637991493758) != (0.7853981633974483095)
ERROR at line 92 : (0.7853981637991494407) != (0.7853981633974483095)
ERROR at line 93 : (0.4487989509145287445) != (0.4487989505128276055)
ERROR at line 99 : (0.7853981629957472086) != (0.7853981633974483095)
ERROR at line 100 : (2.356194490594046031) != (2.356194490192344929)
ERROR at line 101 : (-0.7853981629957472086) != (-0.7853981633974483095)
ERROR at line 102 : (-2.356194490594046031) != (-2.356194490192344929)
ERROR at line 115 : (0.7071067811865474787) != (0.707106781186547522)
ERROR at line 130 : (1.000000000000000061) != (1)
ERROR at line 131 : (-1.000000000000000061) != (-1)
ERROR at line 230 : (-5.163483885851243387E-16) != (0)
ERROR at line 264 : (1.233999999999999844) != (1.234)
ERROR at line 269 : (1) != (1.701411834604692318E+38)
ERROR at line -270 : (0) != (34)
ERROR at line 273 : (1.701411834604692318E+38) != (0)
ERROR at line 281 : (1.233999999999999478) != (1.234)
ERROR at line 326
@pop

[PHOTO:  Recording terminated Thu 14-Dec-89 2:47am]
