
[PHOTO:  Recording initiated  Thu 30-Nov-89 3:32am]

 End of PS:<KLH>COMAND.CMD.4
@c2:nccx -S bugoff
KCC:    bugoff
"bugoff.c", line 11: [Internal error] simsubbp: bad adrmode: 6
       (main+4, p.1 l.11):  }; int res; main() {     res = offsetof(foo,c); }

?KCC - 1 error detected
@ty bugoff.c
#define offsetof(s,m) \
        ( (char *) (&((struct s *)0)->m) - (char *)0)
struct foo {
        short a,b,c;
};
int res;
main()
{
    res = offsetof(foo,c);
}
@pop

[PHOTO:  Recording terminated Thu 30-Nov-89 3:32am]
