
[PHOTO:  Recording initiated  Sat 9-Dec-89 4:30am]

 End of PS:<KLH>COMAND.CMD.4
@MSRCCOM /S/K/L CC.FAI

;COMPARISON OF FS:<C.KCC>CC.FAI.1 AND FS:<C.KCC>CC.FAI.2
;OPTIONS ARE    /K /L /S /3

**** FILE FS:<C.KCC>CC.FAI.1, 1-350 (5301) AFTER %CINDF:
        SETZ 5,
        SETO 4,
        ADJBP 4,-775(17)
        DPB 5,4
        MOVEM 5,-771(17)
        MOVE 6,-773(17)
        MOVEM 6,-775(17)
**** FILE FS:<C.KCC>CC.FAI.2, 1-350 (5301) AFTER %CINDF:
        SETZ 3,
        SETO 4,
        ADJBP 4,-775(17)
        DPB 3,4
        SETZB 5,-771(17)
        MOVE 7,-773(17)
        MOVEM 7,-775(17)
***************

**** FILE FS:<C.KCC>CC.FAI.1, 1-1594 (22224) AFTER %ERRFS:
        MOVE 7,-375(17)
        SKIPN 3,0(7)
**** FILE FS:<C.KCC>CC.FAI.2, 1-1594 (22224) AFTER %ERRFS:
        MOVE 4,-375(17)
        SKIPN 3,0(4)
***************

**** FILE FS:<C.KCC>CC.FAI.1, 1-1600 (22309) AFTER %ERRFS:
**** FILE FS:<C.KCC>CC.FAI.2, 1-1600 (22309) AFTER %ERRFS:
        MOVE 7,-375(17)
***************

@MSRCCOM /S/K/L CCASMB.FAI

;COMPARISON OF FS:<C.KCC>CCASMB.FAI.1 AND FS:<C.KCC>CCASMB.FAI.2
;OPTIONS ARE    /K /L /S /3

**** FILE FS:<C.KCC>CCASMB.FAI.1, 1-252 (3643) AFTER EXECAR:
        MOVE 7,-2(17)
        CAMN 7,-4(17)
**** FILE FS:<C.KCC>CCASMB.FAI.2, 1-252 (3643) AFTER EXECAR:
        MOVE 4,-2(17)
        CAMN 4,-4(17)
***************

**** FILE FS:<C.KCC>CCASMB.FAI.1, 1-259 (3759) AFTER EXECAR:
        MOVEM 7,0(17)
        ILDB 6,-4(17)
        CAIE 6,15
         CAIN 6,12
         JRST $47
        MOVE 4,[$$BP90+$$SECT,,$48]
        MOVEM 4,-1(17)
**** FILE FS:<C.KCC>CCASMB.FAI.2, 1-259 (3759) AFTER EXECAR:
        MOVE 7,-2(17)
        MOVEM 7,0(17)
        ILDB 10,-4(17)
        CAIE 10,15
         CAIN 10,12
         JRST $47
        MOVE 6,[$$BP90+$$SECT,,$48]
        MOVEM 6,-1(17)
***************

**** FILE FS:<C.KCC>CCASMB.FAI.1, 1-324 (4657) AFTER EXECAR:
        MOVE 7,-6(17)
        MOVE 4,$30(7)
**** FILE FS:<C.KCC>CCASMB.FAI.2, 1-325 (4676) AFTER EXECAR:
        MOVE 3,-6(17)
        MOVE 4,$30(3)
***************

**** FILE FS:<C.KCC>CCASMB.FAI.1, 1-330 (4742) AFTER EXECAR:
        CAIGE 7,306
         JRST $61
        MOVE 3,[$$BP90+$$SECT,,$62]
        MOVEM 3,-1(17)
**** FILE FS:<C.KCC>CCASMB.FAI.2, 1-331 (4761) AFTER EXECAR:
        MOVE 7,-6(17)
        CAIGE 7,306
         JRST $61
        MOVE 6,[$$BP90+$$SECT,,$62]
        MOVEM 6,-1(17)
***************

**** FILE FS:<C.KCC>CCASMB.FAI.1, 1-1349 (21172) AFTER FNPARS:
        SKIPE 6,-6(17)
         DPB 3,6
        SKIPE 7,-11(17)
         DPB 3,7
**** FILE FS:<C.KCC>CCASMB.FAI.2, 1-1351 (21207) AFTER FNPARS:
        SKIPE 7,-6(17)
         TDZA 4,4
         TRNA 
         DPB 4,7
        SKIPE 11,-11(17)
         TDZA 5,5
         TRNA 
         DPB 5,11
***************

**** FILE FS:<C.KCC>CCASMB.FAI.1, 1-1606 (24742) AFTER FSTRCP:
        ILDB 4,-2(17)
        IDPB 4,-1(17)
        CAIE 4,53
         JUMPN 4,$192
**** FILE FS:<C.KCC>CCASMB.FAI.2, 1-1612 (24821) AFTER FSTRCP:
        ILDB 3,-2(17)
        IDPB 3,-1(17)
        JUMPE 3,$191
        LDB 4,-1(17)
        CAIE 4,53
         JRST $192
***************

@MSRCCOM /S/K/L CCCODE.FAI

;COMPARISON OF FS:<C.KCC>CCCODE.FAI.1 AND FS:<C.KCC>CCCODE.FAI.2
;OPTIONS ARE    /K /L /S /3

NO DIFFERENCES ENCOUNTERED
@MSRCCOM /S/K/L CCCREG.FAI

;COMPARISON OF FS:<C.KCC>CCCREG.FAI.1 AND FS:<C.KCC>CCCREG.FAI.2
;OPTIONS ARE    /K /L /S /3

NO DIFFERENCES ENCOUNTERED
@MSRCCOM /S/K/L CCCSE.FAI

;COMPARISON OF FS:<C.KCC>CCCSE.FAI.1 AND FS:<C.KCC>CCCSE.FAI.2
;OPTIONS ARE    /K /L /S /3

NO DIFFERENCES ENCOUNTERED
@MSRCCOM /S/K/L CCDATA.FAI

;COMPARISON OF FS:<C.KCC>CCDATA.FAI.1 AND FS:<C.KCC>CCDATA.FAI.2
;OPTIONS ARE    /K /L /S /3

NO DIFFERENCES ENCOUNTERED
@MSRCCOM /S/K/L CCDECL.FAI

;COMPARISON OF FS:<C.KCC>CCDECL.FAI.1 AND FS:<C.KCC>CCDECL.FAI.2
;OPTIONS ARE    /K /L /S /3

**** FILE FS:<C.KCC>CCDECL.FAI.1, 1-1763 (28605) AFTER %PBASE:
        MOVEM 4,12(6)
        MOVEM 4,0(6)
        MOVEM 4,13(6)
        MOVEM 4,1(6)
**** FILE FS:<C.KCC>CCDECL.FAI.2, 1-1763 (28605) AFTER %PBASE:
        MOVE 10,-12(17)
        SETZB 5,12(10)
        MOVEM 5,0(10)
        MOVEM 5,13(10)
        MOVEM 5,1(10)
***************

@MSRCCOM /S/K/L CCERR.FAI

;COMPARISON OF FS:<C.KCC>CCERR.FAI.1 AND FS:<C.KCC>CCERR.FAI.2
;OPTIONS ARE    /K /L /S /3

**** FILE FS:<C.KCC>CCERR.FAI.1, 1-797 (11681) AFTER %EDEFA:
        MOVE 10,0(4)
        MOVEM 10,-2(17)
**** FILE FS:<C.KCC>CCERR.FAI.2, 1-797 (11681) AFTER %EDEFA:
        MOVE 3,0(4)
        MOVEM 3,-2(17)
***************

**** FILE FS:<C.KCC>CCERR.FAI.1, 1-805 (11808) AFTER %EDEFA:
        LDB 3,10
        MOVEM 3,-20(17)
**** FILE FS:<C.KCC>CCERR.FAI.2, 1-805 (11806) AFTER %EDEFA:
        LDB 5,-2(17)
        MOVEM 5,-20(17)
***************

@MSRCCOM /S/K/L CCEVAL.FAI

;COMPARISON OF FS:<C.KCC>CCEVAL.FAI.1 AND FS:<C.KCC>CCEVAL.FAI.2
;OPTIONS ARE    /K /L /S /3

NO DIFFERENCES ENCOUNTERED
@MSRCCOM /S/K/L CCGEN.FAI

;COMPARISON OF FS:<C.KCC>CCGEN.FAI.1 AND FS:<C.KCC>CCGEN.FAI.2
;OPTIONS ARE    /K /L /S /3

NO DIFFERENCES ENCOUNTERED
@MSRCCOM /S/K/L CCGEN1.FAI

;COMPARISON OF FS:<C.KCC>CCGEN1.FAI.1 AND FS:<C.KCC>CCGEN1.FAI.2
;OPTIONS ARE    /K /L /S /3

NO DIFFERENCES ENCOUNTERED
@MSRCCOM /S/K/L CCGEN2.FAI

;COMPARISON OF FS:<C.KCC>CCGEN2.FAI.1 AND FS:<C.KCC>CCGEN2.FAI.2
;OPTIONS ARE    /K /L /S /3

NO DIFFERENCES ENCOUNTERED
@MSRCCOM /S/K/L CCGSWI.FAI

;COMPARISON OF FS:<C.KCC>CCGSWI.FAI.1 AND FS:<C.KCC>CCGSWI.FAI.2
;OPTIONS ARE    /K /L /S /3

NO DIFFERENCES ENCOUNTERED
@MSRCCOM /S/K/L CCJSKP.FAI

;COMPARISON OF FS:<C.KCC>CCJSKP.FAI.1 AND FS:<C.KCC>CCJSKP.FAI.2
;OPTIONS ARE    /K /L /S /3

NO DIFFERENCES ENCOUNTERED
@MSRCCOM /S/K/L CCLEX.FAI

;COMPARISON OF FS:<C.KCC>CCLEX.FAI.1 AND FS:<C.KCC>CCLEX.FAI.2
;OPTIONS ARE    /K /L /S /3

**** FILE FS:<C.KCC>CCLEX.FAI.1, 1-1066 (16430) AFTER %TRSTR:
        SOSG 7,%SLCLE
**** FILE FS:<C.KCC>CCLEX.FAI.2, 1-1066 (16430) AFTER %TRSTR:
        SOSG 3,%SLCLE
***************

**** FILE FS:<C.KCC>CCLEX.FAI.1, 1-1071 (16501) AFTER %TRSTR:
        SUB 1,7
**** FILE FS:<C.KCC>CCLEX.FAI.2, 1-1071 (16501) AFTER %TRSTR:
        SUB 1,%SLCLE
***************

@MSRCCOM /S/K/L CCNODE.FAI

;COMPARISON OF FS:<C.KCC>CCNODE.FAI.1 AND FS:<C.KCC>CCNODE.FAI.2
;OPTIONS ARE    /K /L /S /3

NO DIFFERENCES ENCOUNTERED
@MSRCCOM /S/K/L CCOPT.FAI

;COMPARISON OF FS:<C.KCC>CCOPT.FAI.1 AND FS:<C.KCC>CCOPT.FAI.2
;OPTIONS ARE    /K /L /S /3

NO DIFFERENCES ENCOUNTERED
@MSRCCOM /S/K/L CCOUT.FAI

;COMPARISON OF FS:<C.KCC>CCOUT.FAI.1 AND FS:<C.KCC>CCOUT.FAI.2
;OPTIONS ARE    /K /L /S /3

NO DIFFERENCES ENCOUNTERED
@MSRCCOM /S/K/L CCPP.FAI

;COMPARISON OF FS:<C.KCC>CCPP.FAI.1 AND FS:<C.KCC>CCPP.FAI.2
;OPTIONS ARE    /K /L /S /3

**** FILE FS:<C.KCC>CCPP.FAI.1, 1-2229 (31354) AFTER %NEXTR:
        SOSG 13,%PPCLE
**** FILE FS:<C.KCC>CCPP.FAI.2, 1-2229 (31354) AFTER %NEXTR:
        SOSG 7,%PPCLE
***************

**** FILE FS:<C.KCC>CCPP.FAI.1, 1-2234 (31428) AFTER %NEXTR:
        SUB 1,13
**** FILE FS:<C.KCC>CCPP.FAI.2, 1-2234 (31427) AFTER %NEXTR:
        SUB 1,%PPCLE
***************

**** FILE FS:<C.KCC>CCPP.FAI.1, 1-2254 (31699) AFTER %NEXTR:
        SOSG 10,%PPCLE
**** FILE FS:<C.KCC>CCPP.FAI.2, 1-2254 (31702) AFTER %NEXTR:
        SOSG 4,%PPCLE
***************

**** FILE FS:<C.KCC>CCPP.FAI.1, 1-2259 (31771) AFTER %NEXTR:
        SUB 1,10
**** FILE FS:<C.KCC>CCPP.FAI.2, 1-2259 (31773) AFTER %NEXTR:
        SUB 1,%PPCLE
***************

**** FILE FS:<C.KCC>CCPP.FAI.1, 1-2528 (35474) AFTER %PPNCO:
        SOSG 7,%PPCLE
**** FILE FS:<C.KCC>CCPP.FAI.2, 1-2528 (35480) AFTER %PPNCO:
        SOSG 3,%PPCLE
***************

**** FILE FS:<C.KCC>CCPP.FAI.1, 1-2533 (35545) AFTER %PPNCO:
        SUB 1,7
**** FILE FS:<C.KCC>CCPP.FAI.2, 1-2533 (35551) AFTER %PPNCO:
        SUB 1,%PPCLE
***************

**** FILE FS:<C.KCC>CCPP.FAI.1, 1-2593 (36377) AFTER %PPSCO:
        SOSG 11,%PPCLE
**** FILE FS:<C.KCC>CCPP.FAI.2, 1-2593 (36388) AFTER %PPSCO:
        SOSG 4,%PPCLE
***************

**** FILE FS:<C.KCC>CCPP.FAI.1, 1-2598 (36449) AFTER %PPSCO:
        SUB 1,11
**** FILE FS:<C.KCC>CCPP.FAI.2, 1-2598 (36459) AFTER %PPSCO:
        SUB 1,%PPCLE
***************

**** FILE FS:<C.KCC>CCPP.FAI.1, 1-2618 (36712) AFTER %PPSCO:
        SOSG 11,%PPCLE
**** FILE FS:<C.KCC>CCPP.FAI.2, 1-2618 (36726) AFTER %PPSCO:
        SOSG 4,%PPCLE
***************

**** FILE FS:<C.KCC>CCPP.FAI.1, 1-2623 (36784) AFTER %PPSCO:
        SUB 1,11
**** FILE FS:<C.KCC>CCPP.FAI.2, 1-2623 (36797) AFTER %PPSCO:
        SUB 1,%PPCLE
***************

**** FILE FS:<C.KCC>CCPP.FAI.1, 1-2722 (38286) AFTER %PPUNK:
        SOSG 7,%PPCLE
**** FILE FS:<C.KCC>CCPP.FAI.2, 1-2722 (38303) AFTER %PPUNK:
        SOSG 3,%PPCLE
***************

**** FILE FS:<C.KCC>CCPP.FAI.1, 1-2727 (38357) AFTER %PPUNK:
        SUB 1,7
**** FILE FS:<C.KCC>CCPP.FAI.2, 1-2727 (38374) AFTER %PPUNK:
        SUB 1,%PPCLE
***************

**** FILE FS:<C.KCC>CCPP.FAI.1, 1-3002 (42459) AFTER %TLTOM:
        HLRZ 6,0(5)
        MOVEM 6,-1(17)
        JUMPE 6,$406
        CAIL 6,206
         JRST $406
        DPB 6,-5(17)
        IBP -5(17)
        SKIPE 3,TOKSTR(6)
         JRST $405
        CAIL 6,6
         CAIL 6,12
         JRST $408
        JRST @$409*1-6(6)
**** FILE FS:<C.KCC>CCPP.FAI.2, 1-3002 (42481) AFTER %TLTOM:
        HLRZ 4,0(5)
        MOVEM 4,-1(17)
        JUMPE 4,$406
        CAIL 4,206
         JRST $406
        DPB 4,-5(17)
        IBP -5(17)
        MOVE 10,-1(17)
        SKIPE 6,TOKSTR(10)
         JRST $405
        CAIL 10,6
         CAIL 10,12
         JRST $408
        JRST @$409*1-6(10)
***************

**** FILE FS:<C.KCC>CCPP.FAI.1, 1-6248 (92075) AFTER %D.DEF:
        JUMPE 1,$845
        MOVE 5,-174(17)
        LDB 4,[331100,,12(1)]
**** FILE FS:<C.KCC>CCPP.FAI.2, 1-6249 (92118) AFTER %D.DEF:
        SKIPN 12,-176(17)
         JRST $845
        MOVE 6,-174(17)
        LDB 4,[331100,,12(12)]
***************

**** FILE FS:<C.KCC>CCPP.FAI.1, 1-6254 (92177) AFTER %D.DEF:
        CAME 5,4
         JRST $846
        MOVE 10,-172(17)
        HRRZ 6,12(1)
        CAME 10,6
**** FILE FS:<C.KCC>CCPP.FAI.2, 1-6256 (92239) AFTER %D.DEF:
        CAME 6,4
         JRST $846
        MOVE 10,-172(17)
        HRRZ 5,12(12)
        CAME 10,5
***************

**** FILE FS:<C.KCC>CCPP.FAI.1, 1-6262 (92289) AFTER %D.DEF:
        PUSH 17,13(1)
**** FILE FS:<C.KCC>CCPP.FAI.2, 1-6264 (92352) AFTER %D.DEF:
        PUSH 17,13(12)
***************

**** FILE FS:<C.KCC>CCPP.FAI.1, 1-6915 (102794) AFTER %MDFSY:
        POP 17,1
        MOVEM 3,0(1)
        MOVEI 5,40
        IORB 5,1(1)
        MOVE 12,-2(17)
        MOVE 4,1(12)
        DPB 4,[331100,,12(1)]
        MOVE 6,2(12)
        DPB 6,[221100,,12(1)]
        MOVE 7,3(12)
        HRRM 7,12(1)
        MOVE 10,4(12)
        MOVEM 10,13(1)
**** FILE FS:<C.KCC>CCPP.FAI.2, 1-6917 (102858) AFTER %MDFSY:
        MOVE 11,0(17)
        MOVEM 3,0(11)
        MOVEI 5,40
        IORB 5,1(11)
        MOVE 7,-3(17)
        MOVE 4,1(7)
        DPB 4,[331100,,12(11)]
        MOVE 10,-3(17)
        MOVE 6,2(10)
        MOVE 13,0(17)
        DPB 6,[221100,,12(13)]
        MOVE 14,-3(17)
        MOVE 12,3(14)
        POP 17,1
        HRRM 12,12(1)
        MOVE 15,4(14)
        MOVEM 15,13(1)
***************

**** FILE FS:<C.KCC>CCPP.FAI.1, 1-6948 (103295) AFTER %D.UND:
        JUMPE 1,$921
        LDB 4,[331100,,12(1)]
**** FILE FS:<C.KCC>CCPP.FAI.2, 1-6954 (103429) AFTER %D.UND:
        SKIPN 7,0(17)
         JRST $921
        LDB 4,[331100,,12(7)]
***************

**** FILE FS:<C.KCC>CCPP.FAI.1, 1-6954 (103393) AFTER %D.UND:
        PUSH 17,1
**** FILE FS:<C.KCC>CCPP.FAI.2, 1-6961 (103541) AFTER %D.UND:
        PUSH 17,7
***************

**** FILE FS:<C.KCC>CCPP.FAI.1, 1-7842 (117120) AFTER %IFTES:
        MOVEM 1,-2(17)
**** FILE FS:<C.KCC>CCPP.FAI.2, 1-7849 (117268) AFTER %IFTES:
        MOVE 5,%CURTL
        MOVEM 5,-2(17)
***************

@MSRCCOM /S/K/L CCREG.FAI

;COMPARISON OF FS:<C.KCC>CCREG.FAI.1 AND FS:<C.KCC>CCREG.FAI.2
;OPTIONS ARE    /K /L /S /3

NO DIFFERENCES ENCOUNTERED
@MSRCCOM /S/K/L CCSTMT.FAI

;COMPARISON OF FS:<C.KCC>CCSTMT.FAI.1 AND FS:<C.KCC>CCSTMT.FAI.2
;OPTIONS ARE    /K /L /S /3

NO DIFFERENCES ENCOUNTERED
@MSRCCOM /S/K/L CCSYM.FAI

;COMPARISON OF FS:<C.KCC>CCSYM.FAI.1 AND FS:<C.KCC>CCSYM.FAI.2
;OPTIONS ARE    /K /L /S /3

**** FILE FS:<C.KCC>CCSYM.FAI.1, 1-829 (11983) AFTER %IDCPY:
        ILDB 6,-5(17)
        IDPB 6,-1(17)
        JUMPE 6,$82
        SOSG 4,-2(17)
         JRST $84
        ADD 6,0(17)
        ADDB 6,0(17)
**** FILE FS:<C.KCC>CCSYM.FAI.2, 1-829 (11983) AFTER %IDCPY:
        ILDB 3,-5(17)
        IDPB 3,-1(17)
        JUMPE 3,$82
        SOSG 4,-2(17)
         JRST $84
        LDB 7,-5(17)
        ADD 7,0(17)
        ADDB 7,0(17)
***************

@MSRCCOM /S/K/L CCTYPE.FAI

;COMPARISON OF FS:<C.KCC>CCTYPE.FAI.1 AND FS:<C.KCC>CCTYPE.FAI.2
;OPTIONS ARE    /K /L /S /3

NO DIFFERENCES ENCOUNTERED
@pop

[PHOTO:  Recording terminated Sat 9-Dec-89 4:32am]
