
[PHOTO:  Recording initiated  Fri 13-Apr-90 4:33pm]

 [Command]

                         Welcome To The Machine

NIC! COMP SITE.MAC+DPYDEF DPYDEF
NIC! COMP SITE.MAC+DPY DPY
NIC! COMP SITE.MAC+ANADPY ANADPY
NIC! COMPILE SITE.MAC+SYSDPY.MAC SYSDPY
MACRO:	SYSDPY
SYSDPY - PASS 2
TBVMSC+31	       PAGE 289
UP	025142'	000000000000#		ERRS:	.ERCOD			;GENERAT
E THE ERROR TABLE
TBVMSC+33	
D	025144'					RELOC ERRS+MAXERR+1	;THEN RE
LOCATE TO PROPER PLACE
.ERCOD	UNASSIGNED, DEFINED AS IF EXTERNAL

?3 ERRORS DETECTED

EXIT
NIC! LINK
*SYSDPY
*SYSDPY/SAVE/GO
?LNKUGS	1 undefined global symbol
	.ERCOD	0
NIC! pop

[PHOTO:  Recording terminated Fri 13-Apr-90 4:36pm]
