
			12-Nov-87 14:05:56

BATCON Version	5(6063)			GLXLIB Version	5(1247)

	    Job SYSIS Req #282 for MKL in Stream 1

	OUTPUT:	 Nolog				TIME-LIMIT: 4:00:00
	UNIQUE:	 Yes				BATCH-LOG:  Supersede
	RESTART: No				ASSISTANCE: Yes
	ACCOUNT: CF                             SEQUENCE:   3570

	Input from => SRC:<SYSDPY>SYSIS.CTL
	Output to  => SRC:<SYSDPY>SYSIS.LOG



14:05:57 MONTR	 SRI-NIC, TOPS-20 Monitor 6.1(7330)-4
14:05:57 MONTR	 Job 51 on TTY125 12-Nov-87  2:05pm
14:06:00 MONTR	 $
14:06:00 MONTR	[CONNECTED TO SRC:<SYSDPY>]
14:06:02 MONTR	sysdpy w3600 b/3 is
14:06:06 USER	
14:06:06 USER	
14:06:15 USER	Traffic                 Sent    Received   %TX   %RX    dTX    dRX
14:06:15 USER	
14:06:15 USER	IP                    316006      826461   100   100
14:06:15 USER	   Milnet             106631      319638    33    38
14:06:15 USER	   Arpanet            209374      447302    66    54
14:06:15 USER	
14:06:15 USER	ICMP                   13994       42069     4     5
14:06:15 USER	
14:06:15 USER	UDP                   128090      207514    40    25
14:06:15 USER	   Domain             109055      196993    34    23
14:06:15 USER	   Other               19035       10521     6     1
14:06:15 USER	
14:06:15 USER	TCP                   173922      199276    55    24
14:06:15 USER	   SMTP                41631       16764    13     2
14:06:15 USER	   FTP                  1348       35492     0     4
14:06:15 USER	   Telnet               1399       39458     0     4
14:06:15 USER	   Whois                   0       19006     0     2
14:06:15 USER	   Hostname                0       29782     0     3
14:06:15 USER	   Other              129544       58774    40     7
14:06:15 USER	---
15:06:17 USER	
15:06:17 USER	Traffic                 Sent    Received   %TX   %RX    dTX    dRX
15:06:17 USER	
15:06:17 USER	IP                    335130      877106   100   100   19124  50645
15:06:17 USER	   Milnet             112326      337565    33    38   5695   17927
15:06:17 USER	   Arpanet            222801      475750    66    54   13427  28448
15:06:17 USER	
15:06:17 USER	ICMP                   14734       45226     4     5    740   3157
15:06:17 USER	
15:06:17 USER	UDP                   135692      219403    40    25   7602   11889
15:06:17 USER	   Domain             115149      208260    34    23   6094   11267
15:06:17 USER	   Other               20543       11143     6     1   1508    622
15:06:18 USER	
15:06:18 USER	TCP                   184704      211404    55    24   10782  12128
15:06:18 USER	   SMTP                43756       17956    13     2   2125   1192
15:06:18 USER	   FTP                  1348       39728     0     4      0   4236
15:06:18 USER	   Telnet               1458       42752     0     4     59   3294
15:06:19 USER	   Whois                   0       19483     0     2      0    477
15:06:19 USER	   Hostname                0       30212     0     3      0    430
15:06:19 USER	   Other              138142       61273    41     6   8598   2499
15:06:19 USER	---
16:06:20 USER	
16:06:20 USER	Traffic                 Sent    Received   %TX   %RX    dTX    dRX
16:06:20 USER	
16:06:20 USER	IP                    354818      928941   100   100   19688  51835
16:06:20 USER	   Milnet             117146      354431    33    38   4820   16866
16:06:20 USER	   Arpanet            237667      507009    66    54   14866  31259
16:06:22 USER	
16:06:22 USER	ICMP                   15736       49456     4     5   1002   4230
16:06:22 USER	
16:06:22 USER	UDP                   144690      232716    40    25   8998   13313
16:06:22 USER	   Domain             122740      220897    34    23   7591   12637
16:06:22 USER	   Other               21950       11819     6     1   1407    676
16:06:22 USER	
16:06:22 USER	TCP                   194392      222222    54    23   9688   10818
16:06:22 USER	   SMTP                47307       19204    13     2   3551   1248
16:06:22 USER	   FTP                  1348       40466     0     4      0    738
16:06:22 USER	   Telnet               1458       45569     0     4      0   2817
16:06:22 USER	   Whois                   0       20091     0     2      0    608
16:06:22 USER	   Hostname                0       31279     0     3      0   1067
16:06:22 USER	   Other              144279       65613    40     7   6137   4340
16:06:22 USER	---
17:06:22 USER	
17:06:22 USER	Traffic                 Sent    Received   %TX   %RX    dTX    dRX
17:06:22 USER	
17:06:22 USER	IP                    372504      969541   100   100   17686  40600
17:06:22 USER	   Milnet             119654      362841    32    37   2508   8410
17:06:22 USER	   Arpanet            252850      538223    67    55   15183  31214
17:06:22 USER	
17:06:22 USER	ICMP                   16530       51764     4     5    794   2308
17:06:22 USER	
17:06:22 USER	UDP                   150591      242087    40    24   5901   9371
17:06:22 USER	   Domain             127514      229586    34    23   4774   8689
17:06:22 USER	   Other               23077       12501     6     1   1127    682
17:06:23 USER	
17:06:23 USER	TCP                   205383      232381    55    23   10991  10159
17:06:23 USER	   SMTP                50116       20019    13     2   2809    815
17:06:23 USER	   FTP                  1385       42726     0     4     37   2260
17:06:23 USER	   Telnet               1987       47560     0     4    529   1991
17:06:23 USER	   Whois                   0       20674     0     2      0    583
17:06:23 USER	   Hostname                0       32421     0     3      0   1142
17:06:23 USER	   Other              151895       68981    40     7   7616   3368
17:06:23 USER	---
18:06:23 USER	
18:06:23 USER	Traffic                 Sent    Received   %TX   %RX    dTX    dRX
18:06:23 USER	
18:06:23 USER	IP                    386504     1007444   100   100   14000  37903
18:06:23 USER	   Milnet             122907      371663    31    36   3253   8822
18:06:23 USER	   Arpanet            263595      563958    68    55   10745  25735
18:06:23 USER	
18:06:23 USER	ICMP                   17211       53704     4     5    681   1940
18:06:23 USER	
18:06:23 USER	UDP                   155355      250125    40    24   4764   8038
18:06:23 USER	   Domain             131215      236911    33    23   3701   7325
18:06:23 USER	   Other               24140       13214     6     1   1063    713
18:06:23 USER	
18:06:23 USER	TCP                   213938      242868    55    24   8555   10487
18:06:23 USER	   SMTP                54791       21583    14     2   4675   1564
18:06:23 USER	   FTP                  1385       43636     0     4      0    910
18:06:23 USER	   Telnet               2113       49688     0     4    126   2128
18:06:23 USER	   Whois                   0       20958     0     2      0    284
18:06:23 USER	   Hostname                0       32639     0     3      0    218
18:06:23 USER	   Other              155649       74364    40     7   3754   5383
18:06:23 USER	---
19:06:23 USER	
19:06:23 USER	Traffic                 Sent    Received   %TX   %RX    dTX    dRX
19:06:23 USER	
19:06:23 USER	IP                    401796     1044453   100   100   15292  37009
19:06:23 USER	   Milnet             127982      386486    31    37   5075   14823
19:06:23 USER	   Arpanet            273814      584730    68    55   10219  20772
19:06:23 USER	
19:06:23 USER	ICMP                   17917       55802     4     5    706   2098
19:06:23 USER	
19:06:23 USER	UDP                   159867      258174    39    24   4512   8049
19:06:23 USER	   Domain             134644      244283    33    23   3429   7372
19:06:23 USER	   Other               25223       13891     6     1   1083    677
19:06:23 USER	
19:06:23 USER	TCP                   224012      252894    55    24   10074  10026
19:06:23 USER	   SMTP                56675       22202    14     2   1884    619
19:06:23 USER	   FTP                  1385       48248     0     4      0   4612
19:06:23 USER	   Telnet               2113       50999     0     4      0   1311
19:06:23 USER	   Whois                   0       21163     0     2      0    205
19:06:23 USER	   Hostname                0       34123     0     3      0   1484
19:06:23 USER	   Other              163839       76159    40     7   8190   1795
19:06:24 USER	---
20:06:24 USER	
20:06:24 USER	Traffic                 Sent    Received   %TX   %RX    dTX    dRX
20:06:24 USER	
20:06:24 USER	IP                    413552     1076027   100   100   11756  31574
20:06:24 USER	   Milnet             132211      398603    31    37   4229   12117
20:06:24 USER	   Arpanet            281341      601652    68    55   7527   16922
20:06:24 USER	
20:06:24 USER	ICMP                   18621       57838     4     5    704   2036
20:06:24 USER	
20:06:24 USER	UDP                   163368      265146    39    24   3501   6972
20:06:24 USER	   Domain             137060      250566    33    23   2416   6283
20:06:24 USER	   Other               26308       14580     6     1   1085    689
20:06:24 USER	
20:06:24 USER	TCP                   231563      261044    55    24   7551   8150
20:06:24 USER	   SMTP                58975       22822    14     2   2300    620
20:06:24 USER	   FTP                  1385       49184     0     4      0    936
20:06:24 USER	   Telnet               2113       54717     0     5      0   3718
20:06:24 USER	   Whois                   0       21414     0     1      0    251
20:06:24 USER	   Hostname                0       34147     0     3      0     24
20:06:24 USER	   Other              169090       78760    40     7   5251   2601
20:06:24 USER	---
21:06:24 USER	
21:06:24 USER	Traffic                 Sent    Received   %TX   %RX    dTX    dRX
21:06:24 USER	
21:06:24 USER	IP                    426706     1111482   100   100   13154  35455
21:06:24 USER	   Milnet             138223      414629    32    37   6012   16026
21:06:24 USER	   Arpanet            288483      617705    67    55   7142   16053
21:06:24 USER	
21:06:24 USER	ICMP                   19300       59945     4     5    679   2107
21:06:24 USER	
21:06:24 USER	UDP                   167160      272549    39    24   3792   7403
21:06:24 USER	   Domain             139680      257242    32    23   2620   6676
21:06:24 USER	   Other               27480       15307     6     1   1172    727
21:06:24 USER	
21:06:24 USER	TCP                   240246      270315    56    24   8683   9271
21:06:24 USER	   SMTP                61670       24146    14     2   2695   1324
21:06:24 USER	   FTP                  1513       50864     0     4    128   1680
21:06:24 USER	   Telnet               2113       57803     0     5      0   3086
21:06:24 USER	   Whois                   0       21621     0     1      0    207
21:06:24 USER	   Hostname                0       34147     0     3      0      0
21:06:24 USER	   Other              174950       81734    41     7   5860   2974
21:06:24 USER	---
22:06:24 USER	
22:06:24 USER	Traffic                 Sent    Received   %TX   %RX    dTX    dRX
22:06:24 USER	
22:06:24 USER	IP                    436220     1136168   100   100   9514   24686
22:06:24 USER	   Milnet             139682      419127    32    36   1459   4498
22:06:24 USER	   Arpanet            296534      635897    67    55   8051   18192
22:06:24 USER	
22:06:24 USER	ICMP                   19988       61671     4     5    688   1726
22:06:24 USER	
22:06:24 USER	UDP                   170729      278928    39    24   3569   6379
22:06:24 USER	   Domain             142314      262937    32    23   2634   5695
22:06:25 USER	   Other               28415       15991     6     1    935    684
22:06:25 USER	
22:06:25 USER	TCP                   245503      275325    56    24   5257   5010
22:06:25 USER	   SMTP                63527       24411    14     2   1857    265
22:06:25 USER	   FTP                  1588       51205     0     4     75    341
22:06:25 USER	   Telnet               2113       58403     0     5      0    600
22:06:25 USER	   Whois                   0       21952     0     1      0    331
22:06:25 USER	   Hostname                0       35489     0     3      0   1342
22:06:25 USER	   Other              178275       83865    40     7   3325   2131
22:06:25 USER	---
23:06:25 USER	
23:06:25 USER	Traffic                 Sent    Received   %TX   %RX    dTX    dRX
23:06:25 USER	
23:06:25 USER	IP                    452708     1173018   100   100   16488  36850
23:06:25 USER	   Milnet             141258      424886    31    36   1576   5759
23:06:25 USER	   Arpanet            311450      666604    68    56   14916  30707
23:06:25 USER	
23:06:25 USER	ICMP                   20667       63678     4     5    679   2007
23:06:25 USER	
23:06:25 USER	UDP                   174693      285904    38    24   3964   6976
23:06:25 USER	   Domain             145008      269273    32    22   2694   6336
23:06:25 USER	   Other               29685       16631     6     1   1270    640
23:06:25 USER	
23:06:25 USER	TCP                   257348      286225    56    24   11845  10900
23:06:25 USER	   SMTP                65762       25046    14     2   2235    635
23:06:25 USER	   FTP                  1664       53311     0     4     76   2106
23:06:25 USER	   Telnet               2113       58892     0     5      0    489
23:06:25 USER	   Whois                   0       22150     0     1      0    198
23:06:25 USER	   Hostname                0       40560     0     3      0   5071
23:06:25 USER	   Other              187809       86266    41     7   9534   2401
23:06:26 USER	---
 0:06:25 USER	
 0:06:25 USER	Traffic                 Sent    Received   %TX   %RX    dTX    dRX
 0:06:25 USER	
 0:06:25 USER	IP                    462635     1199714   100   100   9927   26696
 0:06:25 USER	   Milnet             143057      430080    30    35   1799   5194
 0:06:25 USER	   Arpanet            319578      685612    69    57   8128   19008
 0:06:25 USER	
 0:06:25 USER	ICMP                   21346       65351     4     5    679   1673
 0:06:25 USER	
 0:06:25 USER	UDP                   178259      292436    38    24   3566   6532
 0:06:25 USER	   Domain             147601      275117    31    22   2593   5844
 0:06:25 USER	   Other               30658       17319     6     1    973    688
 0:06:25 USER	
 0:06:25 USER	TCP                   263030      292218    56    24   5682   5993
 0:06:25 USER	   SMTP                68657       25174    14     2   2895    128
 0:06:25 USER	   FTP                  1740       54901     0     4     76   1590
 0:06:25 USER	   Telnet               2113       59563     0     4      0    671
 0:06:25 USER	   Whois                   0       22432     0     1      0    282
 0:06:25 USER	   Hostname                0       40601     0     3      0     41
 0:06:25 USER	   Other              190520       89547    41     7   2711   3281
 0:06:25 USER	---
 1:06:25 USER	
 1:06:25 USER	Traffic                 Sent    Received   %TX   %RX    dTX    dRX
 1:06:25 USER	
 1:06:25 USER	IP                    474802     1228544   100   100   12167  28830
 1:06:25 USER	   Milnet             145118      437327    30    35   2061   7247
 1:06:25 USER	   Arpanet            329684      706044    69    57   10106  20432
 1:06:25 USER	
 1:06:25 USER	ICMP                   22026       67018     4     5    680   1667
 1:06:25 USER	
 1:06:25 USER	UDP                   182018      299464    38    24   3759   7028
 1:06:25 USER	   Domain             150334      281429    31    22   2733   6312
 1:06:25 USER	   Other               31684       18035     6     1   1026    716
 1:06:25 USER	
 1:06:25 USER	TCP                   270758      298932    57    24   7728   6714
 1:06:25 USER	   SMTP                70545       25405    14     2   1888    231
 1:06:25 USER	   FTP                  1849       56954     0     4    109   2053
 1:06:26 USER	   Telnet               2808       59565     0     4    695      2
 1:06:26 USER	   Whois                   0       22629     0     1      0    197
 1:06:26 USER	   Hostname                0       42097     0     3      0   1496
 1:06:26 USER	   Other              195556       92282    41     7   5036   2735
 1:06:26 USER	---
 2:06:26 USER	
 2:06:26 USER	Traffic                 Sent    Received   %TX   %RX    dTX    dRX
 2:06:26 USER	
 2:06:26 USER	IP                    484881     1259339   100   100   10079  30795
 2:06:26 USER	   Milnet             148658      448833    30    35   3540   11506
 2:06:26 USER	   Arpanet            336223      721755    69    57   6539   15711
 2:06:26 USER	
 2:06:26 USER	ICMP                   22712       68745     4     5    686   1727
 2:06:26 USER	
 2:06:26 USER	UDP                   185240      305554    38    24   3222   6090
 2:06:26 USER	   Domain             152535      286804    31    22   2201   5375
 2:06:26 USER	   Other               32705       18750     6     1   1021    715
 2:06:26 USER	
 2:06:26 USER	TCP                   276929      308163    57    24   6171   9231
 2:06:26 USER	   SMTP                72822       25850    15     2   2277    445
 2:06:26 USER	   FTP                  1927       57370     0     4     78    416
 2:06:26 USER	   Telnet               2808       60730     0     4      0   1165
 2:06:26 USER	   Whois                   0       22687     0     1      0     58
 2:06:26 USER	   Hostname                0       46587     0     3      0   4490
 2:06:26 USER	   Other              199372       94939    41     7   3816   2657
 2:06:26 USER	---
 3:06:26 USER	
 3:06:26 USER	Traffic                 Sent    Received   %TX   %RX    dTX    dRX
 3:06:26 USER	
 3:06:26 USER	IP                    492953     1280390   100   100   8072   21051
 3:06:26 USER	   Milnet             150124      452932    30    35   1466   4099
 3:06:26 USER	   Arpanet            342829      736824    69    57   6606   15069
 3:06:27 USER	
 3:06:27 USER	ICMP                   23391       70246     4     5    679   1501
 3:06:27 USER	
 3:06:27 USER	UDP                   188346      310828    38    24   3106   5274
 3:06:27 USER	   Domain             154688      291359    31    22   2153   4555
 3:06:27 USER	   Other               33658       19469     6     1    953    719
 3:06:27 USER	
 3:06:27 USER	TCP                   281216      312430    57    24   4287   4267
 3:06:27 USER	   SMTP                75585       26242    15     2   2763    392
 3:06:27 USER	   FTP                  2006       57372     0     4     79      2
 3:06:27 USER	   Telnet               2808       61381     0     4      0    651
 3:06:27 USER	   Whois                   0       22720     0     1      0     33
 3:06:27 USER	   Hostname                0       46799     0     3      0    212
 3:06:27 USER	   Other              200817       97916    40     7   1445   2977
 3:06:27 USER	---
 4:06:27 USER	
 4:06:27 USER	Traffic                 Sent    Received   %TX   %RX    dTX    dRX
 4:06:27 USER	
 4:06:27 USER	IP                    502725     1308780   100   100   9772   28390
 4:06:27 USER	   Milnet             153794      464800    30    35   3670   11868
 4:06:27 USER	   Arpanet            348931      749955    69    57   6102   13131
 4:06:27 USER	
 4:06:27 USER	ICMP                   24070       72607     4     5    679   2361
 4:06:27 USER	
 4:06:27 USER	UDP                   192054      317597    38    24   3708   6769
 4:06:27 USER	   Domain             157383      297401    31    22   2695   6042
 4:06:27 USER	   Other               34671       20196     6     1   1013    727
 4:06:27 USER	
 4:06:27 USER	TCP                   286601      318405    57    24   5385   5975
 4:06:27 USER	   SMTP                78143       26773    15     2   2558    531
 4:06:27 USER	   FTP                  2080       57928     0     4     74    556
 4:06:28 USER	   Telnet               2808       62549     0     4      0   1168
 4:06:28 USER	   Whois                   0       22816     0     1      0     96
 4:06:28 USER	   Hostname                0       47306     0     3      0    507
 4:06:28 USER	   Other              203570      101033    40     7   2753   3117
 4:06:28 USER	---
 5:06:28 USER	
 5:06:28 USER	Traffic                 Sent    Received   %TX   %RX    dTX    dRX
 5:06:28 USER	
 5:06:28 USER	IP                    515357     1341669   100   100   12632  32889
 5:06:28 USER	   Milnet             156924      475517    30    35   3130   10717
 5:06:28 USER	   Arpanet            358432      769314    69    57   9501   19359
 5:06:28 USER	
 5:06:28 USER	ICMP                   24753       75079     4     5    683   2472
 5:06:28 USER	
 5:06:28 USER	UDP                   196016      324414    38    24   3962   6817
 5:06:28 USER	   Domain             160285      303490    31    22   2902   6089
 5:06:28 USER	   Other               35731       20924     6     1   1060    728
 5:06:28 USER	
 5:06:28 USER	TCP                   294588      326433    57    24   7987   8028
 5:06:28 USER	   SMTP                81049       27539    15     2   2906    766
 5:06:28 USER	   FTP                  2157       60502     0     4     77   2574
 5:06:29 USER	   Telnet               2808       63843     0     4      0   1294
 5:06:29 USER	   Whois                   0       22940     0     1      0    124
 5:06:29 USER	   Hostname                0       47327     0     3      0     21
 5:06:29 USER	   Other              208574      104282    40     7   5004   3249
 5:06:29 USER	---
 6:06:29 USER	
 6:06:29 USER	Traffic                 Sent    Received   %TX   %RX    dTX    dRX
 6:06:29 USER	
 6:06:29 USER	IP                    525500     1368870   100   100   10143  27201
 6:06:29 USER	   Milnet             159866      484419    30    35   2942   8902
 6:06:29 USER	   Arpanet            365634      784821    69    57   7202   15507
 6:06:29 USER	
 6:06:29 USER	ICMP                   25439       77149     4     5    686   2070
 6:06:29 USER	
 6:06:29 USER	UDP                   200061      330806    38    24   4045   6392
 6:06:29 USER	   Domain             163365      309147    31    22   3080   5657
 6:06:29 USER	   Other               36696       21659     6     1    965    735
 6:06:29 USER	
 6:06:29 USER	TCP                   300000      332157    57    24   5412   5724
 6:06:30 USER	   SMTP                83001       28123    15     2   1952    584
 6:06:30 USER	   FTP                  2235       61349     0     4     78    847
 6:06:30 USER	   Telnet               2808       65069     0     4      0   1226
 6:06:30 USER	   Whois                   0       23399     0     1      0    459
 6:06:30 USER	   Hostname                0       47343     0     3      0     16
 6:06:30 USER	   Other              211956      106874    40     7   3382   2592
 6:06:30 USER	---
 7:06:30 USER	
 7:06:30 USER	Traffic                 Sent    Received   %TX   %RX    dTX    dRX
 7:06:30 USER	
 7:06:30 USER	IP                    542511     1412821   100   100   17011  43951
 7:06:30 USER	   Milnet             164722      498196    30    35   4856   13777
 7:06:30 USER	   Arpanet            377789      811607    69    57   12155  26786
 7:06:30 USER	
 7:06:30 USER	ICMP                   26123       79696     4     5    684   2547
 7:06:30 USER	
 7:06:30 USER	UDP                   205428      338703    37    23   5367   7897
 7:06:30 USER	   Domain             167736      316354    30    22   4371   7207
 7:06:30 USER	   Other               37692       22349     6     1    996    690
 7:06:30 USER	
 7:06:30 USER	TCP                   310960      345247    57    24   10960  13090
 7:06:30 USER	   SMTP                87106       28634    16     2   4105    511
 7:06:30 USER	   FTP                  2308       66529     0     4     73   5180
 7:06:30 USER	   Telnet               2808       66985     0     4      0   1916
 7:06:30 USER	   Whois                   0       23961     0     1      0    562
 7:06:30 USER	   Hostname                0       47962     0     3      0    619
 7:06:30 USER	   Other              218738      111176    40     7   6782   4302
 7:06:30 USER	---
 8:06:30 USER	
 8:06:30 USER	Traffic                 Sent    Received   %TX   %RX    dTX    dRX
 8:06:30 USER	
 8:06:30 USER	IP                    555479     1444635   100   100   12968  31814
 8:06:30 USER	   Milnet             167948      505014    30    34   3226   6818
 8:06:30 USER	   Arpanet            387531      834666    69    57   9742   23059
 8:06:30 USER	
 8:06:30 USER	ICMP                   26806       81994     4     5    683   2298
 8:06:30 USER	
 8:06:30 USER	UDP                   211098      346599    38    23   5670   7896
 8:06:30 USER	   Domain             172474      323532    31    22   4738   7178
 8:06:30 USER	   Other               38624       23067     6     1    932    718
 8:06:31 USER	
 8:06:31 USER	TCP                   317575      351948    57    24   6615   6701
 8:06:31 USER	   SMTP                89245       29160    16     2   2139    526
 8:06:31 USER	   FTP                  2335       68408     0     4     27   1879
 8:06:31 USER	   Telnet               2826       68249     0     4     18   1264
 8:06:31 USER	   Whois                   0       24457     0     1      0    496
 8:06:31 USER	   Hostname                0       47970     0     3      0      8
 8:06:31 USER	   Other              223169      113704    40     7   4431   2528
 8:06:31 USER	---
 9:06:30 USER	
 9:06:30 USER	Traffic                 Sent    Received   %TX   %RX    dTX    dRX
 9:06:30 USER	
 9:06:30 USER	IP                    573426     1488177   100   100   17947  43542
 9:06:30 USER	   Milnet             171774      513609    29    34   3826   8595
 9:06:30 USER	   Arpanet            401577      867325    70    58   14046  32659
 9:06:31 USER	
 9:06:31 USER	ICMP                   27518       85328     4     5    712   3334
 9:06:31 USER	
 9:06:31 USER	UDP                   221954      360340    38    24   10856  13741
 9:06:31 USER	   Domain             182349      336796    31    22   9875   13264
 9:06:31 USER	   Other               39605       23544     6     1    981    477
 9:06:31 USER	
 9:06:31 USER	TCP                   323954      358252    56    24   6379   6304
 9:06:31 USER	   SMTP                90932       29539    15     1   1687    379
 9:06:31 USER	   FTP                  2335       69999     0     4      0   1591
 9:06:31 USER	   Telnet               2965       70024     0     4    139   1775
 9:06:31 USER	   Whois                   0       24813     0     1      0    356
 9:06:31 USER	   Hostname                0       47979     0     3      0      9
 9:06:31 USER	   Other              227722      115898    39     7   4553   2194
 9:06:31 USER	---
10:06:31 USER	
10:06:31 USER	Traffic                 Sent    Received   %TX   %RX    dTX    dRX
10:06:31 USER	
10:06:31 USER	IP                    594902     1538883   100   100   21476  50706
10:06:31 USER	   Milnet             176664      527820    29    34   4890   14211
10:06:31 USER	   Arpanet            417988      902853    70    58   16411  35528
10:06:31 USER	
10:06:31 USER	ICMP                   29054       89283     4     5   1536   3955
10:06:31 USER	
10:06:31 USER	UDP                   235008      377325    39    24   13054  16985
10:06:31 USER	   Domain             194316      353358    32    22   11967  16562
10:06:31 USER	   Other               40692       23967     6     1   1087    423
10:06:31 USER	
10:06:31 USER	TCP                   330840      365737    55    23   6886   7485
10:06:31 USER	   SMTP                92090       30967    15     2   1158   1428
10:06:31 USER	   FTP                  2395       70393     0     4     60    394
10:06:31 USER	   Telnet               3179       72232     0     4    214   2208
10:06:31 USER	   Whois                   0       26281     0     1      0   1468
10:06:31 USER	   Hostname                0       48542     0     3      0    563
10:06:31 USER	   Other              233176      117322    39     7   5454   1424
10:06:32 USER	---
11:06:31 USER	
11:06:31 USER	Traffic                 Sent    Received   %TX   %RX    dTX    dRX
11:06:31 USER	
11:06:31 USER	IP                    618280     1596116   100   100   23378  57233
11:06:31 USER	   Milnet             183308      547884    29    34   6644   20064
11:06:31 USER	   Arpanet            434972      937599    70    58   16984  34746
11:06:31 USER	
11:06:31 USER	ICMP                   30216       93556     4     5   1162   4273
11:06:31 USER	
11:06:31 USER	UDP                   249335      395904    40    24   14327  18579
11:06:31 USER	   Domain             207357      371428    33    23   13041  18070
11:06:31 USER	   Other               41978       24476     6     1   1286    509
11:06:31 USER	
11:06:31 USER	TCP                   338729      374059    54    23   7889   8322
11:06:31 USER	   SMTP                93518       31743    15     1   1428    776
11:06:31 USER	   FTP                  2439       70637     0     4     44    244
11:06:32 USER	   Telnet               3185       75696     0     4      6   3464
11:06:32 USER	   Whois                   0       27435     0     1      0   1154
11:06:32 USER	   Hostname                0       49463     0     3      0    921
11:06:32 USER	   Other              239587      119085    38     7   6411   1763
11:06:32 USER	---
12:06:36 USER	
12:06:36 USER	Traffic                 Sent    Received   %TX   %RX    dTX    dRX
12:06:36 USER	
12:06:36 USER	IP                    654196     1679806   100   100   35916  83690
12:06:36 USER	   Milnet             200331      594228    30    35   17023  46344
12:06:36 USER	   Arpanet            453865      977431    69    58   18893  39832
12:06:37 USER	
12:06:37 USER	ICMP                   32637       97505     4     5   2421   3949
12:06:37 USER	
12:06:37 USER	UDP                   256283      408256    39    24   6948   12352
12:06:37 USER	   Domain             213080      383005    32    22   5723   11577
12:06:37 USER	   Other               43203       25251     6     1   1225    775
12:06:37 USER	
12:06:37 USER	TCP                   365276      407872    55    24   26547  33813
12:06:37 USER	   SMTP                96925       36598    14     2   3407   4855
12:06:37 USER	   FTP                  2439       77949     0     4      0   7312
12:06:37 USER	   Telnet               3292       82098     0     4    107   6402
12:06:41 USER	   Whois                   0       31638     0     1      0   4203
12:06:41 USER	   Hostname                0       56242     0     3      0   6779
12:06:41 USER	   Other              262620      123347    40     7   23033  4262
12:06:41 USER	---
13:06:41 USER	
13:06:41 USER	Traffic                 Sent    Received   %TX   %RX    dTX    dRX
13:06:41 USER	
13:06:41 USER	IP                    689110     1753584   100   100   34914  73778
13:06:41 USER	   Milnet             215629      634623    31    36   15298  40395
13:06:41 USER	   Arpanet            473481     1015215    68    57   19616  37784
13:06:41 USER	
13:06:41 USER	ICMP                   33707      101300     4     5   1070   3795
13:06:41 USER	
13:06:41 USER	UDP                   263247      419621    38    23   6964   11365
13:06:41 USER	   Domain             218810      393703    31    22   5730   10698
13:06:41 USER	   Other               44437       25918     6     1   1234    667
13:06:42 USER	
13:06:42 USER	TCP                   392156      435945    56    24   26880  28073
13:06:42 USER	   SMTP                99607       39738    14     2   2682   3140
13:06:42 USER	   FTP                  2439       83096     0     4      0   5147
13:06:43 USER	   Telnet               3292       87787     0     5      0   5689
13:06:43 USER	   Whois                   0       38546     0     2      0   6908
13:06:43 USER	   Hostname                0       57955     0     3      0   1713
13:06:43 USER	   Other              286818      128823    41     7   24198  5476
13:06:43 USER	---
14:06:43 USER	
14:06:43 USER	Traffic                 Sent    Received   %TX   %RX    dTX    dRX
14:06:43 USER	
14:06:43 USER	IP                    718024     1817779   100   100   28914  64195
14:06:43 USER	   Milnet             226146      663446    31    36   10517  28823
14:06:43 USER	   Arpanet            491878     1052406    68    57   18397  37191
14:06:43 USER	
14:06:43 USER	ICMP                   34690      104011     4     5    983   2711
14:06:43 USER	
14:06:43 USER	UDP                   270028      430625    37    23   6781   11004
14:06:43 USER	   Domain             224373      403994    31    22   5563   10291
14:06:43 USER	   Other               45655       26631     6     1   1218    713
14:06:43 USER	
14:06:43 USER	TCP                   413306      459319    57    25   21150  23374
14:06:43 USER	   SMTP               102961       41023    14     2   3354   1285
14:06:43 USER	   FTP                  2439       89777     0     4      0   6681
14:06:43 USER	   Telnet               3854       91861     0     5    562   4074
14:06:43 USER	   Whois                   0       39792     0     2      0   1246
14:06:44 USER	   Hostname                0       59935     0     3      0   1980
14:06:44 USER	   Other              304052      136931    42     7   17234  8108
14:06:44 USER	---
15:06:43 USER	
15:06:43 USER	Traffic                 Sent    Received   %TX   %RX    dTX    dRX
15:06:43 USER	
15:06:43 USER	IP                    740317     1872588   100   100   22293  54809
15:06:43 USER	   Milnet             233586      684924    31    36   7440   21478
15:06:43 USER	   Arpanet            506731     1083051    68    57   14853  30645
15:06:43 USER	
15:06:43 USER	ICMP                   35538      106855     4     5    848   2844
15:06:43 USER	
15:06:43 USER	UDP                   278142      442741    37    23   8114   12116
15:06:43 USER	   Domain             231218      415449    31    22   6845   11455
15:06:43 USER	   Other               46924       27292     6     1   1269    661
15:06:43 USER	
15:06:43 USER	TCP                   426637      474161    57    25   13331  14842
15:06:43 USER	   SMTP               106439       42190    14     2   3478   1167
15:06:43 USER	   FTP                  2756       94170     0     5    317   4393
15:06:43 USER	   Telnet               4007       95828     0     5    153   3967
15:06:43 USER	   Whois                   0       40873     0     2      0   1081
15:06:43 USER	   Hostname                0       59947     0     3      0     12
15:06:43 USER	   Other              313435      141153    42     7   9383   4222
15:06:44 USER	---
16:06:43 USER	
16:06:43 USER	Traffic                 Sent    Received   %TX   %RX    dTX    dRX
16:06:43 USER	
16:06:43 USER	IP                    766165     1940240   100   100   25848  67652
16:06:43 USER	   Milnet             241415      709645    31    36   7829   24721
16:06:43 USER	   Arpanet            524738     1122451    68    57   18007  39400
16:06:43 USER	
16:06:43 USER	ICMP                   36303      109328     4     5    765   2473
16:06:43 USER	
16:06:43 USER	UDP                   285337      453760    37    23   7195   11019
16:06:43 USER	   Domain             237268      425777    30    21   6050   10328
16:06:43 USER	   Other               48069       27983     6     1   1145    691
16:06:44 USER	
16:06:44 USER	TCP                   444525      498959    58    25   17888  24798
16:06:44 USER	   SMTP               109024       47024    14     2   2585   4834
16:06:44 USER	   FTP                  4173      104738     0     5   1417   10568
16:06:44 USER	   Telnet               4485       97381     0     5    478   1553
16:06:44 USER	   Whois                   0       41402     0     2      0    529
16:06:44 USER	   Hostname                0       62663     0     3      0   2716
16:06:44 USER	   Other              326843      145751    42     7   13408  4598
16:06:44 USER	---
17:06:45 USER	
17:06:45 USER	Traffic                 Sent    Received   %TX   %RX    dTX    dRX
17:06:45 USER	
17:06:45 USER	IP                    787968     1991689   100   100   21803  51449
17:06:45 USER	   Milnet             245536      725650    31    36   4121   16005
17:06:45 USER	   Arpanet            542425     1156201    68    58   17687  33750
17:06:45 USER	
17:06:45 USER	ICMP                   37000      111872     4     5    697   2544
17:06:45 USER	
17:06:45 USER	UDP                   292304      464822    37    23   6967   11062
17:06:45 USER	   Domain             243156      436229    30    21   5888   10452
17:06:45 USER	   Other               49148       28593     6     1   1079    610
17:06:45 USER	
17:06:45 USER	TCP                   458664      513280    58    25   14139  14321
17:06:45 USER	   SMTP               112202       47433    14     2   3178    409
17:06:45 USER	   FTP                  5016      109638     0     5    843   4900
17:06:45 USER	   Telnet               5170       98096     0     4    685    715
17:06:45 USER	   Whois                   0       41728     0     2      0    326
17:06:45 USER	   Hostname                0       65814     0     3      0   3151
17:06:45 USER	   Other              336276      150571    42     7   9433   4820
17:06:45 USER	---
18:06:45 USER	
18:06:45 USER	Traffic                 Sent    Received   %TX   %RX    dTX    dRX
18:06:45 USER	
18:06:45 USER	IP                    809285     2052482   100   100   21317  60793
18:06:45 USER	   Milnet             253866      754399    31    36   8330   28749
18:06:45 USER	   Arpanet            555403     1182253    68    57   12978  26052
18:06:45 USER	
18:06:45 USER	ICMP                   37702      114188     4     5    702   2316
18:06:45 USER	
18:06:45 USER	UDP                   298244      475101    36    23   5940   10279
18:06:45 USER	   Domain             247995      445749    30    21   4839   9520
18:06:45 USER	   Other               50249       29352     6     1   1101    759
18:06:45 USER	
18:06:45 USER	TCP                   473339      534143    58    26   14675  20863
18:06:45 USER	   SMTP               115229       49928    14     2   3027   2495
18:06:45 USER	   FTP                  5870      117882     0     5    854   8244
18:06:46 USER	   Telnet               5623      100753     0     4    453   2657
18:06:46 USER	   Whois                   0       42239     0     2      0    511
18:06:46 USER	   Hostname                0       68391     0     3      0   2577
18:06:46 USER	   Other              346617      154950    42     7   10341  4379
18:06:46 USER	---
19:06:46 USER	
19:06:46 USER	Traffic                 Sent    Received   %TX   %RX    dTX    dRX
19:06:46 USER	
19:06:46 USER	IP                    831273     2107656   100   100   21988  55174
19:06:46 USER	   Milnet             263297      781717    31    37   9431   27318
19:06:46 USER	   Arpanet            567976     1207782    68    57   12573  25529
19:06:46 USER	
19:06:46 USER	ICMP                   38407      116409     4     5    705   2221
19:06:46 USER	
19:06:46 USER	UDP                   304016      485180    36    23   5772   10079
19:06:46 USER	   Domain             252689      455150    30    21   4694   9401
19:06:46 USER	   Other               51327       30030     6     1   1078    678
19:06:46 USER	
19:06:46 USER	TCP                   488850      552659    58    26   15511  18516
19:06:46 USER	   SMTP               119193       52202    14     2   3964   2274
19:06:46 USER	   FTP                  5870      121830     0     5      0   3948
19:06:46 USER	   Telnet               5830      105767     0     5    207   5014
19:06:47 USER	   Whois                   0       42454     0     2      0    215
19:06:47 USER	   Hostname                0       71272     0     3      0   2881
19:06:47 USER	   Other              357957      159134    43     7   11340  4184
19:06:47 USER	---
20:06:47 USER	
20:06:47 USER	Traffic                 Sent    Received   %TX   %RX    dTX    dRX
20:06:47 USER	
20:06:47 USER	IP                    851693     2157978   100   100   20420  50322
20:06:47 USER	   Milnet             269362      800882    31    37   6065   19165
20:06:47 USER	   Arpanet            582324     1237508    68    57   14348  29726
20:06:47 USER	
20:06:47 USER	ICMP                   39192      118972     4     5    785   2563
20:06:47 USER	
20:06:47 USER	UDP                   311596      497041    36    23   7580   11861
20:06:47 USER	   Domain             259337      466411    30    21   6648   11261
20:06:47 USER	   Other               52259       30630     6     1    932    600
20:06:47 USER	
20:06:47 USER	TCP                   500905      566717    58    26   12055  14058
20:06:47 USER	   SMTP               121629       52556    14     2   2436    354
20:06:47 USER	   FTP                  5870      124060     0     5      0   2230
20:06:47 USER	   Telnet               5830      109266     0     5      0   3499
20:06:47 USER	   Whois                   0       42696     0     1      0    242
20:06:47 USER	   Hostname                0       76148     0     3      0   4876
20:06:47 USER	   Other              367576      161991    43     7   9619   2857
20:06:48 USER	---
21:06:47 USER	
21:06:47 USER	Traffic                 Sent    Received   %TX   %RX    dTX    dRX
21:06:47 USER	
21:06:47 USER	IP                    874415     2211664   100   100   22722  53686
21:06:47 USER	   Milnet             279943      828541    32    37   10581  27659
21:06:47 USER	   Arpanet            594472     1262426    67    57   12148  24918
21:06:47 USER	
21:06:47 USER	ICMP                   39921      121080     4     5    729   2108
21:06:47 USER	
21:06:47 USER	UDP                   316763      506558    36    22   5167   9517
21:06:47 USER	   Domain             263540      475246    30    21   4203   8835
21:06:47 USER	   Other               53223       31312     6     1    964    682
21:06:48 USER	
21:06:48 USER	TCP                   517731      584902    59    26   16826  18185
21:06:48 USER	   SMTP               124784       52875    14     2   3155    319
21:06:48 USER	   FTP                  5870      131832     0     5      0   7772
21:06:48 USER	   Telnet               5984      113012     0     5    154   3746
21:06:48 USER	   Whois                   0       42982     0     1      0    286
21:06:48 USER	   Hostname                0       78803     0     3      0   2655
21:06:48 USER	   Other              381093      165398    43     7   13517  3407
21:06:48 USER	---
22:06:48 USER	
22:06:48 USER	Traffic                 Sent    Received   %TX   %RX    dTX    dRX
22:06:48 USER	
22:06:48 USER	IP                    892437     2261110   100   100   18022  49446
22:06:48 USER	   Milnet             286975      851764    32    37   7032   23223
22:06:48 USER	   Arpanet            605453     1285357    67    56   10981  22931
22:06:48 USER	
22:06:48 USER	ICMP                   40647      122947     4     5    726   1867
22:06:48 USER	
22:06:48 USER	UDP                   320958      515142    35    22   4195   8584
22:06:48 USER	   Domain             266837      483131    29    21   3297   7885
22:06:48 USER	   Other               54121       32011     6     1    898    699
22:06:48 USER	
22:06:48 USER	TCP                   530832      602587    59    26   13101  17685
22:06:48 USER	   SMTP               128143       53849    14     2   3359    974
22:06:48 USER	   FTP                  5991      133196     0     5    121   1364
22:06:48 USER	   Telnet               5984      114296     0     5      0   1284
22:06:48 USER	   Whois                   0       43162     0     1      0    180
22:06:48 USER	   Hostname                0       88557     0     3      0   9754
22:06:48 USER	   Other              390714      169527    43     7   9621   4129
22:06:48 USER	---
23:06:48 USER	
23:06:48 USER	Traffic                 Sent    Received   %TX   %RX    dTX    dRX
23:06:48 USER	
23:06:48 USER	IP                    917481     2317197   100   100   25044  56087
23:06:48 USER	   Milnet             291442      869447    31    37   4467   17683
23:06:48 USER	   Arpanet            626039     1323260    68    57   20586  37903
23:06:48 USER	
23:06:48 USER	ICMP                   41332      125059     4     5    685   2112
23:06:48 USER	
23:06:48 USER	UDP                   325961      524506    35    22   5003   9364
23:06:48 USER	   Domain             270725      491936    29    21   3888   8805
23:06:48 USER	   Other               55236       32570     6     1   1115    559
23:06:49 USER	
23:06:49 USER	TCP                   550188      621639    59    26   19356  19052
23:06:49 USER	   SMTP               131343       56270    14     2   3200   2421
23:06:49 USER	   FTP                  6382      134464     0     5    391   1268
23:06:49 USER	   Telnet               6949      115383     0     4    965   1087
23:06:49 USER	   Whois                   0       43344     0     1      0    182
23:06:49 USER	   Hostname                0       98145     0     4      0   9588
23:06:49 USER	   Other              405514      174033    44     7   14800  4506
23:06:49 USER	---
 0:06:48 USER	
 0:06:48 USER	Traffic                 Sent    Received   %TX   %RX    dTX    dRX
 0:06:48 USER	
 0:06:48 USER	IP                    938528     2371891   100   100   21047  54694
 0:06:48 USER	   Milnet             297202      891976    31    37   5760   22529
 0:06:48 USER	   Arpanet            641309     1351177    68    56   15270  27917
 0:06:49 USER	
 0:06:49 USER	ICMP                   42018      127061     4     5    686   2002
 0:06:49 USER	
 0:06:49 USER	UDP                   330931      533961    35    22   4970   9455
 0:06:49 USER	   Domain             274670      500769    29    21   3945   8833
 0:06:49 USER	   Other               56261       33192     5     1   1025    622
 0:06:49 USER	
 0:06:49 USER	TCP                   565579      639599    60    26   15391  17960
 0:06:49 USER	   SMTP               133838       59600    14     2   2495   3330
 0:06:49 USER	   FTP                  6530      138406     0     5    148   3942
 0:06:49 USER	   Telnet               6949      115968     0     4      0    585
 0:06:49 USER	   Whois                   0       43507     0     1      0    163
 0:06:49 USER	   Hostname                0      104674     0     4      0   6529
 0:06:49 USER	   Other              418262      177444    44     7   12748  3411
 0:06:49 USER	---
 1:06:49 USER	
 1:06:49 USER	Traffic                 Sent    Received   %TX   %RX    dTX    dRX
 1:06:49 USER	
 1:06:49 USER	IP                    964531     2427007   100   100   26003  55116
 1:06:49 USER	   Milnet             305072      912970    31    37   7870   20994
 1:06:49 USER	   Arpanet            659431     1386161    68    57   18122  34984
 1:06:49 USER	
 1:06:49 USER	ICMP                   42702      129033     4     5    684   1972
 1:06:49 USER	
 1:06:49 USER	UDP                   335584      542832    34    22   4653   8871
 1:06:49 USER	   Domain             278401      509007    28    20   3731   8238
 1:06:49 USER	   Other               57183       33825     5     1    922    633
 1:06:49 USER	
 1:06:49 USER	TCP                   586245      658721    60    27   20666  19122
 1:06:49 USER	   SMTP               136274       59901    14     2   2436    301
 1:06:49 USER	   FTP                  6681      142611     0     5    151   4205
 1:06:49 USER	   Telnet               6949      116029     0     4      0     61
 1:06:49 USER	   Whois                   0       43517     0     1      0     10
 1:06:49 USER	   Hostname                0      116264     0     4      0   11590
 1:06:49 USER	   Other              436341      180399    45     7   18079  2955
 1:06:49 USER	---
 2:06:50 USER	
 2:06:50 USER	Traffic                 Sent    Received   %TX   %RX    dTX    dRX
 2:06:50 USER	
 2:06:50 USER	IP                    984670     2479027   100   100   20139  52020
 2:06:50 USER	   Milnet             310394      932333    31    37   5322   19363
 2:06:50 USER	   Arpanet            674276     1415361    68    57   14845  29200
 2:06:51 USER	
 2:06:51 USER	ICMP                   43384      131225     4     5    682   2192
 2:06:51 USER	
 2:06:51 USER	UDP                   340124      551615    34    22   4540   8783
 2:06:51 USER	   Domain             282040      517108    28    20   3639   8101
 2:06:51 USER	   Other               58084       34507     5     1    901    682
 2:06:51 USER	
 2:06:51 USER	TCP                   601162      676125    61    27   14917  17404
 2:06:51 USER	   SMTP               138991       60605    14     2   2717    704
 2:06:51 USER	   FTP                  6834      146809     0     5    153   4198
 2:06:51 USER	   Telnet               6949      117277     0     4      0   1248
 2:06:51 USER	   Whois                   0       43600     0     1      0     83
 2:06:51 USER	   Hostname                0      123794     0     4      0   7530
 2:06:51 USER	   Other              448388      184040    45     7   12047  3641
 2:06:51 USER	---
 3:06:51 USER	
 3:06:51 USER	Traffic                 Sent    Received   %TX   %RX    dTX    dRX
 3:06:51 USER	
 3:06:51 USER	IP                   1001375     2520282   100   100   16705  41255
 3:06:51 USER	   Milnet             316136      947454    31    37   5742   15121
 3:06:51 USER	   Arpanet            685239     1438633    68    57   10963  23272
 3:06:51 USER	
 3:06:51 USER	ICMP                   44070      132646     4     5    686   1421
 3:06:51 USER	
 3:06:51 USER	UDP                   344442      559878    34    22   4318   8263
 3:06:51 USER	   Domain             285357      524660    28    20   3317   7552
 3:06:51 USER	   Other               59085       35218     5     1   1001    711
 3:06:51 USER	
 3:06:51 USER	TCP                   612863      688115    61    27   11701  11990
 3:06:51 USER	   SMTP               142907       60865    14     2   3916    260
 3:06:51 USER	   FTP                  6990      147204     0     5    156    395
 3:06:51 USER	   Telnet               6949      119000     0     4      0   1723
 3:06:51 USER	   Whois                   0       43643     0     1      0     43
 3:06:51 USER	   Hostname                0      128557     0     5      0   4763
 3:06:51 USER	   Other              456017      188846    45     7   7629   4806
 3:06:51 USER	---
 4:06:51 USER	
 4:06:51 USER	Traffic                 Sent    Received   %TX   %RX    dTX    dRX
 4:06:51 USER	
 4:06:51 USER	IP                   1013732     2552719   100   100   12357  32437
 4:06:51 USER	   Milnet             318815      957234    31    37   2679   9780
 4:06:51 USER	   Arpanet            694917     1458363    68    57   9678   19730
 4:06:51 USER	
 4:06:51 USER	ICMP                   44749      134360     4     5    679   1714
 4:06:51 USER	
 4:06:51 USER	UDP                   349435      568373    34    22   4993   8495
 4:06:51 USER	   Domain             289409      532573    28    20   4052   7913
 4:06:51 USER	   Other               60026       35800     5     1    941    582
 4:06:51 USER	
 4:06:51 USER	TCP                   619548      695049    61    27   6685   6934
 4:06:51 USER	   SMTP               145291       61203    14     2   2384    338
 4:06:51 USER	   FTP                  7118      147204     0     5    128      0
 4:06:51 USER	   Telnet               6949      119194     0     4      0    194
 4:06:51 USER	   Whois                   0       43778     0     1      0    135
 4:06:51 USER	   Hostname                0      131546     0     5      0   2989
 4:06:51 USER	   Other              460190      192124    45     7   4173   3278
 4:06:51 USER	---
 5:06:52 USER	
 5:06:52 USER	Traffic                 Sent    Received   %TX   %RX    dTX    dRX
 5:06:52 USER	
 5:06:52 USER	IP                   1019892     2567171   100   100   6160   14452
 5:06:52 USER	   Milnet             324975      970837    31    37   6160   13603
 5:06:52 USER	   Arpanet            694917     1458363    68    56      0      0
 5:06:53 USER	
 5:06:53 USER	ICMP                   45428      135830     4     5    679   1470
 5:06:53 USER	
 5:06:53 USER	UDP                   352928      572967    34    22   3493   4594
 5:06:53 USER	   Domain             292286      537143    28    20   2877   4570
 5:06:53 USER	   Other               60642       35824     5     1    616     24
 5:06:53 USER	
 5:06:53 USER	TCP                   621536      696422    60    27   1988   1373
 5:06:53 USER	   SMTP               146657       61488    14     2   1366    285
 5:06:53 USER	   FTP                  7118      147204     0     5      0      0
 5:06:53 USER	   Telnet               6949      119461     0     4      0    267
 5:06:53 USER	   Whois                   0       43786     0     1      0      8
 5:06:53 USER	   Hostname                0      131551     0     5      0      5
 5:06:53 USER	   Other              460812      192932    45     7    622    808
 5:06:53 USER	---
 6:06:53 USER	
 6:06:53 USER	Traffic                 Sent    Received   %TX   %RX    dTX    dRX
 6:06:53 USER	
 6:06:53 USER	IP                   1031704     2598452   100   100   11812  31281
 6:06:53 USER	   Milnet             329610      983286    31    37   4635   12449
 6:06:53 USER	   Arpanet            702094     1474215    68    56   7177   15852
 6:06:53 USER	
 6:06:53 USER	ICMP                   46107      137652     4     5    679   1822
 6:06:53 USER	
 6:06:53 USER	UDP                   357178      580228    34    22   4250   7261
 6:06:53 USER	   Domain             295638      543917    28    20   3352   6774
 6:06:53 USER	   Other               61540       36311     5     1    898    487
 6:06:53 USER	
 6:06:53 USER	TCP                   628419      703816    60    27   6883   7394
 6:06:53 USER	   SMTP               148449       61768    14     2   1792    280
 6:06:53 USER	   FTP                  7118      148794     0     5      0   1590
 6:06:53 USER	   Telnet               6949      119724     0     4      0    263
 6:06:53 USER	   Whois                   0       43867     0     1      0     81
 6:06:53 USER	   Hostname                0      134687     0     5      0   3136
 6:06:53 USER	   Other              465903      194976    45     7   5091   2044
 6:06:53 USER	---
 7:06:53 USER	
 7:06:53 USER	Traffic                 Sent    Received   %TX   %RX    dTX    dRX
 7:06:53 USER	
 7:06:53 USER	IP                   1039994     2623613   100   100   8290   25161
 7:06:53 USER	   Milnet             331964      991354    31    37   2354   8068
 7:06:53 USER	   Arpanet            708029     1487425    68    56   5935   13210
 7:06:53 USER	
 7:06:53 USER	ICMP                   46794      139480     4     5    687   1828
 7:06:53 USER	
 7:06:53 USER	UDP                   361026      587323    34    22   3848   7095
 7:06:53 USER	   Domain             298404      550281    28    20   2766   6364
 7:06:53 USER	   Other               62622       37042     6     1   1082    731
 7:06:53 USER	
 7:06:53 USER	TCP                   632174      707864    60    26   3755   4048
 7:06:53 USER	   SMTP               150587       61977    14     2   2138    209
 7:06:53 USER	   FTP                  7118      148879     0     5      0     85
 7:06:53 USER	   Telnet               6949      120793     0     4      0   1069
 7:06:53 USER	   Whois                   0       43970     0     1      0    103
 7:06:53 USER	   Hostname                0      134848     0     5      0    161
 7:06:53 USER	   Other              467520      197397    44     7   1617   2421
 7:06:53 USER	---
 8:06:54 USER	
 8:06:54 USER	Traffic                 Sent    Received   %TX   %RX    dTX    dRX
 8:06:54 USER	
 8:06:54 USER	IP                   1048775     2651608   100   100   8781   27995
 8:06:54 USER	   Milnet             334142      999553    31    37   2178   8199
 8:06:54 USER	   Arpanet            714632     1502636    68    56   6603   15211
 8:06:54 USER	
 8:06:54 USER	ICMP                   47473      141687     4     5    679   2207
 8:06:54 USER	
 8:06:54 USER	UDP                   365081      594105    34    22   4055   6782
 8:06:54 USER	   Domain             301376      556322    28    20   2972   6041
 8:06:54 USER	   Other               63705       37783     6     1   1083    741
 8:06:54 USER	
 8:06:54 USER	TCP                   636221      713485    60    26   4047   5621
 8:06:54 USER	   SMTP               152896       62187    14     2   2309    210
 8:06:54 USER	   FTP                  7118      150039     0     5      0   1160
 8:06:54 USER	   Telnet               6949      121966     0     4      0   1173
 8:06:54 USER	   Whois                   0       44112     0     1      0    142
 8:06:54 USER	   Hostname                0      134848     0     5      0      0
 8:06:54 USER	   Other              469258      200333    44     7   1738   2936
 8:06:54 USER	---
 9:06:54 USER	
 9:06:54 USER	Traffic                 Sent    Received   %TX   %RX    dTX    dRX
 9:06:54 USER	
 9:06:54 USER	IP                   1056548     2674412   100   100   7773   22804
 9:06:54 USER	   Milnet             336220     1007198    31    37   2078   7645
 9:06:54 USER	   Arpanet            720327     1514682    68    56   5695   12046
 9:06:54 USER	
 9:06:54 USER	ICMP                   48154      143559     4     5    681   1872
 9:06:54 USER	
 9:06:54 USER	UDP                   368844      600678    34    22   3763   6573
 9:06:54 USER	   Domain             304048      562165    28    21   2672   5843
 9:06:54 USER	   Other               64796       38513     6     1   1091    730
 9:06:54 USER	
 9:06:54 USER	TCP                   639550      716942    60    26   3329   3457
 9:06:54 USER	   SMTP               154717       62446    14     2   1821    259
 9:06:54 USER	   FTP                  7118      150552     0     5      0    513
 9:06:54 USER	   Telnet               6949      122515     0     4      0    549
 9:06:54 USER	   Whois                   0       44126     0     1      0     14
 9:06:54 USER	   Hostname                0      134914     0     5      0     66
 9:06:54 USER	   Other              470766      202389    44     7   1508   2056
 9:06:54 USER	---
10:06:54 USER	
10:06:54 USER	Traffic                 Sent    Received   %TX   %RX    dTX    dRX
10:06:54 USER	
10:06:54 USER	IP                   1068580     2705774   100   100   12032  31362
10:06:54 USER	   Milnet             338659     1015680    31    37   2439   8482
10:06:54 USER	   Arpanet            729920     1534931    68    56   9593   20249
10:06:54 USER	
10:06:54 USER	ICMP                   48841      145506     4     5    687   1947
10:06:54 USER	
10:06:54 USER	UDP                   372365      607000    34    22   3521   6322
10:06:54 USER	   Domain             306461      567746    28    20   2413   5581
10:06:54 USER	   Other               65904       39254     6     1   1108    741
10:06:54 USER	
10:06:54 USER	TCP                   647374      725330    60    26   7824   8388
10:06:54 USER	   SMTP               158344       62859    14     2   3627    413
10:06:54 USER	   FTP                  7118      150871     0     5      0    319
10:06:55 USER	   Telnet               8492      123184     0     4   1543    669
10:06:55 USER	   Whois                   0       44130     0     1      0      4
10:06:55 USER	   Hostname                0      136124     0     5      0   1210
10:06:55 USER	   Other              473420      208162    44     7   2654   5773
10:06:55 USER	---
11:06:55 USER	
11:06:55 USER	Traffic                 Sent    Received   %TX   %RX    dTX    dRX
11:06:55 USER	
11:06:55 USER	IP                   1085231     2748483   100   100   16651  42709
11:06:55 USER	   Milnet             344034     1032905    31    37   5375   17225
11:06:55 USER	   Arpanet            741196     1557270    68    56   11276  22339
11:06:55 USER	
11:06:55 USER	ICMP                   49531      147554     4     5    690   2048
11:06:55 USER	
11:06:55 USER	UDP                   375978      613584    34    22   3613   6584
11:06:55 USER	   Domain             308938      573583    28    20   2477   5837
11:06:55 USER	   Other               67040       40001     6     1   1136    747
11:06:56 USER	
11:06:56 USER	TCP                   659722      739599    60    26   12348  14269
11:06:56 USER	   SMTP               161025       63145    14     2   2681    286
11:06:56 USER	   FTP                  7118      157799     0     5      0   6928
11:06:56 USER	   Telnet               9429      125782     0     4    937   2598
11:06:56 USER	   Whois                   0       44782     0     1      0    652
11:06:56 USER	   Hostname                0      136144     0     4      0     20
11:06:56 USER	   Other              482150      211947    44     7   8730   3785
11:06:56 USER	---
12:06:55 USER	
12:06:55 USER	Traffic                 Sent    Received   %TX   %RX    dTX    dRX
12:06:55 USER	
12:06:55 USER	IP                   1095719     2780315   100   100   10488  31832
12:06:55 USER	   Milnet             346530     1043434    31    37   2496   10529
12:06:55 USER	   Arpanet            749188     1573895    68    56   7992   16625
12:06:55 USER	
12:06:55 USER	ICMP                   50210      149459     4     5    679   1905
12:06:55 USER	
12:06:55 USER	UDP                   379723      620677    34    22   3745   7093
12:06:55 USER	   Domain             311547      579898    28    20   2609   6315
12:06:55 USER	   Other               68176       40779     6     1   1136    778
12:06:55 USER	
12:06:55 USER	TCP                   665786      747252    60    26   6064   7653
12:06:55 USER	   SMTP               163600       63405    14     2   2575    260
12:06:55 USER	   FTP                  7118      159551     0     5      0   1752
12:06:55 USER	   Telnet               9657      127566     0     4    228   1784
12:06:55 USER	   Whois                   0       45009     0     1      0    227
12:06:55 USER	   Hostname                0      136150     0     4      0      6
12:06:55 USER	   Other              485411      215571    44     7   3261   3624
12:06:55 USER	---
13:06:55 USER	
13:06:55 USER	Traffic                 Sent    Received   %TX   %RX    dTX    dRX
13:06:55 USER	
13:06:55 USER	IP                   1109044     2814658   100   100   13325  34343
13:06:55 USER	   Milnet             350476     1053645    31    37   3946   10211
13:06:55 USER	   Arpanet            758567     1594873    68    56   9379   20978
13:06:55 USER	
13:06:55 USER	ICMP                   50889      151469     4     5    679   2010
13:06:55 USER	
13:06:55 USER	UDP                   383294      627470    34    22   3571   6793
13:06:55 USER	   Domain             314052      585926    28    20   2505   6028
13:06:55 USER	   Other               69242       41544     6     1   1066    765
13:06:56 USER	
13:06:56 USER	TCP                   674861      756298    60    26   9075   9046
13:06:56 USER	   SMTP               166267       63551    14     2   2667    146
13:06:56 USER	   FTP                  7118      161908     0     5      0   2357
13:06:56 USER	   Telnet              10983      128483     0     4   1326    917
13:06:56 USER	   Whois                   0       45312     0     1      0    303
13:06:56 USER	   Hostname                0      137342     0     4      0   1192
13:06:56 USER	   Other              490493      219702    44     7   5082   4131
13:06:56 USER	---
14:06:56 USER	
14:06:56 USER	Traffic                 Sent    Received   %TX   %RX    dTX    dRX
14:06:56 USER	
14:06:56 USER	IP                   1119819     2848662   100   100   10775  34004
14:06:56 USER	   Milnet             352349     1063749    31    37   1873   10104
14:06:56 USER	   Arpanet            767469     1613377    68    56   8902   18504
14:06:56 USER	
14:06:56 USER	ICMP                   51568      153843     4     5    679   2374
14:06:56 USER	
14:06:56 USER	UDP                   387053      634728    34    22   3759   7258
14:06:56 USER	   Domain             316801      592445    28    20   2749   6519
14:06:56 USER	   Other               70252       42283     6     1   1010    739
14:06:56 USER	
14:06:56 USER	TCP                   681198      764484    60    26   6337   8186
14:06:56 USER	   SMTP               169373       63832    15     2   3106    281
14:06:56 USER	   FTP                  7118      164001     0     5      0   2093
14:06:56 USER	   Telnet              11390      128896     1     4    407    413
14:06:56 USER	   Whois                   0       45490     0     1      0    178
14:06:56 USER	   Hostname                0      138086     0     4      0    744
14:06:56 USER	   Other              493317      224179    44     7   2824   4477
14:06:56 USER	---
15:06:58 USER	
15:06:58 USER	Traffic                 Sent    Received   %TX   %RX    dTX    dRX
15:06:58 USER	
15:06:58 USER	IP                   1129944     2878767   100   100   10125  30105
15:06:58 USER	   Milnet             353753     1070767    31    37   1404   7018
15:06:58 USER	   Arpanet            776190     1632045    68    56   8721   18668
15:06:58 USER	
15:06:58 USER	ICMP                   52254      155757     4     5    686   1914
15:06:58 USER	
15:06:58 USER	UDP                   390902      642903    34    22   3849   8175
15:06:58 USER	   Domain             319680      599855    28    20   2879   7410
15:06:58 USER	   Other               71222       43048     6     1    970    765
15:06:58 USER	
15:06:58 USER	TCP                   686788      769948    60    26   5590   5464
15:06:58 USER	   SMTP               171365       64107    15     2   1992    275
15:06:58 USER	   FTP                  7118      164338     0     5      0    337
15:06:58 USER	   Telnet              13329      129479     1     4   1939    583
15:06:58 USER	   Whois                   0       45518     0     1      0     28
15:06:58 USER	   Hostname                0      138646     0     4      0    560
15:06:58 USER	   Other              494976      227860    43     7   1659   3681
15:06:58 USER	---
16:06:58 USER	
16:06:58 USER	Traffic                 Sent    Received   %TX   %RX    dTX    dRX
16:06:58 USER	
16:06:58 USER	IP                   1140426     2909854   100   100   10482  31087
16:06:58 USER	   Milnet             355151     1077431    31    37   1398   6664
16:06:58 USER	   Arpanet            785274     1651968    68    56   9084   19923
16:06:58 USER	
16:06:58 USER	ICMP                   52933      157840     4     5    679   2083
16:06:58 USER	
16:06:58 USER	UDP                   394697      651171    34    22   3795   8268
16:06:58 USER	   Domain             322458      607371    28    20   2778   7516
16:06:58 USER	   Other               72239       43800     6     1   1017    752
16:06:58 USER	
16:06:58 USER	TCP                   692796      775686    60    26   6008   5738
16:06:58 USER	   SMTP               173767       64445    15     2   2402    338
16:06:58 USER	   FTP                  7118      164541     0     5      0    203
16:06:58 USER	   Telnet              15863      129664     1     4   2534    185
16:06:58 USER	   Whois                   0       45551     0     1      0     33
16:06:58 USER	   Hostname                0      138901     0     4      0    255
16:06:58 USER	   Other              496048      232584    43     7   1072   4724
16:06:58 USER	---
17:06:58 USER	
17:06:58 USER	Traffic                 Sent    Received   %TX   %RX    dTX    dRX
17:06:58 USER	
17:06:58 USER	IP                   1152031     2944463   100   100   11605  34609
17:06:58 USER	   Milnet             359407     1091034    31    37   4256   13603
17:06:58 USER	   Arpanet            792623     1668056    68    56   7349   16088
17:06:58 USER	
17:06:58 USER	ICMP                   53636      160253     4     5    703   2413
17:06:58 USER	
17:06:58 USER	UDP                   399151      660202    34    22   4454   9031
17:06:58 USER	   Domain             325720      615671    28    20   3262   8300
17:06:58 USER	   Other               73431       44531     6     1   1192    731
17:06:58 USER	
17:06:58 USER	TCP                   699244      782307    60    26   6448   6621
17:06:58 USER	   SMTP               175955       64675    15     2   2188    230
17:06:58 USER	   FTP                  7118      166079     0     5      0   1538
17:06:58 USER	   Telnet              15863      130850     1     4      0   1186
17:06:58 USER	   Whois                   0       45563     0     1      0     12
17:06:58 USER	   Hostname                0      140099     0     4      0   1198
17:06:58 USER	   Other              500308      235041    43     7   4260   2457
17:06:58 USER	---
18:06:59 USER	
18:06:59 USER	Traffic                 Sent    Received   %TX   %RX    dTX    dRX
18:06:59 USER	
18:06:59 USER	IP                   1163481     2979981   100   100   11450  35518
18:06:59 USER	   Milnet             362022     1101254    31    36   2615   10220
18:06:59 USER	   Arpanet            801458     1688034    68    56   8835   19978
18:06:59 USER	
18:06:59 USER	ICMP                   54318      162641     4     5    682   2388
18:06:59 USER	
18:06:59 USER	UDP                   403293      668882    34    22   4142   8680
18:06:59 USER	   Domain             328732      623609    28    20   3012   7938
18:06:59 USER	   Other               74561       45273     6     1   1130    742
18:06:59 USER	
18:06:59 USER	TCP                   705870      789976    60    26   6626   7669
18:06:59 USER	   SMTP               178432       64945    15     2   2477    270
18:06:59 USER	   FTP                  7118      168442     0     5      0   2363
18:06:59 USER	   Telnet              15863      131679     1     4      0    829
18:06:59 USER	   Whois                   0       45677     0     1      0    114
18:06:59 USER	   Hostname                0      141030     0     4      0    931
18:06:59 USER	   Other              504457      238203    43     7   4149   3162
18:06:59 USER	---
19:06:59 USER	
19:06:59 USER	Traffic                 Sent    Received   %TX   %RX    dTX    dRX
19:06:59 USER	
19:06:59 USER	IP                   1177790     3024931   100   100   14309  44950
19:06:59 USER	   Milnet             365827     1117699    31    36   3805   16445
19:06:59 USER	   Arpanet            811962     1709852    68    56   10504  21818
19:06:59 USER	
19:06:59 USER	ICMP                   55039      165063     4     5    721   2422
19:06:59 USER	
19:06:59 USER	UDP                   408155      678235    34    22   4862   9353
19:06:59 USER	   Domain             332505      632223    28    20   3773   8614
19:06:59 USER	   Other               75650       46012     6     1   1089    739
19:06:59 USER	
19:06:59 USER	TCP                   714596      802143    60    26   8726   12167
19:06:59 USER	   SMTP               181711       65487    15     2   3279    542
19:06:59 USER	   FTP                  7118      170629     0     5      0   2187
19:06:59 USER	   Telnet              15863      133562     1     4      0   1883
19:06:59 USER	   Whois                   0       45813     0     1      0    136
19:06:59 USER	   Hostname                0      144647     0     4      0   3617
19:06:59 USER	   Other              509904      242005    43     8   5447   3802
19:07:00 USER	---
20:06:59 USER	
20:06:59 USER	Traffic                 Sent    Received   %TX   %RX    dTX    dRX
20:06:59 USER	
20:06:59 USER	IP                   1189424     3060527   100   100   11634  35596
20:06:59 USER	   Milnet             366953     1128095    30    36   1126   10396
20:06:59 USER	   Arpanet            822470     1730058    69    56   10508  20206
20:06:59 USER	
20:06:59 USER	ICMP                   55747      167156     4     5    708   2093
20:06:59 USER	
20:06:59 USER	UDP                   411812      686229    34    22   3657   7994
20:06:59 USER	   Domain             335151      639452    28    20   2646   7229
20:06:59 USER	   Other               76661       46777     6     1   1011    765
20:06:59 USER	
20:06:59 USER	TCP                   721865      811020    60    26   7269   8877
20:06:59 USER	   SMTP               184003       65747    15     2   2292    260
20:06:59 USER	   FTP                  7118      174875     0     5      0   4246
20:06:59 USER	   Telnet              15953      133754     1     4     90    192
20:06:59 USER	   Whois                   0       45975     0     1      0    162
20:06:59 USER	   Hostname                0      145646     0     4      0    999
20:07:00 USER	   Other              514791      245023    43     8   4887   3018
20:07:00 USER	---
21:07:00 USER	
21:07:00 USER	Traffic                 Sent    Received   %TX   %RX    dTX    dRX
21:07:00 USER	
21:07:00 USER	IP                   1198067     3088569   100   100   8643   28042
21:07:00 USER	   Milnet             368386     1136539    30    36   1433   8444
21:07:00 USER	   Arpanet            829680     1744790    69    56   7210   14732
21:07:00 USER	
21:07:00 USER	ICMP                   56426      169349     4     5    679   2193
21:07:00 USER	
21:07:00 USER	UDP                   415540      694366    34    22   3728   8137
21:07:00 USER	   Domain             337840      646832    28    20   2689   7380
21:07:00 USER	   Other               77700       47534     6     1   1039    757
21:07:00 USER	
21:07:00 USER	TCP                   726101      815203    60    26   4236   4183
21:07:00 USER	   SMTP               185586       65834    15     2   1583     87
21:07:00 USER	   FTP                  7118      176783     0     5      0   1908
21:07:00 USER	   Telnet              15958      133879     1     4      5    125
21:07:00 USER	   Whois                   0       46029     0     1      0     54
21:07:00 USER	   Hostname                0      146000     0     4      0    354
21:07:00 USER	   Other              517439      246678    43     7   2648   1655
21:07:01 USER	---
22:07:00 USER	
22:07:00 USER	Traffic                 Sent    Received   %TX   %RX    dTX    dRX
22:07:00 USER	
22:07:00 USER	IP                   1207966     3121213   100   100   9899   32644
22:07:00 USER	   Milnet             370622     1145637    30    36   2236   9098
22:07:00 USER	   Arpanet            837343     1763306    69    56   7663   18516
22:07:00 USER	
22:07:00 USER	ICMP                   57105      171794     4     5    679   2445
22:07:00 USER	
22:07:00 USER	UDP                   419397      702655    34    22   3857   8289
22:07:00 USER	   Domain             340710      654393    28    20   2870   7561
22:07:00 USER	   Other               78687       48262     6     1    987    728
22:07:00 USER	
22:07:00 USER	TCP                   731464      822182    60    26   5363   6979
22:07:00 USER	   SMTP               187263       65945    15     2   1677    111
22:07:00 USER	   FTP                  7118      177287     0     5      0    504
22:07:00 USER	   Telnet              15958      133969     1     4      0     90
22:07:00 USER	   Whois                   0       46342     0     1      0    313
22:07:00 USER	   Hostname                0      149818     0     4      0   3818
22:07:00 USER	   Other              521125      248821    43     7   3686   2143
22:07:00 USER	---
23:07:01 USER	
23:07:01 USER	Traffic                 Sent    Received   %TX   %RX    dTX    dRX
23:07:01 USER	
23:07:01 USER	IP                   1223013     3160169   100   100   15047  38956
23:07:01 USER	   Milnet             372157     1155343    30    36   1535   9706
23:07:01 USER	   Arpanet            850855     1789892    69    56   13512  26586
23:07:01 USER	
23:07:01 USER	ICMP                   57800      173990     4     5    695   2196
23:07:01 USER	
23:07:01 USER	UDP                   423399      711089    34    22   4002   8434
23:07:01 USER	   Domain             343357      662089    28    20   2647   7696
23:07:01 USER	   Other               80042       49000     6     1   1355    738
23:07:01 USER	
23:07:01 USER	TCP                   741814      832767    60    26   10350  10585
23:07:01 USER	   SMTP               189193       67067    15     2   1930   1122
23:07:01 USER	   FTP                  7118      180815     0     5      0   3528
23:07:01 USER	   Telnet              16112      134128     1     4    154    159
23:07:01 USER	   Whois                   0       46647     0     1      0    305
23:07:01 USER	   Hostname                0      152943     0     4      0   3125
23:07:01 USER	   Other              529391      251167    43     7   8266   2346
23:07:01 USER	---
 0:07:01 USER	
 0:07:01 USER	Traffic                 Sent    Received   %TX   %RX    dTX    dRX
 0:07:01 USER	
 0:07:01 USER	IP                   1238857     3203631   100   100   15844  43462
 0:07:01 USER	   Milnet             376091     1174132    30    36   3934   18789
 0:07:01 USER	   Arpanet            862765     1810701    69    56   11910  20809
 0:07:01 USER	
 0:07:01 USER	ICMP                   58483      176247     4     5    683   2257
 0:07:01 USER	
 0:07:01 USER	UDP                   427492      719694    34    22   4093   8605
 0:07:01 USER	   Domain             346449      669950    27    20   3092   7861
 0:07:01 USER	   Other               81043       49744     6     1   1001    744
 0:07:02 USER	
 0:07:02 USER	TCP                   752882      845607    60    26   11068  12840
 0:07:02 USER	   SMTP               191909       67295    15     2   2716    228
 0:07:02 USER	   FTP                  7118      183200     0     5      0   2385
 0:07:02 USER	   Telnet              16112      136037     1     4      0   1909
 0:07:02 USER	   Whois                   0       46703     0     1      0     56
 0:07:02 USER	   Hostname                0      157764     0     4      0   4821
 0:07:02 USER	   Other              537743      254608    43     7   8352   3441
 0:07:02 USER	---
 1:07:02 USER	
 1:07:02 USER	Traffic                 Sent    Received   %TX   %RX    dTX    dRX
 1:07:02 USER	
 1:07:02 USER	IP                   1254543     3243026   100   100   15686  39395
 1:07:02 USER	   Milnet             383134     1192816    30    36   7043   18684
 1:07:02 USER	   Arpanet            871408     1828869    69    56   8643   18168
 1:07:02 USER	
 1:07:02 USER	ICMP                   59165      178605     4     5    682   2358
 1:07:02 USER	
 1:07:02 USER	UDP                   431546      728181    34    22   4054   8487
 1:07:02 USER	   Domain             349531      677710    27    20   3082   7760
 1:07:02 USER	   Other               82015       50471     6     1    972    727
 1:07:02 USER	
 1:07:02 USER	TCP                   763832      855921    60    26   10950  10314
 1:07:02 USER	   SMTP               193800       67517    15     2   1891    222
 1:07:02 USER	   FTP                  7118      183786     0     5      0    586
 1:07:02 USER	   Telnet              16112      137087     1     4      0   1050
 1:07:02 USER	   Whois                   0       46777     0     1      0     74
 1:07:03 USER	   Hostname                0      164045     0     5      0   6281
 1:07:03 USER	   Other              546802      256709    43     7   9059   2101
 1:07:03 USER	---
 2:07:03 USER	
 2:07:03 USER	Traffic                 Sent    Received   %TX   %RX    dTX    dRX
 2:07:03 USER	
 2:07:03 USER	IP                   1264992     3276169   100   100   10449  33143
 2:07:03 USER	   Milnet             386555     1205814    30    36   3421   12998
 2:07:03 USER	   Arpanet            878436     1844418    69    56   7028   15549
 2:07:03 USER	
 2:07:03 USER	ICMP                   59844      180868     4     5    679   2263
 2:07:03 USER	
 2:07:03 USER	UDP                   435605      736756    34    22   4059   8575
 2:07:03 USER	   Domain             352411      685556    27    20   2880   7846
 2:07:03 USER	   Other               83194       51200     6     1   1179    729
 2:07:03 USER	
 2:07:03 USER	TCP                   769543      863164    60    26   5711   7243
 2:07:03 USER	   SMTP               195861       67596    15     2   2061     79
 2:07:03 USER	   FTP                  7118      183822     0     5      0     36
 2:07:03 USER	   Telnet              16112      138188     1     4      0   1101
 2:07:03 USER	   Whois                   0       46789     0     1      0     12
 2:07:03 USER	   Hostname                0      167562     0     5      0   3517
 2:07:03 USER	   Other              550452      259207    43     7   3650   2498
 2:07:03 USER	---
 3:07:03 USER	
 3:07:03 USER	Traffic                 Sent    Received   %TX   %RX    dTX    dRX
 3:07:03 USER	
 3:07:03 USER	IP                   1277718     3309160   100   100   12726  32991
 3:07:03 USER	   Milnet             389166     1215917    30    36   2611   10103
 3:07:03 USER	   Arpanet            888551     1864934    69    56   10115  20516
 3:07:03 USER	
 3:07:03 USER	ICMP                   60549      183329     4     5    705   2461
 3:07:03 USER	
 3:07:03 USER	UDP                   440105      745909    34    22   4500   9153
 3:07:03 USER	   Domain             355949      693988    27    20   3538   8432
 3:07:03 USER	   Other               84156       51921     6     1    962    721
 3:07:03 USER	
 3:07:03 USER	TCP                   777064      869428    60    26   7521   6264
 3:07:03 USER	   SMTP               198223       67689    15     2   2362     93
 3:07:03 USER	   FTP                  7118      184821     0     5      0    999
 3:07:03 USER	   Telnet              16112      138653     1     4      0    465
 3:07:03 USER	   Whois                   0       46798     0     1      0      9
 3:07:03 USER	   Hostname                0      169752     0     5      0   2190
 3:07:03 USER	   Other              555611      261715    43     7   5159   2508
 3:07:03 USER	---
 4:07:03 USER	
 4:07:03 USER	Traffic                 Sent    Received   %TX   %RX    dTX    dRX
 4:07:03 USER	
 4:07:03 USER	IP                   1284916     3335794   100   100   7198   26634
 4:07:03 USER	   Milnet             390674     1223430    30    36   1508   7513
 4:07:03 USER	   Arpanet            894241     1878350    69    56   5690   13416
 4:07:03 USER	
 4:07:03 USER	ICMP                   61231      185553     4     5    682   2224
 4:07:03 USER	
 4:07:03 USER	UDP                   443984      754363    34    22   3879   8454
 4:07:03 USER	   Domain             358812      701701    27    21   2863   7713
 4:07:03 USER	   Other               85172       52662     6     1   1016    741
 4:07:03 USER	
 4:07:03 USER	TCP                   779701      872482    60    26   2637   3054
 4:07:03 USER	   SMTP               200099       67902    15     2   1876    213
 4:07:03 USER	   FTP                  7118      184900     0     5      0     79
 4:07:04 USER	   Telnet              16112      138755     1     4      0    102
 4:07:04 USER	   Whois                   0       46801     0     1      0      3
 4:07:04 USER	   Hostname                0      170073     0     5      0    321
 4:07:04 USER	   Other              556372      264051    43     7    761   2336
 4:07:04 USER	---
 5:07:04 USER	
 5:07:04 USER	Traffic                 Sent    Received   %TX   %RX    dTX    dRX
 5:07:04 USER	
 5:07:04 USER	IP                   1291755     3359675   100   100   6839   23881
 5:07:04 USER	   Milnet             391754     1229083    30    36   1080   5653
 5:07:04 USER	   Arpanet            900000     1891885    69    56   5759   13535
 5:07:04 USER	
 5:07:04 USER	ICMP                   61910      187135     4     5    679   1582
 5:07:04 USER	
 5:07:04 USER	UDP                   446776      761574    34    22   2792   7211
 5:07:04 USER	   Domain             360615      708172    27    21   1803   6471
 5:07:04 USER	   Other               86161       53402     6     1    989    740
 5:07:04 USER	
 5:07:04 USER	TCP                   783069      876014    60    26   3368   3532
 5:07:04 USER	   SMTP               202129       68119    15     2   2030    217
 5:07:04 USER	   FTP                  7118      184900     0     5      0      0
 5:07:04 USER	   Telnet              16112      138755     1     4      0      0
 5:07:04 USER	   Whois                   0       46823     0     1      0     22
 5:07:04 USER	   Hostname                0      171006     0     5      0    933
 5:07:04 USER	   Other              557710      266411    43     7   1338   2360
 5:07:04 USER	---
 6:07:04 USER	
 6:07:04 USER	Traffic                 Sent    Received   %TX   %RX    dTX    dRX
 6:07:04 USER	
 6:07:04 USER	IP                   1300164     3388773   100   100   8409   29098
 6:07:04 USER	   Milnet             393198     1236736    30    36   1444   7653
 6:07:04 USER	   Arpanet            906965     1907721    69    56   6965   15836
 6:07:04 USER	
 6:07:04 USER	ICMP                   62589      189534     4     5    679   2399
 6:07:04 USER	
 6:07:04 USER	UDP                   450610      769991    34    22   3834   8417
 6:07:04 USER	   Domain             363452      715852    27    21   2837   7680
 6:07:04 USER	   Other               87158       54139     6     1    997    737
 6:07:04 USER	
 6:07:04 USER	TCP                   786965      880269    60    25   3896   4255
 6:07:04 USER	   SMTP               204301       68562    15     2   2172    443
 6:07:04 USER	   FTP                  7118      184900     0     5      0      0
 6:07:05 USER	   Telnet              16112      138812     1     4      0     57
 6:07:05 USER	   Whois                   0       46856     0     1      0     33
 6:07:05 USER	   Hostname                0      171833     0     5      0    827
 6:07:05 USER	   Other              559434      269306    43     7   1724   2895
 6:07:05 USER	---
 7:07:04 USER	
 7:07:04 USER	Traffic                 Sent    Received   %TX   %RX    dTX    dRX
 7:07:04 USER	
 7:07:04 USER	IP                   1309660     3419154   100   100   9496   30381
 7:07:04 USER	   Milnet             394860     1244784    30    36   1662   8048
 7:07:04 USER	   Arpanet            914799     1924946    69    56   7834   17225
 7:07:04 USER	
 7:07:04 USER	ICMP                   63275      191763     4     5    686   2229
 7:07:04 USER	
 7:07:04 USER	UDP                   454156      777739    34    22   3546   7748
 7:07:04 USER	   Domain             366010      722856    27    21   2558   7004
 7:07:04 USER	   Other               88146       54883     6     1    988    744
 7:07:05 USER	
 7:07:05 USER	TCP                   792229      886048    60    25   5264   5779
 7:07:05 USER	   SMTP               206960       69207    15     2   2659    645
 7:07:05 USER	   FTP                  7118      185563     0     5      0    663
 7:07:05 USER	   Telnet              16329      139134     1     4    217    322
 7:07:05 USER	   Whois                   0       46946     0     1      0     90
 7:07:05 USER	   Hostname                0      172492     0     5      0    659
 7:07:05 USER	   Other              561822      272706    42     7   2388   3400
 7:07:05 USER	---
 8:07:05 USER	
 8:07:05 USER	Traffic                 Sent    Received   %TX   %RX    dTX    dRX
 8:07:05 USER	
 8:07:05 USER	IP                   1321731     3451805   100   100   12071  32651
 8:07:05 USER	   Milnet             396412     1254417    29    36   1552   9633
 8:07:05 USER	   Arpanet            925318     1944369    70    56   10519  19423
 8:07:05 USER	
 8:07:05 USER	ICMP                   63954      194150     4     5    679   2387
 8:07:05 USER	
 8:07:05 USER	UDP                   458037      785008    34    22   3881   7269
 8:07:05 USER	   Domain             368881      729380    27    21   2871   6524
 8:07:05 USER	   Other               89156       55628     6     1   1010    745
 8:07:05 USER	
 8:07:05 USER	TCP                   799740      893366    60    25   7511   7318
 8:07:05 USER	   SMTP               209639       69434    15     2   2679    227
 8:07:05 USER	   FTP                  7118      186904     0     5      0   1341
 8:07:05 USER	   Telnet              16557      139295     1     4    228    161
 8:07:05 USER	   Whois                   0       46961     0     1      0     15
 8:07:05 USER	   Hostname                0      174504     0     5      0   2012
 8:07:05 USER	   Other              566426      276268    42     8   4604   3562
 8:07:05 USER	---
 9:07:05 USER	
 9:07:05 USER	Traffic                 Sent    Received   %TX   %RX    dTX    dRX
 9:07:05 USER	
 9:07:05 USER	IP                   1331770     3480361   100   100   10039  28556
 9:07:05 USER	   Milnet             398436     1262315    29    36   2024   7898
 9:07:05 USER	   Arpanet            933333     1961294    70    56   8015   16925
 9:07:05 USER	
 9:07:05 USER	ICMP                   64633      196183     4     5    679   2033
 9:07:05 USER	
 9:07:05 USER	UDP                   461791      791971    34    22   3754   6963
 9:07:05 USER	   Domain             371587      735597    27    21   2706   6217
 9:07:05 USER	   Other               90204       56374     6     1   1048    746
 9:07:06 USER	
 9:07:06 USER	TCP                   805346      899142    60    25   5606   5776
 9:07:06 USER	   SMTP               212937       69540    15     1   3298    106
 9:07:06 USER	   FTP                  7118      187242     0     5      0    338
 9:07:06 USER	   Telnet              17906      139779     1     4   1349    484
 9:07:06 USER	   Whois                   0       47056     0     1      0     95
 9:07:06 USER	   Hostname                0      174504     0     5      0      0
 9:07:06 USER	   Other              567385      281021    42     8    959   4753
 9:07:06 USER	---
10:07:06 USER	
10:07:06 USER	Traffic                 Sent    Received   %TX   %RX    dTX    dRX
10:07:06 USER	
10:07:06 USER	IP                   1341138     3510059   100   100   9368   29698
10:07:06 USER	   Milnet             400412     1272829    29    36   1976   10514
10:07:06 USER	   Arpanet            940725     1975707    70    56   7392   14413
10:07:06 USER	
10:07:06 USER	ICMP                   65319      197750     4     5    686   1567
10:07:06 USER	
10:07:06 USER	UDP                   465227      798431    34    22   3436   6460
10:07:06 USER	   Domain             373950      741313    27    21   2363   5716
10:07:06 USER	   Other               91277       57118     6     1   1073    744
10:07:06 USER	
10:07:06 USER	TCP                   810592      906652    60    25   5246   7510
10:07:06 USER	   SMTP               214925       69586    16     1   1988     46
10:07:06 USER	   FTP                  7118      191512     0     5      0   4270
10:07:06 USER	   Telnet              17978      140387     1     3     72    608
10:07:06 USER	   Whois                   0       47077     0     1      0     21
10:07:06 USER	   Hostname                0      174509     0     4      0      5
10:07:06 USER	   Other              570571      283581    42     8   3186   2560
10:07:06 USER	---  			15-Nov-87 11:10:41

BATCON Version	5(6063)			GLXLIB Version	5(1247)

	    Job SYSIS Req #9 for MKL in Stream 0

	OUTPUT:	 Nolog				TIME-LIMIT: 4:00:00
	UNIQUE:	 Yes				BATCH-LOG:  Supersede
	RESTART: No				ASSISTANCE: Yes
	ACCOUNT: CF                             SEQUENCE:   3570

	Input from => SRC:<SYSDPY>SYSIS.CTL
	Output to  => SRC:<SYSDPY>SYSIS.LOG



11:10:42 MONTR	 SRI-NIC, TOPS-20 Monitor 6.1(7340)-4
11:10:42 MONTR	 The system will go down Thu 19-Nov-87  6:00pm until Thu 19-Nov-87  8:00pm
11:10:42 MONTR	 for Preventive Maintenance
11:10:42 MONTR	 Job 16 on TTY124 15-Nov-87 11:10am
11:10:44 MONTR	 $
11:10:44 MONTR	[CONNECTED TO SRC:<SYSDPY>]
		? BTNJNR Job Canceled after a Restart, It is not Restartable

		sysdpy w3600 b/3 is

		BTNECF End of Control File while searching for %FIN

11:10:45 MONTR	
11:10:52 MONTR	Killed by OPERATOR, TTY 110
11:10:52 MONTR	Killed Job 16, User MKL, TTY 124, at 15-Nov-87 11:10:52
11:10:52 MONTR	 Used 0:00:01 in 0:00:10
