IAN 4 Nov 16:51 > 16:51, 00:02 05% Died <GAMES>
IAN 4 Nov 16:52 > 16:53, 00:03 05% Died <GAMES>
IAN 4 Nov 16:53 > 16:53, 00:00 00% Died <GAMES>
IAN 4 Nov 16:53 > 16:54, 00:00 00% Died <GAMES>
IAN 4 Nov 16:54 > 16:55, 00:05 05% Died <GAMES>
IAN 4 Nov 16:55 > 16:56, 00:03 05% Died <GAMES>
IAN 4 Nov 16:56 > 17:15, 00:55 04% Died <GAMES>
IAN 6 Nov 16:46 > 16:47, 00:05 05% Died <GAMES>
IAN 6 Nov 16:48 > 16:49, 00:04 06% Saved <GAMES>
IAN 6 Nov 16:52 > 16:56, 00:15 06% Saved <GAMES>
MKL 6 Nov 18:23 > 18:27, 00:05 02% Died <GAMES>
MKL 6 Nov 18:27 > 18:29, 00:03 02% Died <GAMES>
IAN 7 Nov 19:00 > 19:03, 00:05 02% Saved <GAMES>
IAN 7 Nov 19:03 > 19:11, 00:18 04% Died <GAMES>
IAN 10 Nov 16:40 > 16:43, 00:10 05% Saved <GAMES>
IAN 10 Nov 16:46 > 17:07, 00:56 04% Saved <GAMES>
IAN 10 Nov 17:09 > 17:15, 00:14 04% Died <GAMES>
IAN 11 Nov 17:19 > 17:25, 00:21 05% Died <GAMES>
IAN 13 Nov 17:22 > 17:26, 00:12 05% Died <GAMES>
BELMONTE 13 Nov 21:24 > 21:27, 00:01 00% Quit <GAMES>
IAN 14 Nov 17:37 > 17:47, 00:37 06% Died <GAMES>
IAN 9 Dec 17:45 > 17:45, 00:01 06% Died <GAMES>
IAN 9 Dec 17:45 > 17:46, 00:01 07% Died <GAMES>
IAN 9 Dec 17:46 > 17:47, 00:04 05% Died <GAMES>
IAN 13 Dec 18:28 > 18:32, 00:14 05% Saved <GAMES>
IAN 19 Dec 17:59 > 18:01, 00:06 05% Died <GAMES>
IAN 24 Dec 12:14 > 12:15, 00:02 04% Died <GAMES>
IAN 28 Dec 18:48 > 18:49, 00:03 04% Died <GAMES>
IAN 2 Jan 19:04 > 19:05, 00:01 12% Saved <GAMES>
IAN 15 Jan 17:47 > 17:48, 00:00 00% Quit <GAMES>
IAN 15 Jan 17:48 > 17:56, 00:30 06% Saved <GAMES>
IAN 19 Jan 17:42 > 17:43, 00:05 05% Saved <GAMES>
IAN 22 Jan 18:02 > 18:07, 00:19 06% Died <GAMES>
IAN 7 Feb 23:15 > 23:18, 00:09 04% Died <GAMES>
IAN 17 Feb 17:53 > 17:55, 00:09 06% Saved <GAMES>
IAN 19 Feb 17:21 > 17:22, 00:05 06% Quit <GAMES>
VIVIAN 10 Mar 22:09 > 22:09, 00:00 00% Quit <GAMES>
BELMONTE 25 Jun 13:28 > 13:30, 00:01 00% Quit <GAMES>
IAN 25 Jun 14:07 > 14:08, 00:01 02% Quit <GAMES>
TODD 9 Aug 20:49 > 20:51, 00:02 01% Quit <GAMES>
STEVE 15 Aug 10:55 > 11:00, 00:06 01% Died <GAMES>
STEVE 15 Aug 12:16 > 12:27, 00:18 02% Quit <GAMES>
HSS 5 Nov 16:35 > 16:35, 00:00 00% Quit <GAMES>
IAN 8 Feb 12:42 > 12:42, 00:00 00% Died <GAMES>
HSS 20 Feb 22:38 > 22:38, 00:00 00% Quit <GAMES>
HSS 20 Feb 22:38 > 22:44, 00:17 04% Died <GAMES>
FMC 14 Jun 17:44 > 17:44, 00:00 00% Quit <GAMES>
