
	LAURENCE	 April 22 at 4:46 PM
Played for 8 minutes, and 58 seconds.
29 points, 79 moves, 1 death.  In Entrance to Hades. Quit.


	LAURENCE	 April 22 at 4:53 PM
Played for 5 minutes, and 40 seconds.
5 points, 129 moves, 0 deaths.  In Up a Tree. Quit.
	LAURENCE	 April 22 at 5:08 PM
Played for 6 seconds.
0 points, 1 move, 0 deaths.  In West of House. Saved.
	LAURENCE	 April 22 at 6:45 PM
Played for 31 minutes, and 8 seconds.
46 points, 593 moves, 1 death.  In Engravings Cave. Quit.
/TR
	LAURENCE	 April 22 at 6:59 PM
Played for 32 seconds.
0 points, 3 moves, 0 deaths.  In West of House. Quit.


	LAURENCE	 April 22 at 7:04 PM
Played for 2 minutes, and 18 seconds.
49 points, 51 moves, 0 deaths.  In Small Room. Quit.
	LAURENCE	 April 22 at 7:34 PM
Played for 9 minutes, and 57 seconds.
40 points, 149 moves, 0 deaths.  In Loud Room. Quit.
/TR
	MIKE	 April 30 at 10:59 PM
Played for 9 minutes, and 22 seconds.
0 points, 61 moves, 1 death.  In Temple. Quit.


	WINOGRAD	 May 14 at 12:35 PM
Played for 4 minutes, and 58 seconds.
0 points, 48 moves, 1 death.  In Entrance to Hades. Quit.
	SCOTT	 May 20 at 7:32 PM
Played for 2 hours, 2 minutes, and 3 seconds.
15 points, 373 moves, 0 deaths.  In End of Rainbow. Saved.
	SCOTT	 May 26 at 8:32 PM
Played for 1 hour, 26 seconds.
15 points, 637 moves, 0 deaths.  In Clearing. Quit.

	SCOTT	 May 26 at 8:40 PM
Played for 29 seconds.
0 points, 2 moves, 0 deaths.  In West of House. Quit.


	KIPARSKY	 June 3 at 7:29 PM
Played for 2 minutes, and 8 seconds.
0 points, 5 moves, 0 deaths.  In West of House. Quit.

	KIPARSKY	 June 3 at 8:01 PM
Played for 18 minutes, and 33 seconds.
54 points, 219 moves, 0 deaths.  In Maze. Quit.
/TR/
	POSER	 June 3 at 10:19 PM
Played for 27 seconds.
0 points, 2 moves, 0 deaths.  In West of House. Quit.

	SCOTT	 June 4 at 12:49 AM
Played for 20 minutes, and 34 seconds.
5 points, 118 moves, 0 deaths.  In South of House. Quit.


	KC	 June 7 at 11:10 AM
Played for 40 minutes, and 22 seconds.
15 points, 350 moves, 0 deaths.  In Forest. Quit.


	BRYAN	 June 20 at 9:08 AM
Played for 50 seconds.
0 points, 4 moves, 0 deaths.  In West of House. Quit.

	SATZ	 July 8 at 9:54 PM
Played for 13 seconds.
0 points, 2 moves, 0 deaths.  In West of House. Quit.

