
[PHOTO:  Recording initiated  Sun 11-Jun-89 6:52AM]

LINK FROM KLH, TTY 244

 TOPS-20 Command processor 6.1(273)
 End of <KLH>COMAND.CMD.14
@CC: -q -o=NCC -Hc: -Hcinc: -L=/SET:.HIGH.:500000 @CKCC:00KCC.CCL
KCC:	CC
<KLH.PORT.WTS>CC.PRE.1
<KLH.PORT.WTS>CC.FAI.1

KCC:	CCASMB
<KLH.PORT.WTS>CCASMB.PRE.1
<KLH.PORT.WTS>CCASMB.FAI.1
FAIL:  CCASMB
KCC:	CCCODE
<KLH.PORT.WTS>CCCODE.PRE.1
<KLH.PORT.WTS>CCCODE.FAI.1
FAIL:  CCCODE
KCC:	CCCREG
<KLH.PORT.WTS>CCCREG.PRE.1
<KLH.PORT.WTS>CCCREG.FAI.1
FAIL:  CCCREG
KCC:	CCCSE
<KLH.PORT.WTS>CCCSE.PRE.1
<KLH.PORT.WTS>CCCSE.FAI.1

KCC:	CCDATA
<KLH.PORT.WTS>CCDATA.PRE.1
<KLH.PORT.WTS>CCDATA.FAI.1
FAIL:  CCDATA
KCC:	CCDECL
<KLH.PORT.WTS>CCDECL.PRE.1
<KLH.PORT.WTS>CCDECL.FAI.1
FAIL:  CCDECL
KCC:	CCDUMP
<KLH.PORT.WTS>CCDUMP.PRE.1
<KLH.PORT.WTS>CCDUMP.FAI.1
FAIL:  CCDUMP
KCC:	CCERR
<KLH.PORT.WTS>CCERR.PRE.1
<KLH.PORT.WTS>CCERR.FAI.1

KCC:	CCEVAL
<KLH.PORT.WTS>CCEVAL.PRE.1
<KLH.PORT.WTS>CCEVAL.FAI.1
FAIL:  CCEVAL
KCC:	CCFOLD
<KLH.PORT.WTS>CCFOLD.PRE.1
<KLH.PORT.WTS>CCFOLD.FAI.1
FAIL:  CCFOLD
KCC:	CCGEN
<KLH.PORT.WTS>CCGEN.PRE.1
<KLH.PORT.WTS>CCGEN.FAI.1

KCC:	CCGEN1
<KLH.PORT.WTS>CCGEN1.PRE.1
<KLH.PORT.WTS>CCGEN1.FAI.1
FAIL:  CCGEN1
KCC:	CCGEN2
<KLH.PORT.WTS>CCGEN2.PRE.1
<KLH.PORT.WTS>CCGEN2.FAI.1
FAIL:  CCGEN2
KCC:	CCGSWI
<KLH.PORT.WTS>CCGSWI.PRE.1
<KLH.PORT.WTS>CCGSWI.FAI.1
FAIL:  CCGSWI
KCC:	CCINP
<KLH.PORT.WTS>CCINP.PRE.1
<KLH.PORT.WTS>CCINP.FAI.1

KCC:	CCJSKP
<KLH.PORT.WTS>CCJSKP.PRE.1
<KLH.PORT.WTS>CCJSKP.FAI.1
FAIL:  CCJSKP
KCC:	CCLEX
<KLH.PORT.WTS>CCLEX.PRE.1
<KLH.PORT.WTS>CCLEX.FAI.1

KCC:	CCOPT
<KLH.PORT.WTS>CCOPT.PRE.1
<KLH.PORT.WTS>CCOPT.FAI.1

KCC:	CCOUT
<KLH.PORT.WTS>CCOUT.PRE.1
<KLH.PORT.WTS>CCOUT.FAI.1

KCC:	CCREG
<KLH.PORT.WTS>CCREG.PRE.1
<KLH.PORT.WTS>CCREG.FAI.1

KCC:	CCSTMT
<KLH.PORT.WTS>CCSTMT.PRE.1
<KLH.PORT.WTS>CCSTMT.FAI.1
FAIL:  CCSTMT
KCC:	CCSYM
<KLH.PORT.WTS>CCSYM.PRE.1
<KLH.PORT.WTS>CCSYM.FAI.1

KCC:	CCTYPE
<KLH.PORT.WTS>CCTYPE.PRE.1
<KLH.PORT.WTS>CCTYPE.FAI.1
FAIL:  CCTYPE
LINK:	Loading
@VDIR NCC.EXE.0

   KL:<KLH.PORT.WTS>
 NCC.EXE.3;P777700        167 85504(36)  11-Jun-89 06:58:17 KLH       
@POP

[PHOTO:  Recording terminated  Sun 11-Jun-89 6:58AM]
