
[PHOTO:  Recording initiated  Sun 11-Jun-89 6:42AM]

LINK FROM KLH, TTY 244

 TOPS-20 Command processor 6.1(273)
 End of <KLH>COMAND.CMD.14
@!	Compile general utility routines
@CC: -c -q -x=macro -Hc: -Hcinc: @cgen:0gen.ccl
KCC:	abort
MACRO:	abort

EXIT
KCC:	atoi
MACRO:	atoi

EXIT
KCC:	bsearc
MACRO:	bsearc

EXIT
KCC:	clock
MACRO:	clock

EXIT
KCC:	cpu
MACRO:	cpu

EXIT
KCC:	crt
MACRO:	crt

EXIT
KCC:	ctermi
MACRO:	ctermi

EXIT
KCC:	ctime
MACRO:	ctime

EXIT
KCC:	ctype
MACRO:	ctype

EXIT
KCC:	getcwd
MACRO:	getcwd

EXIT
KCC:	getenv
MACRO:	getenv

EXIT
KCC:	gethst
MACRO:	gethst

EXIT
KCC:	getlog
MACRO:	getlog

EXIT
KCC:	getopt
MACRO:	getopt

EXIT
KCC:	getpw
MACRO:	getpw

EXIT
KCC:	jsys
MACRO:	jsys

EXIT
KCC:	libckx
MACRO:	libckx

EXIT
KCC:	ljerr
MACRO:	ljerr

EXIT
KCC:	malloc
MACRO:	malloc

EXIT
KCC:	memstr
MACRO:	memstr

EXIT
KCC:	muuo
MACRO:	muuo

EXIT
KCC:	onexit
MACRO:	onexit

EXIT
KCC:	psigna
MACRO:	psigna

EXIT
KCC:	qsort
MACRO:	qsort

EXIT
KCC:	setjmp
MACRO:	setjmp

EXIT
KCC:	ssigna
MACRO:	ssigna

EXIT
KCC:	strerr
MACRO:	strerr

EXIT
KCC:	string
MACRO:	string

EXIT
KCC:	strung
MACRO:	strung

EXIT
KCC:	system
MACRO:	system

EXIT
KCC:	ttynam
MACRO:	ttynam

EXIT
@!	Compile stdio routines
@CC: -c -q -x=macro -Hc: -Hcinc: @cstdio:0stdio.ccl
KCC:	cleanu
MACRO:	cleanu

EXIT
KCC:	fclose
MACRO:	fclose

EXIT
KCC:	fdopen
MACRO:	fdopen

EXIT
KCC:	fflush
MACRO:	fflush

EXIT
KCC:	fgetc
MACRO:	fgetc

EXIT
KCC:	fgets
MACRO:	fgets

EXIT
KCC:	fopen
MACRO:	fopen

EXIT
KCC:	fputc
MACRO:	fputc

EXIT
KCC:	fputs
MACRO:	fputs

EXIT
KCC:	fread
MACRO:	fread

EXIT
KCC:	freope
MACRO:	freope

EXIT
KCC:	fseek
MACRO:	fseek

EXIT
KCC:	ftell
MACRO:	ftell

EXIT
KCC:	fwrite
MACRO:	fwrite

EXIT
KCC:	gets
MACRO:	gets

EXIT
KCC:	getw
MACRO:	getw

EXIT
KCC:	mktemp
MACRO:	mktemp

EXIT
KCC:	perror
MACRO:	perror

EXIT
KCC:	printf
MACRO:	printf

EXIT
KCC:	puts
MACRO:	puts

EXIT
KCC:	putw
MACRO:	putw

EXIT
KCC:	remove
MACRO:	remove

EXIT
KCC:	rewind
MACRO:	rewind

EXIT
KCC:	scanf
MACRO:	scanf

EXIT
KCC:	setbuf
MACRO:	setbuf

EXIT
KCC:	sopen
MACRO:	sopen

EXIT
KCC:	tmpfil
MACRO:	tmpfil

EXIT
KCC:	tmpnam
MACRO:	tmpnam

EXIT
KCC:	ungetc
MACRO:	ungetc

EXIT
@!	Compile math routines
@CC: -c -q -x=macro -Hc: -Hcinc: @cmath:0math.ccl
KCC:	abs
MACRO:	abs

EXIT
KCC:	acos
MACRO:	acos

EXIT
KCC:	asin
MACRO:	asin

EXIT
KCC:	atan
MACRO:	atan

EXIT
KCC:	atan2
MACRO:	atan2

EXIT
KCC:	ceil
MACRO:	ceil

EXIT
KCC:	cos
MACRO:	cos

EXIT
KCC:	cosh
MACRO:	cosh

EXIT
KCC:	div
MACRO:	div

EXIT
KCC:	exp
MACRO:	exp

EXIT
KCC:	fabs
MACRO:	fabs

EXIT
KCC:	floor
MACRO:	floor

EXIT
KCC:	fmod
MACRO:	fmod

EXIT
KCC:	frexp
MACRO:	frexp

EXIT
KCC:	labs
MACRO:	labs

EXIT
KCC:	ldexp
MACRO:	ldexp

EXIT
KCC:	log
MACRO:	log

EXIT
KCC:	log10
MACRO:	log10

EXIT
KCC:	modf
MACRO:	modf

EXIT
KCC:	poly
MACRO:	poly

EXIT
KCC:	pow
MACRO:	pow

EXIT
KCC:	rand
MACRO:	rand

EXIT
KCC:	sign
MACRO:	sign

EXIT
KCC:	sin
MACRO:	sin

EXIT
KCC:	sinh
MACRO:	sinh

EXIT
KCC:	sqrt
MACRO:	sqrt

EXIT
KCC:	tan
MACRO:	tan

EXIT
KCC:	tanh
MACRO:	tanh

EXIT
KCC:	xexp
MACRO:	xexp

EXIT
KCC:	xmant
MACRO:	xmant

EXIT
@!	Compile un*x syscalls (1st half)
@CC: -c -q -x=macro -Hc: -Hcinc: @cusys:0usys1.ccl
KCC:	access
MACRO:	access

EXIT
KCC:	alarm
MACRO:	alarm

EXIT
KCC:	chdir
MACRO:	chdir

EXIT
KCC:	chmod
MACRO:	chmod

EXIT
KCC:	chown
MACRO:	chown

EXIT
KCC:	close
MACRO:	close

EXIT
KCC:	dup
MACRO:	dup

EXIT
KCC:	exit
MACRO:	exit

EXIT
KCC:	fcntl
MACRO:	fcntl

EXIT
KCC:	forkex
MACRO:	forkex

EXIT
KCC:	getpid
MACRO:	getpid

EXIT
KCC:	getuid
MACRO:	getuid

EXIT
KCC:	ioctl
MACRO:	ioctl

EXIT
KCC:	lseek
MACRO:	lseek

EXIT
@!	Compile un*x syscalls (2nd half)
@CC: -c -q -x=macro -Hc: -Hcinc: @cusys:0usys2.ccl
KCC:	open
MACRO:	open

EXIT
KCC:	pause
MACRO:	pause

EXIT
KCC:	pipe
MACRO:	pipe

EXIT
KCC:	read
MACRO:	read

EXIT
KCC:	rename
MACRO:	rename

EXIT
KCC:	sbrk
MACRO:	sbrk

EXIT
KCC:	sgtty
MACRO:	sgtty

EXIT
KCC:	sigdat
MACRO:	sigdat

EXIT
KCC:	signal
MACRO:	signal

EXIT
KCC:	sigvec
MACRO:	sigvec

EXIT
KCC:	sleep
MACRO:	sleep

EXIT
KCC:	stat
MACRO:	stat

EXIT
KCC:	time
MACRO:	time

EXIT
KCC:	times
MACRO:	times

EXIT
KCC:	uiodat
MACRO:	uiodat

EXIT
KCC:	unlink
MACRO:	unlink

EXIT
KCC:	urt
MACRO:	urt

EXIT
KCC:	urtsud
MACRO:	urtsud

EXIT
KCC:	utime
MACRO:	utime

EXIT
KCC:	wait
MACRO:	wait

EXIT
KCC:	write
MACRO:	write

EXIT
@!	Now build library.  Includes everything except LIBCKX.
@maklib
*libc=@clib:libc.ccl
*libc.poi=libc/points
*^Z
@
@pop

[PHOTO:  Recording terminated  Sun 11-Jun-89 6:52AM]
