
			28-Dec-82 13:01:30

BATCON Version	104(4143)			GLXLIB Version	1(527)

	    Job COPY-D Req #18 for ROBERT in Stream 0

	OUTPUT:	 Nolog				TIME-LIMIT: 0:16:40
	UNIQUE:	 Yes				BATCH-LOG:  Supersede
	RESTART: No				ASSISTANCE: Yes
						SEQUENCE:   1503

	Input from => PS:<ROBERT.XX>COPY-DUMP.CTL.2
	Output to  => SSY:<BERLIN.M5>COPY-DUMP.LOG



13:01:32 MONTR	 MIT-XX System, TOPS-20 Monitor 5(5707)
13:01:32 MONTR	@SET TIME-LIMIT 1000
13:01:32 MONTR	
13:01:32 MONTR	@LOGIN ROBERT PT
13:01:32 MONTR	 Job 28 on TTY142 28-Dec-82 13:01
13:01:32 MONTR	 Previous login: 28-Dec-82 12:41
13:01:33 MONTR	 [Job 5 also logged in under Robert]
13:01:35 MONTR	@
13:01:35 MONTR	[SSY Mounted]
13:01:35 MONTR	
13:01:35 MONTR	[CONNECTED TO SSY:<BERLIN.M5>]
13:01:35 MONTR	@ENABLE
13:01:36 MONTR	 !@COPY PS:<SYSTEM>DUMP.CPY.1 SS:<DUMPS>12-23-DUMP.EXE
13:01:37 MONTR	 PS:<SYSTEM>DUMP.CPY.1 => SS:<DUMPS>12-23-DUMP.EXE.1 [OK]
13:03:55 MONTR	 !
13:03:56 MONTR	Killed by OPERATOR, TTY 132
13:03:56 MONTR	Logout Job 28, User ROBERT, Account PT, TTY 142,
13:03:56 MONTR	  at 28-Dec-82 13:03:56,  Used 0:00:33 in 0:02:23
