
			18-Jul-89 15:41:12

BATCON Version	5(6063)			GLXLIB Version	5(1247)

	    Job HPDSPL Req #172 for MKL in Stream 1

	OUTPUT:	 Nolog				TIME-LIMIT: 4:00:00
	UNIQUE:	 Yes				BATCH-LOG:  Supersede
	RESTART: No				ASSISTANCE: Yes
	ACCOUNT: CF                             SEQUENCE:   2842

	Input from => SRC:<5-GALAXY>HPDSPL.CTL.2
	Output to  => SRC:<5-GALAXY>HPDSPL.LOG



15:41:13 MONTR	 SRI-NIC, TOPS-20 Monitor 7(21240)-4
15:41:13 MONTR	 Job 19 on TTY130 18-Jul-89  3:41pm
15:41:16 MONTR	 $
15:41:16 MONTR	[Connected to SRC:<5-GALAXY>]
15:41:17 MONTR	ena
15:41:18 MONTR	 $cd src:<5-galaxy>
15:41:18 MONTR	
15:41:18 MONTR	 $def rel: dsk:
15:41:19 MONTR	
15:41:19 MONTR	 $comp hpdspl.mac
15:41:23 USER	MACRO:	HPDSPL
16:10:50 USER	
16:10:50 USER	EXIT
16:10:50 MONTR	 $link
16:10:54 USER	**@hpdspl.ccl
16:11:01 USER	%LNKMDS	Multiply-defined global symbol .STKST
16:11:01 USER		Detected in module MACREL from file PS:<SUBSYS>MACREL.REL.6
16:11:01 USER		Defined value = 21652, this value = 31625
16:11:01 USER	%LNKMDS	Multiply-defined global symbol .TRSET
16:11:01 USER		Detected in module MACREL from file PS:<SUBSYS>MACREL.REL.6
16:11:01 USER		Defined value = 21654, this value = 31665
16:11:03 MONTR	 $
		
16:11:03 MONTR	
16:11:08 MONTR	Killed by OPERATOR, TTY 107
16:11:08 MONTR	Killed Job 19, User MKL, TTY 130, at 18-Jul-89 16:11:07
16:11:08 MONTR	 Used 0:03:48 in 0:29:55
