
[PHOTO:  Recording initiated  Sat 7-May-88 2:32am]

!DEFINE EXEC: SRC:<6-1-EXEC>
!DEFINE MON: SRC:<6-1-MONITOR>
!DEFINE G: SRC:<5-GALAXY>
!DEFINE R: EXEC:
!DEFINE SYS: MON:, G:, SYS:
!DEFINE REL: SYS:
!TAKE ASEXEC.CMD
MACRO:	EXECCA
jY8 Sat  7-May-88  2:32am   load  3.87^0.78   Kk
EXIT
MACRO:	EXECHS
jY8 Sat  7-May-88  2:33am   load  4.47/0.57   KkjY8 Sat  7-May-88  2:34am   load  4.88^0.77   Kk
EXIT
 End of ASEXEC.CMD.4
!LINK
*@ASEXEC.CCL
[LNKLMN	Loading module EXECDE from file EXECGL.REL.22]
[LNKLMN	Loading module EXECPR from file EXECPR.REL.14]
jY8 Sat  7-May-88  2:35am   load  5.17/0.55   Kk[LNKLMN	Loading module EXECVR from file EXECVR.REL.10]
[LNKLMN	Loading module EXEC0 from file EXEC0.REL.18]
[LNKLMN	Loading module EXECCA from file EXECCA.REL.30]
[LNKLMN	Loading module EXEC1 from file EXEC1.REL.29]
[LNKLMN	Loading module EXECSE from file EXECSE.REL.6]
[LNKLMN	Loading module EXECMT from file EXECMT.REL.2]
[LNKLMN	Loading module EXECP from file EXECP.REL.2]
[LNKLMN	Loading module EXECIN from file EXECIN.REL.6]
[LNKLMN	Loading module EXEC2 from file EXEC2.REL.2]
[LNKLMN	Loading module EXEC3 from file EXEC3.REL.6]
[LNKLMN	Loading module EXEC4 from file EXEC4.REL.2]
[LNKLMN	Loading module EXECED from file EXECED.REL.2]
[LNKLMN	Loading module EXECCS from file EXECCS.REL.2]
[LNKLMN	Loading module EXECQU from file EXECQU.REL.32]
[LNKLMN	Loading module EXECSU from file EXECSU.REL.10]
[LNKLMN	Loading module EXECNC from file EXECNC.REL.40]
[LNKLMN	Loading module EXECHS from file EXECHS.REL.4]
[LNKLMN	Loading module EXECTT from file EXECTT.REL.2]
[LNKLMN	Loading module EXECPM from file EXECPM.REL.2]
[LNKLMN	Loading module EXECPS from file EXECPS.REL.2]
[LNKLMN	Loading module EXECPI from file EXECPI.REL.1]
[LNKLMN	Loading module EXECPC from file EXECPC.REL.1]
[LNKLMN	Loading module EXECPX from file EXECPX.REL.1]
[LNKLMN	Loading module EXECPU from file EXECPU.REL.1]
[LNKLMN	Loading module MACREL from file PS:<SUBSYS>MACREL.REL.6]
[LNKLMN	Loading module EXECMI from file EXECMI.REL.11]
!GET EXEC
!START

Data seg: 18. Pages
          187. Words free

Pure seg: 137.+39. Pages + symbols
          103. Words to next page boundary

Save symbols? Y

Saving EXEC on file: EXEC.EXE.18 [OK]
!POP

[PHOTO:  Recording terminated Sat 7-May-88 2:36am]
