
			13-Aug-90 20:00:00

BATCON Version	5(6063)			GLXLIB Version	5(1247)

	    Job EXEC Req #143 for FMC in Stream 0

	OUTPUT:	 Nolog				TIME-LIMIT: 6:00:00
	UNIQUE:	 Yes				BATCH-LOG:  Supersede
	RESTART: No				ASSISTANCE: Yes
	ACCOUNT: OPS                            SEQUENCE:   3790

	Input from => SRC:<6-1-EXEC>EXEC.CTL
	Output to  => SRC:<6-1-EXEC>EXEC.LOG



20:00:01 MONTR	 SRI-NIC, TOPS-20 Monitor 7(21245)-4
20:00:01 MONTR	 Job 21 on TTY126 13-Aug-90  8:00pm
20:00:09 MONTR	 $
20:00:09 MONTR	[Connected to SRC:<6-1-EXEC>]
20:00:11 MONTR	@ENABLE
20:00:15 MONTR	 $@DEFINE EXEC: SRC:<6-1-EXEC>
20:00:15 MONTR	
20:00:15 MONTR	 $@DEFINE MON: SRC:<6-1-MONITOR>
20:00:15 MONTR	
20:00:15 MONTR	 $@DEFINE G: SRC:<5-GALAXY>
20:00:16 MONTR	
20:00:16 MONTR	 $@DEFINE R: EXEC:
20:00:16 MONTR	
20:00:16 MONTR	 $@DEFINE SYS: MON:, G:, SYS:
20:00:16 MONTR	
20:00:16 MONTR	 $@DEFINE REL: SYS:
20:00:16 MONTR	
20:00:16 MONTR	 $@CONNECT EXEC:
20:00:16 MONTR	
20:00:16 MONTR	 $@TAKE ASEXEC.CMD
20:00:16 MONTR	
20:00:26 USER	MACRO:	EXEC1
20:03:11 USER	
20:03:11 USER	EXIT
20:03:16 MONTR	 End of ASEXEC.CMD.4
20:03:16 MONTR	 $@LINK
20:03:22 USER	**@ASEXEC.CCL
20:03:25 USER	[LNKLMN	Loading module EXECDE from file EXECGL.REL.24]
20:03:25 USER	[LNKLMN	Loading module EXECPR from file EXECPR.REL.14]
20:03:26 USER	[LNKLMN	Loading module EXECVR from file EXECVR.REL.12]
20:03:26 USER	[LNKLMN	Loading module EXEC0 from file EXEC0.REL.19]
20:03:27 USER	[LNKLMN	Loading module EXECCA from file EXECCA.REL.40]
20:03:28 USER	[LNKLMN	Loading module EXEC1 from file EXEC1.REL.40]
20:03:29 USER	[LNKLMN	Loading module EXECSE from file EXECSE.REL.6]
20:03:30 USER	[LNKLMN	Loading module EXECMT from file EXECMT.REL.2]
20:03:31 USER	[LNKLMN	Loading module EXECP from file EXECP.REL.2]
20:03:32 USER	[LNKLMN	Loading module EXECIN from file EXECIN.REL.6]
20:03:32 USER	[LNKLMN	Loading module EXEC2 from file EXEC2.REL.2]
20:03:33 USER	[LNKLMN	Loading module EXEC3 from file EXEC3.REL.9]
20:03:33 USER	[LNKLMN	Loading module EXEC4 from file EXEC4.REL.2]
20:03:34 USER	[LNKLMN	Loading module EXECED from file EXECED.REL.2]
20:03:36 USER	[LNKLMN	Loading module EXECCS from file EXECCS.REL.2]
20:03:39 USER	[LNKLMN	Loading module EXECQU from file EXECQU.REL.37]
20:03:45 USER	[LNKLMN	Loading module EXECSU from file EXECSU.REL.11]
20:03:48 USER	[LNKLMN	Loading module EXECNC from file EXECNC.REL.44]
20:03:48 USER	[LNKLMN	Loading module EXECHS from file EXECHS.REL.1]
20:03:51 USER	[LNKLMN	Loading module EXECTT from file EXECTT.REL.3]
20:03:51 USER	[LNKLMN	Loading module EXECPM from file EXECPM.REL.2]
20:03:52 USER	[LNKLMN	Loading module EXECPS from file EXECPS.REL.2]
20:03:52 USER	[LNKLMN	Loading module EXECPI from file EXECPI.REL.1]
20:03:53 USER	[LNKLMN	Loading module EXECPC from file EXECPC.REL.1]
20:03:54 USER	[LNKLMN	Loading module EXECPX from file EXECPX.REL.1]
20:03:55 USER	[LNKLMN	Loading module EXECPU from file EXECPU.REL.1]
20:03:56 USER	[LNKLMN	Loading module MACREL from file PS:<SUBSYS>MACREL.REL.6]
20:03:56 USER	[LNKLMN	Loading module EXECMI from file EXECMI.REL.11]
20:04:18 MONTR	 $@GET EXEC
20:04:20 MONTR	
20:04:20 MONTR	 $@START
20:04:20 USER	
20:04:20 USER	Data seg: 18. Pages
20:04:20 USER	          187. Words free
20:04:20 USER	
20:04:20 USER	Pure seg: 137.+39. Pages + symbols
20:04:20 USER	          103. Words to next page boundary
20:04:20 USER	
20:04:20 USER	Save symbols? *Y
20:04:21 USER	
20:04:21 USER	Saving EXEC on file: EXEC.EXE.4 [OK]
20:04:25 MONTR	 $@
20:04:25 MONTR	 $
20:04:28 MONTR	Killed by OPERATOR, TTY 107
20:04:28 MONTR	Killed Job 21, User FMC, TTY 126, at 13-Aug-90 20:04:28
20:04:28 MONTR	 Used 0:00:52 in 0:04:26
