
[PHOTO:  Recording initiated  Thu 9-May-85 9:21am]

2!ENABLE
2!DEFINE SYS: SRC:<STANFORD.FTP>, SYS:          ! Search correct libraries
2!COMPILE FTPDEF.MAC                             ! Definitions
MACRO:  FTPDEF

EXIT
2!COMPILE HSTNAM.MAC                             ! Host name stuff
MACRO:  HSTNAM

EXIT
2!COMPILE FTP.MAC                                ! Main program
MACRO:  FTP

EXIT
2!COMPILE FTPLUD.MAC,FTPPRO.MAC,FTPUTL.MAC,FTPDIR.MAC    ! Common routines
MACRO:  FTPLUD
MACRO:  FTPPRO
MACRO:  FTPUTL
MACRO:  FTPDIR

EXIT
2!COMPILE TCPFTP.MAC,TCPDAT.MAC,TCPXFR.MAC       ! TCP routines
MACRO:  TCPFTP
MACRO:  TCPDAT
MACRO:  TCPXFR

EXIT
2!LOAD FTP.REL
LINK:   Loading
2!GET FTP.EXE
2!START FTPINI

Address Space:

PSECT     Start    End   Length   Free  Limit

CODE       1000   31364   30365   36413
GDATA     70000   67777       0   10000
DATA     100000  104367    4370   13410
DATPAG   120000  124777    5000  653000 777777

There are 653 (octal) free pages.
Saving as FTP.EXE.4 [OK]
2!POP

[PHOTO:  Recording terminated Thu 9-May-85 9:28am]
