
[PHOTO:  Recording initiated  Tue 6-Mar-90 5:39pm]

 End of PS:<KLH>COMAND.CMD.4
@KCC: -q -o=NCC -Hc: -Hcinc: -hcsys: -hcincs: -L=/SET:.HIGH.:450000 @CKCC:KCC.C
CL
KCC:    CC
<C.X10>CC.PRE.1
<C.X10>CC.FAI.1
FAIL:  CC
KCC:    CCCODE
<C.X10>CCCODE.PRE.1
<C.X10>CCCODE.FAI.1
FAIL:  CCCODE
KCC:    CCCREG
<C.X10>CCCREG.PRE.1
<C.X10>CCCREG.FAI.1
FAIL:  CCCREG
KCC:    CCCSE
<C.X10>CCCSE.PRE.1
<C.X10>CCCSE.FAI.1
FAIL:  CCCSE
KCC:    CCDATA
<C.X10>CCDATA.PRE.1
<C.X10>CCDATA.FAI.1
FAIL:  CCDATA
KCC:    CCDECL
<C.X10>CCDECL.PRE.1
<C.X10>CCDECL.FAI.1
FAIL:  CCDECL
KCC:    CCERR
<C.X10>CCERR.PRE.1
<C.X10>CCERR.FAI.1
FAIL:  CCERR
KCC:    CCEVAL
<C.X10>CCEVAL.PRE.1
<C.X10>CCEVAL.FAI.1
FAIL:  CCEVAL
KCC:    CCGEN
<C.X10>CCGEN.PRE.1
<C.X10>CCGEN.FAI.1
FAIL:  CCGEN
KCC:    CCGEN1
<C.X10>CCGEN1.PRE.1
<C.X10>CCGEN1.FAI.1
FAIL:  CCGEN1
KCC:    CCGEN2
<C.X10>CCGEN2.PRE.1
<C.X10>CCGEN2.FAI.1
FAIL:  CCGEN2
KCC:    CCGSWI
<C.X10>CCGSWI.PRE.1
<C.X10>CCGSWI.FAI.1
FAIL:  CCGSWI
KCC:    CCPP
<C.X10>CCPP.PRE.1
<C.X10>CCPP.FAI.1
FAIL:  CCPP
KCC:    CCJSKP
<C.X10>CCJSKP.PRE.1
<C.X10>CCJSKP.FAI.1
FAIL:  CCJSKP
KCC:    CCLEX
<C.X10>CCLEX.PRE.1
<C.X10>CCLEX.FAI.1
FAIL:  CCLEX
KCC:    CCNODE
<C.X10>CCNODE.PRE.1
<C.X10>CCNODE.FAI.1
FAIL:  CCNODE
KCC:    CCOPT
<C.X10>CCOPT.PRE.1
<C.X10>CCOPT.FAI.1
FAIL:  CCOPT
KCC:    CCOUT
<C.X10>CCOUT.PRE.1
<C.X10>CCOUT.FAI.1
FAIL:  CCOUT
KCC:    CCREG
<C.X10>CCREG.PRE.1
<C.X10>CCREG.FAI.1
FAIL:  CCREG
KCC:    CCSTMT
<C.X10>CCSTMT.PRE.1
<C.X10>CCSTMT.FAI.1
FAIL:  CCSTMT
KCC:    CCSYM
<C.X10>CCSYM.PRE.1
<C.X10>CCSYM.FAI.1
FAIL:  CCSYM
KCC:    CCTYPE
<C.X10>CCTYPE.PRE.1
<C.X10>CCTYPE.FAI.1
FAIL:  CCTYPE
KCC:    CCASMB
<C.X10>CCASMB.PRE.1
<C.X10>CCASMB.FAI.1
FAIL:  CCASMB
LINK:   Loading
@VDIR NCC.EXE.0

   FS:<C.X10>
 NCC.EXE.1;P777700        194 99328(36)   6-Mar-90 18:36:28 KLH       

 Total of 194 pages in 1 file
@POP

[PHOTO:  Recording terminated Tue 6-Mar-90 6:36pm]
