
[PHOTO:  Recording initiated  Fri 20-Jul-90 3:31pm]

 End of PS:<KLH>COMAND.CMD.4
@!      Compile general utility routines
@KCC: -c -q -x=macro -Hc: -Hcinc: -hcsys: -hcincs: @cgen:gen.ccl
@!      Compile stdio routines
@KCC: -c -q -x=macro -Hc: -Hcinc: -hcsys: -hcincs: @cstdio:stdio.ccl
@!      Compile math routines
@KCC: -c -q -x=macro -Hc: -Hcinc: -hcsys: -hcincs: @cmath:math.ccl
@!      Compile un*x syscalls (1st half)
@KCC: -c -q -x=macro -Hc: -Hcinc: -hcsys: -hcincs: @cusys:usys1.ccl
@!      Compile un*x syscalls (2nd half)
@KCC: -c -q -x=macro -Hc: -Hcinc: -hcsys: -hcincs: @cusys:usys2.ccl
KCC:    write
"cusys:write.c", line 633: [Note] Auto "err" not used
       (_blkfin+33, p.15 l.203): ight place, no seek */ #endif     return 0; } 

MACRO:  write

EXIT
@!      Now build library.  Includes everything except LIBCKX.
@maklib
*libc=@clib:libc.ccl
*libc.poi=libc/points
*^Z
@
@pop

[PHOTO:  Recording terminated Fri 20-Jul-90 3:36pm]
