
[PHOTO:  Recording initiated  Thu 14-Jan-88 7:47am]

!debug.EXE.14 rfc718.txt > test.ps
 [1.56] [2.61] [3.1]
222208
3942400
5271552
5535744
[Reversing pages
Copying Header
Start = 0
Limit = 222208

0 %
1 !
2 P
3 S
4 -
5 A
6 d
7 o
8 b
9 e
10 -
11 1
12 .
13 0
14 
15 

16 %
17 %
18 D
19 o
20 c
21 u
22 m
23 e
24 n
25 t
26 F
27 o
28 n
29 t
30 s
31 :
32  
33 C
34 o
35 u
36 r
37 i
38 e
39 r
40 
41 

42 %
43 %
44 D
45 i
46 m
47 e
48 n
49 s
50 i
51 o
52 n
53 s
54 :
55  
56 0
57  
58 0
59  
60 6
61 1
62 2
63  
64 7
65 9
66 2
67 
68 

69 %
70 %
71 T
72 i
73 t
74 l
75 e
76 :
77  
78 D
79 E
80 B
81 U
82 G
83  
84 r
85 f
86 c
87 7
88 1
89 8
90 .
91 t
92 x
93 t
94 
95 

96 %
97 %
98 C
99 r
100 e
101 a
102 t
103 i
104 o
105 n
106 D
107 a
108 t
109 e
110 :
111  
112 T
113 h
114 u
115  
116 J
117 a
118 n
119  
120 1
121 4
122  
123 0
124 7
125 :
126 4
127 7
128 :
129 4
130 7
131  
132 1
133 9
134 8
135 8
136 
137 

138 %
139 %
140 C
141 r
142 e
143 a
144 t
145 o
146 r
147 :
148  
149 T
150 O
151 D
152 D
153 
154 

155 %
156 %
157 P
158 a
159 g
160 e
161 s
162 :
163  
164 (
165 a
166 t
167 e
168 n
169 d
170 )
171 
172 

173 %
174 %
175 E
176 n
177 d
178 C
179 o
180 m
181 m
182 e
183 n
184 t
185 s
186 
187 

188 s
189 a
190 v
191 e
192 
193 

194 %
195 %
196 E
197 n
198 d
199 P
200 r
201 o
202 l
203 o
204 g
205 
206 

207 %
208 %
209 P
210 a
211 g
212 e
213 :
214  
215 1
216  
217 1
218 
219 

220 s
221 a
222 v
223 e
224 
225 

226 /
227 O
228  
229 {
230 g
231 s
232 a
233 v
234 e
235  
236 s
237 h
238 o
239 w
240  
241 g
242 r
243 e
244 s
245 t
246 o
247 r
248 e
249 }
250  
251 d
252 e
253 f
254 
255 

256 /
257 P
258  
259 {
260 g
261 s
262 a
263 v
264 e
265  
266 s
267 h
268 o
269 w
270  
271 g
272 r
273 e
274 s
275 t
276 o
277 r
278 e
279  
280 0
281  
282 -
283 1
284 6
285 6
286 6
287 5
288  
289 r
290 m
291 o
292 v
293 e
294 t
295 o
296 }
297  
298 d
299 e
300 f
301 
302 

303 /
304 N
305  
306 {
307 /
308 C
309 o
310 u
311 r
312 i
313 e
314 r
315  
316 f
317 i
318 n
319 d
320 f
321 o
322 n
323 t
324  
325 1
326 5
327 2
328 7
329 7
330  
331 s
332 c
333 a
334 l
335 e
336 f
337 o
338 n
339 t
340  
341 s
342 e
343 t
344 f
345 o
346 n
347 t
348 }
349  
350 d
351 e
352 f
353 
354 

355 7
356 2
357  
358 1
359 0
360 0
361 0
362 0
363 0
364  
365 d
366 i
367 v
368  
369 7
370 2
371  
372 1
373 0
374 0
375 0
376 0
377 0
378  
379 d
380 i
381 v
382  
383 s
384 c
385 a
386 l
387 e
388 
389 

390 N
391 (
392 )
393 p
394 o
395 p
396 
397 

398 7
399 5
400 0
401 0
402 0
403  
404 1
405 0
406 5
407 2
408 0
409 8
410 5
411  
412 m
413 o
414 v
415 e
416 t
417 o
418 
419 

420 (
421 N
422 e
423 t
424 w
425 o
426 r
427 k
428  
429 W
430 o
431 r
432 k
433 i
434 n
435 g
436  
437 G
438 r
439 o
440 u
441 p
442  
443  
444  
445  
446  
447  
448  
449  
450  
451  
452  
453  
454  
455  
456  
457  
458  
459  
460  
461  
462  
463  
464  
465  
466  
467  
468  
469  
470  
471  
472  
473  
474  
475  
476  
477  
478  
479 J
480 o
481 n
482  
483 P
484 o
485 s
486 t
487 e
488 l
489  
490  
491 \
492 (
493 S
494 R
495 I
496 -
497 A
498 R
499 C
500 \
501 )
502 )
503 P
504 
505 

506 (
507 R
508 e
509 q
510 u
511 e
512 s
543745 t
543746  
543747 F
543748 o
543749 r
543750  
543751 C
543752 o
543753 m
543754 m
543755 e
543756 n
543757 t
543758 s
543759 :
543760  
543761 7
543762 1
543763 8
543764  
543765  
543766  
543767  
543768  
543769  
543770  
543771  
543772  
543773  
543774  
543775  
543776  
543777  
543778  
543779  
543780  
543781  
543782  
543783  
543784  
543785  
543786  
543787  
543788  
543789  
543790  
543791  
543792  
543793  
543794  
543795  
543796  
543797  
543798  
543799  
543800  
543801  
543802  
543803  
543804  
543805  
543806  
543807  
543808  
543809  
543810 J
543811 u
543812 n
543813  
543814 1
543815 9
543816 7
543817 6
543818 )
543819 P
543820 
543821 

543822 (
543823 N
543824 I
543825 C
543826  
543827 #
543828 3
543829 5
543830 8
543831 7
543832 4
543833 )
543834 P
543835 
543836 

543837 (
543838 )
543839 P
543840 
543841 

543842 (
543843 )
543844 P
543845 
543846 

543847 (
543848 )
543849 P
543850 
543851 

543852 (
543853 T
543854 h
543855 e
543856  
543857 f
543858 o
543859 l
543860 l
543861 o
543862 w
543863 i
543864 n
543865 g
543866  
543867 m
543868 e
543869 m
543870 o
543871  
543872 w
543873 a
543874 s
543875  
543876 a
543877  
543878 p
543879 a
543880 g
543881 e
543882  
543883 o
543884 f
543885  
543886 a
543887  
543888 d
543889 o
543890 c
543891 u
543892 m
543893 e
543894 n
543895 t
543896  
543897 d
543898 e
543899 s
543900 c
543901 r
543902 i
543903 b
543904 i
543905 n
543906 g
543907  
543908 c
543909 h
543910 a
543911 n
543912 g
543913 e
543914 s
543915  
543916 i
543917 n
543918 )
543919 P
543920 
543921 

543922 (
543923 v
543924 e
543925 r
543926 s
543927 i
543928 o
543929 n
543930  
543931 1
543932 .
543933 3
543934 4
543935  
543936 o
543937 f
543938  
543939 t
543940 h
543941 e
543942  
543943 T
543944 e
543945 n
543946 e
543947 x
543948  
543949 s
543950 y
543951 s
543952 t
543953 e
543954 m
543955 .
543956  
543957 I
543958  
543959 b
543960 e
543961 l
543962 i
543963 e
543964 v
543965 e
543966  
543967 t
543968 h
543969 a
543970 t
543971  
543972 t
543973 h
543974 e
543975  
543976 a
543977 u
543978 t
543979 h
543980 o
543981 r
543982  
543983 i
543984 s
543985  
543986 R
543987 a
543988 y
543989 )
543990 P
543991 
543992 

543993 (
543994 T
543995 o
543996 m
543997 l
543998 i
543999 n
544000 s
544001 o
544002 n
544003  
544004 o
544005 r
544006  
544007 s
544008 o
544009 m
544010 e
544011 o
544012 n
544013 e
544014  
544015 e
544016 l
544017 s
544018 e
544019  
544020 i
544021 n
544022  
544023 t
544024 h
544025 e
544026  
544027 B
544028 B
544029 N
544030 -
544031 R
544032 C
544033 C
544034  
544035 T
544036 e
544037 n
544038 e
544039 x
544040  
544041 g
544042 r
544043 o
544044 u
544045 p
544046 .
544047  
544048 I
544049 n
544050  
544051 a
544052 n
544053 y
544054  
544055 c
544056 a
544057 s
544058 e
544059  
544060 R
544061 a
544062 y
544063 )
544064 P
544065 
544066 

544067 (
544068 h
544069 a
544070 s
544071  
544072 a
544073 g
544074 r
544075 e
544076 e
544077 d
544078  
544079 t
544080 h
544081 a
544082 t
544083  
544084 t
544085 h
544086 e
544087 s
544088 e
544089  
544090 c
544091 o
544092 m
544093 m
544094 e
544095 n
544096 t
544097 s
544098  
544099 s
544100 h
544101 o
544102 u
544103 l
544104 d
544105  
544106 b
544107 e
544108  
544109 c
544110 i
544111 r
544112 c
544113 u
544114 l
544115 a
544116 t
544117 e
544118 d
544119  
544120 t
544121 o
544122  
544123 t
544124 h
544125 e
544126  
544127 t
544128 o
544129  
544130 t
544131 h
544132 e
544133 )
544134 P
544135 
544136 

544137 (
544138 n
544139 e
544140 t
544141 w
544142 o
544143 r
544144 k
544145  
544146 c
544147 o
544148 m
544149 m
544150 u
544151 n
544152 i
544153 t
544154 y
544155 ,
544156  
544157 r
544158 a
544159 t
544160 h
544161 e
544162 r
544163  
544164 t
544165 h
544166 a
544167 n
544168  
544169 t
544170 o
544171  
544172 o
544173 n
544174 l
544175 y
544176  
544177 t
544178 h
544179 e
544180  
544181 T
544182 e
544183 n
544184 e
544185 x
544186  
544187 c
544188 o
544189 m
544190 m
544191 u
544192 n
544193 i
544194 t
544195 y
544196 .
544197 )
544198 P
544199 
544200 

544201 (
544202 )
544203 P
544204 
544205 

544206 (
544207 )
544208 P
544209 
544210 

544211 (
544212  
544213  
544214  
544215  
544216  
544217  
544218  
544219  
544220  
544221 C
544222 o
544223 m
544224 m
544225 e
544226 n
544227 t
544228 s
544229  
544230 o
544231 n
544232  
544233 R
544234 C
544235 T
544236 E
544237  
544238 f
544239 r
544240 o
544241 m
544242  
544243 t
544244 h
544245 e
544246  
544247 T
544248 E
544249 N
544250 E
544251 X
544252  
544253 I
544254 m
544255 p
544256 l
1080321 e
1080322 m
1080323 e
1080324 n
1080325 t
1080326 a
1080327 t
1080328 i
1080329 o
1080330 n
1080331  
1080332 E
1080333 x
1080334 p
1080335 e
1080336 r
1080337 i
1080338 e
1080339 n
1080340 c
1080341 e
1080342 )
1080343 P
1080344 
1080345 

1080346 (
1080347 )
1080348 P
1080349 
1080350 

1080351 (
1080352 T
1080353 h
1080354 e
1080355  
1080356 c
1080357 o
1080358 d
1080359 e
1080360  
1080361 t
1080362 o
1080363  
1080364 i
1080365 m
1080366 p
1080367 l
1080368 e
1080369 m
1080370 e
1080371 n
1080372 t
1080373  
1080374 t
1080375 h
1080376 e
1080377  
1080378 R
1080379 C
1080380 T
1080381 E
1080382  
1080383 o
1080384 p
1080385 t
1080386 i
1080387 o
1080388 n
1080389  
1080390 o
1080391 f
1080392  
1080393 t
1080394 h
1080395 e
1080396  
1080397 n
1080398 e
1080399 w
1080400  
1080401 T
1080402 E
1080403 L
1080404 N
1080405 E
1080406 T
1080407  
1080408 p
1080409 r
1080410 o
1080411 t
1080412 o
1080413 c
1080414 o
1080415 l
1080416  
1080417 f
1080418 o
1080419 r
1080420 )
1080421 P
1080422 
1080423 

1080424 (
1080425 T
1080426 E
1080427 N
1080428 E
1080429 X
1080430  
1080431 h
1080432 a
1080433 s
1080434  
1080435 b
1080436 e
1080437 e
1080438 n
1080439  
1080440 c
1080441 o
1080442 m
1080443 p
1080444 l
1080445 e
1080446 t
1080447 e
1080448 d
1080449 .
1080450  
1080451 T
1080452 h
1080453 e
1080454  
1080455 R
1080456 C
1080457 T
1080458 E
1080459  
1080460 o
1080461 p
1080462 t
1080463 i
1080464 o
1080465 n
1080466  
1080467 p
1080468 e
1080469 r
1080470 m
1080471 i
1080472 t
1080473 s
1080474  
1080475 a
1080476  
1080477 r
1080478 e
1080479 d
1080480 u
1080481 c
1080482 t
1080483 i
1080484 o
1080485 n
1080486  
1080487 i
1080488 n
1080489  
1080490 n
1080491 e
1080492 t
1080493 w
1080494 o
1080495 r
1080496 k
1080497 )
1080498 P
1080499 
1080500 

1080501 (
1080502 t
1080503 r
1080504 a
1080505 f
1080506 f
1080507 i
1080508 c
1080509  
1080510 b
1080511 y
1080512  
1080513 d
1080514 e
1080515 f
1080516 e
1080517 r
1080518 r
1080519 i
1080520 n
1080521 g
1080522  
1080523 t
1080524 h
1080525 e
1080526  
1080527 t
1080528 r
1080529 a
1080530 n
1080531 s
1080532 m
1080533 i
1080534 s
1080535 s
1080536 i
1080537 o
1080538 n
1080539  
1080540 o
1080541 f
1080542  
1080543 c
1080544 h
1080545 a
1080546 r
1080547 a
1080548 c
1080549 t
1080550 e
1080551 r
1080552 s
1080553  
1080554 w
1080555 h
1080556 i
1080557 c
1080558 h
1080559  
1080560 w
1080561 i
1080562 l
1080563 l
1080564  
1080565 n
1080566 o
1080567 t
1080568  
1080569 c
1080570 a
1080571 u
1080572 s
1080573 e
1080574 )
1080575 P
1080576 
1080577 

1080578 (
1080579 t
1080580 h
1080581 e
1080582  
1080583 r
1080584 e
1080585 c
1080586 e
1080587 i
1080588 v
1080589 i
1080590 n
1080591 g
1080592  
1080593 u
1080594 s
1080595 e
1080596 r
1080597  
1080598 p
1080599 r
1080600 o
1080601 g
1080602 r
1080603 a
1080604 m
1080605  
1080606 t
1080607 o
1080608  
1080609 b
1080610 e
1080611  
1080612 a
1080613 c
1080614 t
1080615 i
1080616 v
1080617 a
1080618 t
1080619 e
1080620 d
1080621  
1080622 u
1080623 n
1080624 t
1080625 i
1080626 l
1080627  
1080628 a
1080629  
1080630 c
1080631 h
1080632 a
1080633 r
1080634 a
1080635 c
1080636 t
1080637 e
1080638 r
1080639  
1080640 w
1080641 h
1080642 i
1080643 c
1080644 h
1080645  
1080646 w
1080647 i
1080648 l
1080649 l
1080650 )
1080651 P
1080652 
1080653 

1080654 (
1080655 c
1080656 a
1080657 u
1080658 s
1080659 e
1080660  
1080661 t
1080662 h
1080663 e
1080664  
1080665 u
1080666 s
1080667 e
1080668 r
1080669  
1080670 p
1080671 r
1080672 o
1080673 g
1080674 r
1080675 a
1080676 m
1080677  
1080678 t
1080679 o
1080680  
1080681 b
1080682 e
1080683  
1080684 a
1080685 c
1080686 t
1080687 i
1080688 v
1080689 a
1080690 t
1080691 e
1080692 d
1080693 .
1080694  
1080695 A
1080696  
1080697 f
1080698 u
1080699 r
1080700 t
1080701 h
1080702 e
1080703 r
1080704  
1080705 r
1080706 e
1080707 d
1080708 u
1080709 c
1080710 t
1080711 i
1080712 o
1080713 n
1080714  
1080715 i
1080716 s
1080717  
1080718 a
1080719 c
1080720 h
1080721 i
1080722 e
1080723 v
1080724 e
1080725 d
1080726 )
1080727 P
1080728 
1080729 

1080730 (
1080731 b
1080732 y
1080733  
1080734 m
1080735 i
1080736 n
1080737 i
1080738 m
1080739 i
1080740 z
1080741 i
1080742 n
1080743 g
1080744  
1080745 t
1080746 h
1080747 e
1080748  
1080749 f
1080750 l
1080751 o
1080752 w
1080753  
1080754 o
1080755 f
1080756  
1080757 e
1080758 c
1080759 h
1080760 o
1080761  
1080762 c
1080763 h
1080764 a
1080765 r
1080766 a
1080767 c
1080768 t
1080769 e
1080770 r
1080771 s
1080772  
1080773 b
1080774 a
1080775 c
1080776 k
1080777  
1080778 t
1080779 o
1080780  
1080781 t
1080782 h
1080783 e
1080784  
1080785 u
1080786 s
1080787 e
1080788 r
1080789  
1080790 T
1080791 E
1080792 L
1080793 N
1080794 E
1080795 T
1080796 )
1080797 P
1080798 
1080799 

1080800 (
1080801 p
1080802 r
1080803 o
1080804 g
1080805 r
1080806 a
1080807 m
1080808 .
1080809  
1080810 T
1080811 h
1080812 i
1080813 s
1080814  
1080815 i
1080816 s
1080817  
1080818 d
1080819 o
1080820 n
1080821 e
1080822  
1080823 b
1080824 y
1080825  
1080826 h
1080827 a
1080828 v
1080829 i
1080830 n
1080831 g
1080832  
1612801 t
1612802 h
1612803 e
1612804  
1612805 s
1612806 e
1612807 r
1612808 v
1612809 e
1612810 r
1612811  
1612812 i
1612813 n
1612814 s
1612815 t
1612816 r
1612817 u
1612818 c
1612819 t
1612820  
1612821 t
1612822 h
1612823 e
1612824  
1612825 u
1612826 s
1612827 e
1612828 r
1612829  
1612830 T
1612831 E
1612832 L
1612833 N
1612834 E
1612835 T
1612836  
1612837 t
1612838 o
1612839 )
1612840 P
1612841 
1612842 

1612843 (
1612844 e
1612845 c
1612846 h
1612847 o
1612848  
1612849 t
1612850 h
1612851 e
1612852  
1612853 g
1612854 r
1612855 o
1612856 u
1612857 p
1612858  
1612859 o
1612860 f
1612861  
1612862 c
1612863 h
1612864 a
1612865 r
1612866 a
1612867 c
1612868 t
1612869 e
1612870 r
1612871 s
1612872  
1612873 u
1612874 p
1612875  
1612876 t
1612877 h
1612878 r
1612879 o
1612880 u
1612881 g
1612882 h
1612883  
1612884 t
1612885 h
1612886 e
1612887  
1612888 n
1612889 e
1612890 x
1612891 t
1612892  
1612893 w
1612894 a
1612895 k
1612896 e
1612897 u
1612898 p
1612899  
1612900 c
1612901 h
1612902 a
1612903 r
1612904 a
1612905 c
1612906 t
1612907 e
1612908 r
1612909 .
1612910  
1612911 B
1612912 y
1612913 )
1612914 P
1612915 
1612916 

1612917 (
1612918 s
1612919 e
1612920 n
1612921 d
1612922 i
1612923 n
1612924 g
1612925  
1612926 t
1612927 h
1612928 i
1612929 s
1612930  
1612931 c
1612932 o
1612933 m
1612934 m
1612935 a
1612936 n
1612937 d
1612938  
1612939 a
1612940 s
1612941  
1612942 t
1612943 h
1612944 e
1612945  
1612946 u
1612947 s
1612948 e
1612949 r
1612950  
1612951 p
1612952 r
1612953 o
1612954 g
1612955 r
1612956 a
1612957 m
1612958  
1612959 i
1612960 s
1612961  
1612962 a
1612963 b
1612964 o
1612965 u
1612966 t
1612967  
1612968 t
1612969 o
1612970  
1612971 r
1612972 e
1612973 a
1612974 d
1612975  
1612976 t
1612977 h
1612978 e
1612979  
1612980 f
1612981 i
1612982 r
1612983 s
1612984 t
1612985 )
1612986 P
1612987 
1612988 

1612989 (
1612990 c
1612991 h
1612992 a
1612993 r
1612994 a
1612995 c
1612996 t
1612997 e
1612998 r
1612999  
1613000 o
1613001 f
1613002  
1613003 t
1613004 h
1613005 a
1613006 t
1613007  
1613008 g
1613009 r
1613010 o
1613011 u
1613012 p
1613013 ,
1613014  
1613015 t
1613016 h
1613017 e
1613018  
1613019 e
1613020 c
1613021 h
1613022 o
1613023  
1613024 i
1613025 s
1613026  
1613027 g
1613028 u
1613029 a
1613030 r
1613031 a
1613032 n
1613033 t
1613034 e
1613035 e
1613036 d
1613037  
1613038 t
1613039 o
1613040  
1613041 f
1613042 o
1613043 l
1613044 l
1613045 o
1613046 w
1613047  
1613048 a
1613049 n
1613050 y
1613051  
1613052 r
1613053 e
1613054 s
1613055 p
1613056 o
1613057 n
1613058 s
1613059 e
1613060 )
1613061 P
1613062 
1613063 

1613064 (
1613065 t
1613066 o
1613067  
1613068 t
1613069 h
1613070 e
1613071  
1613072 p
1613073 r
1613074 e
1613075 c
1613076 e
1613077 d
1613078 i
1613079 n
1613080 g
1613081  
1613082 g
1613083 r
1613084 o
1613085 u
1613086 p
1613087  
1613088 o
1613089 f
1613090  
1613091 c
1613092 h
1613093 a
1613094 r
1613095 a
1613096 c
1613097 t
1613098 e
1613099 r
1613100 s
1613101 .
1613102 )
1613103 P
1613104 
1613105 

1613106 (
1613107 )
1613108 P
1613109 
1613110 

1613111 (
1613112 S
1613113 i
1613114 g
1613115 n
1613116 i
1613117 f
1613118 i
1613119 c
1613120 a
1613121 n
1613122 t
1613123  
1613124 p
1613125 r
1613126 o
1613127 b
1613128 l
1613129 e
1613130 m
1613131 s
1613132  
1613133 w
1613134 i
1613135 t
1613136 h
1613137  
1613138 t
1613139 h
1613140 e
1613141  
1613142 R
1613143 C
1613144 T
1613145 E
1613146  
1613147 p
1613148 r
1613149 o
1613150 t
1613151 o
1613152 c
1613153 o
1613154 l
1613155  
1613156 w
1613157 e
1613158 r
1613159 e
1613160  
1613161 e
1613162 n
1613163 c
1613164 o
1613165 u
1613166 n
1613167 t
1613168 e
1613169 r
1613170 e
1613171 d
1613172 .
1613173  
1613174 T
1613175 h
1613176 e
1613177 )
1613178 P
1613179 
1613180 

1613181 (
1613182 h
1613183 a
1613184 n
1613185 d
1613186 l
1613187 i
1613188 n
1613189 g
1613190  
1613191 o
1613192 f
1613193  
1613194 s
1613195 p
1613196 o
1613197 n
1613198 t
1613199 a
1613200 n
1613201 e
1613202 o
1613203 u
1613204 s
1613205  
1613206 o
1613207 u
1613208 t
1613209 p
1613210 u
1613211 t
1613212  
1613213 w
1613214 a
1613215 s
1613216  
1613217 s
1613218 p
1613219 e
1613220 c
1613221 i
1613222 f
1613223 i
1613224 e
1613225 d
1613226  
1613227 i
1613228 n
1613229  
1613230 a
1613231  
1613232 w
1613233 a
1613234 y
1613235  
1613236 t
1613237 h
1613238 a
1613239 t
1613240  
1613241 m
1613242 a
1613243 d
1613244 e
1613245  
1613246 t
1613247 h
1613248 e
1613249 )
1613250 P
1613251 
1613252 

1613253 (
1613254 i
1613255 m
1613256 p
1613257 l
1613258 e
1613259 m
1613260 e
1613261 n
1613262 t
1613263 a
1613264 t
1613265 i
1613266 o
1613267 n
1613268  
1613269 e
1613270 x
1613271 t
1613272 r
1613273 e
1613274 m
1613275 e
1613276 l
1613277 y
1613278  
1613279 d
1613280 i
1613281 f
1613282 f
1613283 i
1613284 c
1613285 u
1613286 l
1613287 t
1613288  
1613289 t
1613290 o
1613291  
1613292 d
1613293 o
1613294  
1613295 c
1613296 o
1613297 r
1613298 r
1613299 e
1613300 c
1613301 t
1613302 l
1613303 y
1613304  
1613305 \
1613306 (
1613307 i
1613308 f
1613309 ,
1613310  
1613311 i
1613312 n
2145281 d
2145282 e
2145283 e
2145284 d
2145285 ,
2145286  
2145287 a
2145288 )
2145289 P
2145290 
2145291 

2145292 (
2145293 c
2145294 o
2145295 r
2145296 r
2145297 e
2145298 c
2145299 t
2145300  
2145301 i
2145302 m
2145303 p
2145304 l
2145305 e
2145306 m
2145307 e
2145308 n
2145309 t
2145310 a
2145311 t
2145312 i
2145313 o
2145314 n
2145315  
2145316 i
2145317 s
2145318  
2145319 p
2145320 o
2145321 s
2145322 s
2145323 i
2145324 b
2145325 l
2145326 e
2145327 \
2145328 )
2145329 .
2145330  
2145331 T
2145332 h
2145333 e
2145334  
2145335 s
2145336 o
2145337 l
2145338 u
2145339 t
2145340 i
2145341 o
2145342 n
2145343  
2145344 h
2145345 e
2145346 r
2145347 e
2145348  
2145349 w
2145350 a
2145351 s
2145352  
2145353 t
2145354 o
2145355  
2145356 c
2145357 o
2145358 m
2145359 p
2145360 l
2145361 e
2145362 t
2145363 e
2145364 l
2145365 y
2145366 )
2145367 P
2145368 
2145369 

2145370 (
2145371 i
2145372 s
2145373 o
2145374 l
2145375 a
2145376 t
2145377 e
2145378  
2145379 t
2145380 h
2145381 e
2145382  
2145383 c
2145384 o
2145385 n
2145386 t
2145387 r
2145388 o
2145389 l
2145390  
2145391 o
2145392 f
2145393  
2145394 i
2145395 n
2145396 p
2145397 u
2145398 t
2145399  
2145400 t
2145401 r
2145402 a
2145403 n
2145404 s
2145405 m
2145406 i
2145407 s
2145408 s
2145409 i
2145410 o
2145411 n
2145412  
2145413 a
2145414 n
2145415 d
2145416  
2145417 e
2145418 c
2145419 h
2145420 o
2145421 i
2145422 n
2145423 g
2145424  
2145425 f
2145426 r
2145427 o
2145428 m
2145429  
2145430 t
2145431 h
2145432 e
2145433 )
2145434 P
2145435 
2145436 

2145437 (
2145438 c
2145439 h
2145440 a
2145441 r
2145442 a
2145443 c
2145444 t
2145445 e
2145446 r
2145447 s
2145448  
2145449 f
2145450 l
2145451 o
2145452 w
2145453 i
2145454 n
2145455 g
2145456  
2145457 i
2145458 n
2145459  
2145460 t
2145461 h
2145462 e
2145463  
2145464 o
2145465 u
2145466 t
2145467 p
2145468 u
2145469 t
2145470  
2145471 s
2145472 t
2145473 r
2145474 e
2145475 a
2145476 m
2145477 .
2145478  
2145479 S
2145480 y
2145481 n
2145482 c
2145483 h
2145484 r
2145485 o
2145486 n
2145487 i
2145488 z
2145489 a
2145490 t
2145491 i
2145492 o
2145493 n
2145494  
2145495 o
2145496 f
2145497  
2145498 i
2145499 n
2145500 p
2145501 u
2145502 t
2145503  
2145504 a
2145505 n
2145506 d
2145507 )
2145508 P
2145509 
2145510 

2145511 (
2145512 o
2145513 u
2145514 t
2145515 p
2145516 u
2145517 t
2145518  
2145519 t
2145520 h
2145521 e
2145522 n
2145523  
2145524 o
2145525 c
2145526 c
2145527 u
2145528 r
2145529 s
2145530  
2145531 d
2145532 i
2145533 r
2145534 e
2145535 c
2145536 t
2145537 l
2145538 y
2145539  
2145540 b
2145541 y
2145542  
2145543 v
2145544 i
2145545 r
2145546 t
2145547 u
2145548 e
2145549  
2145550 o
2145551 f
2145552  
2145553 t
2145554 h
2145555 e
2145556  
2145557 e
2145558 m
2145559 b
2145560 e
2145561 d
2145562 d
2145563 i
2145564 n
2145565 g
2145566  
2145567 o
2145568 f
2145569  
2145570 c
2145571 o
2145572 n
2145573 t
2145574 r
2145575 o
2145576 l
2145577 )
2145578 P
2145579 
2145580 

2145581 (
2145582 i
2145583 n
2145584 f
2145585 o
2145586 r
2145587 m
2145588 a
2145589 t
2145590 i
2145591 o
2145592 n
2145593  
2145594 i
2145595 n
2145596  
2145597 t
2145598 h
2145599 e
2145600  
2145601 o
2145602 u
2145603 t
2145604 p
2145605 u
2145606 t
2145607  
2145608 s
2145609 t
2145610 r
2145611 e
2145612 a
2145613 m
2145614 .
2145615  
2145616 T
2145617 h
2145618 i
2145619 s
2145620  
2145621 a
2145622 p
2145623 p
2145624 r
2145625 o
2145626 a
2145627 c
2145628 h
2145629  
2145630 p
2145631 e
2145632 r
2145633 m
2145634 i
2145635 t
2145636 s
2145637  
2145638 a
2145639  
2145640 s
2145641 i
2145642 m
2145643 p
2145644 l
2145645 i
2145646 f
2145647 i
2145648 e
2145649 d
2145650 )
2145651 P
2145652 
2145653 

2145654 (
2145655 c
2145656 o
2145657 d
2145658 i
2145659 n
2145660 g
2145661  
2145662 o
2145663 f
2145664  
2145665 b
2145666 o
2145667 t
2145668 h
2145669  
2145670 t
2145671 h
2145672 e
2145673  
2145674 u
2145675 s
2145676 e
2145677 r
2145678  
2145679 T
2145680 E
2145681 L
2145682 N
2145683 E
2145684 T
2145685  
2145686 a
2145687 n
2145688 d
2145689  
2145690 s
2145691 e
2145692 r
2145693 v
2145694 e
2145695 r
2145696  
2145697 T
2145698 E
2145699 L
2145700 N
2145701 E
2145702 T
2145703 .
2145704 )
2145705 P
2145706 
2145707 

2145708 (
2145709 )
2145710 P
2145711 
2145712 

2145713 (
2145714 A
2145715  
2145716 s
2145717 e
2145718 c
2145719 o
2145720 n
2145721 d
2145722  
2145723 p
2145724 r
2145725 o
2145726 b
2145727 l
2145728 e
2145729 m
2145730  
2145731 w
2145732 a
2145733 s
2145734  
2145735 t
2145736 h
2145737 e
2145738  
2145739 h
2145740 a
2145741 n
2145742 d
2145743 l
2145744 i
2145745 n
2145746 g
2145747  
2145748 o
2145749 f
2145750  
2145751 i
2145752 n
2145753 t
2145754 e
2145755 r
2145756 r
2145757 u
2145758 p
2145759 t
2145760  
2145761 c
2145762 h
2145763 a
2145764 r
2145765 a
2145766 c
2145767 t
2145768 e
2145769 r
2145770 s
2145771 .
2145772  
2145773 T
2145774 h
2145775 e
2145776  
2145777 R
2145778 C
2145779 T
2145780 E
2145781 )
2145782 P
2145783 
2145784 

2145785 (
2145786 p
2145787 r
2145788 o
2145789 t
2145790 o
2145791 c
2145792 o
2678785 l
2678786  
2678787 f
2678788 a
2678789 i
2678790 l
2678791 s
2678792  
2678793 t
2678794 o
2678795  
2678796 p
2678797 r
2678798 o
2678799 v
2678800 i
2678801 d
2678802 e
2678803  
2678804 a
2678805 n
2678806  
2678807 e
2678808 x
2678809 p
2678810 l
2678811 i
2678812 c
2678813 i
2678814 t
2678815  
2678816 m
2678817 e
2678818 c
2678819 h
2678820 a
2678821 n
2678822 i
2678823 s
2678824 m
2678825  
2678826 f
2678827 o
2678828 r
2678829  
2678830 i
2678831 n
2678832 t
2678833 e
2678834 r
2678835 r
2678836 u
2678837 p
2678838 t
2678839  
2678840 c
2678841 h
2678842 a
2678843 r
2678844 a
2678845 c
2678846 t
2678847 e
2678848 r
2678849 s
2678850 )
2678851 P
2678852 
2678853 

2678854 (
2678855 t
2678856 h
2678857 u
2678858 s
2678859  
2678860 n
2678861 e
2678862 c
2678863 e
2678864 s
2678865 s
2678866 i
2678867 t
2678868 a
2678869 t
2678870 i
2678871 n
2678872 g
2678873  
2678874 t
2678875 h
2678876 e
2678877  
2678878 h
2678879 a
2678880 n
2678881 d
2678882 l
2678883 i
2678884 n
2678885 g
2678886  
2678887 o
2678888 f
2678889  
2678890 i
2678891 n
2678892 t
2678893 e
2678894 r
2678895 r
2678896 u
2678897 p
2678898 t
2678899  
2678900 c
2678901 h
2678902 a
2678903 r
2678904 a
2678905 c
2678906 t
2678907 e
2678908 r
2678909 s
2678910  
2678911 a
2678912 s
2678913  
2678914 p
2678915 r
2678916 o
2678917 g
2678918 r
2678919 a
2678920 m
2678921 )
2678922 P
2678923 
2678924 

2678925 (
2678926 w
2678927 a
2678928 k
2678929 e
2678930 u
2678931 p
2678932  
2678933 c
2678934 h
2678935 a
2678936 r
2678937 a
2678938 c
2678939 t
2678940 e
2678941 r
2678942 s
2678943 .
2678944  
2678945 S
2678946 i
2678947 n
2678948 c
2678949 e
2678950  
2678951 t
2678952 h
2678953 e
2678954  
2678955 i
2678956 n
2678957 t
2678958 e
2678959 r
2678960 r
2678961 u
2678962 p
2678963 t
2678964  
2678965 c
2678966 h
2678967 a
2678968 r
2678969 a
2678970 c
2678971 t
2678972 e
2678973 r
2678974 s
2678975  
2678976 a
2678977 r
2678978 e
2678979  
2678980 n
2678981 o
2678982 t
2678983  
2678984 a
2678985 c
2678986 t
2678987 u
2678988 a
2678989 l
2678990 l
2678991 y
2678992 )
2678993 P
2678994 
2678995 

2678996 (
2678997 h
2678998 a
2678999 n
2679000 d
2679001 l
2679002 e
2679003 d
2679004  
2679005 a
2679006 s
2679007  
2679008 p
2679009 r
2679010 o
2679011 g
2679012 r
2679013 a
2679014 m
2679015  
2679016 w
2679017 a
2679018 k
2679019 e
2679020 u
2679021 p
2679022  
2679023 c
2679024 h
2679025 a
2679026 r
2679027 a
2679028 c
2679029 t
2679030 e
2679031 r
2679032 s
2679033  
2679034 a
2679035 n
2679036 d
2679037 ,
2679038  
2679039 i
2679040 n
2679041  
2679042 f
2679043 a
2679044 c
2679045 t
2679046 ,
2679047  
2679048 b
2679049 y
2679050 p
2679051 a
2679052 s
2679053 s
2679054  
2679055 t
2679056 h
2679057 e
2679058  
2679059 t
2679060 e
2679061 r
2679062 m
2679063 i
2679064 n
2679065 a
2679066 l
2679067 )
2679068 P
2679069 
2679070 

2679071 (
2679072 i
2679073 n
2679074 p
2679075 u
2679076 t
2679077  
2679078 b
2679079 u
2679080 f
2679081 f
2679082 e
2679083 r
2679084 ,
2679085  
2679086 a
2679087  
2679088 s
2679089 p
2679090 e
2679091 c
2679092 i
2679093 a
2679094 l
2679095  
2679096 p
2679097 r
2679098 o
2679099 v
2679100 i
2679101 s
2679102 i
2679103 o
2679104 n
2679105  
2679106 h
2679107 a
2679108 d
2679109  
2679110 t
2679111 o
2679112  
2679113 b
2679114 e
2679115  
2679116 m
2679117 a
2679118 d
2679119 e
2679120  
2679121 t
2679122 o
2679123  
2679124 g
2679125 e
2679126 t
2679127  
2679128 t
2679129 h
2679130 e
2679131  
2679132 c
2679133 o
2679134 m
2679135 m
2679136 a
2679137 n
2679138 d
2679139  
2679140 s
2679141 e
2679142 n
2679143 t
2679144 )
2679145 P
2679146 
2679147 

2679148 (
2679149 b
2679150 a
2679151 c
2679152 k
2679153  
2679154 t
2679155 o
2679156  
2679157 t
2679158 h
2679159 e
2679160  
2679161 u
2679162 s
2679163 e
2679164 r
2679165  
2679166 T
2679167 E
2679168 L
2679169 N
2679170 E
2679171 T
2679172  
2679173 t
2679174 o
2679175  
2679176 i
2679177 n
2679178 d
2679179 i
2679180 c
2679181 a
2679182 t
2679183 e
2679184  
2679185 t
2679186 h
2679187 a
2679188 t
2679189  
2679190 t
2679191 h
2679192 e
2679193  
2679194 c
2679195 h
2679196 a
2679197 r
2679198 a
2679199 c
2679200 t
2679201 e
2679202 r
2679203  
2679204 s
2679205 t
2679206 r
2679207 e
2679208 a
2679209 m
2679210  
2679211 s
2679212 h
2679213 o
2679214 u
2679215 l
2679216 d
2679217  
2679218 b
2679219 e
2679220 )
2679221 P
2679222 
2679223 

2679224 (
2679225 e
2679226 c
2679227 h
2679228 o
2679229 e
2679230 d
2679231  
2679232 b
2679233 e
2679234 y
2679235 o
2679236 n
2679237 d
2679238  
2679239 t
2679240 h
2679241 e
2679242  
2679243 p
2679244 o
2679245 i
2679246 n
2679247 t
2679248  
2679249 w
2679250 h
2679251 e
2679252 r
2679253 e
2679254  
2679255 t
2679256 h
2679257 e
2679258  
2679259 i
2679260 n
2679261 t
2679262 e
2679263 r
2679264 r
2679265 u
2679266 p
2679267 t
2679268  
2679269 c
2679270 h
2679271 a
2679272 r
2679273 a
2679274 c
2679275 t
2679276 e
2679277 r
2679278  
2679279 w
2679280 a
2679281 s
2679282  
2679283 t
2679284 y
2679285 p
2679286 e
2679287 d
2679288 .
2679289  
2679290 T
2679291 h
2679292 e
2679293 )
2679294 P
2679295 
2679296 

3209217 (
3209218 t
3209219 r
3209220 a
3209221 n
3209222 s
3209223 m
3209224 i
3209225 s
3209226 s
3209227 i
3209228 o
3209229 n
3209230  
3209231 m
3209232 u
3209233 s
3209234 t
3209235  
3209236 b
3209237 e
3209238  
3209239 s
3209240 y
3209241 n
3209242 c
3209243 h
3209244 r
3209245 o
3209246 n
3209247 i
3209248 z
3209249 e
3209250 d
3209251  
3209252 w
3209253 i
3209254 t
3209255 h
3209256  
3209257 t
3209258 h
3209259 e
3209260  
3209261 p
3209262 r
3209263 o
3209264 c
3209265 e
3209266 s
3209267 s
3209268 i
3209269 n
3209270 g
3209271  
3209272 o
3209273 f
3209274  
3209275 t
3209276 h
3209277 e
3209278  
3209279 t
3209280 e
3209281 r
3209282 m
3209283 i
3209284 n
3209285 a
3209286 l
3209287 )
3209288 P
3209289 
3209290 

3209291 (
3209292 i
3209293 n
3209294 p
3209295 u
3209296 t
3209297  
3209298 b
3209299 u
3209300 f
3209301 f
3209302 e
3209303 r
3209304  
3209305 s
3209306 o
3209307  
3209308 t
3209309 h
3209310 a
3209311 t
3209312  
3209313 i
3209314 t
3209315  
3209316 w
3209317 i
3209318 l
3209319 l
3209320  
3209321 b
3209322 e
3209323  
3209324 s
3209325 e
3209326 n
3209327 t
3209328  
3209329 a
3209330 t
3209331  
3209332 t
3209333 h
3209334 e
3209335  
3209336 p
3209337 r
3209338 o
3209339 p
3209340 e
3209341 r
3209342  
3209343 t
3209344 i
3209345 m
3209346 e
3209347 .
3209348  
3209349 T
3209350 h
3209351 i
3209352 s
3209353  
3209354 w
3209355 a
3209356 s
3209357 )
3209358 P
3209359 
3209360 

3209361 (
3209362 a
3209363 c
3209364 h
3209365 i
3209366 e
3209367 v
3209368 e
3209369 d
3209370  
3209371 b
3209372 y
3209373  
3209374 p
3209375 u
3209376 t
3209377 t
3209378 i
3209379 n
3209380 g
3209381  
3209382 a
3209383  
3209384 m
3209385 a
3209386 r
3209387 k
3209388 e
3209389 r
3209390  
3209391 i
3209392 n
3209393  
3209394 t
3209395 h
3209396 e
3209397  
3209398 i
3209399 n
3209400 p
3209401 u
3209402 t
3209403  
3209404 b
3209405 u
3209406 f
3209407 f
3209408 e
3209409 r
3209410  
3209411 a
3209412 t
3209413  
3209414 t
3209415 h
3209416 e
3209417  
3209418 p
3209419 o
3209420 i
3209421 n
3209422 t
3209423  
3209424 w
3209425 h
3209426 e
3209427 r
3209428 e
3209429  
3209430 t
3209431 h
3209432 e
3209433 )
3209434 P
3209435 
3209436 

3209437 (
3209438 i
3209439 n
3209440 t
3209441 e
3209442 r
3209443 r
3209444 u
3209445 p
3209446 t
3209447  
3209448 c
3209449 h
3209450 a
3209451 r
3209452 a
3209453 c
3209454 t
3209455 e
3209456 r
3209457  
3209458 w
3209459 a
3209460 s
3209461 .
3209462  
3209463 T
3209464 h
3209465 i
3209466 s
3209467  
3209468 m
3209469 a
3209470 r
3209471 k
3209472 e
3209473 r
3209474  
3209475 i
3209476 s
3209477  
3209478 n
3209479 e
3209480 v
3209481 e
3209482 r
3209483  
3209484 g
3209485 i
3209486 v
3209487 e
3209488 n
3209489  
3209490 t
3209491 o
3209492  
3209493 t
3209494 h
3209495 e
3209496  
3209497 u
3209498 s
3209499 e
3209500 r
3209501 '
3209502 s
3209503 )
3209504 P
3209505 
3209506 

3209507 (
3209508 p
3209509 r
3209510 o
3209511 g
3209512 r
3209513 a
3209514 m
3209515  
3209516 a
3209517 n
3209518 d
3209519  
3209520 m
3209521 u
3209522 s
3209523 t
3209524  
3209525 n
3209526 o
3209527 t
3209528  
3209529 b
3209530 e
3209531  
3209532 c
3209533 o
3209534 u
3209535 n
3209536 t
3209537 e
3209538 d
3209539  
3209540 a
3209541 s
3209542  
3209543 a
3209544 n
3209545  
3209546 i
3209547 n
3209548 p
3209549 u
3209550 t
3209551  
3209552 c
3209553 h
3209554 a
3209555 r
3209556 a
3209557 c
3209558 t
3209559 e
3209560 r
3209561 .
3209562  
3209563 A
3209564  
3209565 n
3209566 e
3209567 w
3209568  
3209569 c
3209570 o
3209571 u
3209572 n
3209573 t
3209574 e
3209575 r
3209576  
3209577 w
3209578 a
3209579 s
3209580 )
3209581 P
3209582 
3209583 

3209584 (
3209585 i
3209586 n
3209587 s
3209588 t
3209589 a
3209590 l
3209591 l
3209592 e
3209593 d
3209594  
3209595 i
3209596 n
3209597 d
3209598 i
3209599 c
3209600 a
3209601 t
3209602 i
3209603 n
3209604 g
3209605  
3209606 t
3209607 h
3209608 e
3209609  
3209610 n
3209611 u
3209612 m
3209613 b
3209614 e
3209615 r
3209616  
3209617 o
3209618 f
3209619  
3209620 s
3209621 u
3209622 c
3209623 h
3209624  
3209625 m
3209626 a
3209627 r
3209628 k
3209629 e
3209630 r
3209631 s
3209632  
3209633 i
3209634 n
3209635  
3209636 t
3209637 h
3209638 e
3209639  
3209640 i
3209641 n
3209642 p
3209643 u
3209644 t
3209645  
3209646 b
3209647 u
3209648 f
3209649 f
3209650 e
3209651 r
3209652  
3209653 a
3209654 n
3209655 d
3209656 )
3209657 P
3209658 
3209659 

3209660 (
3209661 t
3209662 h
3209663 e
3209664  
3209665 S
3209666 I
3209667 B
3209668 E
3209669  
3209670 J
3209671 S
3209672 Y
3209673 S
3209674  
3209675 m
3209676 o
3209677 d
3209678 i
3209679 f
3209680 i
3209681 e
3209682 d
3209683  
3209684 t
3209685 o
3209686  
3209687 i
3209688 n
3209689 d
3209690 i
3209691 c
3209692 a
3209693 t
3209694 e
3209695  
3209696 "
3209697 e
3209698 m
3209699 p
3209700 t
3209701 y
3209702 "
3209703  
3209704 o
3209705 n
3209706 l
3209707 y
3209708  
3209709 i
3209710 f
3209711  
3209712 t
3209713 h
3209714 e
3209715  
3209716 d
3209717 i
3209718 f
3209719 f
3209720 e
3209721 r
3209722 e
3209723 n
3209724 c
3209725 e
3209726  
3209727 o
3209728 f
3740673  
3740674 t
3740675 h
3740676 e
3740677 )
3740678 P
3740679 
3740680 

3740681 (
3740682 t
3740683 o
3740684 t
3740685 a
3740686 l
3740687  
3740688 c
3740689 h
3740690 a
3740691 r
3740692 a
3740693 c
3740694 t
3740695 e
3740696 r
3740697 s
3740698  
3740699 i
3740700 n
3740701  
3740702 t
3740703 h
3740704 e
3740705  
3740706 b
3740707 u
3740708 f
3740709 f
3740710 e
3740711 r
3740712  
3740713 a
3740714 n
3740715 d
3740716  
3740717 t
3740718 h
3740719 e
3740720  
3740721 n
3740722 u
3740723 m
3740724 b
3740725 e
3740726 r
3740727  
3740728 o
3740729 f
3740730  
3740731 m
3740732 a
3740733 r
3740734 k
3740735 e
3740736 r
3740737 s
3740738  
3740739 i
3740740 n
3740741  
3740742 t
3740743 h
3740744 e
3740745  
3740746 b
3740747 u
3740748 f
3740749 f
3740750 e
3740751 r
3740752 )
3740753 P
3740754 
3740755 

3740756 (
3740757 i
3740758 s
3740759  
3740760 g
3740761 r
3740762 e
3740763 a
3740764 t
3740765 e
3740766 r
3740767  
3740768 t
3740769 h
3740770 a
3740771 n
3740772  
3740773 0
3740774 .
3740775 )
3740776 P
3740777 
3740778 

3740779 (
3740780 )
3740781 P
3740782 
3740783 

3740784 (
3740785  
3740786  
3740787  
3740788  
3740789  
3740790  
3740791  
3740792  
3740793  
3740794  
3740795  
3740796  
3740797  
3740798  
3740799  
3740800  
3740801  
3740802  
3740803  
3740804  
3740805  
3740806  
3740807  
3740808  
3740809  
3740810  
3740811  
3740812  
3740813  
3740814  
3740815  
3740816  
3740817  
3740818  
3740819  
3740820 -
3740821 1
3740822 -
3740823 )
3740824 P
3740825 
3740826 

3740827 /
3740828 #
3740829 c
3740830 o
3740831 p
3740832 i
3740833 e
3740834 s
3740835  
3740836 1
3740837  
3740838 d
3740839 e
3740840 f
3740841  
3740842 s
3740843 h
3740844 o
3740845 w
3740846 p
3740847 a
3740848 g
3740849 e
3740850 
3740851 

3740852 r
3740853 e
3740854 s
3740855 t
3740856 o
3740857 r
3740858 e
3740859 
3740860 

3740861 























3740862 %
3740863 %
3740864 P
3740865 a
3740866 g
3740867 e
3740868 :
3740869  
3740870 2
3740871  
3740872 2
3740873 
3740874 

3740875 s
3740876 a
3740877 v
3740878 e
3740879 
3740880 

3740881 /
3740882 O
3740883  
3740884 {
3740885 g
3740886 s
3740887 a
3740888 v
3740889 e
3740890  
3740891 s
3740892 h
3740893 o
3740894 w
3740895  
3740896 g
3740897 r
3740898 e
3740899 s
3740900 t
3740901 o
3740902 r
3740903 e
3740904 }
3740905  
3740906 d
3740907 e
3740908 f
3740909 
3740910 

3740911 /
3740912 P
3740913  
3740914 {
3740915 g
3740916 s
3740917 a
3740918 v
3740919 e
3740920  
3740921 s
3740922 h
3740923 o
3740924 w
3740925  
3740926 g
3740927 r
3740928 e
3740929 s
3740930 t
3740931 o
3740932 r
3740933 e
3740934  
3740935 0
3740936  
3740937 -
3740938 1
3740939 6
3740940 6
3740941 6
3740942 5
3740943  
3740944 r
3740945 m
3740946 o
3740947 v
3740948 e
3740949 t
3740950 o
3740951 }
3740952  
3740953 d
3740954 e
3740955 f
3740956 
3740957 

3740958 /
3740959 N
3740960  
3740961 {
3740962 /
3740963 C
3740964 o
3740965 u
3740966 r
3740967 i
3740968 e
3740969 r
3740970  
3740971 f
3740972 i
3740973 n
3740974 d
3740975 f
3740976 o
3740977 n
3740978 t
3740979  
3740980 1
3740981 5
3740982 2
3740983 7
3740984 7
3740985  
3740986 s
3740987 c
3740988 a
3740989 l
3740990 e
3740991 f
3740992 o
3740993 n
3740994 t
3740995  
3740996 s
3740997 e
3740998 t
3740999 f
3741000 o
3741001 n
3741002 t
3741003 }
3741004  
3741005 d
3741006 e
3741007 f
3741008 
3741009 

3741010 7
3741011 2
3741012  
3741013 1
3741014 0
3741015 0
3741016 0
3741017 0
3741018 0
3741019  
3741020 d
3741021 i
3741022 v
3741023  
3741024 7
3741025 2
3741026  
3741027 1
3741028 0
3741029 0
3741030 0
3741031 0
3741032 0
3741033  
3741034 d
3741035 i
3741036 v
3741037  
3741038 s
3741039 c
3741040 a
3741041 l
3741042 e
3741043 
3741044 

3741045 N
3741046 (
3741047 )
3741048 p
3741049 o
3741050 p
3741051 
3741052 

3741053 7
3741054 5
3741055 0
3741056 0
3741057 0
3741058  
3741059 1
3741060 0
3741061 5
3741062 2
3741063 0
3741064 8
3741065 5
3741066  
3741067 m
3741068 o
3741069 v
3741070 e
3741071 t
3741072 o
3741073 
3741074 

3741075 (
3741076 )
3741077 P
3741078 
3741079 

3741080 (
3741081 )
3741082 P
3741083 
3741084 

3741085 (
3741086 )
3741087 P
3741088 
3741089 

3741090 (
3741091 )
3741092 P
3741093 
3741094 

3741095 (
3741096 A
3741097  
3741098 t
3741099 h
3741100 i
3741101 r
3741102 d
3741103  
3741104 p
3741105 r
3741106 o
3741107 b
3741108 l
3741109 e
3741110 m
3741111  
3741112 i
3741113 s
3741114  
3741115 h
3741116 a
3741117 n
3741118 d
3741119 l
3741120 i
3741121 n
3741122 g
3741123  
3741124 t
3741125 h
3741126 e
3741127  
3741128 c
3741129 a
3741130 s
3741131 e
3741132  
3741133 w
3741134 h
3741135 e
3741136 r
3741137 e
3741138  
3741139 t
3741140 h
3741141 e
3741142  
3741143 i
3741144 n
3741145 p
3741146 u
3741147 t
3741148  
3741149 b
3741150 u
3741151 f
3741152 f
3741153 e
3741154 r
3741155  
3741156 i
3741157 s
3741158  
3741159 c
3741160 l
3741161 e
3741162 a
3741163 r
3741164 e
3741165 d
3741166 .
3741167 )
3741168 P
3741169 
3741170 

3741171 (
3741172 S
3741173 i
3741174 n
3741175 c
3741176 e
3741177  
3741178 t
3741179 h
3741180 e
3741181  
3741182 b
3741183 u
3741184 f
4285441 f
4285442 e
4285443 r
4285444  
4285445 m
4285446 a
4285447 y
4285448  
4285449 c
4285450 o
4285451 n
4285452 t
4285453 a
4285454 i
4285455 n
4285456  
4285457 v
4285458 a
4285459 r
4285460 i
4285461 o
4285462 u
4285463 s
4285464  
4285465 w
4285466 a
4285467 k
4285468 e
4285469 u
4285470 p
4285471  
4285472 c
4285473 h
4285474 a
4285475 r
4285476 a
4285477 c
4285478 t
4285479 e
4285480 r
4285481 s
4285482  
4285483 a
4285484 n
4285485 d
4285486  
4285487 s
4285488 p
4285489 e
4285490 c
4285491 i
4285492 a
4285493 l
4285494 )
4285495 P
4285496 
4285497 

4285498 (
4285499 m
4285500 a
4285501 r
4285502 k
4285503 e
4285504 r
4285505 s
4285506 ,
4285507  
4285508 w
4285509 h
4285510 e
4285511 n
4285512  
4285513 t
4285514 h
4285515 e
4285516  
4285517 b
4285518 u
4285519 f
4285520 f
4285521 e
4285522 r
4285523  
4285524 i
4285525 s
4285526  
4285527 c
4285528 l
4285529 e
4285530 a
4285531 r
4285532 e
4285533 d
4285534 ,
4285535  
4285536 t
4285537 h
4285538 e
4285539  
4285540 u
4285541 s
4285542 e
4285543 r
4285544  
4285545 T
4285546 E
4285547 L
4285548 N
4285549 E
4285550 T
4285551  
4285552 a
4285553 n
4285554 d
4285555  
4285556 S
4285557 E
4285558 R
4285559 V
4285560 E
4285561 R
4285562  
4285563 m
4285564 a
4285565 y
4285566  
4285567 g
4285568 e
4285569 t
4285570 )
4285571 P
4285572 
4285573 

4285574 (
4285575 o
4285576 u
4285577 t
4285578  
4285579 o
4285580 f
4285581  
4285582 s
4285583 y
4285584 n
4285585 c
4285586 .
4285587  
4285588 I
4285589 t
4285590  
4285591 i
4285592 s
4285593  
4285594 i
4285595 n
4285596 f
4285597 e
4285598 a
4285599 s
4285600 i
4285601 b
4285602 l
4285603 e
4285604  
4285605 t
4285606 o
4285607  
4285608 s
4285609 c
4285610 a
4285611 n
4285612  
4285613 t
4285614 h
4285615 e
4285616  
4285617 b
4285618 u
4285619 f
4285620 f
4285621 e
4285622 r
4285623  
4285624 a
4285625 n
4285626 d
4285627  
4285628 s
4285629 e
4285630 n
4285631 d
4285632  
4285633 a
4285634  
4285635 R
4285636 C
4285637 T
4285638 E
4285639 )
4285640 P
4285641 
4285642 

4285643 (
4285644 c
4285645 o
4285646 m
4285647 m
4285648 a
4285649 n
4285650 d
4285651  
4285652 f
4285653 o
4285654 r
4285655  
4285656 e
4285657 a
4285658 c
4285659 h
4285660  
4285661 s
4285662 u
4285663 c
4285664 h
4285665  
4285666 w
4285667 a
4285668 k
4285669 e
4285670 u
4285671 p
4285672  
4285673 c
4285674 h
4285675 a
4285676 r
4285677 a
4285678 c
4285679 t
4285680 e
4285681 r
4285682  
4285683 o
4285684 r
4285685  
4285686 s
4285687 p
4285688 e
4285689 c
4285690 i
4285691 a
4285692 l
4285693  
4285694 m
4285695 a
4285696 r
4285697 k
4285698 e
4285699 r
4285700 .
4285701  
4285702 i
4285703 n
4285704 s
4285705 t
4285706 e
4285707 a
4285708 d
4285709 ,
4285710  
4285711 a
4285712 )
4285713 P
4285714 
4285715 

4285716 (
4285717 c
4285718 o
4285719 m
4285720 m
4285721 a
4285722 n
4285723 d
4285724  
4285725 i
4285726 s
4285727  
4285728 s
4285729 e
4285730 n
4285731 t
4285732  
4285733 t
4285734 o
4285735  
4285736 t
4285737 h
4285738 e
4285739  
4285740 u
4285741 s
4285742 e
4285743 r
4285744  
4285745 T
4285746 E
4285747 L
4285748 N
4285749 E
4285750 T
4285751  
4285752 m
4285753 e
4285754 a
4285755 n
4285756 i
4285757 n
4285758 g
4285759  
4285760 "
4285761 c
4285762 l
4285763 e
4285764 a
4285765 r
4285766  
4285767 y
4285768 o
4285769 u
4285770 r
4285771  
4285772 i
4285773 n
4285774 p
4285775 u
4285776 t
4285777  
4285778 b
4285779 u
4285780 f
4285781 f
4285782 e
4285783 r
4285784  
4285785 a
4285786 n
4285787 d
4285788 )
4285789 P
4285790 
4285791 

4285792 (
4285793 r
4285794 e
4285795 s
4285796 e
4285797 t
4285798  
4285799 y
4285800 o
4285801 u
4285802 r
4285803  
4285804 c
4285805 o
4285806 u
4285807 n
4285808 t
4285809 e
4285810 r
4285811 s
4285812 "
4285813 .
4285814  
4285815 T
4285816 h
4285817 i
4285818 s
4285819  
4285820 c
4285821 o
4285822 m
4285823 m
4285824 a
4285825 n
4285826 d
4285827  
4285828 i
4285829 s
4285830  
4285831 i
4285832 m
4285833 p
4285834 l
4285835 e
4285836 m
4285837 e
4285838 n
4285839 t
4285840 e
4285841 d
4285842  
4285843 b
4285844 y
4285845  
4285846 s
4285847 e
4285848 n
4285849 d
4285850 i
4285851 n
4285852 g
4285853  
4285854 "
4285855 W
4285856 I
4285857 L
4285858 L
4285859 )
4285860 P
4285861 
4285862 

4285863 (
4285864 R
4285865 C
4285866 T
4285867 E
4285868 "
4285869 .
4285870  
4285871 T
4285872 h
4285873 i
4285874 s
4285875  
4285876 i
4285877 s
4285878  
4285879 t
4285880 h
4285881 e
4285882  
4285883 r
4285884 e
4285885 v
4285886 e
4285887 r
4285888 s
4285889 e
4285890  
4285891 c
4285892 a
4285893 s
4285894 e
4285895  
4285896 f
4285897 r
4285898 o
4285899 m
4285900  
4285901 a
4285902  
4285903 n
4285904 o
4285905 r
4285906 m
4285907 a
4285908 l
4285909  
4285910 R
4285911 C
4285912 T
4285913 E
4285914  
4285915 \
4285916 (
4285917 i
4285918 .
4285919 e
4285920 .
4285921  
4285922 D
4285923 O
4285924  
4285925 R
4285926 C
4285927 T
4285928 E
4285929 \
4285930 )
4285931  
4285932 a
4285933 n
4285934 d
4285935 )
4285936 P
4285937 
4285938 

4285939 (
4285940 t
4285941 h
4285942 u
4285943 s
4285944  
4285945 c
4285946 a
4285947 n
4285948 n
4285949 o
4285950 t
4285951  
4285952 b
4816897 e
4816898  
4816899 c
4816900 o
4816901 n
4816902 f
4816903 u
4816904 s
4816905 e
4816906 d
4816907  
4816908 w
4816909 i
4816910 t
4816911 h
4816912  
4816913 t
4816914 h
4816915 e
4816916  
4816917 n
4816918 o
4816919 r
4816920 m
4816921 a
4816922 l
4816923  
4816924 u
4816925 s
4816926 e
4816927  
4816928 o
4816929 f
4816930  
4816931 t
4816932 h
4816933 e
4816934  
4816935 R
4816936 C
4816937 T
4816938 E
4816939  
4816940 o
4816941 p
4816942 t
4816943 i
4816944 o
4816945 n
4816946 .
4816947  
4816948 T
4816949 h
4816950 i
4816951 s
4816952 )
4816953 P
4816954 
4816955 

4816956 (
4816957 s
4816958 a
4816959 v
4816960 e
4816961 s
4816962  
4816963 a
4816964 d
4816965 d
4816966 i
4816967 n
4816968 g
4816969  
4816970 a
4816971  
4816972 n
4816973 e
4816974 w
4816975  
4816976 o
4816977 p
4816978 t
4816979 i
4816980 o
4816981 n
4816982 .
4816983 )
4816984 P
4816985 
4816986 

4816987 (
4816988 )
4816989 P
4816990 
4816991 

4816992 (
4816993 )
4816994 P
4816995 
4816996 

4816997 (
4816998 )
4816999 P
4817000 
4817001 

4817002 (
4817003 )
4817004 P
4817005 
4817006 

4817007 (
4817008 )
4817009 P
4817010 
4817011 

4817012 (
4817013 )
4817014 P
4817015 
4817016 

4817017 (
4817018 )
4817019 P
4817020 
4817021 

4817022 (
4817023 )
4817024 P
4817025 
4817026 

4817027 (
4817028 )
4817029 P
4817030 
4817031 

4817032 (
4817033 )
4817034 P
4817035 
4817036 

4817037 (
4817038 )
4817039 P
4817040 
4817041 

4817042 (
4817043 )
4817044 P
4817045 
4817046 

4817047 (
4817048 )
4817049 P
4817050 
4817051 

4817052 (
4817053 )
4817054 P
4817055 
4817056 

4817057 (
4817058 )
4817059 P
4817060 
4817061 

4817062 (
4817063 )
4817064 P
4817065 
4817066 

4817067 (
4817068 )
4817069 P
4817070 
4817071 

4817072 (
4817073 )
4817074 P
4817075 
4817076 

4817077 (
4817078 )
4817079 P
4817080 
4817081 

4817082 (
4817083 )
4817084 P
4817085 
4817086 

4817087 (
4817088 )
4817089 P
4817090 
4817091 

4817092 (
4817093 )
4817094 P
4817095 
4817096 

4817097 (
4817098 )
4817099 P
4817100 
4817101 

4817102 (
4817103 )
4817104 P
4817105 
4817106 

4817107 (
4817108 )
4817109 P
4817110 
4817111 

4817112 (
4817113 )
4817114 P
4817115 
4817116 

4817117 (
4817118 )
4817119 P
4817120 
4817121 

4817122 (
4817123 )
4817124 P
4817125 
4817126 

4817127 (
4817128 )
4817129 P
4817130 
4817131 

4817132 (
4817133 )
4817134 P
4817135 
4817136 

4817137 (
4817138 )
4817139 P
4817140 
4817141 

4817142 (
4817143 )
4817144 P
4817145 
4817146 

4817147 (
4817148 )
4817149 P
4817150 
4817151 

4817152 (
4817153 )
4817154 P
4817155 
4817156 

4817157 (
4817158 )
4817159 P
4817160 
4817161 

4817162 (
4817163 )
4817164 P
4817165 
4817166 

4817167 (
4817168 )
4817169 P
4817170 
4817171 

4817172 (
4817173 )
4817174 P
4817175 
4817176 

4817177 (
4817178 )
4817179 P
4817180 
4817181 

4817182 (
4817183 )
4817184 P
4817185 
4817186 

4817187 (
4817188 )
4817189 P
4817190 
4817191 

4817192 (
4817193 )
4817194 P
4817195 
4817196 

4817197 (
4817198 )
4817199 P
4817200 
4817201 

4817202 (
4817203 )
4817204 P
4817205 
4817206 

4817207 (
4817208 )
4817209 P
4817210 
4817211 

4817212 (
4817213  
4817214  
4817215  
4817216  
4817217  
4817218  
4817219  
4817220  
4817221  
4817222  
4817223  
4817224  
4817225  
4817226  
4817227  
4817228  
4817229  
4817230  
4817231  
4817232  
4817233  
4817234  
4817235  
4817236  
4817237  
4817238  
4817239  
4817240  
4817241  
4817242  
4817243  
4817244  
4817245  
4817246  
4817247  
4817248 -
4817249 2
4817250 -
4817251 )
4817252 P
4817253 
4817254 

4817255 /
4817256 #
4817257 c
4817258 o
4817259 p
4817260 i
4817261 e
4817262 s
4817263  
4817264 1
4817265  
4817266 d
4817267 e
4817268 f
4817269  
4817270 s
4817271 h
4817272 o
4817273 w
4817274 p
4817275 a
4817276 g
4817277 e
4817278 
4817279 

4817280 r
4817281 e
4817282 s
4817283 t
4817284 o
4817285 r
4817286 e
4817287 
4817288 

4817289 






















4817290 %
4817291 %
4817292 P
4817293 a
4817294 g
4817295 e
4817296 :
4817297  
4817298 3
4817299  
4817300 3
4817301 
4817302 

4817303 s
4817304 a
4817305 v
4817306 e
4817307 
4817308 

4817309 /
4817310 O
4817311  
4817312 {
4817313 g
4817314 s
4817315 a
4817316 v
4817317 e
4817318  
4817319 s
4817320 h
4817321 o
4817322 w
4817323  
4817324 g
4817325 r
4817326 e
4817327 s
4817328 t
4817329 o
4817330 r
4817331 e
4817332 }
4817333  
4817334 d
4817335 e
4817336 f
4817337 
4817338 

4817339 /
4817340 P
4817341  
4817342 {
4817343 g
4817344 s
4817345 a
4817346 v
4817347 e
4817348  
4817349 s
4817350 h
4817351 o
4817352 w
4817353  
4817354 g
4817355 r
4817356 e
4817357 s
4817358 t
4817359 o
4817360 r
4817361 e
4817362  
4817363 0
4817364  
4817365 -
4817366 1
4817367 6
4817368 6
4817369 6
4817370 5
4817371  
4817372 r
4817373 m
4817374 o
4817375 v
4817376 e
4817377 t
4817378 o
4817379 }
4817380  
4817381 d
4817382 e
4817383 f
4817384 
4817385 

4817386 /
4817387 N
4817388  
4817389 {
4817390 /
4817391 C
4817392 o
4817393 u
4817394 r
4817395 i
4817396 e
4817397 r
4817398  
4817399 f
4817400 i
4817401 n
4817402 d
4817403 f
4817404 o
4817405 n
4817406 t
4817407  
4817408 1
5396481 5
5396482 2
5396483 7
5396484 7
5396485  
5396486 s
5396487 c
5396488 a
5396489 l
5396490 e
5396491 f
5396492 o
5396493 n
5396494 t
5396495  
5396496 s
5396497 e
5396498 t
5396499 f
5396500 o
5396501 n
5396502 t
5396503 }
5396504  
5396505 d
5396506 e
5396507 f
5396508 
5396509 

5396510 7
5396511 2
5396512  
5396513 1
5396514 0
5396515 0
5396516 0
5396517 0
5396518 0
5396519  
5396520 d
5396521 i
5396522 v
5396523  
5396524 7
5396525 2
5396526  
5396527 1
5396528 0
5396529 0
5396530 0
5396531 0
5396532 0
5396533  
5396534 d
5396535 i
5396536 v
5396537  
5396538 s
5396539 c
5396540 a
5396541 l
5396542 e
5396543 
5396544 

5396545 N
5396546 (
5396547 )
5396548 p
5396549 o
5396550 p
5396551 
5396552 

5396553 7
5396554 5
5396555 0
5396556 0
5396557 0
5396558  
5396559 1
5396560 0
5396561 5
5396562 2
5396563 0
5396564 8
5396565 5
5396566  
5396567 m
5396568 o
5396569 v
5396570 e
5396571 t
5396572 o
5396573 
5396574 

5396575 /
5396576 #
5396577 c
5396578 o
5396579 p
5396580 i
5396581 e
5396582 s
5396583  
5396584 1
5396585  
5396586 d
5396587 e
5396588 f
5396589  
5396590 s
5396591 h
5396592 o
5396593 w
5396594 p
5396595 a
5396596 g
5396597 e
5396598 
5396599 

5396600 r
5396601 e
5396602 s
5396603 t
5396604 o
5396605 r
5396606 e
5396607 
5396608 

5396609 






5396610
5536898
5536899
5536900
5536901
5536902
5536903
5536904
5536905
5536906
5536907
5536908
5536909
5536910
5536911
5536912
5536913
5536914
5536915
5536916
5536917
5536918
5536919
5536920
5536921
5536922
5536923
5536924
5536925
5536926
5536927
5536928
5536929
5536930
5536931
5536932
5536933
5536934
5536935
5536936
5536937
5536938
5536939
5536940
5536941
5536942
5536943
5536944
5536945
5536946
5536947
5536948
5536949
5536950
5536951
5536952
5536953
5536954
5536955
5536956
5536957
5536958
5536959
5536960
5536961
5536962
5536963 
5536964
5536965
5536966
5536967
5536968
5536969
5536970
5536971
5536972
5536973
5536974
5536975
5536976
5536977
5536978
5536979
5536980
5536981
5536982
5536983
5536984
5536985
5536986
5536987
5536988
5536989
5536990
5536991
5536992
5536993
5536994
5536995
5536996
5536997
5536998
5536999
5537000
5537001
5537002
5537003
5537004
5537005
5537006
5537007
5537008
5537009
5537010
5537011
5537012
5537013
5537014
5537015
5537016
5537017
5537018
5537019
5537020
5537021
5537022
5537023
5537024
5537025
5537026
5537027
5537028
5537029
5537030
5537031
5537032
5537033
5537034
5537035
5537036
5537037
5537038
5537039
5537040
5537041
5537042
5537043
5537044
5537045
5537046
5537047
5537048
5537049
5537050
5537051
5537052
5537053
5537054
5537055
5537056
5537057
5537058
5537059
5537060
5537061
5537062
5537063 
5537064
5537065
5537066
5537067
5537068
5537069
5537070
5537071
5537072
5537073
5537074
5537075
5537076
5537077
5537078
5537079
5537080
5537081
5537082
5537083
5537084
5537085
5537086
5537087
5537088
5537089
5537090
5537091
5537092
5537093
5537094
5537095
5537096
5537097
5537098
5537099
5537100
5537101
5537102
5537103
5537104
5537105
5537106
5537107
5537108
5537109
5537110
5537111
5537112
5537113
5537114
5537115
5537116
5537117
5537118
5537119
5537120
5537121
5537122
5537123
5537124
5537125
5537126
5537127
5537128
5537129
5537130
5537131
5537132
5537133
5537134
5537135
5537136
5537137
5537138
5537139
5537140
5537141
5537142
5537143
5537144
5537145
5537146
5537147
5537148
5537149
5537150
5537151
5537152
5537153
5537154
5537155
5537156
5537157
5537158
5537159
5537160
5537161
5537162
5537163 
5537164
5537165
5537166
5537167
5537168
5537169
5537170
5537171
5537172
5537173
5537174
5537175
5537176
5537177
5537178
5537179
5537180
5537181
5537182
5537183
5537184
5537185
5537186
5537187
5537188
5537189
5537190
5537191
5537192
5537193
5537194
5537195
5537196
5537197
5537198
5537199
5537200
5537201
5537202
5537203
5537204
5537205
5537206
5537207
5537208
5537209
5537210
5537211
5537212
5537213
5537214
5537215
5537216
5537217
5537218
5537219
5537220
5537221
5537222
5537223
5537224
5537225
5537226
5537227
5537228
5537229
5537230
5537231
5537232
5537233
5537234
5537235
5537236
5537237
5537238
5537239
5537240
5537241
5537242
5537243
5537244
5537245
5537246
5537247
5537248
5537249
5537250
5537251
5537252
5537253
5537254
5537255
5537256
5537257
5537258
5537259
5537260
5537261
5537262
5537263 
5537264
5537265
5537266
5537267
5537268
5537269
5537270
5537271
5537272
5537273
5537274
5537275
5537276
5537277
5537278
5537279
5537280
5537281
5537282
5537283
5537284
5537285
5537286
5537287
5537288
5537289
5537290
5537291
5537292
5537293
5537294
5537295
5537296
5537297
5537298
5537299
5537300
5537301
5537302
5537303
5537304
5537305
5537306
5537307
5537308
5537309
5537310
5537311
5537312
5537313
5537314
5537315
5537316
5537317
5537318
5537319
5537320
5537321
5537322
5537323
5537324
5537325
5537326
5537327
5537328
5537329
5537330
5537331
5537332
5537333
5537334
5537335
5537336
5537337
5537338
5537339
5537340
5537341
5537342
5537343
5537344
5537345
5537346
5537347
5537348
5537349
5537350
5537351
5537352
5537353
5537354
5537355
5537356
5537357
5537358
5537359
5537360
5537361
5537362
5537363 
5537364
5537365
5537366
5537367
5537368
5537369
5537370
5537371
5537372^C
!pop

[PHOTO:  Recording terminated Thu 14-Jan-88 7:55am]
