        GETPID  410443
        FLOOR   405420
        REALLO  403025
        $$$CPU  0
        FREE    410144
        $ZERO   407322
        UNLINK  406111
        FCNTL   402023
        OPEN    401453
        MODF    405537
        CLOSE   400074
        READ    400600
        STRERR  402642
        .CTYP1  0
        $$SECT  0
        CALLOC  403036
        $$$CRT  0
        STRLEN  406140
        $$BPPS  403040
        ACCESS  410453
        WRITE   401311
        MALLOC  410314
        $$BP90  410402
        $$BP93  410534
        LSEEK   402165
        ERRNO   406115
        TIME    410434]
*