
			22-Sep-85 12:51:35

BATCON Version	104(4214)			GLXLIB Version	1(1146)

	    Job BUILD Req #35 for MRC in Stream 0

	OUTPUT:	 Nolog				TIME-LIMIT: 1:00:00
	UNIQUE:	 Yes				BATCH-LOG:  Append
	RESTART: No				ASSISTANCE: Yes
						SEQUENCE:   3657

	Input from => PS:<MM>BUILD-MM.CTL.63
	Output to  => PS:<MM>BUILD-MM.LOG



12:51:36 MONTR	 White Sands Missile Range, TOPS-20 Monitor 5.4(1043)-4
12:51:36 MONTR	 Job 10 on TTY33 22-Sep-85 12:51PM
12:51:40 MONTR	 $
12:51:40 MONTR	[PS Mounted]
12:51:40 MONTR	
12:51:40 MONTR	[CONNECTED TO PS:<MM>]
		!			Build the MM mailsystem
		!			 Mark Crispin 27-Aug-85
		!
		!  This control file builds the MM mailsystem.  It should be possible to
		! submit this control file and run the resulting EXE files without
		! modification on any site.  Sites with additional or modified terminal
		! types may wish to customize the BLANKT.MAC file for their environment
		! prior to submitting this control file.
		!
		!  Required directories: <MM> for the sources, <MM.BINARIES> for the
		! resulting binaries.
		!
		!  This control file explicitly does NOT install the MM mailsystem; all
		! the resulting binaries are left on <MM.BINARIES>
		!
		!			*** EXEC BUG ***
		!
		!  A bug introduced in the 5.1 EXEC AP6 tape (and as of this writing in
		! the 6 EXEC) will prevent this control file from running.  The problem
		! is with the %"NOINITIAL" specification used in the LOAD commands herein.
		! To patch around this problem, patch location CMIND+16 from JRST CMPER
		! to NOP in SYSTEM:EXEC.EXE.
		!
		!
12:51:41 MONTR	@CONNECT <MM.BINARIES>
12:51:42 MONTR	 $@DEFINE DSK: DSK:,<MM>
12:51:42 MONTR	
12:51:42 MONTR	 $
		!
		! Clean up
12:51:42 MONTR	@DELETE *.*
12:51:42 MONTR	
12:51:42 MONTR	%No files match this specification - *.*
12:51:43 MONTR	 $@EXPUNGE
12:51:43 MONTR	 PS:<MM.BINARIES> [No pages freed]
12:51:43 MONTR	 $
		!
		! Log the environment this job ran under
12:51:43 MONTR	@VDIRECTORY <MM>,
12:51:43 MONTR	
12:51:43 MONTR	 $$@CHECKSUM SEQUENTIALLY
12:51:44 MONTR	
12:51:44 MONTR	 $$@
12:51:44 MONTR	
12:51:44 MONTR	   PS:<MM>
12:51:44 MONTR	 ARMAIL.MAC.6;P775252       5 10690(7)   15-Mar-85 17:52:46 MRC       621011  
12:51:44 MONTR	 BINARIES.DIRECTORY.1;P20200   0 0(0)    17-Aug-85 15:27:22 OPERATOR  Invalid access requested
12:51:45 MONTR	 BLANKT.MAC.3;P775252       2 2907(7)     5-Apr-85 23:44:04 MRC       177562  
12:51:47 MONTR	 BUILD-MM.CTL.63;P775252    3 5427(7)    27-Aug-85 00:10:25 MRC       746325  
12:51:47 MONTR	   .LOG.1;P775252           0 114(36)    22-Sep-85 12:51:41 OPERATOR  752453  
12:51:48 MONTR	 CAFARD.MAC.43;P775252     12 29393(7)   30-Apr-85 19:27:45 MRC       622314  
12:51:48 MONTR	 CAFDTR.MAC.4;P775252       1 1409(7)     5-Mar-85 23:24:55 MRC       375312  
12:51:49 MONTR	 CAFPRO.MAC.43;P775252      6 14667(7)   15-Mar-85 22:27:38 MRC       667652  
12:51:50 MONTR	 DMASER.MAC.4;P775252      20 50885(7)   31-Oct-83 12:32:17 MRC       107007  
12:51:50 MONTR	 DOCUMENTATION.DIRECTORY.1;P20200   0 0(0) 17-Aug-85 15:27:56 OPERATOR Invalid access requested
12:51:51 MONTR	 DOMAINS.TXT.90;P775252     4 8696(7)    22-Apr-85 17:02:16 MRC       603157  
12:51:52 MONTR	 FSCOPY.MAC.4;P775252       4 9144(7)    22-Mar-85 14:34:17 MRC       400423  
12:51:52 MONTR	 GRIPE.MAC.8;P775252        5 11860(7)   25-Oct-84 18:01:56 MRC       534546  
12:51:53 MONTR	 HSTNAM.MAC.85;P775252     13 30767(7)   22-Aug-85 02:29:54 MRC       146425  
12:51:54 MONTR	 HSTTST.MAC.10;P775252      2 2604(7)    10-Jul-85 16:02:20 MRC       367417  
12:51:55 MONTR	 JOBDAT.MAC.1;P775252       7 3584(36)   13-Feb-79 08:48:00 MRC       036332  
12:51:57 MONTR	 MACSYM.MAC.44;P775252     26 65513(7)    7-Jul-83 05:17:00 MRC       621660  
12:51:57 MONTR	 MAILING-LISTS.TXT.3;P775252   2 3303(7) 14-Aug-85 13:59:56 MRC       111015  
12:51:58 MONTR	 MAILST.MAC.6;P775252      15 36408(7)   27-Aug-85 00:07:06 MRC       001142  
12:52:00 MONTR	 MAISER.MAC.142;P775252    23 56619(7)   27-Aug-85 00:08:12 MRC       342600  
12:52:05 MONTR	 MM.MAC.1096;P775252      124 315923(7)  22-Sep-85 00:59:34 MRC       707703  
12:52:06 MONTR	 MMAIL.EMACS.92;P775252     5 11987(7)   12-Apr-85 11:35:24 MRC       661620  
12:52:10 MONTR	 MMAILR.MAC.419;P775252    97 247096(7)  26-Aug-85 08:53:29 MRC       313446  
12:52:11 MONTR	 MMHELP.MAC.6;P775252      17 43273(7)   20-Aug-85 17:25:34 MRC       602207  
12:52:12 MONTR	 MMLBX.MAC.55;P775252      14 34359(7)   14-Aug-85 14:04:52 MRC       305056  
12:52:13 MONTR	 MMSTAT.C.4;P775252         3 6707(7)     4-Feb-85 12:03:54 MRC       361343  
12:52:14 MONTR	 MMUUO.MAC.1;P775252        3 6620(7)     9-Mar-84 13:50:21 MRC       760633  
12:52:18 MONTR	 MONSYM.MAC.10;P775252     82 209830(7)  11-Mar-84 06:40:08 PAETZOLD  644261  
12:52:18 MONTR	 MSTAT.MAC.3;P775252        3 5318(7)    19-Jul-85 14:25:56 M.MRC     345225  
12:52:19 MONTR	 QDMAIL.MAC.12;P775252     13 31437(7)   25-Aug-83 04:58:51 MRC       126174  
12:52:20 MONTR	 RELAY.MAC.23;P775252       5 11741(7)    4-Sep-85 10:11:12 CRISPIN   745437  
12:52:20 MONTR	 REPLY.MAC.12;P775252       7 17050(7)   18-Jul-85 22:52:27 M.MRC     760247  
12:52:21 MONTR	 SEND.MAC.56;P775252        7 17430(7)    9-Sep-85 13:56:51 MRC       522236  
12:52:22 MONTR	 SMTJFN.MAC.6;P775252       4 9576(7)    26-Feb-85 12:41:50 MRC       171153  
12:52:22 MONTR	 SMTPSV.MAC.3;P775252       2 3408(7)    27-Nov-84 11:06:49 MRC       042516  
12:52:23 MONTR	 SNDDEF.MAC.10;P775252      2 3924(7)    12-Feb-85 16:23:03 MRC       132615  
12:52:23 MONTR	 SNDMSG.MAC.35;P775252      6 14908(7)   25-Mar-85 22:32:36 MRC       503707  
12:52:24 MONTR	 SNDSRV.MAC.36;P775252     13 32997(7)   18-Jul-85 22:52:02 M.MRC     404564  
12:52:25 MONTR	 SNDSTA.MAC.4;P775252       2 2770(7)    18-May-83 00:04:31 MRC       752773  
12:52:25 MONTR	 SPELL.DIRECTORY.1;P20200   0 0(0)       17-Aug-85 15:28:21 OPERATOR  Invalid access requested
12:52:26 MONTR	 WAKEUP.MAC.4;P775252       2 3858(7)     8-Aug-85 20:08:16 MRC       360501  
12:52:26 MONTR	 WHAT.MAC.9;P775252         6 15060(7)   18-Jul-85 21:07:48 M.MRC     464453  
12:52:27 MONTR	
12:52:27 MONTR	 Total of 567 pages in 42 files, Checksum = 730463, with 3 checksum errors
12:52:27 MONTR	 $@GET SYS:MACRO
12:52:29 MONTR	
12:52:29 MONTR	 $@INFORMATION VERSION
12:52:29 MONTR	 White Sands Missile Range, TOPS-20 Monitor 5.4(1043)-4
12:52:29 MONTR	 TOPS-20 Command processor 5.1(1762)-1
12:52:29 MONTR	 Program is MACRO, version is 53.1(1152)
12:52:29 MONTR	 $@GET SYS:LINK
12:52:31 MONTR	
12:52:31 MONTR	 $@INFORMATION VERSION
12:52:31 MONTR	 White Sands Missile Range, TOPS-20 Monitor 5.4(1043)-4
12:52:31 MONTR	 TOPS-20 Command processor 5.1(1762)-1
12:52:31 MONTR	 Program is LINK, version is 6(2364)
12:52:32 MONTR	PDVs:	Program name LINK, version 6(2364)
12:52:32 MONTR	 $
		!
		! Universals
		!
		! *** Begin use of private system universals ***
		!
		!  The reason we have private copies of the system universals is that
		! experience has demonstrated that we cannot count on the proper versions
		! of the various system universals existing on the local system.  In fact,
		! as of this writing (7/7/83) it is extremely unlikely that the correct
		! versions of MACSYM and MONSYM will be installed.  MACSYM has a critical
		! bugfix in the DO./ENDDO. construct which many sites do not have.  MONSYM
		! is for TOPS-20 release 5.3 (a TCP/IP version of 5.1).  Note that MM may
		! not assemble with the 5.4 or 6.x versions of MACSYM and MONSYM due to a
		! MACRO bug which gets a MCRNEC error.  This is being worked on.
		!
		! JOBDAT -- Low core symbol definitions
		! MACSYM -- System macro library with required bugfix
		! MONSYM -- System symbols for TOPS-20 release 5.3
12:52:32 MONTR	@COPY TTY: DSK:UNV.MAC
12:52:32 MONTR	 TTY: => UNV.MAC.1
12:52:32 MONTR	
12:52:33 MONTR	@%..UNV==1
12:52:33 MONTR	@^Z
12:52:33 MONTR	
12:52:33 MONTR	 $
12:52:33 MONTR	 $@COMPILE /NOBINARY UNV.MAC+JOBDAT.MAC
12:52:36 USER	MACRO:	JOBDAT
12:52:45 MONTR	
12:52:45 MONTR	EXIT
12:52:45 MONTR	 $@DELETE UNV.MAC
12:52:45 MONTR	 UNV.MAC.1 [OK]
12:52:45 MONTR	 $@EXPUNGE
12:52:46 MONTR	 PS:<MM.BINARIES> [1 page freed]
12:52:46 MONTR	 $@COMPILE /NOBINARY MACSYM
12:52:49 USER	MACRO:	MACSYM
12:53:13 USER	
12:53:13 USER	EXIT
12:53:14 MONTR	 $@COPY TTY: DSK:REL1.MAC
12:53:14 MONTR	 TTY: => REL1.MAC.1
12:53:14 MONTR	
12:53:14 MONTR	@REL==1
12:53:14 MONTR	@^Z
12:53:14 MONTR	
12:53:15 MONTR	 $
12:53:15 MONTR	 $@COMPILE /COMPILE REL1.MAC+MACSYM.MAC MACREL
12:53:18 USER	MACRO:	MACREL
12:53:46 USER	
12:53:46 USER	EXIT
12:53:47 MONTR	 $@DELETE REL1.MAC
12:53:47 MONTR	 REL1.MAC.1 [OK]
12:53:48 MONTR	 $@EXPUNGE
12:53:48 MONTR	 PS:<MM.BINARIES> [61 pages freed]
12:53:49 MONTR	 $@COMPILE /NOBINARY MONSYM
12:53:53 USER	MACRO:	MONSYM
12:57:03 USER	
12:57:03 USER	EXIT
12:57:04 MONTR	 $
		!
		! Use our copies of the universals instead of the system ones
12:57:05 MONTR	@DEFINE SYS: DSK:,SYS:
12:57:05 MONTR	
12:57:05 MONTR	 $
		! *** End use of private system universals ***
		!
		! SNDDEF -- Definitions for the sendsystem
12:57:05 MONTR	@COMPILE /NOBINARY SNDDEF
12:57:10 USER	MACRO:	SNDDEF
12:57:15 MONTR	
12:57:15 MONTR	EXIT
12:57:16 MONTR	 $
		!
		!**********************************************************************
		!		Libraries
		!**********************************************************************
		! ARMAIL -- Replacement for DEC's ARMAIL module
		! BLANKT -- site-dependent terminal blanking codes
		! HSTNAM -- host name lookup and domain processing
		! RELAY -- relay host name lookup and domain processing
		! SNDMSG -- terminal sending routines
		! WAKEUP -- MMailr wakeup module for mail composers
12:57:16 MONTR	@COMPILE ARMAIL,BLANKT,HSTNAM,RELAY,SNDMSG,WAKEUP
12:57:24 USER	MACRO:	ARMAIL
12:57:42 USER	MACRO:	BLANKT
12:57:44 USER	MACRO:	HSTNAM
12:58:31 USER	MACRO:	RELAY
12:58:53 USER	MACRO:	SNDMSG
12:59:18 USER	MACRO:	WAKEUP
12:59:36 USER	
12:59:36 USER	EXIT
12:59:36 MONTR	 $
		!
		!**********************************************************************
		!		Mailsystem
		!**********************************************************************
		! MM -- mail composition/retrieval subsystem
12:59:36 MONTR	@COMPILE FSCOPY,MMHELP,MMUUO
12:59:45 USER	MACRO:	FSCOPY
13:00:05 USER	MACRO:	MMHELP
13:00:38 USER	MACRO:	MMUUO
13:00:47 USER	
13:00:47 USER	EXIT
13:00:48 MONTR	 $@LOAD %"NOINITIAL" MM
13:00:54 USER	MACRO:	MM
13:19:54 USER	LINK:	Loading
13:19:56 USER	%LNKTDS	Too late to delete initial symbols
13:20:22 MONTR	 $
		!
		! GRIPE -- tool for sending bug reports, etc.
13:20:22 MONTR	@LOAD %"NOINITIAL" GRIPE
13:20:28 USER	MACRO:	GRIPE
13:20:58 USER	LINK:	Loading
13:21:00 USER	%LNKTDS	Too late to delete initial symbols
13:21:07 MONTR	 $
		!
		! MSTAT - tool for looking at queued messages
13:21:07 MONTR	@LOAD %"NOINITIAL" MSTAT
13:21:12 USER	MACRO:	MSTAT
13:21:22 USER	LINK:	Loading
13:21:30 MONTR	 $
		!
		! MAILST - system server for MSTAT requests
13:21:30 MONTR	@LOAD %"NOINITIAL" MAILST
13:21:33 USER	MACRO:	MAILST
13:22:15 USER	LINK:	Loading
13:22:21 MONTR	 $
		!
		! MMAILR -- mail delivery process
13:22:21 MONTR	@LOAD %"NOINITIAL" MMAILR
13:22:29 USER	MACRO:	MMailr
13:38:05 USER	LINK:	Loading
13:38:07 USER	%LNKTDS	Too late to delete initial symbols
13:38:17 MONTR	 $
		!
		! MMAILBOX -- mailbox lookup tool
13:38:17 MONTR	@LOAD %"NOINITIAL" MMLBX
13:38:25 USER	MACRO:	MMailb
13:40:22 USER	LINK:	Loading
13:40:27 USER	%LNKTDS	Too late to delete initial symbols
13:40:33 MONTR	 $@RESET		!work around release 6 LINK bug
13:40:34 MONTR	
13:40:34 MONTR	 $@RENAME MMLBX.EXE MMAILBOX.EXE
13:40:35 MONTR	 MMLBX.EXE.1 => MMAILBOX.EXE.1 [OK]
13:40:35 MONTR	 $
		!
		! MAISER -- SMTP protocol server
13:40:35 MONTR	@LOAD %"NOINITIAL" MAISER
13:40:40 USER	MACRO:	MAISER
13:43:43 USER	LINK:	Loading
13:43:45 USER	%LNKTDS	Too late to delete initial symbols
13:43:56 MONTR	 $
		!
		! SMTPSV -- Internet SMTP listener
13:43:56 MONTR	@LOAD %"NOINITIAL" SMTPSV
13:44:00 USER	MACRO:	SMTPSV
13:44:09 USER	LINK:	Loading
13:44:11 USER	%LNKTDS	Too late to delete initial symbols
13:44:13 MONTR	 $
		!
		! SMTJFN -- JFN-based Internet SMTP listener
13:44:13 MONTR	@LOAD %"NOINITIAL" SMTJFN
13:44:17 USER	MACRO:	SMTJFN
13:44:50 USER	LINK:	Loading
13:44:52 USER	%LNKTDS	Too late to delete initial symbols
13:44:55 MONTR	 $
		!
		! DMASER -- DECnet SMTP protocol listener/server
13:44:55 MONTR	@LOAD %"NOINITIAL" DMASER
13:45:00 USER	MACRO:	DMASER
13:47:05 USER	LINK:	Loading
13:47:07 USER	%LNKTDS	Too late to delete initial symbols
13:47:13 MONTR	 $
		!
		! CAFARD - TTY line mail transfer program
13:47:13 MONTR	@COMPILE CAFPRO,CAFDTR
13:47:18 USER	MACRO:	CAFPRO
13:47:46 USER	MACRO:	CAFDTR
13:47:49 USER	
13:47:49 USER	EXIT
13:47:50 MONTR	 $@LOAD %"NOINITIAL" CAFARD
13:47:53 USER	MACRO:	CAFARD
13:49:21 USER	LINK:	Loading
13:49:22 USER	%LNKTDS	Too late to delete initial symbols
13:49:28 MONTR	 $
		!
		!**********************************************************************
		!		Sendsystem
		!**********************************************************************
		! SEND -- Send composition process
13:49:28 MONTR	@LOAD %"NOINITIAL" SEND
13:49:32 USER	MACRO:	SEND
13:50:01 USER	LINK:	Loading
13:50:07 MONTR	 $
		!
		! SNDSRV -- Send delivery process
13:50:07 MONTR	@LOAD %"NOINITIAL" SNDSRV
13:50:10 USER	MACRO:	SNDSRV
13:50:59 USER	LINK:	Loading
13:51:03 MONTR	 $
		!
		! REPLY -- Reply to latest send
13:51:03 MONTR	@LOAD %"NOINITIAL" REPLY
13:51:07 USER	MACRO:	REPLY
13:51:32 USER	LINK:	Loading
13:51:37 MONTR	 $
		!
		! WHAT -- Report previous sends
13:51:37 MONTR	@LOAD %"NOINITIAL" WHAT
13:51:40 USER	MACRO:	WHAT
13:52:06 USER	LINK:	Loading
13:52:10 MONTR	 $
		!
		!**********************************************************************
		!		Auxillary tools
		!**********************************************************************
		! HSTTST -- host name registry lookup tool
13:52:10 MONTR	@LOAD %"NOINITIAL" HSTTST
13:52:14 USER	MACRO:	HSTTST
13:52:24 USER	LINK:	Loading
13:52:25 USER	%LNKTDS	Too late to delete initial symbols
13:52:29 MONTR	 $
		!
		! QDMAIL -- mail queue perusal tool
13:52:29 MONTR	@LOAD %"NOINITIAL" QDMAIL
13:52:32 USER	MACRO:	QDMAIL
13:52:55 USER	LINK:	Loading
13:52:56 USER	%LNKTDS	Too late to delete initial symbols
13:53:00 MONTR	 $
		!
		! SNDSTAT -- Get sending statistics from SNDSRV
13:53:00 MONTR	@LOAD %"NOINITIAL" SNDSTA
13:53:04 USER	MACRO:	SNDSTA
13:53:13 USER	LINK:	Loading
13:53:18 MONTR	 $
		!
		!  The following parts of the MM built procedure may not work on a site
		! which does not have EMACS and/or C properly installed.
13:53:18 BATCH	@NOERROR
		!
		! MMSTAT -- Statistics from log file
13:53:18 MONTR	@CC MMSTAT.C
13:53:21 USER	KCC:	MMSTAT
13:53:28 USER	<MM.BINARIES>MMSTAT.FAI.1
13:53:29 USER	FAIL:  MMSTAT
13:53:34 USER	LINK:	Loading
13:53:43 MONTR	 $
		!
13:53:43 MONTR	@CONNECT <MM>
13:53:44 MONTR	
13:53:44 MONTR	 $
		!
		! MMAIL -- Support routines for fancy MM/EMACS interface
13:53:44 MONTR	@EMACS
13:53:46 USER	
13:53:46 USER	
13:53:50 USER	Terminal Type: *
13:53:50 USER	
13:53:51 USER	EMACS Editor, version 163 - type ^_ (the help character) for help.
13:53:51 USER	*^[XLOAD LIBRARY^[PURIFY
13:53:52 USER	M-X*^[XGENERATE LIBRARY^[<MM.BINARIES>MMAIL^[<MM>MMAIL
13:53:54 USER	Compressing file PS:<MM>MMAIL.EMACS.0
13:54:00 USER	 -> PS:<MM.BINARIES>MMAIL.^V:EJ.0
13:54:04 USER	*^X^Z
13:54:04 USER			 $ $@DELETE MMAIL.COMPRS
13:54:04 MONTR	 MMAIL.COMPRS.1 [OK]
13:54:04 MONTR	 $@EXPUNGE
13:54:05 MONTR	 PS:<MM> [4 pages freed]
13:54:05 MONTR	 $
		!
13:54:05 BATCH	@ERROR
		!
		! [End of BUILD-MM.CTL]
13:54:05 MONTR	
13:54:08 MONTR	Killed by OPERATOR, TTY 26
13:54:08 MONTR	Killed Job 10, User MRC, Account SYSTEM, TTY 33, at 22-Sep-85 13:54:09
13:54:08 MONTR	 Used 0:34:06 in 1:02:32
   			26-Sep-85 21:03:09

BATCON Version	5(6063)			GLXLIB Version	5(1247)

	    Job BUILD Req #478 for MKL in Stream 0

	OUTPUT:	 Log				TIME-LIMIT: 1:00:00
	UNIQUE:	 Yes				BATCH-LOG:  Append
	RESTART: No				ASSISTANCE: Yes
	ACCOUNT: CF                             SEQUENCE:   3186

	Input from => SRC:<MM-NEW>BUILD-MM.CTL
	Output to  => SRC:<MM-NEW>BUILD-MM.LOG



21:03:10 MONTR	 SRI-NIC, TOPS-20 Monitor 6(6401)-4
21:03:10 MONTR	 Job 20 on TTY101 26-Sep-85  9:03pm
21:03:12 MONTR	@
21:03:12 MONTR	[SRC Mounted]
21:03:12 MONTR	
21:03:12 MONTR	[CONNECTED TO SRC:<MM-NEW>]
		!			Build the MM mailsystem
		!			 Mark Crispin 27-Aug-85
		!
		!  This control file builds the MM mailsystem.  It should be possible to
		! submit this control file and run the resulting EXE files without
		! modification on any site.  Sites with additional or modified terminal
		! types may wish to customize the BLANKT.MAC file for their environment
		! prior to submitting this control file.
		!
		!  Required directories: <MM> for the sources, <MM.BINARIES> for the
		! resulting binaries.
		!
		!  This control file explicitly does NOT install the MM mailsystem; all
		! the resulting binaries are left on <MM.BINARIES>
		!
		!			*** EXEC BUG ***
		!
		!  A bug introduced in the 5.1 EXEC AP6 tape (and as of this writing in
		! the 6 EXEC) will prevent this control file from running.  The problem
		! is with the %"NOINITIAL" specification used in the LOAD commands herein.
		! To patch around this problem, patch location CMIND+16 from JRST CMPER
		! to NOP in SYSTEM:EXEC.EXE.
		!
		!
21:03:13 MONTR	@CONNECT SRC:<MM-NEW.BINARIES>
21:03:13 MONTR	 SRC:<MM-NEW> Over permanent storage allocation by 578 page(s).
21:03:13 MONTR	Password: @DEFINE DSK: DSK:,SRC:<MM-NEW>
21:03:13 MONTR	
21:03:17 MONTR	?Invalid password
21:03:17 MONTR	@
		!
		! Clean up
		@DELETE *.*
		@EXPUNGE
		!
		! Log the environment this job ran under
		@VDIRECTORY SRC:<MM-NEW>,
		@CHECKSUM SEQUENTIALLY
		@
		@GET SYS:MACRO
		@INFORMATION VERSION
		@GET SYS:LINK
		@INFORMATION VERSION
		!
		! Universals
		!
		! *** Begin use of private system universals ***
		!
		!  The reason we have private copies of the system universals is that
		! experience has demonstrated that we cannot count on the proper versions
		! of the various system universals existing on the local system.  In fact,
		! as of this writing (7/7/83) it is extremely unlikely that the correct
		! versions of MACSYM and MONSYM will be installed.  MACSYM has a critical
		! bugfix in the DO./ENDDO. construct which many sites do not have.  MONSYM
		! is for TOPS-20 release 5.3 (a TCP/IP version of 5.1).  Note that MM may
		! not assemble with the 5.4 or 6.x versions of MACSYM and MONSYM due to a
		! MACRO bug which gets a MCRNEC error.  This is being worked on.
		!
		! JOBDAT -- Low core symbol definitions
		! MACSYM -- System macro library with required bugfix
		! MONSYM -- System symbols for TOPS-20 release 5.3
		@COPY TTY: DSK:UNV.MAC
		@%..UNV==1
		@^Z
		@COMPILE /NOBINARY UNV.MAC+JOBDAT.MAC
		@DELETE UNV.MAC
		@EXPUNGE
		@COMPILE /NOBINARY MACSYM
		@COPY TTY: DSK:REL1.MAC
		@REL==1
		@^Z
		@COMPILE /COMPILE REL1.MAC+MACSYM.MAC MACREL
		@DELETE REL1.MAC
		@EXPUNGE
		@COMPILE /NOBINARY MONSYM
		!
		! Use our copies of the universals instead of the system ones
		@DEFINE SYS: DSK:,SYS:
		! *** End use of private system universals ***
		!
		! SNDDEF -- Definitions for the sendsystem
		@COMPILE /NOBINARY SNDDEF
		!
		!**********************************************************************
		!		Libraries
		!**********************************************************************
		! ARMAIL -- Replacement for DEC's ARMAIL module
		! BLANKT -- site-dependent terminal blanking codes
		! HSTNAM -- host name lookup and domain processing
		! RELAY -- relay host name lookup and domain processing
		! SNDMSG -- terminal sending routines
		! WAKEUP -- MMailr wakeup module for mail composers
		@COMPILE ARMAIL,BLANKT,HSTNAM,RELAY,SNDMSG,WAKEUP
		!
		!**********************************************************************
		!		Mailsystem
		!**********************************************************************
		! MM -- mail composition/retrieval subsystem
		@COMPILE FSCOPY,MMHELP,MMUUO
		@LOAD %"NOINITIAL" MM
		!
		! GRIPE -- tool for sending bug reports, etc.
		@LOAD %"NOINITIAL" GRIPE
		!
		! MSTAT - tool for looking at queued messages
		@LOAD %"NOINITIAL" MSTAT
		!
		! MAILST - system server for MSTAT requests
		@LOAD %"NOINITIAL" MAILST
		!
		! MMAILR -- mail delivery process
		@LOAD %"NOINITIAL" MMAILR
		!
		! MMAILBOX -- mailbox lookup tool
		@LOAD %"NOINITIAL" MMLBX
		@RESET		!work around release 6 LINK bug
		@RENAME MMLBX.EXE MMAILBOX.EXE
		!
		! MAISER -- SMTP protocol server
		@LOAD %"NOINITIAL" MAISER
		!
		! SMTPSV -- Internet SMTP listener
		@LOAD %"NOINITIAL" SMTPSV
		!
		! SMTJFN -- JFN-based Internet SMTP listener
		@LOAD %"NOINITIAL" SMTJFN
		!
		! DMASER -- DECnet SMTP protocol listener/server
		@LOAD %"NOINITIAL" DMASER
		!
		! CAFARD - TTY line mail transfer program
		@COMPILE CAFPRO,CAFDTR
		@LOAD %"NOINITIAL" CAFARD
		!
		!**********************************************************************
		!		Sendsystem
		!**********************************************************************
		! SEND -- Send composition process
		@LOAD %"NOINITIAL" SEND
		!
		! SNDSRV -- Send delivery process
		@LOAD %"NOINITIAL" SNDSRV
		!
		! REPLY -- Reply to latest send
		@LOAD %"NOINITIAL" REPLY
		!
		! WHAT -- Report previous sends
		@LOAD %"NOINITIAL" WHAT
		!
		!**********************************************************************
		!		Auxillary tools
		!**********************************************************************
		! HSTTST -- host name registry lookup tool
		@LOAD %"NOINITIAL" HSTTST
		!
		! QDMAIL -- mail queue perusal tool
		@LOAD %"NOINITIAL" QDMAIL
		!
		! SNDSTAT -- Get sending statistics from SNDSRV
		@LOAD %"NOINITIAL" SNDSTA
		!
		!  The following parts of the MM built procedure may not work on a site
		! which does not have EMACS and/or C properly installed.
		@NOERROR
		!
		! MMSTAT -- Statistics from log file
		@CC MMSTAT.C
		!
		@CONNECT SRC:<MM-NEW>
		!
		! MMAIL -- Support routines for fancy MM/EMACS interface
		@EMACS
		*
		*^[XLOAD LIBRARY^[PURIFY
		*^[XGENERATE LIBRARY^[SRC:<MM-NEW.BINARIES>MMAIL^[<MM-NEW>MMAIL
		*^X^Z
		@DELETE MMAIL.COMPRS
		@EXPUNGE
		!
		@ERROR
		!
		! [End of BUILD-MM.CTL]

		BTNECF End of Control File while searching for %ERR

21:03:17 MONTR	
21:03:18 MONTR	Killed by OPERATOR, TTY 67
21:03:18 MONTR	Killed Job 20, User MKL, Account CF, TTY 101, at 26-Sep-85 21:03:18
21:03:18 MONTR	 Used 0:00:00 in 0:00:08
  			26-Sep-85 21:04:39

BATCON Version	5(6063)			GLXLIB Version	5(1247)

	    Job BUILD Req #480 for MKL in Stream 0

	OUTPUT:	 Log				TIME-LIMIT: 1:00:00
	UNIQUE:	 Yes				BATCH-LOG:  Append
	RESTART: No				ASSISTANCE: Yes
	ACCOUNT: CF                             SEQUENCE:   3188

	Input from => SRC:<MM-NEW>BUILD-MM.CTL
	Output to  => SRC:<MM-NEW>BUILD-MM.LOG



21:04:39 MONTR	 SRI-NIC, TOPS-20 Monitor 6(6401)-4
21:04:39 MONTR	 Job 18 on TTY101 26-Sep-85  9:04pm
21:04:39 MONTR	@
21:04:39 MONTR	[SRC Mounted]
21:04:39 MONTR	
21:04:39 MONTR	[CONNECTED TO SRC:<MM-NEW>]
		!			Build the MM mailsystem
		!			 Mark Crispin 27-Aug-85
		!
		!  This control file builds the MM mailsystem.  It should be possible to
		! submit this control file and run the resulting EXE files without
		! modification on any site.  Sites with additional or modified terminal
		! types may wish to customize the BLANKT.MAC file for their environment
		! prior to submitting this control file.
		!
		!  Required directories: <MM> for the sources, <MM.BINARIES> for the
		! resulting binaries.
		!
		!  This control file explicitly does NOT install the MM mailsystem; all
		! the resulting binaries are left on <MM.BINARIES>
		!
		!			*** EXEC BUG ***
		!
		!  A bug introduced in the 5.1 EXEC AP6 tape (and as of this writing in
		! the 6 EXEC) will prevent this control file from running.  The problem
		! is with the %"NOINITIAL" specification used in the LOAD commands herein.
		! To patch around this problem, patch location CMIND+16 from JRST CMPER
		! to NOP in SYSTEM:EXEC.EXE.
		!
		!
21:04:39 MONTR	@ENABLE
21:04:40 MONTR	 $@CONNECT SRC:<MM-NEW.BINARIES>
21:04:40 MONTR	 SRC:<MM-NEW> Over permanent storage allocation by 584 page(s).
21:04:40 MONTR	 $@DEFINE DSK: DSK:,SRC:<MM-NEW>
21:04:40 MONTR	
21:04:40 MONTR	 $
		!
		! Clean up
21:04:40 MONTR	@DELETE *.*
21:04:41 MONTR	
21:04:41 MONTR	%No files match this specification - *.*
21:04:41 MONTR	 $@EXPUNGE
21:04:43 MONTR	 SRC:<MM-NEW.BINARIES> [No pages freed]
21:04:43 MONTR	 $
		!
		! Log the environment this job ran under
21:04:43 MONTR	@VDIRECTORY SRC:<MM-NEW>,
21:04:43 MONTR	
21:04:43 MONTR	 $$@CHECKSUM SEQUENTIALLY
21:04:43 MONTR	
21:04:43 MONTR	 $$@
21:04:43 MONTR	
21:04:43 MONTR	   SRC:<MM-NEW>
21:04:45 MONTR	 ARMAIL.MAC.6;P775202       5 10690(7)   15-Mar-85 17:52:46 MRC       621011  
21:04:45 MONTR	 BINARIES.DIRECTORY.1;P20200   0 0(0)    26-Sep-85 21:02:57 MKL       Invalid access requested
21:04:46 MONTR	 BLANKT.MAC.3;P775202       2 2907(7)     5-Apr-85 23:44:04 MRC       177562  
21:04:47 MONTR	 BUILD-MM.CTL.63;P775202    3 5427(7)    27-Aug-85 00:10:25 MRC       746325  
21:04:48 MONTR	      .64;P775202           3 5471(7)    26-Sep-85 21:00:34 MKL       634143  
21:04:50 MONTR	      .65;P775202           3 5480(7)    26-Sep-85 21:04:27 MKL       560104  
21:04:54 MONTR	   .LOG.1;P775202           9 4705(36)   26-Sep-85 21:04:39 OPERATOR  710067  
21:04:58 MONTR	 CAFARD.MAC.43;P775202     12 29393(7)   30-Apr-85 19:27:45 MRC       622314  
21:04:59 MONTR	 CAFDTR.MAC.4;P775202       1 1409(7)     5-Mar-85 23:24:55 MRC       375312  
21:05:01 MONTR	 CAFPRO.MAC.43;P775202      6 14667(7)   15-Mar-85 22:27:38 MRC       667652  
21:05:08 MONTR	 DMASER.MAC.4;P775202      20 50885(7)   31-Oct-83 12:32:17 MRC       107007  
21:05:09 MONTR	 DOMAINS.TXT.90;P775202     4 8696(7)    22-Apr-85 17:02:16 MRC       603157  
21:05:11 MONTR	 FSCOPY.MAC.4;P775202       4 9144(7)    22-Mar-85 14:34:17 MRC       400423  
21:05:13 MONTR	 GRIPE.MAC.8;P775202        5 11860(7)   25-Oct-84 18:01:56 MRC       534546  
21:05:17 MONTR	 HSTNAM.MAC.85;P775202     13 30767(7)   22-Aug-85 02:29:54 MRC       146425  
21:05:17 MONTR	 HSTTST.MAC.10;P775202      2 2604(7)    10-Jul-85 16:02:20 MRC       367417  
21:05:20 MONTR	 JOBDAT.MAC.1;P775202       7 3584(36)   13-Feb-79 08:48:00 MRC       036332  
21:05:33 MONTR	 MACSYM.MAC.44;P775202     26 65513(7)    7-Jul-83 05:17:00 MRC       621660  
21:05:34 MONTR	 MAILING-LISTS.TXT.3;P775202   2 3303(7) 14-Aug-85 13:59:56 MRC       111015  
21:05:39 MONTR	 MAILST.MAC.6;P775202      15 36408(7)   27-Aug-85 00:07:06 MRC       001142  
21:05:46 MONTR	 MAISER.MAC.142;P775202    23 56619(7)   27-Aug-85 00:08:12 MRC       342600  
21:06:32 MONTR	 MM.MAC.1096;P775202      124 315923(7)  22-Sep-85 00:59:34 MRC       707703  
21:06:34 MONTR	 MMAIL.EMACS.94;P775202     6 12927(7)   26-Sep-85 22:19:05 GERGELY   465655  
21:07:05 MONTR	 MMAILR.MAC.420;P775202    97 247100(7)  23-Sep-85 17:39:00 MRC       327405  
21:07:09 MONTR	 MMHELP.MAC.6;P775202      17 43273(7)   20-Aug-85 17:25:34 MRC       602207  
21:07:13 MONTR	 MMLBX.MAC.55;P775202      14 34359(7)   14-Aug-85 14:04:52 MRC       305056  
21:07:14 MONTR	 MMSTAT.C.4;P775202         3 6707(7)     4-Feb-85 12:03:54 MRC       361343  
21:07:15 MONTR	 MMUUO.MAC.1;P775202        3 6620(7)     9-Mar-84 13:50:21 MRC       760633  
21:07:47 MONTR	 MONSYM.MAC.10;P775202     82 209830(7)  11-Mar-84 06:40:08 PAETZOLD  644261  
21:07:48 MONTR	 MSTAT.MAC.3;P775202        3 5318(7)    19-Jul-85 14:25:56 M.MRC     345225  
21:07:54 MONTR	 QDMAIL.MAC.12;P775202     13 31437(7)   25-Aug-83 04:58:51 MRC       126174  
21:07:55 MONTR	 RELAY.MAC.23;P775202       5 11741(7)    4-Sep-85 10:11:12 CRISPIN   745437  
21:07:58 MONTR	 REPLY.MAC.12;P775202       7 17050(7)   18-Jul-85 22:52:27 M.MRC     760247  
21:08:01 MONTR	 SEND.MAC.56;P775202        7 17430(7)    9-Sep-85 13:56:51 MRC       522236  
21:08:02 MONTR	 SMTJFN.MAC.6;P775202       4 9576(7)    26-Feb-85 12:41:50 MRC       171153  
21:08:02 MONTR	 SMTPSV.MAC.3;P775202       2 3408(7)    27-Nov-84 11:06:49 MRC       042516  
21:08:03 MONTR	 SNDDEF.MAC.10;P775202      2 3924(7)    12-Feb-85 16:23:03 MRC       132615  
21:08:05 MONTR	 SNDMSG.MAC.35;P775202      6 14908(7)   25-Mar-85 22:32:36 MRC       503707  
21:08:09 MONTR	 SNDSRV.MAC.36;P775202     13 32997(7)   18-Jul-85 22:52:02 M.MRC     404564  
21:08:09 MONTR	 SNDSTA.MAC.4;P775202       2 2770(7)    18-May-83 00:04:31 MRC       752773  
21:08:10 MONTR	 WAKEUP.MAC.4;P775202       2 3858(7)     8-Aug-85 20:08:16 MRC       360501  
21:08:12 MONTR	 WHAT.MAC.9;P775202         6 15060(7)   18-Jul-85 21:07:48 M.MRC     464453  
21:08:12 MONTR	
21:08:12 MONTR	 Total of 583 pages in 42 files, Checksum = 535026, with 1 checksum error
21:08:12 MONTR	 $@GET SYS:MACRO
21:08:12 MONTR	
21:08:12 MONTR	 $@INFORMATION VERSION
21:08:12 MONTR	 SRI-NIC, TOPS-20 Monitor 6(6401)-4
21:08:12 MONTR	 TOPS-20 Command processor 6(1066)-4
21:08:12 MONTR	 Program is MACRO, version is 53.1(1152)
21:08:12 MONTR	 $@GET SYS:LINK
21:08:13 MONTR	
21:08:13 MONTR	 $@INFORMATION VERSION
21:08:13 MONTR	 SRI-NIC, TOPS-20 Monitor 6(6401)-4
21:08:13 MONTR	 TOPS-20 Command processor 6(1066)-4
21:08:13 MONTR	 Program is LINK, version is 5.1(2074)
21:08:13 MONTR	PDVs:	Program name LINK, version 5.1(2074)
21:08:13 MONTR	 $
		!
		! Universals
		!
		! *** Begin use of private system universals ***
		!
		!  The reason we have private copies of the system universals is that
		! experience has demonstrated that we cannot count on the proper versions
		! of the various system universals existing on the local system.  In fact,
		! as of this writing (7/7/83) it is extremely unlikely that the correct
		! versions of MACSYM and MONSYM will be installed.  MACSYM has a critical
		! bugfix in the DO./ENDDO. construct which many sites do not have.  MONSYM
		! is for TOPS-20 release 5.3 (a TCP/IP version of 5.1).  Note that MM may
		! not assemble with the 5.4 or 6.x versions of MACSYM and MONSYM due to a
		! MACRO bug which gets a MCRNEC error.  This is being worked on.
		!
		! JOBDAT -- Low core symbol definitions
		! MACSYM -- System macro library with required bugfix
		! MONSYM -- System symbols for TOPS-20 release 5.3
21:08:13 MONTR	@COPY TTY: DSK:UNV.MAC
21:08:13 MONTR	 TTY: => UNV.MAC.1
21:08:13 MONTR	
21:08:13 MONTR	@%..UNV==1
21:08:13 MONTR	@^Z
21:08:13 MONTR	
21:08:14 MONTR	 $
21:08:14 MONTR	 $@COMPILE /NOBINARY UNV.MAC+JOBDAT.MAC
21:08:15 USER	MACRO:	JOBDAT
21:08:18 USER	
21:08:18 USER	EXIT
21:08:18 MONTR	 $@DELETE UNV.MAC
21:08:18 MONTR	 UNV.MAC.1 [OK]
21:08:18 MONTR	 $@EXPUNGE
21:08:18 MONTR	 SRC:<MM-NEW.BINARIES> [1 page freed]
21:08:18 MONTR	 $@COMPILE /NOBINARY MACSYM
21:08:20 USER	MACRO:	MACSYM
21:08:26 MONTR	
21:08:26 MONTR	EXIT
21:08:26 MONTR	 $@COPY TTY: DSK:REL1.MAC
21:08:26 MONTR	 TTY: => REL1.MAC.1
21:08:27 MONTR	
21:08:27 MONTR	@REL==1
21:08:27 MONTR	@^Z
21:08:27 MONTR	
21:08:27 MONTR	 $
21:08:27 MONTR	 $@COMPILE /COMPILE REL1.MAC+MACSYM.MAC MACREL
21:08:28 USER	MACRO:	MACREL
21:08:38 USER	
21:08:38 USER	EXIT
21:08:38 MONTR	 $@DELETE REL1.MAC
21:08:38 MONTR	 REL1.MAC.1 [OK]
21:08:38 MONTR	 $@EXPUNGE
21:08:38 MONTR	 SRC:<MM-NEW.BINARIES> [1 page freed]
21:08:38 MONTR	 $@COMPILE /NOBINARY MONSYM
21:08:41 USER	MACRO:	MONSYM
21:09:37 USER	
21:09:37 USER	EXIT
21:09:37 MONTR	 $
		!
		! Use our copies of the universals instead of the system ones
21:09:37 MONTR	@DEFINE SYS: DSK:,SYS:
21:09:38 MONTR	
21:09:38 MONTR	 $
		! *** End use of private system universals ***
		!
		! SNDDEF -- Definitions for the sendsystem
21:09:38 MONTR	@COMPILE /NOBINARY SNDDEF
21:09:40 USER	MACRO:	SNDDEF
21:09:42 USER	
21:09:42 USER	EXIT
21:09:42 MONTR	 $
		!
		!**********************************************************************
		!		Libraries
		!**********************************************************************
		! ARMAIL -- Replacement for DEC's ARMAIL module
		! BLANKT -- site-dependent terminal blanking codes
		! HSTNAM -- host name lookup and domain processing
		! RELAY -- relay host name lookup and domain processing
		! SNDMSG -- terminal sending routines
		! WAKEUP -- MMailr wakeup module for mail composers
21:09:42 MONTR	@COMPILE ARMAIL,BLANKT,HSTNAM,RELAY,SNDMSG,WAKEUP
21:09:47 USER	MACRO:	ARMAIL
21:09:54 USER	MACRO:	BLANKT
21:09:55 USER	MACRO:	HSTNAM
21:10:09 USER	MACRO:	RELAY
21:10:17 USER	MACRO:	SNDMSG
21:10:24 USER	MACRO:	WAKEUP
21:10:28 MONTR	
21:10:28 MONTR	EXIT
21:10:28 MONTR	 $
		!
		!**********************************************************************
		!		Mailsystem
		!**********************************************************************
		! MM -- mail composition/retrieval subsystem
21:10:28 MONTR	@COMPILE FSCOPY,MMHELP,MMUUO
21:10:31 USER	MACRO:	FSCOPY
21:10:34 USER	MACRO:	MMHELP
21:10:43 USER	MACRO:	MMUUO
21:10:46 USER	
21:10:46 USER	EXIT
21:10:46 MONTR	 $@LOAD %"NOINITIAL" MM
21:10:48 USER	MACRO:	MM
21:14:49 USER	LINK:	Loading
21:14:50 USER	%LNKTDS	Too late to delete initial symbols
21:14:55 MONTR	 $
		!
		! GRIPE -- tool for sending bug reports, etc.
21:14:55 MONTR	@LOAD %"NOINITIAL" GRIPE
21:14:56 USER	MACRO:	GRIPE
21:15:03 USER	LINK:	Loading
21:15:03 USER	%LNKTDS	Too late to delete initial symbols
21:15:04 MONTR	 $
		!
		! MSTAT - tool for looking at queued messages
21:15:04 MONTR	@LOAD %"NOINITIAL" MSTAT
21:15:06 USER	MACRO:	MSTAT
21:15:10 USER	LINK:	Loading
21:15:12 MONTR	 $
		!
		! MAILST - system server for MSTAT requests
21:15:12 MONTR	@LOAD %"NOINITIAL" MAILST
21:15:15 USER	MACRO:	MAILST
21:15:24 USER	LINK:	Loading
21:15:27 MONTR	 $
		!
		! MMAILR -- mail delivery process
21:15:27 MONTR	@LOAD %"NOINITIAL" MMAILR
21:15:29 USER	MACRO:	MMailr
21:18:42 USER	LINK:	Loading
21:18:43 USER	%LNKTDS	Too late to delete initial symbols
21:18:47 MONTR	 $
		!
		! MMAILBOX -- mailbox lookup tool
21:18:47 MONTR	@LOAD %"NOINITIAL" MMLBX
21:18:51 USER	MACRO:	MMailb
21:19:19 USER	LINK:	Loading
21:19:20 USER	%LNKTDS	Too late to delete initial symbols
21:19:22 MONTR	 $@RESET		!work around release 6 LINK bug
21:19:22 MONTR	
21:19:22 MONTR	 $@RENAME MMLBX.EXE MMAILBOX.EXE
21:19:22 MONTR	 MMLBX.EXE.1 => MMAILBOX.EXE.1 [OK]
21:19:22 MONTR	 $
		!
		! MAISER -- SMTP protocol server
21:19:22 MONTR	@LOAD %"NOINITIAL" MAISER
21:19:24 USER	MACRO:	MAISER
21:20:11 USER	LINK:	Loading
21:20:12 USER	%LNKTDS	Too late to delete initial symbols
21:20:14 MONTR	 $
		!
		! SMTPSV -- Internet SMTP listener
21:20:14 MONTR	@LOAD %"NOINITIAL" SMTPSV
21:20:17 USER	MACRO:	SMTPSV
21:20:20 USER	LINK:	Loading
21:20:21 USER	%LNKTDS	Too late to delete initial symbols
21:20:22 MONTR	 $
		!
		! SMTJFN -- JFN-based Internet SMTP listener
21:20:22 MONTR	@LOAD %"NOINITIAL" SMTJFN
21:20:24 USER	MACRO:	SMTJFN
21:20:34 USER	LINK:	Loading
21:20:34 USER	%LNKTDS	Too late to delete initial symbols
21:20:35 MONTR	 $
		!
		! DMASER -- DECnet SMTP protocol listener/server
21:20:35 MONTR	@LOAD %"NOINITIAL" DMASER
21:20:37 USER	MACRO:	DMASER
21:21:15 USER	LINK:	Loading
21:21:15 USER	%LNKTDS	Too late to delete initial symbols
21:21:17 MONTR	 $
		!
		! CAFARD - TTY line mail transfer program
21:21:17 MONTR	@COMPILE CAFPRO,CAFDTR
21:21:20 USER	MACRO:	CAFPRO
21:21:28 USER	MACRO:	CAFDTR
21:21:30 USER	
21:21:30 USER	EXIT
21:21:30 MONTR	 $@LOAD %"NOINITIAL" CAFARD
21:21:32 USER	MACRO:	CAFARD
21:21:57 USER	LINK:	Loading
21:21:58 USER	%LNKTDS	Too late to delete initial symbols
21:21:59 MONTR	 $
		!
		!**********************************************************************
		!		Sendsystem
		!**********************************************************************
		! SEND -- Send composition process
21:21:59 MONTR	@LOAD %"NOINITIAL" SEND
21:22:01 USER	MACRO:	SEND
21:22:11 USER	LINK:	Loading
21:22:13 MONTR	 $
		!
		! SNDSRV -- Send delivery process
21:22:13 MONTR	@LOAD %"NOINITIAL" SNDSRV
21:22:15 USER	MACRO:	SNDSRV
21:22:31 USER	LINK:	Loading
21:22:32 MONTR	 $
		!
		! REPLY -- Reply to latest send
21:22:32 MONTR	@LOAD %"NOINITIAL" REPLY
21:22:35 USER	MACRO:	REPLY
21:22:43 USER	LINK:	Loading
21:22:45 MONTR	 $
		!
		! WHAT -- Report previous sends
21:22:45 MONTR	@LOAD %"NOINITIAL" WHAT
21:22:47 USER	MACRO:	WHAT
21:22:54 USER	LINK:	Loading
21:22:56 MONTR	 $
		!
		!**********************************************************************
		!		Auxillary tools
		!**********************************************************************
		! HSTTST -- host name registry lookup tool
21:22:56 MONTR	@LOAD %"NOINITIAL" HSTTST
21:22:59 USER	MACRO:	HSTTST
21:23:03 USER	LINK:	Loading
21:23:03 USER	%LNKTDS	Too late to delete initial symbols
21:23:05 MONTR	 $
		!
		! QDMAIL -- mail queue perusal tool
21:23:05 MONTR	@LOAD %"NOINITIAL" QDMAIL
21:23:07 USER	MACRO:	QDMAIL
21:23:14 USER	LINK:	Loading
21:23:15 USER	%LNKTDS	Too late to delete initial symbols
21:23:16 MONTR	 $
		!
		! SNDSTAT -- Get sending statistics from SNDSRV
21:23:16 MONTR	@LOAD %"NOINITIAL" SNDSTA
21:23:18 USER	MACRO:	SNDSTA
21:23:22 USER	LINK:	Loading
21:23:24 MONTR	 $
		!
		!  The following parts of the MM built procedure may not work on a site
		! which does not have EMACS and/or C properly installed.
21:23:24 BATCH	@NOERROR
		!
		! MMSTAT -- Statistics from log file
21:23:24 MONTR	@CC MMSTAT.C
21:23:25 USER	KCC:	MMSTAT
21:23:28 USER	<MM-NEW.BINARIES>MMSTAT.FAI.1
21:23:30 USER	FAIL:  MMSTAT
21:23:32 USER	LINK:	Loading
21:23:35 MONTR	 $
		!
21:23:35 MONTR	@CONNECT SRC:<MM-NEW>
21:23:35 MONTR	 SRC:<MM-NEW> Over permanent storage allocation by 592 page(s).
21:23:35 MONTR	 $
		!
		! MMAIL -- Support routines for fancy MM/EMACS interface
21:23:35 MONTR	@EMACS
21:23:35 MONTR	[Keeping EMACS]
21:23:36 USER	
21:23:37 USER	Terminal Type: *
21:23:37 USER	
21:23:38 USER	*^[XLOAD LIBRARY^[PURIFY
21:23:38 USER	M-X*^[XGENERATE LIBRARY^[SRC:<MM-NEW.BINARIES>MMAIL^[<MM-NEW>MMAIL
21:23:39 USER	Compressing file SRC:<MM-NEW>MMAIL.EMACS.0
21:23:41 USER	 -> SRC:<MM-NEW.BINARIES>MMAIL.^V:EJ.0
21:23:43 USER	*^X^Z
21:23:43 MONTR			 $ $@DELETE MMAIL.COMPRS
21:23:43 MONTR	 MMAIL.COMPRS.1 [OK]
21:23:43 MONTR	 $@EXPUNGE
21:23:43 MONTR	 SRC:<MM-NEW> [4 pages freed]
21:23:43 MONTR	 $
		!
21:23:43 BATCH	@ERROR
		!
		! [End of BUILD-MM.CTL]
21:23:43 MONTR	
21:23:44 MONTR	Killed by OPERATOR, TTY 67
21:23:44 MONTR	Killed Job 18, User MKL, Account CF, TTY 101, at 26-Sep-85 21:23:44
21:23:44 MONTR	 Used 0:11:37 in 0:19:05
