
			 7-Sep-87 10:46:50

BATCON Version	5(6063)			GLXLIB Version	5(1247)

	    Job DMAILR Req #803 for MKL in Stream 0

	OUTPUT:	 Nolog				TIME-LIMIT: 1:00:00
	UNIQUE:	 Yes				BATCH-LOG:  Supersede
	RESTART: No				ASSISTANCE: Yes
	ACCOUNT: CF                             SEQUENCE:   3271

	Input from => SRC:<MM-NEW>DMAILR.CTL
	Output to  => SRC:<MM-NEW>DMAILR.LOG



10:46:50 MONTR	 SRI-NIC, TOPS-20 Monitor 6.1(7330)-4
10:46:50 MONTR	 Job 23 on TTY124 7-Sep-87 10:46am
10:46:51 MONTR	 $
10:46:51 MONTR	[CONNECTED TO SRC:<MM-NEW>]
10:46:51 MONTR	enable
10:46:52 MONTR	 $cd src:<mm-new.binaries>
10:46:52 MONTR	
10:46:52 MONTR	 $def dsk: dsk:,src:<mm-new>
10:46:52 MONTR	
10:46:52 MONTR	 $load %"noinitial" dmmlr+mmailr
10:46:55 USER	MACRO:	MMailr
10:50:35 USER	LINK:	Loading
10:50:36 USER	%LNKTDS	Too late to delete initial symbols
10:50:38 USER	%LNKMDS	Multiply-defined global symbol VI%EDN
10:50:38 USER		Detected in module MACREL from file PS:<SUBSYS>MACREL.REL.6
10:50:38 USER		Defined value = 777777, this value = 377777
10:50:40 MONTR	 $reset
10:50:40 MONTR	
10:50:40 MONTR	 $close
10:50:40 MONTR	 1   PS:<SYSTEM>EXEC.EXE.1112   Can't close file - File still mapped
10:50:41 MONTR	 $rename mmailr.*.0 dmailr.*.-1
10:50:41 MONTR	 MMAILR.EXE.9 => DMAILR.EXE.3 [OK]
10:50:41 MONTR	 MMAILR.REL.1 => DMAILR.REL.4 [OK]
10:50:41 MONTR	 $
10:50:42 MONTR	Killed by OPERATOR, TTY 110
10:50:42 MONTR	Killed Job 23, User MKL, TTY 124, at  7-Sep-87 10:50:42
10:50:42 MONTR	 Used 0:02:48 in 0:03:52
