
			20-May-88 17:57:29

BATCON Version	5(6063)			GLXLIB Version	5(1247)

	    Job LINK Req #490 for KLH in Stream 1

	OUTPUT:	 Log				TIME-LIMIT: 1:00:00
	UNIQUE:	 Yes				BATCH-LOG:  Append
	RESTART: No				ASSISTANCE: Yes
	ACCOUNT: RD                             SEQUENCE:   498

	Input from => SRC:<6-1.LANGUAGE-SOURCES>LINK.CTL
	Output to  => SRC:<6-1.LANGUAGE-SOURCES>LINK.LOG



17:57:30 MONTR	 SRI-NIC, TOPS-20 Monitor 6.1(7341)-4
17:57:30 MONTR	 The system will go down Tue 24-May-88  6:00pm until Tue 24-May-88  8:00pm
17:57:30 MONTR	 for Preventive Maintenance
17:57:30 MONTR	 Job 20 on TTY124 20-May-88  5:57pm
17:57:31 MONTR	 End of COMAND.CMD.4
17:57:31 MONTR	@
17:57:31 MONTR	[CONNECTED TO SRC:<6-1.LANGUAGE-SOURCES>]
		!
		!
		! NAME:	LINK.CTL
		! DATE: 9-JUL-81
		!
		!
		! This control file is provided for information purposes only.
		! The  purpose  of the file is to document the procedures used
		! to build the distributed software.  It  is  unlikely  to  be
		! able  to  be executed without modification on other systems.
		! In particular, attention should be given to  ersatz  devices
		! and  structure names, PPNs and other such system parameters.
		! Submit times may vary depending on configuration  and  load.
		! The  availability  of  sufficient  disk  space  and  core is
		! mandatory.  This  control  file  has  not  been  extensively
		! tested  on  alternate  configurations.   It  has been  used
		! successfully for the purpose for which it is  intended:   to
		! build the distributed software.
		!
		!
		! FUNCTION:	This  control file builds LINK version 5.1 from
		! 		its source  files.  Submit  with  the  command
		! 		@SUBMIT LINK/TIME:1:0:0
		!
		!
		! Required files (latest releasd versions):
		!
		! SYS:	MACRO.EXE
		!	LINK.EXE
		!	PA1050.EXE
		!
		!	MACSYM.UNV
		!	MONSYM.UNV
		!	SCNMAC.UNV
		!	MACTEN.UNV
		!	UUOSYM.UNV
		!
		!	JOBDAT.REL
		!	SCAN.REL
		!	HELPER.REL
		!
		! DSK:	LNK%%%.MAC
		!	PLT%%%.MAC
		!	OVRPAR.MAC
		!	OVRLAY.MAC
		!
		!	C2PLNK.CMD
		!	C2POVL.CMD
		!
		!	L2PLNK.CCL
		!
		! Output files on DSK:
		!
		!	LINK.EXE
		!	OVRLAY.REL
		!
		! Output listings:
		!
		!	LINK.MAP
		!
		!
		!
		! Make batch stream restartable from this point.
		!
17:57:33 BLABL	LINK::
17:57:33 BATCH	@CHKPNT LINK
		!
		! Delete all older intermediate and listing files.
		!
17:57:33 MONTR	@DELETE LNK%%%.REL,PLT%%%.REL,OVRLAY.REL
17:57:35 MONTR	%No such file type - LNK%%%.REL
17:57:36 MONTR	%No such file type - PLT%%%.REL
17:57:36 MONTR	%No such file type - OVRLAY.REL
17:57:36 MONTR	@@DELETE PLTPRM.UNV,FORMSC.UNV,LNK%%%.UNV,OVRPAR.UNV
17:57:36 MONTR	
17:57:36 MONTR	%No such file type - PLTPRM.UNV
17:57:36 MONTR	%File not found - FORMSC.UNV
17:57:36 MONTR	%No such file type - LNK%%%.UNV
17:57:36 MONTR	%No such file type - OVRPAR.UNV
17:57:36 MONTR	@@DELETE LINK.MAP
17:57:36 MONTR	 LINK.MAP.1 [OK]
17:57:36 MONTR	@@EXPUNGE
17:57:37 MONTR	 SRC:<6-1.LANGUAGE-SOURCES> [33 pages freed]
17:57:37 MONTR	@
		!
		! Show where things are coming from.
		!
17:57:37 MONTR	@INFORMATION LOGICAL DSK:
17:57:37 MONTR	%Logical name DSK: is not defined
17:57:38 MONTR	@@INFORMATION LOGICAL SYS:
17:57:38 MONTR	System-wide:
17:57:38 MONTR	
17:57:38 MONTR	SYS: => PS:<LOC-SUBSYS>,PS:<SUBSYS>,DSK:
17:57:38 MONTR	@
		!
		!
		! Record checksums of input sources, REL, and UNV files.
		!
17:57:38 MONTR	@VDIRECTORY SYS:MACRO.EXE,SYS:LINK.EXE,SYS:PA1050.EXE,
17:57:38 MONTR	
17:57:38 MONTR	@@@CHECKSUM SEQUENTIAL
17:57:38 MONTR	
17:57:38 MONTR	@@@
17:57:38 MONTR	
17:57:38 MONTR	   PS:<SUBSYS>
17:58:01 MONTR	 MACRO.EXE.3;P777752       36 18432(36)  14-Nov-84 13:54:29 VIVIAN    746515  
17:59:12 MONTR	 LINK.EXE.3;P777752       108 55296(36)  26-Mar-85 07:34:02 LOUGHEED  670162  
17:59:31 MONTR	 PA1050.EXE.2;P777752      30 15360(36)  15-Nov-84 06:37:03 VIVIAN    454563  
17:59:31 MONTR	
17:59:31 MONTR	 Total of 174 pages in 3 files, Checksum = 526073
17:59:31 MONTR	@@VDIRECTORY SYS:MACSYM.UNV,SYS:MONSYM.UNV,
17:59:31 MONTR	
17:59:31 MONTR	@@@CHECKSUM SEQUENTIAL
17:59:32 MONTR	
17:59:32 MONTR	@@@
17:59:32 MONTR	
17:59:32 MONTR	   PS:<SUBSYS>
17:59:44 MONTR	 MACSYM.UNV.2;P777752      18 8848(36)   28-Oct-85 01:52:13 MKL       450024  
17:59:44 MONTR	
17:59:44 MONTR	 Total of 18 pages in 1 file, Checksum = 450024
17:59:44 MONTR	
17:59:44 MONTR	   PS:<LOC-SUBSYS>
18:00:14 MONTR	 MONSYM.UNV.9;P777752      37 18575(36)  19-Apr-88 21:03:14 MKL       536043  
18:00:14 MONTR	
18:00:14 MONTR	 Total of 37 pages in 1 file, Checksum = 536043
18:00:14 MONTR	
18:00:14 MONTR	 Grand total of 55 pages in 2 files, Checksum = 312607
18:00:15 MONTR	@@VDIRECTORY SYS:SCNMAC.UNV,SYS:MACTEN.UNV,SYS:UUOSYM.UNV,
18:00:15 MONTR	
18:00:15 MONTR	@@@CHECKSUM SEQUENTIAL
18:00:15 MONTR	
18:00:15 MONTR	@@@
18:00:15 MONTR	
18:00:15 MONTR	   PS:<SUBSYS>
18:00:15 MONTR	 SCNMAC.UNV.1;P777752       2 719(36)    15-Nov-84 06:45:18 VIVIAN    734617  
18:00:19 MONTR	 MACTEN.UNV.1;P777752       8 3797(36)   15-Nov-84 05:20:30 VIVIAN    054506  
18:00:40 MONTR	 UUOSYM.UNV.1;P777752      21 10271(36)  15-Nov-84 05:22:48 VIVIAN    763576  
18:00:40 MONTR	
18:00:40 MONTR	 Total of 31 pages in 3 files, Checksum = 360706
18:00:40 MONTR	@@VDIRECTORY SYS:JOBDAT.REL,SYS:SCAN.REL,SYS:HELPER.REL,
18:00:40 MONTR	
18:00:40 MONTR	@@@CHECKSUM SEQUENTIAL
18:00:41 MONTR	
18:00:41 MONTR	@@@
18:00:41 MONTR	
18:00:41 MONTR	   PS:<SUBSYS>
18:00:41 MONTR	 JOBDAT.REL.2;P775252;OFFLINE   0 129(0) 15-Apr-82 01:21:47 F-S       File is off line
18:00:42 MONTR	      .3;P775252            1 161(36)    15-Nov-84 07:13:26 VIVIAN    346471  
18:00:42 MONTR	 SCAN.REL.1;P777752;OFFLINE   0 7499(0)  15-Apr-82 01:10:27 PURRETTA  File is off line
18:00:55 MONTR	      .2;P777752           15 7527(36)   15-Nov-84 06:45:23 VIVIAN    737701  
18:00:55 MONTR	 HELPER.REL.2;P777752       1 285(36)    15-Nov-84 06:56:24 VIVIAN    601265  
18:00:55 MONTR	
18:00:55 MONTR	 Total of 17 pages in 5 files, Checksum = 056107, with 2 checksum errors
18:00:55 MONTR	@@VDIRECTORY LNK%%%.MAC,PLT%%%.MAC,OVR%%%.MAC,
18:00:56 MONTR	
18:00:56 MONTR	@@@CHECKSUM SEQUENTIAL
18:00:56 MONTR	
18:00:56 MONTR	@@@
18:00:56 MONTR	
18:00:56 MONTR	   SRC:<6-1.LANGUAGE-SOURCES>
18:01:27 MONTR	 LNKCOR.MAC.1;P775202      36 92137(7)    5-Dec-84 12:22:54 DMCDANIEL 145761  
18:01:28 MONTR	 LNKCST.MAC.1;P775202       2 3841(7)     6-Jan-83 15:25:45 DMCDANIEL 662045  
18:01:28 MONTR	 LNKD20.MAC.1;P775202       1 1447(7)     8-Dec-83 13:40:48 DMCDANIEL 317512  
18:01:51 MONTR	 LNKERR.MAC.1;P775202      34 86680(7)   10-Dec-84 13:13:26 DMCDANIEL 055674  
18:02:04 MONTR	 LNKFIO.MAC.1;P775202      15 37829(7)   17-Dec-84 14:37:10 DMCDANIEL 703531  
18:02:07 MONTR	 LNKHSH.MAC.1;P775202       4 9667(7)    15-Jun-84 07:44:26 DMCDANIEL 111077  
18:02:36 MONTR	 LNKHST.MAC.1;P775202      57 144432(7)  28-Mar-85 13:36:14 DMCDANIEL 327766  
18:02:44 MONTR	 LNKINI.MAC.1;P775202      14 33761(7)    6-Dec-84 07:33:17 DMCDANIEL 647523  
18:03:24 MONTR	 LNKLOD.MAC.1;P775202      65 165058(7)  12-Feb-85 14:00:18 DMCDANIEL 621332  
18:03:35 MONTR	 LNKLOG.MAC.1;P775202      16 40414(7)   17-Dec-84 14:34:39 DMCDANIEL 647715  
18:03:40 MONTR	 LNKLOW.MAC.1;P775202      11 25875(7)   11-Feb-85 14:33:07 DMCDANIEL 304650  
18:03:57 MONTR	 LNKMAP.MAC.1;P775202      28 69577(7)   11-Feb-85 13:17:26 DMCDANIEL 171452  
18:04:32 MONTR	 LNKNEW.MAC.1;P775202      53 135520(7)  11-Dec-84 11:22:08 DMCDANIEL 432451  
18:05:13 MONTR	 LNKOLD.MAC.1;P775202      68 172342(7)  11-Feb-85 14:34:02 DMCDANIEL 364614  
18:05:34 MONTR	 LNKOV1.MAC.1;P775202      31 76862(7)   17-Oct-84 10:30:20 DMCDANIEL 662001  
18:05:45 MONTR	 LNKOV2.MAC.1;P775202      18 45757(7)   12-Jun-84 12:47:57 DMCDANIEL 307544  
18:05:46 MONTR	 LNKOVS.MAC.1;P775202       3 5341(7)     6-Jan-83 14:25:05 DMCDANIEL 225743  
18:05:59 MONTR	 LNKPAR.MAC.1;P775202      22 56167(7)   12-Feb-85 13:59:59 DMCDANIEL 224610  
18:06:02 MONTR	 LNKPLT.MAC.1;P775202       4 8218(7)     6-Jan-83 14:23:38 DMCDANIEL 470314  
18:06:10 MONTR	 LNKSCN.MAC.1;P775202      12 29688(7)   22-Oct-84 12:12:56 DMCDANIEL 270047  
18:06:13 MONTR	 LNKSUB.MAC.1;P775202       6 14676(7)   11-Feb-85 14:34:28 DMCDANIEL 224065  
18:06:14 MONTR	 LNKT20.MAC.1;P775202       1 1351(7)     8-Dec-83 13:40:35 DMCDANIEL 075136  
18:06:41 MONTR	 LNKWLD.MAC.1;P775202      37 93517(7)   11-Feb-85 14:34:42 DMCDANIEL 337100  
18:07:51 MONTR	 LNKXIT.MAC.1;P775202      82 209566(7)  28-Mar-85 13:44:01 DMCDANIEL 465165  
18:08:03 MONTR	 PLTDCL.MAC.1;P775202      18 45463(7)    6-Jan-83 13:14:50 DMCDANIEL 217537  
18:08:03 MONTR	 PLTGLB.MAC.1;P775202       1 2367(7)     6-Jan-83 13:17:14 DMCDANIEL 106426  
18:08:12 MONTR	 PLTMTH.MAC.1;P775202      13 33230(7)    6-Jan-83 13:34:46 DMCDANIEL 273231  
18:08:13 MONTR	 PLTPRM.MAC.1;P775202       2 4186(7)     6-Jan-83 13:42:41 DMCDANIEL 414427  
18:08:16 MONTR	 PLTUTL.MAC.1;P775202       4 9674(7)     6-Jan-83 13:45:12 DMCDANIEL 713172  
18:08:55 MONTR	 OVRLAY.MAC.1;P775202      53 134582(7)  14-Mar-85 11:15:29 DMCDANIEL 473071  
18:08:58 MONTR	 OVRPAR.MAC.1;P775202       3 6460(7)     6-Jan-83 14:07:59 DMCDANIEL 522312  
18:08:58 MONTR	
18:08:58 MONTR	 Total of 714 pages in 31 files, Checksum = 716144
18:08:58 MONTR	@@VDIRECTORY C2PLNK.CMD,C2POVL.CMD,L2PLNK.CCL,
18:08:59 MONTR	
18:08:59 MONTR	@@@CHECKSUM SEQUENTIAL
18:09:00 MONTR	
18:09:00 MONTR	@@@
18:09:00 MONTR	
18:09:00 MONTR	   SRC:<6-1.LANGUAGE-SOURCES>
18:09:00 MONTR	 C2PLNK.CMD.1;P775202       1 339(7)     10-Jul-81 06:40:59 DMCDANIEL 500112  
18:09:00 MONTR	 C2POVL.CMD.1;P775202       1 25(7)      27-Jul-79 16:22:00 DMCDANIEL 506163  
18:09:01 MONTR	 L2PLNK.CCL.1;P775202       1 510(7)      5-Jan-84 10:59:52 DMCDANIEL 525501  
18:09:01 MONTR	
18:09:01 MONTR	 Total of 3 pages in 3 files, Checksum = 452021
18:09:01 MONTR	@
		!
		!
		! Show versions of MACRO, LINK and PA1050.
		!
18:09:01 MONTR	@GET SYS:MACRO
18:09:03 MONTR	
18:09:03 MONTR	@@INFORMATION VERSION
18:09:03 MONTR	 SRI-NIC, TOPS-20 Monitor 6.1(7341)-4
18:09:03 MONTR	 TOPS-20 Command processor 6.1(280)-4
18:09:03 MONTR	 Program is MACRO, version is 53.1(1152)
18:09:03 MONTR	@
		!
18:09:03 MONTR	@GET SYS:LINK
18:09:04 MONTR	
18:09:04 MONTR	@@INFORMATION VERSION
18:09:04 MONTR	 SRI-NIC, TOPS-20 Monitor 6.1(7341)-4
18:09:04 MONTR	 TOPS-20 Command processor 6.1(280)-4
18:09:04 MONTR	 Program is LINK, version is 6(2362)
18:09:04 MONTR	PDVs:	Program name LINK, version 6(2362)
18:09:05 MONTR	@
		!
		!
		! Compile the source files.
		!
18:09:05 MONTR	@TYPE C2PLNK.CMD
18:09:05 MONTR	 LNKT20.MAC+LNKPAR.MAC,OVRPAR.MAC,LNKLOW.MAC,LNKHST.MAC,LNKINI.MAC,LNKSCN.MAC
18:09:05 MONTR	 LNKWLD.MAC,LNKLOD.MAC,LNKHSH.MAC,LNKOLD.MAC,LNKNEW.MAC,LNKCST.MAC
18:09:05 MONTR	 LNKCOR.MAC,LNKFIO.MAC,LNKLOG.MAC,LNKERR.MAC,LNKMAP.MAC,LNKXIT.MAC
18:09:05 MONTR	 LNKOV1.MAC,LNKOV2.MAC,LNKPLT.MAC,LNKOVS.MAC,LNKSUB.MAC,PLTDCL.MAC
18:09:05 MONTR	 PLTPRM.MAC,PLTIO.MAC,PLTMTH.MAC,PLTGLB.MAC,PLTUTL.MAC
18:09:05 MONTR	@@COMPILE /COMPILE @C2PLNK.CMD
18:09:16 USER	MACRO:	LNKPAR
18:09:38 USER	MACRO:	OVRPAR
18:09:42 USER	MACRO:	LNKLOW
18:09:51 USER	MACRO:	LNKHST
18:10:08 USER	MACRO:	LINK
18:10:26 USER	MACRO:	LNKSCN
18:11:26 USER	MACRO:	LNKWLD
18:12:21 USER	MACRO:	LNKLOD
18:13:47 USER	MACRO:	LNKHSH
18:13:51 USER	MACRO:	LNKOLD
18:15:13 USER	MACRO:	LNKNEW
18:15:55 USER	MACRO:	LNKCST
18:15:59 USER	MACRO:	LNKCOR
18:16:40 USER	MACRO:	LNKFIO
18:16:49 USER	MACRO:	LNKLOG
18:17:16 USER	MACRO:	LNKERR
18:18:24 USER	MACRO:	LNKMAP
18:19:07 USER	MACRO:	LNKXIT
18:20:22 USER	MACRO:	LNKOV1
18:20:51 USER	MACRO:	LNKOV2
18:21:00 USER	MACRO:	LNKPLT
18:21:03 USER	MACRO:	LNKOVS
18:21:05 USER	MACRO:	LNKPRM
18:21:06 USER		.TSUBS
18:21:06 USER		NAMCMP
18:21:06 USER		CSTORE
18:21:06 USER		LNK000
18:21:06 USER		LNK001
18:21:06 USER		LNK002
18:21:06 USER		LNK003
18:21:06 USER		LNK004
18:21:06 USER		LNK005
18:21:06 USER		LNK006
18:21:06 USER		LNK007
18:21:07 USER		LNK010
18:21:07 USER		LNK100
18:21:07 USER		LNK011
18:21:07 USER		LNK012
18:21:07 USER		LNK400
18:21:09 USER	MACRO:	PLTO..
18:21:14 USER	MACRO:	PLTPRM
18:21:16 USER	MACRO:	LINE
18:21:16 USER		PLOT
18:21:24 USER	MACRO:	FORMSC
18:21:24 USER		FLOAT
18:21:24 USER		FLOAT.
18:21:25 USER		IFIX
18:21:25 USER		INT
18:21:25 USER		IFIX.
18:21:25 USER		FLT.0
18:21:25 USER		FLT.14
18:21:25 USER		IFX.0
18:21:25 USER		EXP2
18:21:25 USER		EXP
18:21:25 USER		EXP.
18:21:25 USER		ALOG
18:21:25 USER		ALOG10
18:21:25 USER		ALOG.
18:21:26 USER		SIND
18:21:26 USER		COSD
18:21:26 USER		SIN
18:21:26 USER		COS
18:21:26 USER		SIN.
18:21:28 USER	MACRO:	PLTGLB
18:21:30 USER	MACRO:	PLTUTL
18:21:33 USER	
18:21:33 USER	EXIT
18:21:34 MONTR	@
		!
18:21:34 MONTR	@TYPE C2POVL.CMD
18:21:34 MONTR	 LNKT20.MAC+OVRLAY.MAC
18:21:34 MONTR	
18:21:34 MONTR	@@COMPILE /COMPILE @C2POVL.CMD
18:21:38 USER	MACRO:	OVRLAY
18:21:59 MONTR	
18:21:59 MONTR	EXIT
18:21:59 MONTR	@
		!
		! Load the REL files for LINK.
		!
18:21:59 MONTR	@LINK
18:22:00 USER	**@L2PLNK.CCL
18:22:16 MONTR	
18:22:16 MONTR	@
		!
		! Record the versions of LINK and OVRLAY.
		!
18:22:16 MONTR	@GET LINK
18:22:17 MONTR	
18:22:17 MONTR	@@INFORMATION VERSION
18:22:17 MONTR	 SRI-NIC, TOPS-20 Monitor 6.1(7341)-4
18:22:17 MONTR	 TOPS-20 Command processor 6.1(280)-4
18:22:17 MONTR	 Program is LINK, version is 6(2364)
18:22:17 MONTR	PDVs:	Program name LINK, version 6(2364)
18:22:17 MONTR	@
		!
18:22:17 MONTR	@START
18:22:17 USER	**OVRLAY.REL/VALUE:%OVRLA
18:22:17 USER	[LNKVAL	Symbol %OVRLA	501000213	defined]
18:22:17 USER	*
		!
		!
		! Record checksums of the output files.
		!
18:22:18 MONTR	^C
18:22:18 MONTR	@@VDIRECTORY LINK.EXE,OVRLAY.REL,
18:22:18 MONTR	
18:22:18 MONTR	@@@CHECKSUM SEQUENTIAL
18:22:18 MONTR	
18:22:18 MONTR	@@@
18:22:18 MONTR	
18:22:18 MONTR	   SRC:<6-1.LANGUAGE-SOURCES>
18:22:51 MONTR	 LINK.EXE.1;P775202       108 55296(36)  20-May-88 18:22:14 KLH       575246  
18:22:53 MONTR	 OVRLAY.REL.1;P775202       7 3173(36)   20-May-88 18:21:37 KLH       464032  
18:22:53 MONTR	
18:22:53 MONTR	 Total of 115 pages in 2 files, Checksum = 126723
18:22:53 MONTR	@
		!
		!
		%TERR::
		%CERR::
		%ERR::
18:22:53 BLABL	%FIN::
18:22:53 MONTR	@LOGOUT
18:22:53 MONTR	[Job 36(DET) also logged in under KLH]
18:22:54 MONTR	 SRC:<6-1.LANGUAGE-SOURCES> Over permanent storage allocation by 6 page(s).
18:22:58 MONTR	Killed Job 20, User KLH, TTY 124, at 20-May-88 18:22:58
18:22:58 MONTR	 Used 0:07:42 in 0:25:28,
18:22:58 MONTR	  Used this session 0:07:12 in 0:22:40
   