
			 4-Mar-86 20:14:15

BATCON Version	5(6063)			GLXLIB Version	5(1247)

	    Job INDEX Req #17 for IAN in Stream 0

	OUTPUT:	 Nolog				TIME-LIMIT: 1:00:00
	UNIQUE:	 Yes				BATCH-LOG:  Append
	RESTART: No				ASSISTANCE: Yes
	ACCOUNT: CF                             SEQUENCE:   2711

	Input from => SRC:<LOC.WEBSTER>INDEX.CTL
	Output to  => SRC:<LOC.WEBSTER>INDEX.LOG



20:14:16 MONTR	 SRI-NIC, TOPS-20 Monitor 6.1(6405)-4
20:14:16 MONTR	 Job 24 on TTY102 4-Mar-86  8:14pm
20:14:16 MONTR	 [Command]
20:14:17 MONTR	 No new mail exists
20:14:18 MONTR	NIC!
20:14:18 MONTR	[SRC Mounted]
20:14:18 MONTR	
20:14:18 MONTR	[CONNECTED TO SRC:<LOC.WEBSTER>]
20:14:18 MONTR	@CONNECT WEB:
20:14:19 MONTR	NIC!@RUN INDEX
20:14:19 USER	[Output file is TS:<WEBSTER>INDEX.BIN.28]
20:14:19 USER	
20:14:19 USER	 #   File Name    Entries     Bytes   Bytes/Entry    Time    Entry/s  Bytes/s
20:14:19 USER	---  ----------  ---------  --------- -----------  --------  -------  --------
20:14:19 USER	  1  A                264      76896      291         1.72    153.3    44655.1
20:14:21 USER	  2  ACCLAIM          294      80654      274         1.65    178.5    48970.2
20:14:23 USER	  3  ADDUCE           294      78371      266         1.60    183.8    48981.9
20:14:24 USER	  4  AFFLICT          338      76676      226         1.41    239.7    54380.1
20:14:26 USER	  5  ALBUM            312      76005      243         1.49    210.0    51147.4
20:14:27 USER	  6  ALTO             307      79885      260         1.87    164.1    42696.4
20:14:29 USER	  7  ANAGRAM          296      80333      271         1.51    196.5    53342.0
20:14:31 USER	  8  ANT              326      76943      236         1.84    177.5    41885.1
20:14:33 USER	  9  APOTHEM          302      77980      258         1.94    155.9    40258.1
20:14:35 USER	 10  ARGININE         277      78360      282         1.53    180.6    51082.1
20:14:36 USER	 11  ASPEN            281      79342      282         1.60    176.0    49681.9
20:14:38 USER	 12  ATTIC            288      76474      265         1.57    183.9    48834.0
20:14:39 USER	 13  AWFUL             67      17214      256         0.39    172.7    44366.0
20:14:40 USER	 14  B                275      74268      270         2.16    127.3    34367.4
20:14:42 USER	 15  BANK             278      78166      281         2.14    129.7    36475.0
20:14:44 USER	 16  BATHOS           276      76387      276         1.61    171.0    47327.8
20:14:46 USER	 17  BELAY            294      72153      245         1.90    154.9    38015.3
20:14:48 USER	 18  BICOLOR          304      72467      238         1.60    189.9    45263.6
20:14:49 USER	 19  BITUMEN          297      75525      254         2.10    141.5    35981.4
20:14:51 USER	 20  BLOW             289      75636      261         1.89    153.1    40061.4
20:14:53 USER	 21  BOOR             284      74627      262         1.54    183.9    48333.5
20:14:55 USER	 22  BRAKE            267      75854      284         1.98    134.8    38310.1
20:14:57 USER	 23  BROKER           292      74527      255         5.54     52.7    13455.0
20:15:02 USER	 24  BUNNY            217      56111      258         1.28    169.0    43700.2
20:15:04 USER	 25  C                296      77000      260         2.26    131.0    34070.8
20:15:06 USER	 26  CAMBIAL          281      78493      279         2.31    121.8    34009.1
20:15:09 USER	 27  CAPTIVE          301      80127      266         1.72    174.5    46450.4
20:15:10 USER	 28  CAST             290      78603      271         1.32    219.7    59547.7
20:15:12 USER	 29  CEMETERY         293      77398      264         1.46    200.7    53012.3
20:15:13 USER	 30  CHAPERON         274      74629      272         1.36    201.6    54914.6
20:15:15 USER	 31  CHILI            321      76898      239         1.72    186.2    44604.4
20:15:16 USER	 32  CHUKKER          292      76867      263         1.45    201.8    53121.6
20:15:17 USER	 33  CLAYMORE         260      76996      296         1.60    162.7    48182.7
20:15:19 USER	 34  COB              302      74527      246         1.41    214.8    53006.4
20:15:21 USER	 35  COLONIZE         271      80497      297         1.78    152.3    45248.5
20:15:22 USER	 36  COMPANY          249      81631      327         1.70    146.6    48074.8
20:15:24 USER	 37  CONDUIT          241      82074      340         1.37    175.5    59777.1
20:15:25 USER	 38  CONSPIRE         250      82901      331         1.47    170.6    56587.7
20:15:27 USER	 39  COOKOUT          297      77718      261         1.54    193.0    50499.0
20:15:29 USER	 40  COSMETIC         290      80202      276         2.16    134.3    37130.6
20:15:31 USER	 41  CRACK            264      74144      280         1.23    215.2    60427.1
20:15:32 USER	 42  CRONE            287      74126      258         1.30    221.6    57240.2
20:15:33 USER	 43  CUMSHAW          282      74663      264         1.66    170.2    45059.1
20:15:35 USER	 44  CYSTIC            36       6731      186         0.29    126.3    23617.5
20:15:35 USER	 45  D                282      72606      257         1.42    198.6    51131.0
20:15:37 USER	 46  DEBIT            262      78246      298         1.40    187.0    55850.1
20:15:38 USER	 47  DEGAUSS          275      75468      274         1.25    219.8    60326.1
20:15:40 USER	 48  DEPEND           273      78133      286         1.36    200.1    57282.3
20:15:41 USER	 49  DETOUR           287      79822      278         1.64    175.2    48731.4
20:15:43 USER	 50  DID              282      78325      277         1.70    166.2    46155.0
20:15:44 USER	 51  DIRT             268      77401      288         1.61    166.9    48194.9
20:15:46 USER	 52  DISPERSE         258      74184      287         1.63    158.1    45455.9
20:15:47 USER	 53  DO               280      74657      266         1.59    176.2    46983.6
20:15:49 USER	 54  DOUBLET          255      75788      297         1.48    172.1    51139.0
20:15:51 USER	 55  DROLLERY         301      73358      243         1.51    199.3    48581.5
20:15:52 USER	 56  DYEWEED           41       8861      216         0.46     88.6    19138.2
20:15:53 USER	 57  E                288      78500      272         1.88    153.1    41733.1
20:15:54 USER	 58  EGOTIST          296      76212      257         1.29    229.1    58987.6
20:15:56 USER	 59  EMBRACE          312      74614      239         1.59    195.7    46809.3
20:15:57 USER	 60  ENFILADE         308      75381      244         1.45    212.9    52094.7
20:15:59 USER	 61  EPIGRAM          288      78925      274         1.66    173.4    47516.6
20:16:01 USER	 62  ESPY             286      74704      261         1.38    206.6    53976.9
20:16:02 USER	 63  EXACT            274      78906      287         1.67    164.6    47391.0
20:16:04 USER	 64  EXPIATE          248      69302      279         1.30    190.3    53186.5
20:16:05 USER	 65  F                243      77378      318         1.52    159.7    50839.7
20:16:07 USER	 66  FARMER           235      77350      329         1.47    159.5    52511.9
20:16:08 USER	 67  FEMALE           281      78156      278         1.35    207.8    57807.7
20:16:10 USER	 68  FILING           299      75623      252         1.51    198.4    50181.2
20:16:11 USER	 69  FLANGE           276      72676      263         1.29    213.8    56294.3
20:16:12 USER	 70  FLUID            293      75184      256         1.55    189.6    48662.8
20:16:14 USER	 71  FORCE            299      76902      257         1.40    214.0    55048.0
20:16:15 USER	 72  FOURTH           292      76664      262         1.27    230.8    60604.0
20:16:16 USER	 73  FRONT            276      75210      272         1.52    182.1    49610.8
20:16:18 USER	 74  G                303      69940      230         1.61    187.6    43306.5
20:16:20 USER	 75  GASBAG           303      72699      239         1.92    157.5    37785.3
20:16:22 USER	 76  GEOMETER         275      73896      268         1.71    160.4    43113.2
20:16:23 USER	 77  GLAMOUR          265      71028      268         1.21    219.7    58895.5
20:16:25 USER	 78  GOLDEN           294      76584      260         1.88    156.5    40757.9
20:16:27 USER	 79  GRAPHIC          309      75327      243         1.65    187.7    45763.7
20:16:28 USER	 80  GROW             251      58159      231         2.88     87.3    20222.2
20:16:31 USER	 81  H                319      72905      228         1.47    217.5    49696.7
20:16:33 USER	 82  HANDSEL          286      74456      260         3.68     77.7    20238.1
20:16:36 USER	 83  HEAD             299      74308      248         1.54    193.9    48189.4
20:16:38 USER	 84  HEMATOMA         323      73212      226         1.35    240.0    54392.3
20:16:39 USER	 85  HIEMAL           291      73001      250         1.51    192.6    48313.0
20:16:41 USER	 86  HOLMIUM          318      76570      240         1.42    223.8    53884.6
20:16:42 USER	 87  HOST             293      70717      241         1.27    231.4    55858.6
20:16:43 USER	 88  HYDRO            285      64390      225         1.16    246.8    55748.9
20:16:44 USER	 89  I                302      75146      248         1.40    216.3    53829.5
20:16:46 USER	 90  IMBECILE         272      75636      278         1.50    180.7    50256.5
20:16:47 USER	 91  IMPROVE          291      78349      269         1.39    209.2    56325.7
20:16:49 USER	 92  INDABA           301      78662      261         1.57    192.1    50199.1
20:16:51 USER	 93  INFECT           277      78861      284         1.45    191.2    54424.4
20:16:52 USER	 94  INSECT           262      74852      285         1.34    195.5    55859.7
20:16:53 USER	 95  INTERIOR         283      79066      279         1.36    207.6    58008.8
20:16:55 USER	 96  INVOKE           308      79432      257         1.57    196.6    50690.5
20:16:56 USER	 97  ITEM              36       9209      255         0.27    132.4    33856.6
20:16:57 USER	 98  J                291      74272      255         1.37    212.9    54332.1
20:16:58 USER	 99  JIVE             266      74716      280         1.45    182.9    51386.5
20:17:00 USER	100  K                296      74461      251         1.58    187.8    47246.8
20:17:01 USER	101  KIOSK            199      46881      235         0.98    203.9    48033.8
20:17:02 USER	102  L                293      74295      253         1.47    198.8    50403.7
20:17:04 USER	103  LAPSE            265      79272      299         1.48    178.5    53381.8
20:17:05 USER	104  LEAN             280      78154      279         1.49    187.9    52452.3
20:17:07 USER	105  LEVERET          273      78249      286         1.62    168.7    48361.6
20:17:08 USER	106  LIMIT            285      77756      272         1.42    200.3    54642.3
20:17:10 USER	107  LIVING           270      77239      286         1.39    194.8    55728.0
20:17:11 USER	108  LOSE             297      74538      250         1.27    233.5    58599.1
20:17:12 USER	109  LYCEUM            64      13442      210         0.60    105.8    22218.2
20:17:13 USER	110  M                286      79743      278         1.70    168.1    46880.1
20:17:15 USER	111  MAKING           291      77259      265         1.43    204.1    54178.8
20:17:16 USER	112  MANYFOLD         265      78893      297         1.46    182.0    54184.8
20:17:18 USER	113  MATCH            280      80563      287         1.35    206.9    59544.0
20:17:19 USER	114  MEGALITH         295      76151      258         1.41    209.4    54046.1
20:17:20 USER	115  MET              323      74630      231         1.53    211.5    48873.6
20:17:22 USER	116  MILK             330      74635      226         1.54    214.6    48527.3
20:17:24 USER	117  MISTILY          269      77472      288         1.74    154.8    44575.4
20:17:25 USER	118  MONOCOT          299      75496      252         1.62    184.5    46573.7
20:17:27 USER	119  MOTION           297      76184      256         1.50    197.6    50688.0
20:17:29 USER	120  MUSHROOM         177      46318      261         1.02    173.5    45409.8
20:17:30 USER	121  N                258      78444      304         1.65    156.6    47628.4
20:17:31 USER	122  NEGUS            325      75116      231         1.58    205.3    47451.7
20:17:33 USER	123  NIMIETY          325      75135      231         1.34    243.3    56238.8
20:17:34 USER	124  NOTARIAL         181      48841      269         1.08    168.1    45349.1
20:17:35 USER	125  O                273      80841      296         1.54    177.7    52630.9
20:17:37 USER	126  OFFEND           299      75337      251         1.48    202.6    51041.3
20:17:39 USER	127  OPEN             268      82505      307         4.32     62.1    19111.7
20:17:43 USER	128  ORPINE           313      74783      238         2.28    137.3    32799.6
20:17:45 USER	129  OVERBEAR         227      43881      193         1.42    160.4    31011.3
20:17:46 USER	130  P                266      77166      290         1.62    164.5    47721.7
20:17:48 USER	131  PANT             280      78829      281         1.32    212.1    59718.9
20:17:49 USER	132  PART             254      81088      319         1.52    167.3    53417.7
20:17:51 USER	133  PAVID            274      74672      272         1.41    194.3    52958.9
20:17:52 USER	134  PENNY            294      79202      269         1.73    169.6    45702.3
20:17:54 USER	135  PERORATE         278      74711      268         1.42    195.6    52576.4
20:17:56 USER	136  PHIAL            336      74680      222         1.33    253.2    56277.3
20:17:57 USER	137  PICK             297      76673      258         1.62    182.9    47212.4
20:17:59 USER	138  PIPING           293      78773      268         1.66    176.3    47396.5
20:18:00 USER	139  PLATYPUS         291      77128      265         1.47    197.7    52396.7
20:18:02 USER	140  POETRY           309      78692      254         1.46    211.9    53972.6
20:18:03 USER	141  PONDER           311      80407      258         2.01    155.0    40063.3
20:18:05 USER	142  POTENT           289      77809      269         1.59    181.5    48875.0
20:18:07 USER	143  PREFER           275      84310      306         1.54    178.2    54640.3
20:18:09 USER	144  PRICKET          266      81521      306         1.28    207.7    63638.6
20:18:10 USER	145  PROGENY          276      82974      300         1.73    159.3    47878.8
20:18:11 USER	146  PROTEGE          329      77892      236         1.46    225.0    53277.7
20:18:13 USER	147  PUFF             273      78463      287         1.37    198.7    57105.5
20:18:14 USER	148  PUTTY            119      29957      251         0.55    217.9    54866.3
20:18:15 USER	149  Q                253      79233      313         1.48    171.1    53572.0
20:18:16 USER	150  QUIT              36      10734      298         0.31    116.9    34850.6
20:18:17 USER	151  R                301      75968      252         1.49    202.6    51122.5
20:18:18 USER	152  RANK             263      76879      292         1.31    200.6    58641.5
20:18:20 USER	153  REBUS            292      76861      263         1.53    191.3    50367.6
20:18:21 USER	154  REENACT          258      80844      313         1.47    175.6    55033.4
20:18:23 USER	155  RELINE           226      80291      355         1.36    166.5    59168.0
20:18:24 USER	156  REPULSE          254      79337      312         1.47    172.9    54007.5
20:18:26 USER	157  RETRIEVE         300      81710      272         1.41    212.6    57909.3
20:18:27 USER	158  RICKETS          260      78509      301         1.39    186.4    56278.9
20:18:28 USER	159  ROCKWEED         295      80861      274         3.82     77.2    21162.3
20:18:32 USER	160  ROUST            245      78624      320         1.41    173.5    55682.7
20:18:34 USER	161  RUTHENIC          15       2869      191         0.24     62.2    11904.6
20:18:34 USER	162  S                316      81501      257         1.48    212.9    54919.8
20:18:36 USER	163  SAMISEN          325      79071      243         1.58    206.0    50108.4
20:18:37 USER	164  SAWLOG           281      78988      281         1.61    174.4    49030.4
20:18:39 USER	165  SCINCOID         269      77127      286         1.92    140.3    40233.2
20:18:41 USER	166  SCUTUM           331      80413      242         1.66    199.3    48412.4
20:18:42 USER	167  SEGO             453      72775      160         1.38    328.5    52773.7
20:18:44 USER	168  SEMESTER         313      79510      254         1.59    197.4    50132.4
20:18:45 USER	169  SERICIN          246      82346      334         1.50    163.7    54787.8
20:18:47 USER	170  SHALL            275      75526      274         1.68    163.3    44849.2
20:18:49 USER	171  SHIRK            261      78357      300         1.47    178.0    53449.5
20:18:50 USER	172  SIDE             300      76890      256         1.39    216.0    55356.4
20:18:52 USER	173  SINGLE           274      77356      282         1.55    177.3    50068.6
20:18:53 USER	174  SKY              258      74247      287         1.27    204.0    58693.3
20:18:54 USER	175  SLUMBER          296      74110      250         1.47    201.2    50380.7
20:18:56 USER	176  SNOWSUIT         294      81567      277         1.35    217.8    60420.0
20:18:57 USER	177  SOMATIC          318      79227      249         1.78    178.7    44509.6
20:18:59 USER	178  SPAHI            295      77235      261         1.48    199.3    52185.8
20:19:01 USER	179  SPILE            271      80610      297         1.33    203.6    60563.5
20:19:02 USER	180  SPREAD           264      76890      291         1.36    193.4    56329.7
20:19:04 USER	181  STALK            291      82277      282         1.48    196.2    55480.1
20:19:05 USER	182  STEEP            265      77178      291         1.52    174.2    50741.6
20:19:07 USER	183  STOCKADE         269      81157      301         1.48    181.6    54798.8
20:19:08 USER	184  STRENGTH         257      79039      307         1.44    179.0    55041.1
20:19:09 USER	185  STYLUS           288      78999      274         1.49    193.8    53162.2
20:19:11 USER	186  SUCTION          288      76470      265         1.39    207.3    55054.0
20:19:12 USER	187  SUPERNAL         279      81327      291         1.67    167.3    48757.2
20:19:14 USER	188  SWASTIKA         281      78728      280         1.38    203.0    56884.4
20:19:15 USER	189  SYNCOPE           95      27377      288         0.53    179.2    51654.7
20:19:16 USER	190  T                236      81107      343         1.48    159.6    54839.1
20:19:17 USER	191  TANGIBLE         309      75834      245         1.23    250.8    61553.6
20:19:19 USER	192  TEDDER           275      75579      274         1.28    214.8    59046.1
20:19:20 USER	193  TERMINAL         281      81481      289         1.37    204.7    59345.2
20:19:21 USER	194  THEORY           310      79451      256         1.56    198.7    50930.1
20:19:23 USER	195  THRESHER         283      80492      284         1.46    194.2    55245.0
20:19:24 USER	196  TIMID            293      76816      262         1.74    168.8    44248.8
20:19:26 USER	197  TONGUE           299      80250      268         1.73    172.7    46360.5
20:19:28 USER	198  TOWNEE           257      77191      300         1.48    173.9    52226.7
20:19:30 USER	199  TRANSOM          281      82151      292         2.28    123.0    35968.0
20:19:32 USER	200  TRIDUUM          287      79544      277         1.42    201.4    55820.4
20:19:33 USER	201  TRUCK            287      77119      268         1.92    149.8    40250.0
20:19:35 USER	202  TURN             250      75428      301         1.59    156.8    47319.9
20:19:37 USER	203  U                351      74727      212         1.52    231.4    49259.7
20:19:38 USER	204  UNDERRUN         360      73956      205         1.47    244.6    50241.8
20:19:40 USER	205  UNQUOTE          352      71164      202         1.27    276.9    55990.6
20:19:41 USER	206  UROLOGIC          77      22290      289         0.50    154.3    44669.3
20:19:41 USER	207  V                318      79480      249         1.34    237.5    59357.7
20:19:43 USER	208  VEGETAL          299      79442      265         1.64    182.9    48588.4
20:19:45 USER	209  VESTMENT         313      79503      254         1.45    215.9    54829.7
20:19:46 USER	210  VISIBLE          304      77095      253         1.60    190.2    48244.7
20:19:48 USER	211  W                245      82450      336         1.62    151.2    50895.1
20:19:49 USER	212  WASH             329      85011      258         1.51    217.9    56298.7
20:19:51 USER	213  WEDGE            277      81198      293         1.51    183.7    53844.8
20:19:52 USER	214  WHIFFLER         305      80074      262         1.58    193.0    50679.7
20:19:54 USER	215  WILDLING         304      82327      270         1.96    155.0    41982.2
20:19:56 USER	216  WITTILY          314      78668      250         1.67    188.2    47163.1
20:19:58 USER	217  WREATHE           81      25351      312         0.57    141.9    44397.5
20:19:58 USER	218  X                 66      14117      213         0.49    134.4    28751.5
20:19:59 USER	219  Y                201      55108      274         1.25    161.4    44263.5
20:20:00 USER	220  Z                198      46315      233         1.25    158.1    36992.8
20:20:01 USER	                 ---------  --------- -----------  --------  -------  --------
20:20:01 USER	                    59963   16052206      267       341.97    175.3    46940.3
20:20:01 USER	
20:20:01 USER	Number of Variants: 9957
20:20:02 USER	Number of Run-Ons: 19124
20:20:13 MONTR	NIC!@LOGOUT
20:20:13 MONTR	[Job 13 also logged in under IAN]
20:20:16 MONTR	Killed Job 24, User IAN, TTY 102, at  4-Mar-86 20:20:16
20:20:16 MONTR	 Used 0:01:33 in 0:06:00
  