
			10-Dec-87  9:29:43

BATCON Version	5(6063)			GLXLIB Version	5(1247)

	    Job NEW-IN Req #2362 for IAN in Stream 0

	OUTPUT:	 Nolog				TIME-LIMIT: 1:00:00
	UNIQUE:	 Yes				BATCH-LOG:  Append
	RESTART: No				ASSISTANCE: Yes
	ACCOUNT: RD                             SEQUENCE:   705

	Input from => SRC:<LOC.WEBSTER>NEW-INDEX.CTL
	Output to  => SRC:<LOC.WEBSTER>NEW-INDEX.LOG



 9:29:44 USER	 SRI-NIC, TOPS-20 Monitor 6.1(7340)-4
 9:29:44 USER	 Job 33 on TTY124 10-Dec-87  9:29am
 9:29:45 MONTR	 [Command]
 9:29:54 MONTR	 Mail from IAN at  9:28pm
 9:29:54 MONTR	NIC!
 9:29:54 MONTR	[CONNECTED TO SRC:<LOC.WEBSTER>]
 9:29:55 MONTR	@new-index
 9:29:58 USER	[Output file is TS:<WEBSTER>NEW-INDEX.BIN.14]
 9:29:58 USER	A . . . 273 main (total 273), 137 V&R (total 137)
 9:30:03 USER	ACCLAIM . . . 302 main (total 575), 142 V&R (total 279)
 9:30:09 USER	ADDUCE . . . 309 main (total 884), 146 V&R (total 425)
 9:30:12 USER	AFFLICT . . . 344 main (total 1228), 89 V&R (total 514)
 9:30:15 USER	ALBUM . . . 
 9:30:18 USER	?Funny character in entry-name: [(], previous entry: [alpha]
 9:30:18 USER	325 main (total 1553), 122 V&R (total 636)
 9:30:18 USER	ALTO . . . 314 main (total 1867), 167 V&R (total 803)
 9:30:21 USER	ANAGRAM . . . 305 main (total 2172), 151 V&R (total 954)
 9:30:24 USER	ANT . . . 332 main (total 2504), 151 V&R (total 1105)
 9:30:26 USER	APOTHEM . . . 307 main (total 2811), 156 V&R (total 1261)
 9:30:30 USER	ARGININE . . . 285 main (total 3096), 131 V&R (total 1392)
 9:30:32 USER	ASPEN . . . 287 main (total 3383), 119 V&R (total 1511)
 9:30:36 USER	ATTIC . . . 298 main (total 3681), 155 V&R (total 1666)
 9:30:38 USER	AWFUL . . . 70 main (total 3751), 30 V&R (total 1696)
 9:30:39 USER	B . . . 294 main (total 4045), 125 V&R (total 1821)
 9:30:42 USER	BANK . . . 298 main (total 4343), 109 V&R (total 1930)
 9:30:45 USER	BATHOS . . . 282 main (total 4625), 112 V&R (total 2042)
 9:30:48 USER	BELAY . . . 
 9:30:50 USER	?Funny character in entry-name: [(], previous entry: [beta]
 9:30:51 USER	301 main (total 4926), 123 V&R (total 2165)
 9:30:51 USER	BICOLOR . . . 318 main (total 5244), 143 V&R (total 2308)
 9:30:56 USER	BITUMEN . . . 316 main (total 5560), 130 V&R (total 2438)
 9:31:00 USER	BLOW . . . 312 main (total 5872), 120 V&R (total 2558)
 9:31:04 USER	BOOR . . . 301 main (total 6173), 105 V&R (total 2663)
 9:31:11 USER	BRAKE . . . 290 main (total 6463), 111 V&R (total 2774)
 9:31:21 USER	BROKER . . . 309 main (total 6772), 97 V&R (total 2871)
 9:31:26 USER	BUNNY . . . 234 main (total 7006), 80 V&R (total 2951)
 9:31:28 USER	C . . . 304 main (total 7310), 136 V&R (total 3087)
 9:31:31 USER	CAMBIAL . . . 287 main (total 7597), 94 V&R (total 3181)
 9:31:37 USER	CAPTIVE . . . 307 main (total 7904), 100 V&R (total 3281)
 9:31:46 USER	CAST . . . 299 main (total 8203), 128 V&R (total 3409)
 9:31:56 USER	CEMETERY . . . 309 main (total 8512), 125 V&R (total 3534)
 9:31:59 USER	CHAPERON . . . 289 main (total 8801), 121 V&R (total 3655)
 9:32:02 USER	CHILI . . . 330 main (total 9131), 146 V&R (total 3801)
 9:32:05 USER	CHUKKER . . . 307 main (total 9438), 127 V&R (total 3928)
 9:32:11 USER	CLAYMORE . . . 278 main (total 9716), 134 V&R (total 4062)
 9:32:21 USER	COB . . . 317 main (total 10033), 151 V&R (total 4213)
 9:32:32 USER	COLONIZE . . . 282 main (total 10315), 124 V&R (total 4337)
 9:32:54 USER	COMPANY . . . 262 main (total 10577), 149 V&R (total 4486)
 9:33:17 USER	CONDUIT . . . 248 main (total 10825), 171 V&R (total 4657)
 9:33:19 USER	CONSPIRE . . . 266 main (total 11091), 148 V&R (total 4805)
 9:33:24 USER	COOKOUT . . . 311 main (total 11402), 123 V&R (total 4928)
 9:33:29 USER	COSMETIC . . . 303 main (total 11705), 99 V&R (total 5027)
 9:33:35 USER	CRACK . . . 279 main (total 11984), 111 V&R (total 5138)
 9:33:41 USER	CRONE . . . 302 main (total 12286), 128 V&R (total 5266)
 9:33:47 USER	CUMSHAW . . . 296 main (total 12582), 138 V&R (total 5404)
 9:33:50 USER	CYSTIC . . . 36 main (total 12618), 20 V&R (total 5424)
 9:33:51 USER	D . . . 299 main (total 12917), 119 V&R (total 5543)
 9:33:55 USER	DEBIT . . . 273 main (total 13190), 139 V&R (total 5682)
 9:34:04 USER	DEGAUSS . . . 
 9:34:05 USER	?Funny character in entry-name: [(], previous entry: [deltaic]
 9:34:08 USER	288 main (total 13478), 167 V&R (total 5849)
 9:34:08 USER	DEPEND . . . 284 main (total 13762), 156 V&R (total 6005)
 9:34:13 USER	DETOUR . . . 300 main (total 14062), 155 V&R (total 6160)
 9:34:18 USER	DID . . . 296 main (total 14358), 130 V&R (total 6290)
 9:34:20 USER	DIRT . . . 280 main (total 14638), 170 V&R (total 6460)
 9:34:35 USER	DISPERSE . . . 272 main (total 14910), 134 V&R (total 6594)
 9:34:41 USER	DO . . . 294 main (total 15204), 127 V&R (total 6721)
 9:34:55 USER	DOUBLET . . . 277 main (total 15481), 120 V&R (total 6841)
 9:34:59 USER	DROLLERY . . . 320 main (total 15801), 131 V&R (total 6972)
 9:35:06 USER	DYEWEED . . . 44 main (total 15845), 21 V&R (total 6993)
 9:35:06 USER	E . . . 299 main (total 16144), 123 V&R (total 7116)
 9:35:18 USER	EGOTIST . . . 303 main (total 16447), 135 V&R (total 7251)
 9:35:25 USER	EMBRACE . . . 322 main (total 16769), 149 V&R (total 7400)
 9:35:29 USER	ENFILADE . . . 313 main (total 17082), 149 V&R (total 7549)
 9:35:48 USER	EPIGRAM . . . 291 main (total 17373), 145 V&R (total 7694)
 9:35:57 USER	ESPY . . . 298 main (total 17671), 162 V&R (total 7856)
 9:36:12 USER	EXACT . . . 285 main (total 17956), 158 V&R (total 8014)
 9:36:21 USER	EXPIATE . . . 259 main (total 18215), 127 V&R (total 8141)
 9:36:45 USER	F . . . 262 main (total 18477), 133 V&R (total 8274)
 9:36:55 USER	FARMER . . . 246 main (total 18723), 136 V&R (total 8410)
 9:36:58 USER	FEMALE . . . 294 main (total 19017), 141 V&R (total 8551)
 9:37:01 USER	FILING . . . 327 main (total 19344), 109 V&R (total 8660)
 9:37:18 USER	FLANGE . . . 303 main (total 19647), 125 V&R (total 8785)
 9:37:25 USER	FLUID . . . 314 main (total 19961), 129 V&R (total 8914)
 9:37:28 USER	FORCE . . . 314 main (total 20275), 129 V&R (total 9043)
 9:37:34 USER	FOURTH . . . 311 main (total 20586), 128 V&R (total 9171)
 9:37:40 USER	FRONT . . . 294 main (total 20880), 124 V&R (total 9295)
 9:37:47 USER	G . . . 
 9:37:50 USER	?Funny character in entry-name: [(], previous entry: [gamma]
 9:37:52 USER	318 main (total 21198), 115 V&R (total 9410)
 9:37:52 USER	GASBAG . . . 313 main (total 21511), 147 V&R (total 9557)
 9:37:57 USER	GEOMETER . . . 292 main (total 21803), 171 V&R (total 9728)
 9:38:03 USER	GLAMOUR . . . 279 main (total 22082), 161 V&R (total 9889)
 9:38:09 USER	GOLDEN . . . 305 main (total 22387), 140 V&R (total 10029)
 9:38:17 USER	GRAPHIC . . . 324 main (total 22711), 125 V&R (total 10154)
 9:38:37 USER	GROW . . . 259 main (total 22970), 126 V&R (total 10280)
 9:38:52 USER	H . . . 334 main (total 23304), 123 V&R (total 10403)
 9:39:10 USER	HANDSEL . . . 298 main (total 23602), 124 V&R (total 10527)
 9:39:15 USER	HEAD . . . 311 main (total 23913), 120 V&R (total 10647)
 9:39:20 USER	HEMATOMA . . . 329 main (total 24242), 145 V&R (total 10792)
 9:39:37 USER	HIEMAL . . . 306 main (total 24548), 146 V&R (total 10938)
 9:39:57 USER	HOLMIUM . . . 333 main (total 24881), 146 V&R (total 11084)
 9:40:30 USER	HOST . . . 305 main (total 25186), 117 V&R (total 11201)
 9:40:41 USER	HYDRO . . . 290 main (total 25476), 159 V&R (total 11360)
 9:40:52 USER	I . . . 306 main (total 25782), 158 V&R (total 11518)
 9:41:01 USER	IMBECILE . . . 284 main (total 26066), 194 V&R (total 11712)
 9:41:14 USER	IMPROVE . . . 300 main (total 26366), 188 V&R (total 11900)
 9:41:28 USER	INDABA . . . 309 main (total 26675), 164 V&R (total 12064)
 9:42:12 USER	INFECT . . . 284 main (total 26959), 172 V&R (total 12236)
 9:42:59 USER	INSECT . . . 276 main (total 27235), 183 V&R (total 12419)
 9:44:01 USER	INTERIOR . . . 297 main (total 27532), 205 V&R (total 12624)
 9:44:10 USER	INVOKE . . . 318 main (total 27850), 145 V&R (total 12769)
 9:44:25 USER	ITEM . . . 36 main (total 27886), 9 V&R (total 12778)
 9:44:29 USER	J . . . 309 main (total 28195), 108 V&R (total 12886)
 9:44:34 USER	JIVE . . . 283 main (total 28478), 100 V&R (total 12986)
 9:44:57 USER	K . . . 307 main (total 28785), 117 V&R (total 13103)
 9:45:03 USER	KIOSK . . . 205 main (total 28990), 82 V&R (total 13185)
 9:45:11 USER	L . . . 308 main (total 29298), 142 V&R (total 13327)
 9:45:21 USER	LAPSE . . . 287 main (total 29585), 118 V&R (total 13445)
 9:46:34 USER	LEAN . . . 297 main (total 29882), 135 V&R (total 13580)
 9:46:39 USER	LEVERET . . . 288 main (total 30170), 128 V&R (total 13708)
 9:46:45 USER	LIMIT . . . 299 main (total 30469), 126 V&R (total 13834)
 9:46:50 USER	LIVING . . . 287 main (total 30756), 138 V&R (total 13972)
 9:47:00 USER	LOSE . . . 308 main (total 31064), 128 V&R (total 14100)
 9:47:07 USER	LYCEUM . . . 65 main (total 31129), 31 V&R (total 14131)
 9:47:09 USER	M . . . 289 main (total 31418), 121 V&R (total 14252)
 9:48:06 USER	MAKING . . . 306 main (total 31724), 143 V&R (total 14395)
 9:48:18 USER	MANYFOLD . . . 279 main (total 32003), 114 V&R (total 14509)
 9:48:28 USER	MATCH . . . 287 main (total 32290), 122 V&R (total 14631)
 9:48:38 USER	MEGALITH . . . 304 main (total 32594), 145 V&R (total 14776)
 9:50:49 USER	MET . . . 329 main (total 32923), 138 V&R (total 14914)
 9:50:54 USER	MILK . . . 338 main (total 33261), 105 V&R (total 15019)
 9:51:04 USER	MISTILY . . . 284 main (total 33545), 155 V&R (total 15174)
 9:51:51 USER	MONOCOT . . . 312 main (total 33857), 143 V&R (total 15317)
 9:52:52 USER	MOTION . . . 313 main (total 34170), 133 V&R (total 15450)
 9:52:58 USER	MUSHROOM . . . 180 main (total 34350), 86 V&R (total 15536)
 9:53:06 USER	N . . . 271 main (total 34621), 171 V&R (total 15707)
 9:53:45 USER	NEGUS . . . 335 main (total 34956), 129 V&R (total 15836)
 9:54:13 USER	NIMIETY . . . 334 main (total 35290), 111 V&R (total 15947)
 9:54:18 USER	NOTARIAL . . . 189 main (total 35479), 78 V&R (total 16025)
 9:54:20 USER	O . . . 284 main (total 35763), 154 V&R (total 16179)
 9:54:23 USER	OFFEND . . . 308 main (total 36071), 108 V&R (total 16287)
 9:54:53 USER	OPEN . . . 277 main (total 36348), 136 V&R (total 16423)
 9:55:03 USER	ORPINE . . . 314 main (total 36662), 105 V&R (total 16528)
 9:55:10 USER	OVERBEAR . . . 229 main (total 36891), 69 V&R (total 16597)
 9:55:16 USER	P . . . 280 main (total 37171), 115 V&R (total 16712)
 9:56:59 USER	PANT . . . 290 main (total 37461), 121 V&R (total 16833)
 9:57:19 USER	PART . . . 266 main (total 37727), 98 V&R (total 16931)
 9:57:26 USER	PAVID . . . 287 main (total 38014), 149 V&R (total 17080)
 9:57:58 USER	PENNY . . . 304 main (total 38318), 152 V&R (total 17232)
 9:58:46 USER	PERORATE . . . 285 main (total 38603), 143 V&R (total 17375)
 9:58:52 USER	PHIAL . . . 343 main (total 38946), 152 V&R (total 17527)
 9:58:58 USER	PICK . . . 314 main (total 39260), 99 V&R (total 17626)
10:00:08 USER	PIPING . . . 304 main (total 39564), 115 V&R (total 17741)
10:00:30 USER	PLATYPUS . . . 301 main (total 39865), 134 V&R (total 17875)
10:00:41 USER	POETRY . . . 315 main (total 40180), 121 V&R (total 17996)
10:00:48 USER	PONDER . . . 319 main (total 40499), 86 V&R (total 18082)
10:04:12 USER	POTENT . . . 304 main (total 40803), 123 V&R (total 18205)
10:04:40 USER	PREFER . . . 285 main (total 41088), 141 V&R (total 18346)
10:06:36 USER	PRICKET . . . 283 main (total 41371), 132 V&R (total 18478)
10:07:12 USER	PROGENY . . . 289 main (total 41660), 132 V&R (total 18610)
10:07:27 USER	PROTEGE . . . 336 main (total 41996), 135 V&R (total 18745)
10:07:41 USER	PUFF . . . 284 main (total 42280), 122 V&R (total 18867)
10:07:50 USER	PUTTY . . . 122 main (total 42402), 44 V&R (total 18911)
10:07:55 USER	Q . . . 269 main (total 42671), 125 V&R (total 19036)
10:09:28 USER	QUIT . . . 40 main (total 42711), 16 V&R (total 19052)
10:09:29 USER	R . . . 321 main (total 43032), 104 V&R (total 19156)
10:09:39 USER	RANK . . . 286 main (total 43318), 132 V&R (total 19288)
10:09:44 USER	REBUS . . . 303 main (total 43621), 135 V&R (total 19423)
10:10:47 USER	REENACT . . . 274 main (total 43895), 142 V&R (total 19565)
10:11:44 USER	RELINE . . . 239 main (total 44134), 151 V&R (total 19716)
10:12:19 USER	REPULSE . . . 267 main (total 44401), 119 V&R (total 19835)
10:12:40 USER	RETRIEVE . . . 317 main (total 44718), 112 V&R (total 19947)
10:13:20 USER	RICKETS . . . 278 main (total 44996), 143 V&R (total 20090)
10:13:38 USER	ROCKWEED . . . 308 main (total 45304), 80 V&R (total 20170)
10:14:36 USER	ROUST . . . 262 main (total 45566), 114 V&R (total 20284)
10:15:34 USER	RUTHENIC . . . 15 main (total 45581), 6 V&R (total 20290)
10:15:40 USER	S . . . 327 main (total 45908), 95 V&R (total 20385)
10:15:55 USER	SAMISEN . . . 333 main (total 46241), 100 V&R (total 20485)
10:16:13 USER	SAWLOG . . . 293 main (total 46534), 94 V&R (total 20579)
10:16:21 USER	SCINCOID . . . 285 main (total 46819), 113 V&R (total 20692)
10:17:02 USER	SCUTUM . . . 345 main (total 47164), 85 V&R (total 20777)
10:17:06 USER	SEGO . . . 459 main (total 47623), 123 V&R (total 20900)
10:20:19 USER	SEMESTER . . . 321 main (total 47944), 137 V&R (total 21037)
10:20:28 USER	SERICIN . . . 256 main (total 48200), 93 V&R (total 21130)
10:20:42 USER	SHALL . . . 293 main (total 48493), 119 V&R (total 21249)
10:21:31 USER	SHIRK . . . 286 main (total 48779), 123 V&R (total 21372)
10:21:47 USER	SIDE . . . 307 main (total 49086), 88 V&R (total 21460)
10:21:54 USER	SINGLE . . . 289 main (total 49375), 130 V&R (total 21590)
10:22:03 USER	SKY . . . 290 main (total 49665), 132 V&R (total 21722)
10:23:55 USER	SLUMBER . . . 325 main (total 49990), 135 V&R (total 21857)
10:24:18 USER	SNOWSUIT . . . 314 main (total 50304), 108 V&R (total 21965)
10:24:25 USER	SOMATIC . . . 329 main (total 50633), 99 V&R (total 22064)
10:25:58 USER	SPAHI . . . 317 main (total 50950), 135 V&R (total 22199)
10:26:19 USER	SPILE . . . 289 main (total 51239), 127 V&R (total 22326)
10:26:38 USER	SPREAD . . . 296 main (total 51535), 146 V&R (total 22472)
10:27:04 USER	STALK . . . 306 main (total 51841), 84 V&R (total 22556)
10:28:37 USER	STEEP . . . 285 main (total 52126), 123 V&R (total 22679)
10:28:53 USER	STOCKADE . . . 284 main (total 52410), 89 V&R (total 22768)
10:29:02 USER	STRENGTH . . . 272 main (total 52682), 151 V&R (total 22919)
10:29:08 USER	STYLUS . . . 298 main (total 52980), 147 V&R (total 23066)
10:30:00 USER	SUCTION . . . 300 main (total 53280), 107 V&R (total 23173)
10:30:06 USER	SUPERNAL . . . 293 main (total 53573), 123 V&R (total 23296)
10:32:54 USER	SWASTIKA . . . 299 main (total 53872), 149 V&R (total 23445)
10:33:13 USER	SYNCOPE . . . 97 main (total 53969), 57 V&R (total 23502)
10:33:18 USER	T . . . 251 main (total 54220), 121 V&R (total 23623)
10:33:26 USER	TANGIBLE . . . 327 main (total 54547), 126 V&R (total 23749)
10:33:46 USER	TEDDER . . . 287 main (total 54834), 137 V&R (total 23886)
10:33:51 USER	TERMINAL . . . 291 main (total 55125), 100 V&R (total 23986)
10:33:54 USER	THEORY . . . 320 main (total 55445), 98 V&R (total 24084)
10:34:54 USER	THRESHER . . . 301 main (total 55746), 97 V&R (total 24181)
10:34:58 USER	TIMID . . . 308 main (total 56054), 113 V&R (total 24294)
10:35:05 USER	TONGUE . . . 313 main (total 56367), 104 V&R (total 24398)
10:35:11 USER	TOWNEE . . . 262 main (total 56629), 119 V&R (total 24517)
10:36:05 USER	TRANSOM . . . 299 main (total 56928), 125 V&R (total 24642)
10:36:09 USER	TRIDUUM . . . 302 main (total 57230), 129 V&R (total 24771)
10:36:15 USER	TRUCK . . . 299 main (total 57529), 122 V&R (total 24893)
10:36:19 USER	TURN . . . 268 main (total 57797), 90 V&R (total 24983)
10:36:25 USER	U . . . 355 main (total 58152), 119 V&R (total 25102)
10:36:33 USER	UNDERRUN . . . 368 main (total 58520), 127 V&R (total 25229)
10:37:29 USER	UNQUOTE . . . 361 main (total 58881), 134 V&R (total 25363)
10:37:35 USER	UROLOGIC . . . 78 main (total 58959), 37 V&R (total 25400)
10:37:37 USER	V . . . 331 main (total 59290), 101 V&R (total 25501)
10:38:11 USER	VEGETAL . . . 305 main (total 59595), 108 V&R (total 25609)
10:38:56 USER	VESTMENT . . . 319 main (total 59914), 108 V&R (total 25717)
10:39:15 USER	VISIBLE . . . 315 main (total 60229), 120 V&R (total 25837)
10:39:18 USER	W . . . 264 main (total 60493), 111 V&R (total 25948)
10:39:59 USER	WASH . . . 339 main (total 60832), 75 V&R (total 26023)
10:40:14 USER	WEDGE . . . 295 main (total 61127), 70 V&R (total 26093)
10:42:13 USER	WHIFFLER . . . 318 main (total 61445), 76 V&R (total 26169)
10:44:10 USER	WILDLING . . . 318 main (total 61763), 70 V&R (total 26239)
10:44:23 USER	WITTILY . . . 328 main (total 62091), 92 V&R (total 26331)
10:44:29 USER	WREATHE . . . 87 main (total 62178), 31 V&R (total 26362)
10:46:23 USER	X . . . 66 main (total 62244), 37 V&R (total 26399)
10:46:24 USER	Y . . . 212 main (total 62456), 62 V&R (total 26461)
10:46:43 USER	Z . . . 200 main (total 62656), 94 V&R (total 26555)
10:46:46 USER	Writing index file...done
11:07:32 MONTR	NIC!
		@logout

		BTNECF End of Control File while searching for %ERR

11:07:32 MONTR	
11:07:35 MONTR	Killed by OPERATOR, TTY 110
11:07:35 MONTR	Killed Job 33, User IAN, TTY 124, at 10-Dec-87 11:07:35
11:07:35 MONTR	 Used 0:03:53 in 1:37:51
    