
			30-Jan-89 23:58:48

BATCON Version	5(6063)			GLXLIB Version	5(1247)

	    Job EDITS Req #835 for MKL in Stream 2

	OUTPUT:	 Nolog				TIME-LIMIT: 4:00:00
	UNIQUE:	 Yes				BATCH-LOG:  Supersede
	RESTART: No				ASSISTANCE: Yes
	ACCOUNT: CF                             SEQUENCE:   561

	Input from => SRC:<MONITOR>EDITS.CTL
	Output to  => SRC:<MONITOR>EDITS.LOG



23:58:49 MONTR	 SRI-NIC, TOPS-20 Monitor 6.1(7341)-4
23:58:49 MONTR	 Job 27 on TTY127 30-Jan-89 11:58pm
23:58:52 MONTR	 $
23:58:52 MONTR	[CONNECTED TO SRC:<MONITOR>]
23:58:52 MONTR	ena
23:58:55 MONTR	 $cd src:<monitor>
23:58:57 MONTR	
23:58:57 MONTR	 $sys:head -25 *.mac.0 > edits.list
 0:01:12 MONTR	
 0:01:12 MONTR	 $
 0:01:16 MONTR	Killed by OPERATOR, TTY 107
 0:01:16 MONTR	Killed Job 27, User MKL, TTY 127, at 31-Jan-89 00:01:15
 0:01:16 MONTR	 Used 0:00:21 in 0:02:26,
 0:01:16 MONTR	  Used this session 0:00:08 in 0:00:52
