
			 5-Mar-89  2:41:06

BATCON Version	5(6063)			GLXLIB Version	5(1247)

	    Job TAGS Req #24 for MKL in Stream 0

	OUTPUT:	 Nolog				TIME-LIMIT: 4:00:00
	UNIQUE:	 Yes				BATCH-LOG:  Supersede
	RESTART: No				ASSISTANCE: Yes
	ACCOUNT: CF                             SEQUENCE:   3996

	Input from => SRC:<MONITOR>TAGS.CTL
	Output to  => SRC:<MONITOR>TAGS.LOG



 2:41:07 MONTR	 SRI-NIC, TOPS-20 Monitor 6.1(7341)-4
 2:41:07 MONTR	 Job 17 on TTY126 5-Mar-89  2:41am
 2:41:08 MONTR	 $
 2:41:08 MONTR	[CONNECTED TO SRC:<MONITOR>]
 2:41:08 MONTR	enable
 2:41:08 MONTR	 $cd src:<monitor>
 2:41:09 MONTR	
 2:41:09 MONTR	 $tags
 2:41:09 USER	 Output tags file: *monitr.tags
 2:41:09 USER	 Type filenames, end with blank line
 2:41:09 USER	***.mac.0
 2:41:11 USER	ANAUNV.MAC.1 - 344. functions found.
 2:41:17 USER	APRSRV.MAC.2 - 729. functions found.
 2:41:22 USER	BOOT.MAC.5 - 600. functions found.
 2:41:40 USER	BUGS.MAC.1 - 2129. functions found.
 2:41:41 USER	CFSPAR.MAC.1 - 68. functions found.
 2:41:52 USER	CFSSRV.MAC.1 - 316. functions found.
 2:41:53 USER	CFSUSR.MAC.1 - 35. functions found.
 2:42:00 USER	CHECKD.MAC.1 - 627. functions found.
 2:42:02 USER	CIDLL.MAC.1 - 95. functions found.
 2:42:08 USER	CLUDGR.MAC.2 - 193. functions found.
 2:42:09 USER	CLUFRK.MAC.1 - 76. functions found.
 2:42:10 USER	CLUPAR.MAC.2 - 31. functions found.
 2:42:17 USER	COMND.MAC.1 - 537. functions found.
 2:42:17 USER	CRYPT.MAC.1 - 50. functions found.
 2:42:18 USER	CTERMD.MAC.1 - 124. functions found.
 2:42:23 USER	D36COM.MAC.1 - 283. functions found.
 2:42:25 USER	D36PAR.MAC.1 - 9. functions found.
 2:42:28 USER	DATIME.MAC.3 - 167. functions found.
 2:42:47 USER	DDT.MAC.1 - 1471. functions found.
 2:42:48 USER	DEVICE.MAC.1 - 62. functions found.
 2:42:52 USER	DIAG.MAC.1 - 137. functions found.
 2:42:59 USER	DIRECT.MAC.5 - 560. functions found.
 2:43:03 USER	DISC.MAC.2 - 207. functions found.
 2:43:06 USER	DOB.MAC.1 - 134. functions found.
 2:43:06 USER	DOMSYM.MAC.1 - 0. functions found.
 2:43:14 USER	DSKALC.MAC.1 - 493. functions found.
 2:43:20 USER	DTESRV.MAC.1 - 511. functions found.
 2:43:23 USER	ENQ.MAC.1 - 165. functions found.
 2:43:24 USER	ENQPAR.MAC.1 - 0. functions found.
 2:43:26 USER	ENQSRV.MAC.1 - 95. functions found.
 2:43:26 USER	ERBLD.MAC.1 - 1. functions found.
 2:43:26 USER	F2KDDT.MAC.1 - 0. functions found.
 2:43:27 USER	F2MDDT.MAC.1 - 0. functions found.
 2:43:27 USER	FESRV.MAC.1 - 63. functions found.
 2:43:30 USER	FILINI.MAC.1 - 102. functions found.
 2:43:32 USER	FILMSC.MAC.1 - 126. functions found.
 2:43:39 USER	FORK.MAC.2 - 447. functions found.
 2:43:46 USER	FREE.MAC.1 - 332. functions found.
 2:43:47 USER	FUTILI.MAC.1 - 81. functions found.
 2:43:50 USER	GETSAV.MAC.1 - 165. functions found.
 2:43:54 USER	GLOBS.MAC.4 - 0. functions found.
 2:43:56 USER	GTDOM.MAC.1 - 50. functions found.
 2:44:02 USER	GTJFN.MAC.3 - 442. functions found.
 2:44:03 USER	IMPANX.MAC.1 - 71. functions found.
 2:44:06 USER	IMPDV.MAC.1 - 146. functions found.
 2:44:09 USER	IO.MAC.1 - 239. functions found.
 2:44:13 USER	IPCF.MAC.1 - 193. functions found.
 2:44:14 USER	IPCIDV.MAC.1 - 59. functions found.
 2:44:16 USER	IPFREE.MAC.1 - 103. functions found.
 2:44:22 USER	IPIPIP.MAC.1 - 411. functions found.
 2:44:26 USER	IPNIDV.MAC.1 - 157. functions found.
 2:44:37 USER	JSYSA.MAC.3 - 586. functions found.
 2:44:47 USER	JSYSF.MAC.2 - 561. functions found.
 2:45:01 USER	JSYSM.MAC.3 - 431. functions found.
 2:45:12 USER	LATSRV.MAC.3 - 379. functions found.
 2:45:13 USER	LDINIT.MAC.2 - 4. functions found.
 2:45:15 USER	LINEPR.MAC.1 - 142. functions found.
 2:45:23 USER	LLMOP.MAC.1 - 148. functions found.
 2:45:27 USER	LOGNAM.MAC.1 - 200. functions found.
 2:45:29 USER	LOOKUP.MAC.1 - 51. functions found.
 2:45:29 USER	LPFEDV.MAC.1 - 16. functions found.
 2:45:40 USER	MAGTAP.MAC.1 - 229. functions found.
 2:45:46 USER	MEXEC.MAC.4 - 219. functions found.
 2:45:47 USER	MFLIN.MAC.1 - 51. functions found.
 2:45:48 USER	MFLOUT.MAC.1 - 82. functions found.
 2:45:51 USER	MNETDV.MAC.2 - 205. functions found.
 2:46:14 USER	MONSYM.MAC.2 - 2013. functions found.
 2:46:16 USER	MSCPAR.MAC.2 - 226. functions found.
 2:46:20 USER	MSTR.MAC.1 - 160. functions found.
 2:46:21 USER	NAMNIC.MAC.1 - 1. functions found.
 2:46:21 USER	NIPAR.MAC.1 - 2. functions found.
 2:46:23 USER	NISRV.MAC.1 - 57. functions found.
 2:46:26 USER	NIUSR.MAC.1 - 138. functions found.
 2:46:38 USER	PAGEM.MAC.1 - 609. functions found.
 2:46:55 USER	PAGUTL.MAC.1 - 504. functions found.
 2:46:56 USER	PARAMS.MAC.1 - 7. functions found.
 2:46:57 USER	PARNEW.MAC.3 - 6. functions found.
 2:46:57 USER	PARNIC.MAC.1 - 56. functions found.
 2:46:59 USER	PHYH2.MAC.1 - 207. functions found.
 2:47:09 USER	PHYKLP.MAC.1 - 590. functions found.
 2:47:19 USER	PHYKNI.MAC.2 - 399. functions found.
 2:47:22 USER	PHYM2.MAC.1 - 113. functions found.
 2:47:26 USER	PHYM78.MAC.1 - 155. functions found.
 2:47:31 USER	PHYMSC.MAC.1 - 335. functions found.
 2:47:34 USER	PHYMVR.MAC.1 - 192. functions found.
 2:47:37 USER	PHYP4.MAC.1 - 225. functions found.
 2:47:39 USER	PHYPAR.MAC.1 - 352. functions found.
 2:47:50 USER	PHYSIO.MAC.1 - 496. functions found.
 2:47:55 USER	PIPE.MAC.1 - 49. functions found.
 2:47:55 USER	PMT.MAC.1 - 1. functions found.
 2:47:58 USER	POSTLD.MAC.1 - 52. functions found.
 2:48:09 USER	PROLOG.MAC.2 - 850. functions found.
 2:48:10 USER	REL1.MAC.1 - 1. functions found.
 2:48:12 USER	RSXSRV.MAC.2 - 99. functions found.
 2:48:23 USER	SCAMPI.MAC.1 - 369. functions found.
 2:48:27 USER	SCAPAR.MAC.1 - 86. functions found.
 2:48:38 USER	SCHED.MAC.2 - 685. functions found.
 2:48:39 USER	SCPAR.MAC.1 - 1. functions found.
 2:48:47 USER	SCSJSY.MAC.1 - 238. functions found.
 2:48:48 USER	SERCOD.MAC.1 - 106. functions found.
 2:48:56 USER	SETSPD.MAC.2 - 336. functions found.
 2:48:57 USER	SITE.MAC.2 - 3. functions found.
 2:49:10 USER	STG.MAC.9 - 861. functions found.
 2:49:11 USER	SWPALC.MAC.1 - 46. functions found.
 2:49:14 USER	SYSERR.MAC.1 - 69. functions found.
 2:49:15 USER	SYSFLG.MAC.2 - 22. functions found.
 2:49:26 USER	TAPE.MAC.1 - 615. functions found.
 2:49:29 USER	TCPBBN.MAC.1 - 137. functions found.
 2:49:29 USER	TCPCRC.MAC.1 - 29. functions found.
 2:49:33 USER	TCPJFN.MAC.1 - 157. functions found.
 2:49:48 USER	TCPTCP.MAC.1 - 520. functions found.
 2:49:49 USER	TIMER.MAC.1 - 51. functions found.
 2:49:49 USER	TOPS.MAC.1 - 0. functions found.
 2:49:50 USER	TTYDEF.MAC.2 - 173. functions found.
 2:50:01 USER	TTYSRV.MAC.3 - 561. functions found.
 2:50:04 USER	TVTSRV.MAC.1 - 215. functions found.
 2:50:04 USER	VEDIT.MAC.2 - 0. functions found.
 2:50:04 USER	VERSIO.MAC.1 - 11. functions found.
 2:50:05 USER	*
 2:50:05 USER	MONITR.TAGS.1 - 29926. functions in 118. files.
 2:50:05 MONTR	 $
		
 2:50:05 MONTR	
 2:50:06 MONTR	Killed by OPERATOR, TTY 107
 2:50:06 MONTR	Killed Job 17, User MKL, TTY 126, at  5-Mar-89 02:50:06
 2:50:06 MONTR	 Used 0:04:06 in 0:09:00
