
[PHOTO:  Recording initiated  Sun 5-Aug-84 2:07pm]

!ENABLE
!COMPILE/NOBINARY FNGDEF.MAC,TINIDF.MAC			!Definitions
MACRO:	FNGDEF

EXIT
!COMPILE GETLOC.MAC					!Terminal locations
MACRO:	GETLOC

EXIT
!COMPILE HSTNAM.MAC					!Foreign host names
!COMPILE FINGER.MAC,DBEDIT.MAC,TTYLOC.MAC,TTYINI.MAC	!Main routines
?Source file missing: DBEDIT.MAC
?Source file missing: TTYINI.MAC
!LOAD FINGER.REL
LINK:	Loading
!LOAD DBEDIT.REL
?Source file missing: DBEDIT.REL
?Loading suppressed
!LOAD TTYLOC.REL
LINK:	Loading
!LOAD TTYINI.REL
?Source file missing: TTYINI.REL
?Loading suppressed
!POP

[PHOTO:  Recording terminated Sun 5-Aug-84 2:08pm]
