
			28-Mar-85 15:01:55

BATCON Version	104(4205)			GLXLIB Version	1(1137)

	    Job MACSYM Req #615 for HSS in Stream 0

	OUTPUT:	 Log				TIME-LIMIT: 1:00:00
	UNIQUE:	 Yes				BATCH-LOG:  Append
	RESTART: No				ASSISTANCE: Yes
						SEQUENCE:   2251

	Input from => PS:<HSS.EXEC>MACSYM.CTL.1
	Output to  => PS:<HSS.EXEC>MACSYM.LOG



15:01:56 USER	 SRI-NIC, TOPS-20 Monitor 5.3(5743)-1
15:01:56 USER	 The system will go down today at  6:00pm until  7:55pm
15:01:56 USER	 for Preventive Maintenance
15:01:56 USER	 Job 21 on TTY100 28-Mar-85  3:01pm
15:01:58 MONTR	 End of COMAND.CMD.1
15:01:58 MONTR	 $
15:01:58 MONTR	[PS Mounted]
15:01:58 MONTR	
15:01:58 MONTR	[CONNECTED TO PS:<HSS.EXEC>]
		!
		! NAME: MACSYM.CTL
		! DATE: 30-AUG-84
		!
		!THIS CONTROL FILE IS PROVIDED FOR INFORMATION PURPOSES ONLY.  THE
		!PURPOSE OF THE FILE IS TO DOCUMENT THE PROCEDURES USED TO BUILD
		!THE DISTRIBUTED SOFTWARE.  IT IS UNLIKELY THAT THIS CONTROL FILE
		!WILL BE ABLE TO BE SUBMITTED WITHOUT MODIFICATION ON CONSUMER
		!SYSTEMS.  PARTICULAR ATTENTION SHOULD BE GIVEN TO ERSATZ DEVICES
		!AND STRUCTURE NAMES, PPN'S, AND OTHER SUCH PARAMETERS.  SUBMIT
		!TIMES MAY VARY DEPENDING ON SYSTEM CONFIGURATION AND LOAD.  THE
		!AVAILABILITY OF SUFFICIENT DISK SPACE AND CORE IS MANDATORY.
		! 
		! FUNCTION:	THIS CONTROL FILE BUILDS MACSYM FROM ITS BASIC
		!		SOURCES.
		!
		! SUBMIT WITH THE SWITCH "/TAG:CREF" TO OBTAIN
		!   A .CRF LISTING OF THE SOURCE FILE
		!
		!
15:01:58 MONTR	@DEF FOO: NUL:
15:01:59 MONTR	 $
15:01:59 BATCH	@GOTO A
15:01:59 BLABL	A::
15:01:59 MONTR	@TAKE BATCH.CMD
15:01:59 MONTR	
15:01:59 MONTR	?File not found - "BATCH.CMD"
15:01:59 MONTR	 $
		!
		@INFORMATION LOGICAL-NAMES ALL
		!
		! TAKE A CHECKSUMMED DIRECTORY OF ALL THE INPUT FILES.
		!
		@VDIRECT SYS:MACRO.EXE,SYS:CREF.EXE,MACSYM.MAC,
		@CHECKSUM SEQ
		@
		@VDIRECT SYS:MONSYM.UNV,
		@CHECKSUM SEQ
		@
		@
		@GET SYS:MACRO
		@INFORMATION VERSION
		@GET SYS:LINK
		@INFORMATION VERSION
		@GET SYS:CREF
		@INFORMATION VERSION
		!
		@COMPILE MACSYM.MAC
		!
		@RES
		!
		@COMPILE /CREF /COMPILE REL1+MACSYM.MAC MACREL
		!
		@R CREF
		*FOO:MACSYM.LST=MACREL.CRF
		!
		!
		@VDIRECT MACSYM.UNV,MACREL.REL,
		@CHECKSUM SEQ
		@
		!
		![End MACSYM.CTL]

		BTNECF End of Control File while searching for %ERR

15:01:59 MONTR	
15:02:00 MONTR	Killed by OPERATOR, TTY 67
15:02:00 MONTR	Killed Job 21, User HSS, Account CF, TTY 100, at 28-Mar-85 15:02:01
15:02:00 MONTR	 Used 0:00:01 in 0:00:04
