
[PHOTO:  Recording initiated  Tue 27-Oct-87 3:20pm]

 End of PS:<KLH>COMAND.CMD.4
@!
@!      compile stdio routines
@!
@connect cs:
@take -make-.cmd
KCC:    fgetc
<C.LIB.STDIO>FGETC.PRE.1
<C.LIB.STDIO>FGETC.FAI.1
FAIL:  fgetc
KCC:    fseek
<C.LIB.STDIO>FSEEK.PRE.1
<C.LIB.STDIO>FSEEK.FAI.1
FAIL:  fseek
 End of -MAKE-.CMD.20
@!
@!      compile math routines
@!
@connect cm:
@take -make-.cmd
 End of -MAKE-.CMD.8
@!
@!      compile unix syscall routines
@!
@connect cu:
 SS:<C.LIB.USYS> Over permanent storage allocation by 50 page(s).
@take -make-.cmd
 End of -MAKE-.CMD.25
@!
@!      compile network stuff
@!
@connect cn:
 SS:<C.LIB.USYS> Over permanent storage allocation by 50 page(s).
@take -make-.cmd
 End of -MAKE-.CMD.2
@!
@!      compile everything else
@!
@connect libc:
@take -make-.cmd
 End of -MAKE-.CMD.21
@!
@!      now merge them
@!
@maklib
*libc=@libc.mak

?WLDLKE Non-existent file CN:FILBUF.REL
*libc.poi= libc/points
*^Z
@
@!
@!      Compile special LIBCKX module (not part of normal LIBC)
@!
@cc -q -c -m libckx
@pop

[PHOTO:  Recording terminated Tue 27-Oct-87 3:23pm]
