 BUILD>			W: 4000 P: 3000 DF: 777700 MS: 5 
 CCMD>			W: 2000 P: 2000 DF: 777752 MS: 0 
 DIST>			W: 1000 P:  500 DF: 777700 MS: 10 
 GNU>			W: 1000 P: 1000 DF: 777752 MS: 10 
 GNU.LIB>		W:  500 P:  500 DF: 777752 MS: 0
 INCLUDE>		W:  400 P:  400 DF: 777700 MS: 5
 INCLUDE.SYS>		W:  100 P:  100 DF: 777700 MS: 0
 ITS>			W: 2000 P: 2000 DF: 777700 MS: 3 
 ITS.INCLUDE>		W:  500 P:  500 DF: 777752 MS: 2 
 ITS.INCLUDE.SYS>	W:  100 P:  100 DF: 777752 MS: 0 
 ITS.LIB>		W: 1500 P: 1500 DF: 777752 MS: 5 
 ITS.LIB.ITS>		W:  500 P:  500 DF: 777752 MS: 0 
 ITS.LIB.MATH>		W:  500 P:  500 DF: 777752 MS: 0 
 ITS.LIB.STDIO>		W:  500 P:  500 DF: 777752 MS: 0 
 ITS.LIB.USYS>		W:  500 P:  500 DF: 777752 MS: 0 
 KCC>			W: 5000 P: 4000 DF: 777700 MS: 0
 KCC5>			W: 20000 P: 3000 DF: 777700 MS: 0 
 LIB>			W: 3000 P: 3000 DF: 777700 MS: 50
 LIB.GEN>		W: 1000 P: 1000 DF: 777700 MS: 0
 LIB.MATH>		W: 1000 P: 1000 DF: 777700 MS: 0
 LIB.STDIO>		W: 1000 P: 1000 DF: 777700 MS: 0
 LIB.TEST>		W: 1000 P: 1000 DF: 777700 MS: 0
 LIB.USER>		W: 1000 P: 1000 DF: 777700 MS: 0
 LIB.USYS>		W: 1000 P: 1000 DF: 777700 MS: 0
 LIB5>			W: 33100 P: 12600 DF: 777752 MS: 10 
 LIB5.MATH>		W: 1100 P: 1100 DF: 777752 MS: 0 
 LIB5.NETWORK>		W:  500 P:  500 DF: 777752 MS: 0 
 LIB5.PML>		W: 1000 P: 1000 DF: 777752 MS: 0 
 LIB5.PML.COMPLEX>	W:  100 P:  100 DF: 777752 MS: 0 
 LIB5.STDIO>		W: 11000 P: 10000 DF: 777752 MS: 0
 LIB5.STDIO.NEW>	W:  500 P:  500 DF: 777700 MS: 0
 LIB5.TEST>		W: 5000 P: 5000 DF: 777752 MS: 0 
 LIB5.USYS>		W: 5000 P: 2500 DF: 777752 MS: 0 
 LIB5.USYS.NEW>		W:  500 P:  500 DF: 777700 MS: 0 
 MISC>			W: 5000 P: 4000 DF: 777700 MS: 50 
 OLD>			W: 20000 P: 19000 DF: 777700 MS: 60 
 OLD.INCLUDE>		W: 5000 P: 2000 DF: 777752 MS: 100
 OLD.INCLUDE.SYS>	W:  100 P:  100 DF: 777752 MS: 0
 OLD.KC>		W: 3000 P: 3000 DF: 777700 MS: 4
 OLD.KCC>		W: 1000 P: 1000 DF: 777700 MS: 10 
 OLD.LIB>		W: 1000 P: 1000 DF: 777700 MS: 0 
 OLD.NMIT>		W: 5000 P: 5000 DF: 777752 MS: 0 
 T10>			W: 4000 P: 3000 DF: 777700 MS: 5
 T20>			W: 6000 P: 3000 DF: 777700 MS: 5
 USER>			W: 5000 P: 6500 DF: 777752 MS: 10 
 USER.COMPRESS>		W: 2000 P: 2000 DF: 777752 MS: 0 
 USER.LIBORD>		W: 2000 P: 1000 DF: 777752 MS: 0 
 USER.MAKE>		W: 2000 P: 2000 DF: 777752 MS: 0 
 USER.NCREF>		W: 1000 P:  500 DF: 777752 MS: 0 
 WTS>			W: 4000 P: 3000 DF: 777700 MS: 5
 X3J11>			W: 4000 P: 5000 DF: 777700 MS: 10 
