
			 4-Nov-86 12:20:46

BATCON Version	5(6063)			GLXLIB Version	5(1247)

	    Job DS Req #93 for MKL in Stream 1

	OUTPUT:	 Nolog				TIME-LIMIT: 1:00:00
	UNIQUE:	 Yes				BATCH-LOG:  Supersede
	RESTART: No				ASSISTANCE: Yes
	ACCOUNT: CF                             SEQUENCE:   1401

	Input from => SRC:<SWSKIT>DS.CTL
	Output to  => SRC:<SWSKIT>DS.LOG



12:20:48 MONTR	 SRI-NIC, TOPS-20 Monitor 6.1(6405)-4
12:20:48 MONTR	 Job 39 on TTY123 4-Nov-86 12:20pm
12:20:50 MONTR	 $
12:20:50 MONTR	[SRC Mounted]
12:20:50 MONTR	
12:20:50 MONTR	[CONNECTED TO SRC:<SWSKIT>]
12:20:51 MONTR	enable
12:20:51 MONTR	 $ps:<swskit>ds
12:20:52 USER	DS Disk Utility Program %3(135)
12:20:52 USER	
12:20:53 USER	DS>str src:
12:20:55 USER	
12:20:55 USER	DS>check file src:<*>*.*.*
12:20:55 USER	
12:20:55 USER	[Attempting to read file <ROOT-DIRECTORY>5-GALAXY.DIRECTORY.1]
12:20:59 USER	[Attempting to read file <ROOT-DIRECTORY>6-1-EXEC.DIRECTORY.1]
12:21:03 USER	[Attempting to read file <ROOT-DIRECTORY>6-1-MONITOR.DIRECTORY.1]
12:21:09 USER	[Attempting to read file <ROOT-DIRECTORY>6-DOCUMENTATION.DIRECTORY.1]
12:21:12 USER	[Attempting to read file <ROOT-DIRECTORY>6-SOURCES.DIRECTORY.1]
12:21:17 USER	[Attempting to read file <ROOT-DIRECTORY>ACCOUNTS.DIRECTORY.1]
12:21:20 USER	[Attempting to read file <ROOT-DIRECTORY>BACKUP-COPY-OF-ROOT-DIRECTORY.IMAGE.1]
12:21:23 USER	[Attempting to read file <ROOT-DIRECTORY>BOOTSTRAP.BIN.1]
12:21:41 USER	[Attempting to read file <ROOT-DIRECTORY>CANON.DIRECTORY.1]
12:21:44 USER	[Attempting to read file <ROOT-DIRECTORY>DOCUMENTATION.DIRECTORY.1]
12:21:47 USER	[Attempting to read file <ROOT-DIRECTORY>DSKBTTBL..1]
12:21:50 USER	% Problems noted with index block 0 disk address 10052134
12:21:50 USER	% Index block has BAT bit set
12:21:51 USER	[Attempting to read file <ROOT-DIRECTORY>FINGER.DIRECTORY.1]
12:21:54 USER	[Attempting to read file <ROOT-DIRECTORY>FRONT-END-FILE-SYSTEM.BIN.1]
12:22:50 USER	% Problems noted with data page 525 disk address 10020014
12:22:50 USER	% ECC needed to read data page
12:24:30 USER	[Attempting to read file <ROOT-DIRECTORY>FTP.DIRECTORY.1]
12:24:35 USER	[Attempting to read file <ROOT-DIRECTORY>IAN.DIRECTORY.1]
12:24:42 USER	[Attempting to read file <ROOT-DIRECTORY>INDEX-TABLE.BIN.1]
12:24:57 USER	[Attempting to read file <ROOT-DIRECTORY>KC.DIRECTORY.1]
12:25:00 USER	[Attempting to read file <ROOT-DIRECTORY>LOC.DIRECTORY.1]
12:25:03 USER	[Attempting to read file <ROOT-DIRECTORY>METAFONT.DIRECTORY.1]
12:25:06 USER	[Attempting to read file <ROOT-DIRECTORY>MIDAS.DIRECTORY.1]
12:25:09 USER	[Attempting to read file <ROOT-DIRECTORY>MM.DIRECTORY.1]
12:25:14 USER	[Attempting to read file <ROOT-DIRECTORY>MM-NEW.DIRECTORY.1]
12:25:17 USER	[Attempting to read file <ROOT-DIRECTORY>NEW-SUBSYS.DIRECTORY.1]
12:25:20 USER	[Attempting to read file <ROOT-DIRECTORY>NEW-SYSTEM.DIRECTORY.1]
12:25:32 USER	[Attempting to read file <ROOT-DIRECTORY>OPERATOR.DIRECTORY.1]
12:25:36 USER	[Attempting to read file <ROOT-DIRECTORY>PASCAL-DEMO.DIRECTORY.1]
12:25:40 USER	[Attempting to read file <ROOT-DIRECTORY>ROOT-DIRECTORY.DIRECTORY.1]
12:25:44 USER	[Attempting to read file <ROOT-DIRECTORY>SOURCES.DIRECTORY.1]
12:25:49 USER	[Attempting to read file <ROOT-DIRECTORY>SPOOL.DIRECTORY.1]
12:25:52 USER	[Attempting to read file <ROOT-DIRECTORY>STANFORD.DIRECTORY.1]
12:25:57 USER	[Attempting to read file <ROOT-DIRECTORY>SUBSYS.DIRECTORY.1]
12:26:03 USER	[Attempting to read file <ROOT-DIRECTORY>SWSKIT.DIRECTORY.1]
12:26:08 USER	[Attempting to read file <ROOT-DIRECTORY>SYSDPY.DIRECTORY.1]
12:26:14 USER	[Attempting to read file <ROOT-DIRECTORY>SYSTEM.DIRECTORY.1]
12:26:18 USER	[Attempting to read file <ROOT-DIRECTORY>SYSTEM-ERROR.DIRECTORY.1]
12:26:22 USER	[Attempting to read file <ROOT-DIRECTORY>TELNET.DIRECTORY.1]
12:26:32 USER	[Attempting to read file <ROOT-DIRECTORY>UTILITIES.DIRECTORY.1]
12:26:39 USER	[Attempting to read file <5-GALAXY>AFLC.TXT.1]
12:26:43 USER	[Attempting to read file <5-GALAXY>ARMAIL.MAC.1]
12:26:48 USER	[Attempting to read file <5-GALAXY>ARMAIL.MAC.2]
12:26:53 USER	[Attempting to read file <5-GALAXY>ARMAIL.MAC.3]
12:26:56 USER	[Attempting to read file <5-GALAXY>ARMAIL.MAC.4]
12:26:59 USER	[Attempting to read file <5-GALAXY>ARMAIL.MAC.5]
12:27:03 USER	[Attempting to read file <5-GALAXY>ARMAIL.MAC.6]
12:27:07 USER	[Attempting to read file <5-GALAXY>ARMAIL.MAC.7]
12:27:11 USER	[Attempting to read file <5-GALAXY>ARMAIL.MAC.8]
12:27:15 USER	[Attempting to read file <5-GALAXY>ARMAIL.MAC.9]
12:27:27 USER	[Attempting to read file <5-GALAXY>ARMAIL.MAC.10]
12:27:32 USER	[Attempting to read file <5-GALAXY>ARMAIL.MAC.11]
12:27:47 USER	[Attempting to read file <5-GALAXY>ARMAIL.MAC.12]
12:27:53 USER	[Attempting to read file <5-GALAXY>ARMAIL.REL.10]
12:27:58 USER	[Attempting to read file <5-GALAXY>BATCON.CTL.1]
12:28:03 USER	[Attempting to read file <5-GALAXY>BATCON.EXE.12]
12:28:08 USER	[Attempting to read file <5-GALAXY>BATCON.MAC.1]
12:28:24 USER	[Attempting to read file <5-GALAXY>BATCON.REL.12]
12:28:35 USER	[Attempting to read file <5-GALAXY>BATLOG.MAC.1]
12:28:49 USER	[Attempting to read file <5-GALAXY>BATLOG.REL.12]
12:28:54 USER	[Attempting to read file <5-GALAXY>BATMAC.MAC.1]
12:28:59 USER	[Attempting to read file <5-GALAXY>BATMAC.REL.6]
12:29:11 USER	[Attempting to read file <5-GALAXY>BATMAC.UNV.12]
12:29:15 USER	[Attempting to read file <5-GALAXY>CDRIVE.CTL.1]
12:29:19 USER	[Attempting to read file <5-GALAXY>CDRIVE.MAC.1]
12:29:29 USER	[Attempting to read file <5-GALAXY>CDRIVE.REL.12]
12:29:34 USER	[Attempting to read file <5-GALAXY>CHECKLIST..1]
12:29:39 USER	[Attempting to read file <5-GALAXY>D60JSY.MAC.1]
12:29:57 USER	[Attempting to read file <5-GALAXY>D60JSY.REL.16]
12:30:05 USER	[Attempting to read file <5-GALAXY>D60UNV.MAC.1]
12:30:11 USER	[Attempting to read file <5-GALAXY>D60UNV.UNV.16]
12:30:25 USER	[Attempting to read file <5-GALAXY>DEVICE-STATUS.BIN.1]
12:30:28 USER	[Attempting to read file <5-GALAXY>DSKOP.OUT.1]
12:30:32 USER	[Attempting to read file <5-GALAXY>FOO.OUT.1]
12:30:35 USER	[Attempting to read file <5-GALAXY>FOO.OUT.2]
12:30:38 USER	[Attempting to read file <5-GALAXY>FOO.OUT.3]
12:30:45 USER	[Attempting to read file <5-GALAXY>FOO.OUT.4]
12:30:48 USER	[Attempting to read file <5-GALAXY>GALAXY.CMD.1]
12:30:51 USER	[Attempting to read file <5-GALAXY>GALAXY.CTL.1]
12:31:16 USER	[Attempting to read file <5-GALAXY>GALCNF.MAC.5]
12:31:19 USER	[Attempting to read file <5-GALAXY>GALCNF.MAC.6]
12:31:23 USER	[Attempting to read file <5-GALAXY>GALCNF.MAC.7]
12:31:26 USER	[Attempting to read file <5-GALAXY>GALCNF.UNV.20]
12:31:29 USER	[Attempting to read file <5-GALAXY>GALGEN.CTL.1]
12:31:33 USER	[Attempting to read file <5-GALAXY>GALGEN.EXE.12]
12:31:38 USER	[Attempting to read file <5-GALAXY>GALGEN.MAC.1]
12:31:43 USER	[Attempting to read file <5-GALAXY>GALGEN.REL.2]
12:32:00 USER	[Attempting to read file <5-GALAXY>GENPHY.LOG.1]
12:32:02 USER	[Attempting to read file <5-GALAXY>GLXCOM.MAC.1]
12:32:06 USER	[Attempting to read file <5-GALAXY>GLXCOM.REL.12]
12:32:15 USER	[Attempting to read file <5-GALAXY>GLXFIL.MAC.1]
12:32:26 USER	[Attempting to read file <5-GALAXY>GLXFIL.REL.12]
12:32:31 USER	[Attempting to read file <5-GALAXY>GLXINI.MAC.1]
12:32:34 USER	[Attempting to read file <5-GALAXY>GLXINI.REL.12]
12:32:37 USER	[Attempting to read file <5-GALAXY>GLXINT.MAC.1]
12:32:40 USER	[Attempting to read file <5-GALAXY>GLXINT.REL.12]
12:32:43 USER	[Attempting to read file <5-GALAXY>GLXIPC.MAC.1]
12:32:47 USER	[Attempting to read file <5-GALAXY>GLXIPC.REL.12]
12:33:01 USER	[Attempting to read file <5-GALAXY>GLXKBD.MAC.1]
12:33:07 USER	[Attempting to read file <5-GALAXY>GLXKBD.REL.12]
12:33:20 USER	[Attempting to read file <5-GALAXY>GLXLIB.CCL.1]
12:33:24 USER	[Attempting to read file <5-GALAXY>GLXLIB.CTL.1]
12:33:28 USER	[Attempting to read file <5-GALAXY>GLXLIB.EXE.18]
12:33:33 USER	[Attempting to read file <5-GALAXY>GLXLIB.REL.6]
12:33:41 USER	[Attempting to read file <5-GALAXY>GLXLNK.MAC.1]
12:33:48 USER	[Attempting to read file <5-GALAXY>GLXLNK.REL.12]
12:33:50 USER	[Attempting to read file <5-GALAXY>GLXMAC.MAC.4]
12:34:01 USER	[Attempting to read file <5-GALAXY>GLXMAC.REL.4]
12:34:04 USER	[Attempting to read file <5-GALAXY>GLXMAC.UNV.37]
12:34:15 USER	[Attempting to read file <5-GALAXY>GLXMEM.MAC.1]
12:34:20 USER	[Attempting to read file <5-GALAXY>GLXMEM.REL.12]
12:34:26 USER	[Attempting to read file <5-GALAXY>GLXOTS.MAC.1]
12:34:29 USER	[Attempting to read file <5-GALAXY>GLXOTS.REL.12]
12:34:34 USER	[Attempting to read file <5-GALAXY>GLXPUR.MAC.19]
12:34:36 USER	[Attempting to read file <5-GALAXY>GLXPUR.MAC.20]
12:34:46 USER	[Attempting to read file <5-GALAXY>GLXPUR.MAC.21]
12:34:49 USER	[Attempting to read file <5-GALAXY>GLXPUR.MAC.22]
12:34:51 USER	[Attempting to read file <5-GALAXY>GLXPUR.MAC.23]
12:34:54 USER	[Attempting to read file <5-GALAXY>GLXPUR.MAC.24]
12:34:57 USER	[Attempting to read file <5-GALAXY>GLXPUR.MAC.25]
12:35:12 USER	[Attempting to read file <5-GALAXY>GLXPUR.MAC.26]
12:35:19 USER	[Attempting to read file <5-GALAXY>GLXPUR.MAC.27]
12:35:24 USER	[Attempting to read file <5-GALAXY>GLXPUR.MAC.28]
12:35:29 USER	[Attempting to read file <5-GALAXY>GLXPUR.MAC.29]
12:35:32 USER	[Attempting to read file <5-GALAXY>GLXPUR.MAC.30]
12:35:35 USER	[Attempting to read file <5-GALAXY>GLXPUR.MAC.31]
12:35:38 USER	[Attempting to read file <5-GALAXY>GLXPUR.MAC.32]
12:35:42 USER	[Attempting to read file <5-GALAXY>GLXPUR.MAC.33]
12:35:48 USER	[Attempting to read file <5-GALAXY>GLXPUR.MAC.34]
12:35:51 USER	[Attempting to read file <5-GALAXY>GLXPUR.MAC.35]
12:35:56 USER	[Attempting to read file <5-GALAXY>GLXPUR.MAC.36]
12:35:59 USER	[Attempting to read file <5-GALAXY>GLXPUR.MAC.37]
12:36:15 USER	[Attempting to read file <5-GALAXY>GLXSCN.MAC.1]
12:36:28 USER	[Attempting to read file <5-GALAXY>GLXSCN.REL.12]
12:36:35 USER	[Attempting to read file <5-GALAXY>GLXTXT.MAC.1]
12:36:40 USER	[Attempting to read file <5-GALAXY>GLXTXT.REL.12]
12:36:43 USER	[Attempting to read file <5-GALAXY>HOSTMS.H.1]
12:36:45 USER	[Attempting to read file <5-GALAXY>IO.MAC.1]
12:36:47 USER	[Attempting to read file <5-GALAXY>IO.MAC.2]
12:36:52 USER	[Attempting to read file <5-GALAXY>IO.REL.2]
12:36:56 USER	[Attempting to read file <5-GALAXY>IS.C.1]
12:37:01 USER	[Attempting to read file <5-GALAXY>IS.C.2]
12:37:30 USER	[Attempting to read file <5-GALAXY>IS.C.3]
12:37:35 USER	[Attempting to read file <5-GALAXY>IS.C.4]
12:37:40 USER	[Attempting to read file <5-GALAXY>IS.DIRECTORY.1]
12:37:43 USER	[Attempting to read file <5-GALAXY>IS.EXE.2]
12:37:47 USER	[Attempting to read file <5-GALAXY>IS.FAI.1]
12:37:50 USER	[Attempting to read file <5-GALAXY>IS.MAC.1]
12:37:52 USER	[Attempting to read file <5-GALAXY>IS.MAC.2]
12:37:54 USER	[Attempting to read file <5-GALAXY>IS.MAC.3]
12:37:57 USER	[Attempting to read file <5-GALAXY>IS.MAC.4]
12:38:01 USER	[Attempting to read file <5-GALAXY>IS.MAC.5]
12:38:05 USER	[Attempting to read file <5-GALAXY>IS.MAC.6]Killed by MKL, TTY 24
12:38:19 USER	Killed Job 39, User MKL, TTY 123, at  4-Nov-86 12:38:19
12:38:19 USER	 Used 0:00:26 in 0:17:31
    