
[PHOTO:  Recording initiated  Fri 7-Apr-89 1:25am]

 [Command]

                         Welcome To The Machine

NIC! set trasp jNIC! set trap jsys /all
NIC! void
[VOID trap SSTART/ RESET Ac's 1-4: 0\ 0\ 0\ 0]
[VOID trap SSTART+3/ SCVEC Ac's 1-4: 400000\ 777777777777\ 0\ 0]
[VOID trap $MAPSC+4/ RSMAP% Ac's 1-4: 400000000000\ 777777777777\ 766000\ 0]
[VOID trap $MAPSC+20/ XRMAP% Ac's 1-4: 400000000000\ 231014\ 766000\ 0]
[VOID trap MAPPAG+10/ PMAP Ac's 1-4: 12000001\ 400000001000\ 120600000000\ 13040
0000000]
[VOID trap MAPPAG+10/ PMAP Ac's 1-4: 12000002\ 400000001001\ 120600000000\ 13040
0000000]
[VOID trap MAPPAG+10/ PMAP Ac's 1-4: 12000003\ 400000001002\ 120600000000\ 13040
0000000]
[VOID trap MAPPAG+10/ PMAP Ac's 1-4: 12000004\ 400000001003\ 120600000000\ 13040
0000000]
[VOID trap MAPPAG+10/ PMAP Ac's 1-4: 12000005\ 400000001024\ 120600000000\ 13040
0000000]
[VOID trap MAPPAG+10/ PMAP Ac's 1-4: 12000006\ 400000001026\ 120600000000\ 13040
0000000]
[VOID trap MAPPAG+10/ PMAP Ac's 1-4: 12000007\ 400000001027\ 120600000000\ 13040
0000000]
[VOID trap MAPPAG+10/ PMAP Ac's 1-4: 12000010\ 400000001030\ 120600000000\ 13040
0000000]
[VOID trap MAPPAG+10/ PMAP Ac's 1-4: 12000011\ 400000001036\ 120600000000\ 13040
0000000]
[VOID trap MAPPAG+10/ PMAP Ac's 1-4: 12000012\ 400000001037\ 120600000000\ 13040
0000000]
[VOID trap MAPPAG+10/ PMAP Ac's 1-4: 12000013\ 400000001040\ 120600000000\ 13040
0000000]
[VOID trap MAPPAG+10/ PMAP Ac's 1-4: 12000014\ 400000001041\ 120600000000\ 13040
0000000]
[VOID trap MAPPAG+10/ PMAP Ac's 1-4: 12000015\ 400000001042\ 120600000000\ 13040
0000000]
[VOID trap MAPPAG+10/ PMAP Ac's 1-4: 12000016\ 400000001043\ 120600000000\ 13040
0000000]
[VOID trap MAPPAG+10/ PMAP Ac's 1-4: 12000017\ 400000001044\ 120600000000\ 13040
0000000]
[VOID trap MAPPAG+10/ PMAP Ac's 1-4: 12000020\ 400000001045\ 120600000000\ 13040
0000000]
[VOID trap MAPPAG+10/ PMAP Ac's 1-4: 12000021\ 400000001046\ 120600000000\ 13040
0000000]
[VOID trap MAPPAG+10/ PMAP Ac's 1-4: 12000022\ 400000001047\ 120600000000\ 13040
0000000]
[VOID trap MAPPAG+10/ PMAP Ac's 1-4: 12000023\ 400000001050\ 120600000000\ 13040
0000000]
[VOID trap MAPPAG+10/ PMAP Ac's 1-4: 12000024\ 400000001051\ 120600000000\ 13040
0000000]
[VOID trap MAPPAG+10/ PMAP Ac's 1-4: 12000025\ 400000001052\ 120600000000\ 13040
0000000]
[VOID trap MAPPAG+10/ PMAP Ac's 1-4: 12000026\ 400000001053\ 120600000000\ 13040
0000000]
[VOID trap MAPPAG+10/ PMAP Ac's 1-4: 12000027\ 400000001054\ 120600000000\ 13040
0000000]
[VOID trap MAPPAG+10/ PMAP Ac's 1-4: 12000030\ 400000001055\ 120600000000\ 13040
0000000]
[VOID trap MAPPAG+10/ PMAP Ac's 1-4: 12000031\ 400000001056\ 120600000000\ 13040
0000000]
[VOID trap MAPPAG+10/ PMAP Ac's 1-4: 12000032\ 400000001057\ 120600000000\ 13040
0000000]
[VOID trap MAPPAG+10/ PMAP Ac's 1-4: 12000033\ 400000001060\ 120600000000\ 13040
0000000]
[VOID trap MAPPAG+10/ PMAP Ac's 1-4: 12000034\ 400000001062\ 120600000000\ 13040
0000000]
[VOID trap MAPPAG+10/ PMAP Ac's 1-4: 12000035\ 400000001063\ 120600000000\ 13040
0000000]
[VOID trap MAPPAG+10/ PMAP Ac's 1-4: 12000036\ 400000001064\ 120600000000\ 13040
0000000]
[VOID trap MAPPAG+10/ PMAP Ac's 1-4: 12000037\ 400000001067\ 120600000000\ 13040
0000000]
[VOID trap MAPPAG+10/ PMAP Ac's 1-4: 12000040\ 400000001137\ 120600000000\ 13040
0000000]
[VOID trap MAPPAG+10/ PMAP Ac's 1-4: 12000041\ 400000001140\ 120600000000\ 13040
0000000]
 01:26:21 VOID Running at 
[VOID trap MAPPAG+10/ PMAP Ac's 1-4: 400000000144\ 400000001144\ 120600000000\ 1
70000000000]
[VOID trap MAPPAG+15/ PMAP Ac's 1-4: 400000001144\ 400000000235\ 140200000000\ 1
70000000000]
MAPPAG+11 
[VOID trap MAPPAG+10/ PMAP Ac's 1-4: 12000043\ 400000001145\ 120600000000\ 13040
0000000]
 Used 0:00:
[VOID trap MAPPAG+10/ PMAP Ac's 1-4: 12000044\ 400000001146\ 120600000000\ 13040
0000000]
38.4 in 0:18:34, Load   9.11
[VOID trap MAPPAG+10/ PMAP Ac's 1-4: 12000045\ 400000001147\ 120600000000\ 13040
0000000]

 01:26:35 VOID Running at 
[VOID trap MAPPAG+10/ PMAP Ac's 1-4: 12000046\ 400000001151\ 120600000000\ 13040
0000000]
[VOID trap MAPPAG+10/ PMAP Ac's 1-4: 12000047\ 400000001171\ 120600000000\ 13040
0000000]
MAPPAG+11  Used 0:00:39.3 in 0:18:35, Load  
[VOID trap MAPPAG+10/ PMAP Ac's 1-4: 12000050\ 400000001172\ 120600000000\ 13040
0000000]
 8.97
[VOID trap MAPPAG+10/ PMAP Ac's 1-4: 12000051\ 400000001173\ 120600000000\ 13040
0000000]
[VOID trap MAPPAG+10/ PMAP Ac's 1-4: 12000052\ 400000001174\ 120600000000\ 13040
0000000]
[VOID trap MAPPAG+10/ PMAP Ac's 1-4: 12000053\ 400000001175\ 120600000000\ 13040
0000000]
[VOID trap MAPPAG+10/ PMAP Ac's 1-4: 12000054\ 400000001176\ 120600000000\ 13040
0000000]
[VOID trap MAPPAG+10/ PMAP Ac's 1-4: 12000055\ 400000001177\ 120600000000\ 13040
0000000]
[VOID trap MAPPAG+10/ PMAP Ac's 1-4: 12000056\ 400000001200\ 120600000000\ 13040
0000000]
[VOID trap MAPPAG+10/ PMAP Ac's 1-4: 12000057\ 400000001201\ 120600000000\ 13040
0000000]
[VOID trap MAPPAG+10/ PMAP Ac's 1-4: 12000060\ 400000001202\ 120600000000\ 13040
0000000]
[VOID trap MAPPAG+10/ PMAP Ac's 1-4: 12000061\ 400000001203\ 120600000000\ 13040
0000000]
[VOID trap MAPPAG+10/ PMAP Ac's 1-4: 12000062\ 400000001204\ 120600000000\ 13040
0000000]
[VOID trap MAPPAG+10/ PMAP Ac's 1-4: 12000063\ 400000001205\ 120600000000\ 13040
0000000]
[VOID trap MAPPAG+10/ PMAP Ac's 1-4: 12000064\ 400000001206\ 120600000000\ 13040
0000000]
[VOID trap MAPPAG+10/ PMAP Ac's 1-4: 12000065\ 400000001207\ 120600000000\ 13040
0000000]
[VOID trap MAPPAG+10/ PMAP Ac's 1-4: 12000066\ 400000001210\ 120600000000\ 13040
0000000]
[VOID trap MAPPAG+10/ PMAP Ac's 1-4: 12000067\ 400000001211\ 120600000000\ 13040
0000000]
[VOID trap MAPPAG+10/ PMAP Ac's 1-4: 12000070\ 400000001212\ 120600000000\ 13040
0000000]
[VOID trap MAPPAG+10/ PMAP Ac's 1-4: 12000071\ 400000001213\ 120600000000\ 13040
0000000]
[VOID trap MAPPAG+10/ PMAP Ac's 1-4: 12000072\ 400000001214\ 120600000000\ 13040
0000000]
[VOID trap MAPPAG+10/ PMAP Ac's 1-4: 12000073\ 400000001215\ 120600000000\ 13040
0000000]
[VOID trap MAPPAG+10/ PMAP Ac's 1-4: 12000074\ 400000001216\ 120600000000\ 13040
0000000]
[VOID trap MAPPAG+10/ PMAP Ac's 1-4: 12000075\ 400000001217\ 120600000000\ 13040
0000000]
[VOID trap MAPPAG+10/ PMAP Ac's 1-4: 12000076\ 400000001220\ 120600000000\ 13040
0000000]
[VOID trap MAPPAG+10/ PMAP Ac's 1-4: 12000077\ 400000001221\ 120600000000\ 13040
0000000]
[VOID trap MAPPAG+10/ PMAP Ac's 1-4: 12000100\ 400000001222\ 120600000000\ 13040
0000000]
[VOID trap MAPPAG+10/ PMAP Ac's 1-4: 12000101\ 400000001223\ 120600000000\ 13040
0000000]
[VOID trap MAPPAG+10/ PMAP Ac's 1-4: 12000102\ 400000001224\ 120600000000\ 13040
0000000]
^C
NIC! 
NIC! set trap NIC! set no trap jsys /all
NIC! set trap jsys rfcoc
NIC! set trap jsys sfcoc
NIC! set trap jsys NIC! 
NIC! 
NIC! void
[VOID trap 1,,513020/ RFCOC Ac's 1-4: 777777\ 710003000001\ 700003000000\ 777777
777777]
[VOID trap 1,,513020/ SFCOC Ac's 1-4: 777777\ 525252525252\ 525252525252\ 777777
777777]
VOID 2.11(1600)-1, IFPACK 2
[VOID trap 1,,513020/ SFCOC Ac's 1-4: 777777\ 252531513125\ 252525652400\ 0]
Load ID database? ^C
NIC! query.EXE.36 
TOP -- NIC/Query is a database containing information about the Defense
Data Network (DDN), including MILNET and ARPANET.

  To see more detail on any of the topics below, type its corresponding number
  followed by a carriage return, <Return>.
  - Type 'quit<Return>' to leave NIC/Query.
  - Type 'help<Return>' for help on additional commands.
  - Send error reports to NIC@SRI-NIC.ARPA

NOTE:  To retrieve any of the files named in this program, use your local FTP
   program, connect to SRI-NIC.ARPA, and log in as "anonymous" with password of
   "guest" (known as the "anonymous login convention").  The NIC also provides
   an automatic mail service.  For further information, address a request to
   SERVICE@SRI-NIC.ARPA and insert the word HELP in the subject field.  A help
   file will be automatically sent to your mailbox describing SERVICE features.

   1. WHOIS -- Directory of DDN users
   2. HOSTS -- Describes DDN hosts
   3. PROTOCOLS -- Describes DDN protocols
   4. RFCS -- Requests For Comments technical notes
   5. NETWORK DOCUMENTS -- List of network documents

_ for back, ^ for up, + for top, or menu # (1-5): ^C
NIC! nquery.EXE.1 
[NQUERY trap JCLAS0/ RFCOC Ac's 1-4: 777777\ 1100453001\ 331100453000\ 777777777
777]
[NQUERY trap JCLAS0/ SFCOC Ac's 1-4: 777777\ 525252525252\ 525252525252\ 7777777
77777]
SRI-NIC NIC/query 4.9(746)-1 on Fri, 7 Apr 89 01:30:36 PDT, load 8.51
Stop output every 24 lines? ([Y]/N/# of lines) 
ROOT

Use NIC/query to access a hierarchy of information about the Defense Data
Network (the DDN, including ARPANET and MILNET) and the NIC (the Network
Information Center) using simple menus.

**
** This is a new implementation of NIC/query!  Commands have changed.
** Visit menu item 1 for details and help with this program.
**

   1) HELP -- Introduction, help, new version details, anonymous FTP info.
   2) WHOIS -- Directory of DDN users.
   3) HOSTS -- Describes DDN hosts.
   4) PROTOCOLS -- Describes DDN protocols.
   5) RFCS -- Requests For Comments technical notes.
   6) NIC DOCUMENTS -- Documents available from the NIC.

ROOT: Enter a menu# (1 - 6), or command ('?' to list).
NIC/query: 
NIC/query: ? Type a NIC/query command, one of the following:
 Help	   List	      Menu	 Next	    Quit       Return	  Terse
 Verbose   Where
  or a movement command, one of the following:
 Back	Goto	Top	Up
  or '^' as a synonym for UP,
  or '+' as a synonym for TOP,
  or '_' as a synonym for RETURN,
  or a ROOT menu number (1 - 6)
NIC/query: ^C
NIC! c e
?Fork emacs doesn't exist
NIC! i fo
 => NQUERY (1): ^C from IO wait at JCLAS0+1, 0:00:02.1
NIC! kk
 You cannot be logged off.  You might be in PHOTO or TELNET or some other
program that does not permit LOGOUTs.  Do a POP and try again.
NIC! pop

[PHOTO:  Recording terminated Fri 7-Apr-89 1:36am]
