
[PHOTO:  Recording initiated  Sun 28-Jun-87 2:50am]

 End of PS:<KLH>COMAND.CMD.4
@cc -S sigvec
KCC:    sigvec

Error at page 2 line 88 of sigvec.c:
        sigdefs
Undefined symbol: "SIGABRT"

Error at page 2 line 88 of sigvec.c:
        sigdefs
Integer constant required as initializer

Error at page 4 line 86 of sigvec.c:
        mapdefs
Undefined symbol: "SIGABRT"

Error at page 4 line 86 of sigvec.c:
        mapdefs
Integer constant required as initializer

Error at xsigvec+27, page 9 line 41 of sigvec.c:
        chnmsk[*
Undefined symbol: "chnmsk"

Error at xsigvec+27, page 9 line 41 of sigvec.c:
        chnmsk[*cp] 
Array or pointer type required

Error at xsigvec+39, page 9 line 53 of sigvec.c:
    else                        i = sigdat[sig-1].sd_han;
Unknown structure component "sd_han"
?7 error(s) detected
@pop

[PHOTO:  Recording terminated Sun 28-Jun-87 2:50am]
