
[PHOTO:  Recording initiated  Tue 2-Jul-85 3:54pm]

 End of PS:<KLH>COMAND.CMD.1
@ena
!ftp sierra
< SU-SIERRA.ARPA FTP Server Process 5Z(26)-7 at Tue 2-Jul-85 15:54-PDT
Setting default transfer type to paged.
FTP>log anonymous
Password: 
< User ANONYMOUS logged in at Tue 2-Jul-85 15:55-PDT, job 16. 
FTP>gFTP>set no conf upd
FTP>cwd <kcc.lib>
< Default name accepted. Send password to connect to it.
FTP>updaTE (from remote file) *.*.0 (to local file) *.*.*
 PS:<KCC.LIB>ABORT.REL.1 => <C.KCC.LIB>ABORT.REL.1;P777752 !! [OK]
 PS:<KCC.LIB>ACCESS.REL.1 => <C.KCC.LIB>ACCESS.REL.1;P777752 !! [OK]
 PS:<KCC.LIB>ATOI.REL.1 => <C.KCC.LIB>ATOI.REL.1;P777752 !! [OK]
 PS:<KCC.LIB>BCOPY.C.6 => <C.KCC.LIB>BCOPY.C.6;P777752 !! [OK]
 PS:<KCC.LIB>BCOPY.REL.1 => <C.KCC.LIB>BCOPY.REL.1;P777752 !! [OK]
 PS:<KCC.LIB>C-ENV.H.11 => <C.KCC.LIB>C-ENV.H.11;P777752 !! [OK]
 PS:<KCC.LIB>C-HDR.C.17 => <C.KCC.LIB>C-HDR.C.17;P777752 !! [OK]
 PS:<KCC.LIB>C-HDR.FAI.17 => <C.KCC.LIB>C-HDR.FAI.17;P777752 !! [OK]
 PS:<KCC.LIB>CALLOC.REL.1 => <C.KCC.LIB>CALLOC.REL.1;P777752 !! [OK]
 PS:<KCC.LIB>CLC.IND.4 => <C.KCC.LIB>CLC.IND.4;P777752 !! [OK]
 PS:<KCC.LIB>CLIB.DOC.62 => <C.KCC.LIB>CLIB.DOC.62;P777752 !! [OK]
 PS:<KCC.LIB>CLIB.LOG.23 => <C.KCC.LIB>CLIB.LOG.23;P777752 !! [OK]
 PS:<KCC.LIB>CLIB.MIC.3 => <C.KCC.LIB>CLIB.MIC.3;P777752 !! [OK]
 PS:<KCC.LIB>CLIB.POI.19 => <C.KCC.LIB>CLIB.POI.19;P777752 !! [OK]
 PS:<KCC.LIB>CLIB.REL.4 => <C.KCC.LIB>CLIB.REL.4;P777752 !!!! [OK]
 PS:<KCC.LIB>CLOSE.C.5 => <C.KCC.LIB>CLOSE.C.5;P777752 !! [OK]
 PS:<KCC.LIB>CLOSE.REL.2 => <C.KCC.LIB>CLOSE.REL.2;P777752 !! [OK]
 PS:<KCC.LIB>CLREL.IND.3 => <C.KCC.LIB>CLREL.IND.3;P777752 !! [OK]
 PS:<KCC.LIB>CPUTM.C.11 => <C.KCC.LIB>CPUTM.C.11;P777752 !! [OK]
 PS:<KCC.LIB>CPUTM.REL.1 => <C.KCC.LIB>CPUTM.REL.1;P777752 !! [OK]
 PS:<KCC.LIB>CRT.C.13 => <C.KCC.LIB>CRT.C.13;P777752 !! [OK]
 PS:<KCC.LIB>CRT.REL.2 => <C.KCC.LIB>CRT.REL.2;P777752 !! [OK]
 PS:<KCC.LIB>CTYPE.REL.1 => <C.KCC.LIB>CTYPE.REL.1;P777752 !! [OK]
 PS:<KCC.LIB>DUP.C.7 => <C.KCC.LIB>DUP.C.7;P777752 !! [OK]
 PS:<KCC.LIB>DUP.REL.2 => <C.KCC.LIB>DUP.REL.2;P777752 !! [OK]
 PS:<KCC.LIB>FORK.C.7 => <C.KCC.LIB>FORK.C.7;P777752 !! [OK]
 PS:<KCC.LIB>FORK.REL.2 => <C.KCC.LIB>FORK.REL.2;P777752 !! [OK]
 PS:<KCC.LIB>FSEEK.REL.1 => <C.KCC.LIB>FSEEK.REL.1;P777752 !! [OK]
 PS:<KCC.LIB>GETENV.REL.1 => <C.KCC.LIB>GETENV.REL.1;P777752 !! [OK]
 PS:<KCC.LIB>GETPID.REL.1 => <C.KCC.LIB>GETPID.REL.1;P777752 !! [OK]
 PS:<KCC.LIB>GETTIM.C.3 => <C.KCC.LIB>GETTIM.C.3;P777752 !! [OK]
 PS:<KCC.LIB>GETTIM.REL.1 => <C.KCC.LIB>GETTIM.REL.1;P777752 !! [OK]
 PS:<KCC.LIB>JSYS.C.3 => <C.KCC.LIB>JSYS.C.3;P777752 !! [OK]
 PS:<KCC.LIB>JSYS.REL.1 => <C.KCC.LIB>JSYS.REL.1;P777752 !! [OK]
 PS:<KCC.LIB>LSEEK.REL.1 => <C.KCC.LIB>LSEEK.REL.1;P777752 !! [OK]
 PS:<KCC.LIB>MALLOC.C.8 => <C.KCC.LIB>MALLOC.C.8;P777752 !! [OK]
 PS:<KCC.LIB>MALLOC.REL.1 => <C.KCC.LIB>MALLOC.REL.1;P777752 !! [OK]
 PS:<KCC.LIB>MKTEMP.REL.1 => <C.KCC.LIB>MKTEMP.REL.1;P777752 !! [OK]
 PS:<KCC.LIB>OPEN.C.18 => <C.KCC.LIB>OPEN.C.18;P777752 !! [OK]
 PS:<KCC.LIB>OPEN.REL.2 => <C.KCC.LIB>OPEN.REL.2;P777752 !! [OK]
 PS:<KCC.LIB>PERROR.C.5 => <C.KCC.LIB>PERROR.C.5;P777752 !! [OK]
 PS:<KCC.LIB>PERROR.REL.1 => <C.KCC.LIB>PERROR.REL.1;P777752 !! [OK]
 PS:<KCC.LIB>PFORK.C.7 => <C.KCC.LIB>PFORK.C.7;P777752 !! [OK]
 PS:<KCC.LIB>PFORK.REL.2 => <C.KCC.LIB>PFORK.REL.2;P777752 !! [OK]
 PS:<KCC.LIB>PIPE.C.7 => <C.KCC.LIB>PIPE.C.7;P777752 !! [OK]
 PS:<KCC.LIB>PIPE.REL.2 => <C.KCC.LIB>PIPE.REL.2;P777752 !! [OK]
 PS:<KCC.LIB>PRINTF.C.30 => <C.KCC.LIB>PRINTF.C.30;P777752 !! [OK]
 PS:<KCC.LIB>PRINTF.REL.1 => <C.KCC.LIB>PRINTF.REL.1;P777752 !! [OK]
 PS:<KCC.LIB>QSORT.REL.1 => <C.KCC.LIB>QSORT.REL.1;P777752 !! [OK]
 PS:<KCC.LIB>READ.C.10 => <C.KCC.LIB>READ.C.10;P777752 !! [OK]
 PS:<KCC.LIB>READ.REL.2 => <C.KCC.LIB>READ.REL.2;P777752 !! [OK]
 PS:<KCC.LIB>RENAME.C.2 => <C.KCC.LIB>RENAME.C.2;P777752 !! [OK]
 PS:<KCC.LIB>RENAME.REL.1 => <C.KCC.LIB>RENAME.REL.1;P777752 !! [OK]
 PS:<KCC.LIB>SBRK.C.9 => <C.KCC.LIB>SBRK.C.9;P777752 !! [OK]
 PS:<KCC.LIB>SBRK.REL.5 => <C.KCC.LIB>SBRK.REL.5;P777752 !! [OK]
 PS:<KCC.LIB>SCALL.C.3 => <C.KCC.LIB>SCALL.C.3;P777752 !! [OK]
 PS:<KCC.LIB>SCANF.REL.1 => <C.KCC.LIB>SCANF.REL.1;P777752 !! [OK]
 PS:<KCC.LIB>SETBUF.REL.1 => <C.KCC.LIB>SETBUF.REL.1;P777752 !! [OK]
 PS:<KCC.LIB>SETJMP.REL.1 => <C.KCC.LIB>SETJMP.REL.1;P777752 !! [OK]
 PS:<KCC.LIB>SIGNAL.C.7 => <C.KCC.LIB>SIGNAL.C.7;P777752 !! [OK]
 PS:<KCC.LIB>SIGNAL.REL.3 => <C.KCC.LIB>SIGNAL.REL.3;P777752 !! [OK]
 PS:<KCC.LIB>SLEEP.C.6 => <C.KCC.LIB>SLEEP.C.6;P777752 !! [OK]
 PS:<KCC.LIB>SLEEP.REL.2 => <C.KCC.LIB>SLEEP.REL.2;P777752 !! [OK]
 PS:<KCC.LIB>STAT.REL.1 => <C.KCC.LIB>STAT.REL.1;P777752 !! [OK]
 PS:<KCC.LIB>STDIO.C.45 => <C.KCC.LIB>STDIO.C.45;P777752 !! [OK]
 PS:<KCC.LIB>STDIO.REL.1 => <C.KCC.LIB>STDIO.REL.1;P777752 !! [OK]
 PS:<KCC.LIB>STRING.REL.1 => <C.KCC.LIB>STRING.REL.1;P777752 !! [OK]
 PS:<KCC.LIB>TIME.REL.1 => <C.KCC.LIB>TIME.REL.1;P777752 !! [OK]
 PS:<KCC.LIB>UNLINK.C.14 => <C.KCC.LIB>UNLINK.C.14;P777752 !! [OK]
 PS:<KCC.LIB>UNLINK.REL.1 => <C.KCC.LIB>UNLINK.REL.1;P777752 !! [OK]
 PS:<KCC.LIB>URT.C.21 => <C.KCC.LIB>URT.C.21;P777752 !! [OK]
 PS:<KCC.LIB>URT.REL.2 => <C.KCC.LIB>URT.REL.2;P777752 !! [OK]
 PS:<KCC.LIB>WAIT.C.9 => <C.KCC.LIB>WAIT.C.9;P777752 !! [OK]
 PS:<KCC.LIB>WAIT.REL.3 => <C.KCC.LIB>WAIT.REL.3;P777752 !! [OK]
 PS:<KCC.LIB>WRITE.C.7 => <C.KCC.LIB>WRITE.C.7;P777752 !! [OK]
 PS:<KCC.LIB>WRITE.REL.1 => <C.KCC.LIB>WRITE.REL.1;P777752 !! [OK]
FTP>^C
!cd <c.kcc.cc>
!c

FTP>cwd <kcc.cc>
< Default name accepted. Send password to connect to it.
FTP>updatE (from remote file) *.*.0 (to local file) *.*.*
 PS:<KCC.CC>CC.BADREL.1 => <C.KCC.CC>CC.BADREL.1;P777752 !! [OK]
 PS:<KCC.CC>CC.EXE.8 => <C.KCC.CC>CC.EXE.8;P777752 !!!!!!!!!!! [OK]
 PS:<KCC.CC>CC.H.82 => <C.KCC.CC>CC.H.82;P777752 !! [OK]
 PS:<KCC.CC>CC.LOAD.14 => <C.KCC.CC>CC.LOAD.14;P777752 !! [OK]
 PS:<KCC.CC>CC.LOG.1335 => <C.KCC.CC>CC.LOG.1335;P777752 !! [OK]
 PS:<KCC.CC>CC.MIC.13 => <C.KCC.CC>CC.MIC.13;P777752 !! [OK]
 PS:<KCC.CC>CC.REL.2 => <C.KCC.CC>CC.REL.2;P777752 !! [OK]
 PS:<KCC.CC>CCASMB.BADREL.1 => <C.KCC.CC>CCASMB.BADREL.1;P777752 !! [OK]
 PS:<KCC.CC>CCASMB.REL.20 => <C.KCC.CC>CCASMB.REL.20;P777752 !! [OK]
 PS:<KCC.CC>CCCODE.C.118 => <C.KCC.CC>CCCODE.C.118;P777752 !!! [OK]
 PS:<KCC.CC>CCCODE.REL.23 => <C.KCC.CC>CCCODE.REL.23;P777752 !! [OK]
 PS:<KCC.CC>CCCREG.C.6 => <C.KCC.CC>CCCREG.C.6;P777752 !! [OK]
 PS:<KCC.CC>CCCREG.REL.1 => <C.KCC.CC>CCCREG.REL.1;P777752 !! [OK]
 PS:<KCC.CC>CCCSE.BADREL.1 => <C.KCC.CC>CCCSE.BADREL.1;P777752 !! [OK]
< Not found.
FTP>update (from remote file) *.*.0 (to local file) *.*.*
 PS:<KCC.CC>CC.EXE.8 => <C.KCC.CC>CC.EXE.8;P777752 !!!!!!!!!!! [OK]
 PS:<KCC.CC>CC.NEWREL.1 => <C.KCC.CC>CC.NEWREL.1;P777752 !! [OK]
 PS:<KCC.CC>CC.REL.1 => <C.KCC.CC>CC.REL.1;P777752 !! [OK]
 PS:<KCC.CC>CCASMB.FAI.2 => <C.KCC.CC>CCASMB.FAI.2;P777752 !! [OK]
 PS:<KCC.CC>CCASMB.NEWREL.1 => <C.KCC.CC>CCASMB.NEWREL.1;P777752 !! [OK]
 PS:<KCC.CC>CCCODE.C.119 => <C.KCC.CC>CCCODE.C.119;P777752 !!! [OK]
 PS:<KCC.CC>CCCODE.NEWREL.1 => <C.KCC.CC>CCCODE.NEWREL.1;P777752 !! [OK]
< Not found.
FTP>quit
!pop

[PHOTO:  Recording terminated Tue 2-Jul-85 4:14pm]
