
[PHOTO:  Recording initiated  Wed 12-Jun-85 5:27pm]

 End of PS:<KLH>COMAND.CMD.1
@CC -S -HC-HITS.FAI  ACCESS.C
KCC:    ACCESS
@CC -S -HC-HITS.FAI  ATOI.C
KCC:    ATOI
@CC -S -HC-HITS.FAI  CALLOC.C
KCC:    CALLOC
@CC -S -HC-HITS.FAI  CTYPE.C
KCC:    CTYPE
@CC -S -HC-HITS.FAI  FSEEK.C
KCC:    FSEEK
@CC -S -HC-HITS.FAI  GETENV.C
KCC:    GETENV
@CC -S -HC-HITS.FAI  GETPID.C
KCC:    GETPID
@CC -S -HC-HITS.FAI  LSEEK.C
KCC:    LSEEK
@CC -S -HC-HITS.FAI  MALLOC.C
KCC:    MALLOC
@CC -S -HC-HITS.FAI  MKTEMP.C
KCC:    MKTEMP
@CC -S -HC-HITS.FAI  PRINTF.C
KCC:    PRINTF
@CC -S -HC-HITS.FAI  QSORT.C
KCC:    QSORT
@! CC -S -HC-HITS.FAI  REGEX.C  !Has problems with identifiers not unique in 1st
 6 chars
?Unrecognized command - Does not match switch or keyword - "Has"
@CC -S -HC-HITS.FAI  RUNTM.C
KCC:    RUNTM

Error at setfil+3, line 31 of runtm.i:
        if((fdx = _
Undefined symbol -- fdx.

Error at setfil+3, line 31 of runtm.i:
        if((fdx = _
Lvalue required -- left operand of assignment.

Error at setfil+4, line 32 of runtm.i:
          {     if(fdx != 
Undefined symbol -- fdx.

Error at setfil+5, line 33 of runtm.i:
                        dup2(fdx, 
Undefined symbol -- fdx.

Error at _ofile+20, line 71 of runtm.i:
        res = SYSCAL2(SC_NAM(sopen),
Undefined symbol -- sopen.
?5 error(s) detected
@CC -S -HC-HITS.FAI  SCANF.C
KCC:    SCANF
@CC -S -HC-HITS.FAI  SETBUF.C
KCC:    SETBUF
@CC -S -HC-HITS.FAI  STAT.C
KCC:    STAT
@CC -S -HC-HITS.FAI  STDIO.C
KCC:    STDIO
@CC -S -HC-HITS.FAI  STRING.C
KCC:    STRING
@CC -S -HC-HITS.FAI  TIME.C
KCC:    TIME
@POP

[PHOTO:  Recording terminated Wed 12-Jun-85 5:28pm]
