
[PHOTO:  Recording initiated  Tue 25-Jun-85 2:09pm]

 End of PS:<KLH>COMAND.CMD.1
@COMP CRT.C
@COMP URT.C
@COMP  ABORT.C
@COMP  BCOPY.C
@COMP CLOSE.C
@COMP  CPUTM.C
@COMP DUP.C
@COMP  EXEC.C
@COMP  FORK.C
@COMP  JSYS.C
@COMP OPEN.C
@COMP  PERROR.C
@COMP  PFORK.C
@COMP PIPE.C
@COMP READ.C
@COMP  SBRK.C
@COMP  SETJMP.C
@COMP  SIGNAL.C
@COMP  SLEEP.C
@COMP  UNLINK.C
@COMP  WAIT.C
@COMP WRITE.C
@COMP ACCESS.C
@COMP ATOI.C
@COMP CALLOC.C
@COMP CTYPE.C
@COMP FSEEK.C
@COMP GETENV.C
@COMP GETPID.C
@COMP LSEEK.C
@COMP MALLOC.C
@COMP MKTEMP.C
@COMP PRINTF.C
@COMP QSORT.C
@! COMP REGEX.C  Has problems with identifiers not unique in 1st 6 chars
@COMP SCANF.C
@COMP SETBUF.C
@COMP STAT.C
@COMP STDIO.C
@COMP STRING.C
@COMP TIME.C
@maklib
*clib= @clib.ind

?SCNJFI Junk after indirect command DSK:CLIB.IND

*clib.poi=clib/points
*^C
@POP

[PHOTO:  Recording terminated Tue 25-Jun-85 2:09pm]
