
[PHOTO:  Recording initiated  Sat 1-Jun-85 1:23am]

@iddt
IDDT 2.4(165)-2
;yank file: n:restor

cvunxi/   PUSH P,C   
CVUNXI+1/   SKIPN FLG20X   
CVUNXI+2/   JRST 11553   
CVUNXI+3/   PUSH P,D   
CVUNXI+4/   IDIVI B,250600   
CVUNXI+5/   ADDI B,117213   
CVUNXI+6/   MUL C,11560   
CVUNXI+7/   DIVI C,250600   
CVUNXI+10/   CAIL D,124300   
CVUNXI+11/   ADDI C,0   
CVUNXI+12/   MOVSI B,0(B)   
CVUNXI+13/   HRRI B,0(C)   
CVUNXI+14/   POP P,D   
CVUNXI+15/   POP P,C   
CVUNXI+16/   POPJ P,0   
CVIUNX/   PUSH P,C   
CVIUNX+1/   SKIPN FLG20X   
CVIUNX+2/   JRST 11561   
CVIUNX+3/   PUSH P,D   
CVIUNX+4/   MOVEI C,0(B)   
CVIUNX+5/   HLRZS B   
CVIUNX+6/   SUBI B,117213   
CVIUNX+7/   MULI C,250600   
CVIUNX+10/   DIV C,11560   
CVIUNX+11/   CAIL D,400000   
CVIUNX+12/   AOJ C,0   
CVIUNX+13/   CAIL C,250600   
CVIUNX+14/   JRST 11570   
CVIUNX+15/   IMULI B,250600   
CVIUNX+16/   ADDI B,0(C)   
CVIUNX+17/   POP P,D   
CVIUNX+20/   POP P,C   
CVIUNX+21/   POPJ P,0   
CVIUNX+22/   HLRZM U4,OUT&USCOPT(OC)   
11553/   IDIVI B,250600   
11554/   MOVSI B,117213(B)   
11555/   HRRI B,0(C)   
11556/   POP P,C   
11557/   POPJ P,0   
11561/   HLRZ C,B   
11562/   SUBI C,117213   
11563/   IMULI C,250600   
11564/   ADDI C,0(B)   
11565/   MOVE B,C   
11566/   POP P,C   
11567/   POPJ P,0   
11570/   SETZ C,0   
11571/   AOJA B,CVIUNX+15   
UBMPDF/   0   
cvunxi/   PUSH P,C   
CVUNXI+1/   SKIPN FLG20X   
CVUNXI+2/   JRST 11553   
CVUNXI+3/   PUSH P,D   
CVUNXI+4/   IDIVI B,250600   
CVUNXI+5/   ADDI B,117213   
CVUNXI+6/   MUL C,11560   
CVUNXI+7/   DIVI C,250600   
CVUNXI+10/   CAIL D,124300   
CVUNXI+11/   ADDI C,0   
CVUNXI+12/   MOVSI B,0(B)   
CVUNXI+13/   HRRI B,0(C)   
CVUNXI+14/   POP P,D   
CVUNXI+15/   POP P,C   
CVUNXI+16/   POPJ P,0   
CVIUNX/   PUSH P,C   
CVIUNX+1/   SKIPN FLG20X   
CVIUNX+2/   JRST 11561   
CVIUNX+3/   PUSH P,D   
CVIUNX+4/   MOVEI C,0(B)   
CVIUNX+5/   HLRZS B   
CVIUNX+6/   SUBI B,117213   
CVIUNX+7/   MULI C,250600   
CVIUNX+10/   DIV C,11560   
CVIUNX+11/   CAIL D,400000   
CVIUNX+12/   AOJ C,0   
CVIUNX+13/   CAIL C,250600   
CVIUNX+14/   JRST 11570   
CVIUNX+15/   IMULI B,250600   
CVIUNX+16/   ADDI B,0(C)   
CVIUNX+17/   POP P,D   
CVIUNX+20/   POP P,C   
CVIUNX+21/   POPJ P,0   
CVIUNX+22/   HLRZM U4,OUT&USCOPT(OC)   
^C
@pop

[PHOTO:  Recording terminated Sat 1-Jun-85 1:25am]
