
			14-Sep-89 23:14:09

BATCON Version	5(6063)			GLXLIB Version	5(1247)

	    Job FTPSRT Req #351 for MKL in Stream 1

	OUTPUT:	 Nolog				TIME-LIMIT: 4:00:00
	UNIQUE:	 Yes				BATCH-LOG:  Supersede
	RESTART: No				ASSISTANCE: Yes
	ACCOUNT: CF                             SEQUENCE:   2151

	Input from => SRC:<LOC.SYSTEM>FTPSRT.CTL
	Output to  => SRC:<LOC.SYSTEM>FTPSRT.LOG



23:14:16 MONTR	 SRI-NIC, TOPS-20 Monitor 7(21240)-4
23:14:16 MONTR	 The system will go down Thu 21-Sep-89  6:00pm until Thu 21-Sep-89  8:00pm
23:14:16 MONTR	 for Preventive Maintenance
23:14:16 MONTR	 Job 23 on TTY130 14-Sep-89 11:14pm
23:14:19 MONTR	 $
23:14:19 MONTR	[Connected to SRC:<LOC.SYSTEM>]
23:14:20 MONTR	enable
23:14:22 MONTR	 $cd src:<loc.system>
23:14:22 MONTR	
23:14:22 MONTR	 $load ftpsrt
23:14:28 USER	MACRO:	FTPSRT
23:21:18 USER	LINK:	Loading
23:21:38 MONTR	 $save
23:21:39 MONTR	 FTPSRT.EXE.9 Saved
23:21:39 MONTR	 $
23:21:48 MONTR	Killed by OPERATOR, TTY 107
23:21:48 MONTR	Killed Job 23, User MKL, TTY 130, at 14-Sep-89 23:21:44
23:21:48 MONTR	 Used 0:00:47 in 0:07:29
