
[PHOTO:  Recording initiated  Tue 16-Feb-88 11:47am]

 [Command]
 Netmail from jason%garnet.Berkeley.EDU@VIOLET.BERKEL at 11:16am
!udp
User Datagram Protocol on Tue 16-Feb-88 11:48am-PST
This is 26.0.0.73 (SRI-NIC.ARPA) on BBC 5
Local port (octal)? 177
Allocating an Internet Queue...OK, IQH = 3, MaxSiz = 1040 bytes.
Commands are:
N - New port                    R - Receive a single packet
S - Send a packet               W - Wait for a packet to arrive
Q - Quit                        ? - List of commands
UDP: send...
To host: [26.4.0.73]
At octal port: 61
End input with a blank line.
[Data]: 2 35 33 44 1 2 3 4 0 0 0 5 "macky"
[Total: 17 octets]
[Data]: 
--Start of IP header--
+0: Version = 4, Data Offset = 5
    Type of Service = [Routine (0)]
    Datagram length = 45.
+1: Segment ID = 0, Reserved bit = 0, Reserved bit = 0, Do-not-fragment = 0
    More-fragments = 0, Fragment-Offset = 0
+2: Time-to-live = 60., Protocol # = 21, IP header checksum = 0
+3: Source host = 26.0.0.73 (SRI-NIC.ARPA)
+4: Destination host = 26.4.0.73 (???)
--End of IP header, start of UDP header--
+0: Source port = 177, Destination port = 61
+1: Length = 25., Checksum = 57535
--End of UDP header, start of UDP data--
+ 2:   2  35  33  44    .  .  .  $  
+ 3:   1   2   3   4    .  .  .  .  
+ 4:   0   0   0   5    .  .  .  .  
+ 5: 155 141 143 153    m  a  c  k  
+ 6: 171                y  
Sent.
UDP: receive...
Nothing.
UDP: receive...
--Start of IP header--
+0: Version = 4, Data Offset = 5
    Type of Service = [Routine (0)]
    Datagram length = 32.
+1: Segment ID = 0, Reserved bit = 0, Reserved bit = 0, Do-not-fragment = 0
    More-fragments = 0, Fragment-Offset = 0
+2: Time-to-live = 60., Protocol # = 21, IP header checksum = 45070
+3: Source host = 26.4.0.73 (???)
+4: Destination host = 26.0.0.73 (SRI-NIC.ARPA)
--End of IP header, start of UDP header--
+0: Source port = 61, Destination port = 177
+1: Length = 12., Checksum = 126633
--End of UDP header, start of UDP data--
+ 2:   2  37  33  44    .  .  .  $  
UDP: quit... [Confirm] 
!pop

[PHOTO:  Recording terminated Tue 16-Feb-88 11:49am]
