
[PHOTO:  Recording initiated  Wed 20-Apr-88 6:30am]

 End of <KLH>COMAND.CMD.4
@!
@!      compile stdio routines
@!
@connect cs:
@take -make-.cmd
 End of -MAKE-.CMD.20
@!
@!      compile math routines
@!
@connect cm:
@take -make-.cmd
KCC:    exp
<C.LIB.MATH>EXP.PRE.4
<C.LIB.MATH>EXP.FAI.1
FAIL:  exp
KCC:    sqrt
<C.LIB.MATH>SQRT.PRE.9
<C.LIB.MATH>SQRT.FAI.1
FAIL:  sqrt
 End of -MAKE-.CMD.8
@!
@!      compile unix syscall routines
@!
@connect cu:
 PS:<C.LIB.USYS> Over permanent storage allocation by 1167 page(s).
@take -make-.cmd
KCC:    stat
MACRO:  stat

EXIT
 End of -MAKE-.CMD.25
@!
@!      compile network stuff
@!
@connect cn:
 PS:<C.LIB.USYS> Over permanent storage allocation by 1169 page(s).
@take -make-.cmd
 End of -MAKE-.CMD.2
@!
@!      compile everything else
@!
@connect libc:
@take -make-.cmd
 End of -MAKE-.CMD.22
@!
@!      now merge them
@!
@maklib
*libc=@libc.mak
*libc.poi= libc/points
*^Z
@
@!
@!      Compile special LIBCKX module (not part of normal LIBC)
@!
@cc -q -c -m libckx
@pop

[PHOTO:  Recording terminated Wed 20-Apr-88 6:32am]
