			 5-Apr-82 20:08:46

BATCON Version	104(4665)			GLXLIB Version	1(1124)

	    Job ACTDMP Req #29 for ZIMA in stream 1

	OUTPUT:	 Nolog				TIME-LIMIT: 0:30:00
	UNIQUE:	 Yes				BATCH-LOG:  Supersede
	RESTART: Yes				ASSISTANCE: Yes
	CORE:    Default			SEQUENCE:   3001


	Control file: FARK:<SWSKIT>ACTDMP.CTL
	Log file:     FARK:<SWSKIT>ACTDMP.LOG


20:08:47 MONITR	 KL2102 - TOPS-20 Development System, TOPS-20 Monitor 6(4723)
20:08:47 MONITR	@SET TIME-LIMIT 1800
20:08:47 MONITR	@LOGIN ZIMA MONITOR
20:08:50 MONITR	 Job 20 on TTY244 5-Apr-82 20:08:51
20:08:54 MONITR	Structure TSG: mounted
20:08:54 MONITR	Structure FARK: mounted
20:08:54 MONITR	Structure SNARK: mounted
20:08:56 MONITR	@
20:08:56 MONITR	[CONNECTED TO FARK:<SWSKIT>]
20:08:56 COMENT	!
20:08:56 COMENT	! NAME: ACTDMP.CTL
20:08:56 COMENT	! DATE: 3-APR-82
20:08:56 COMENT	!
20:08:56 COMENT	!THIS CONTROL FILE IS PROVIDED FOR INFORMATION PURPOSES ONLY.  THE
20:08:56 COMENT	!PURPOSE OF THE FILE IS TO DOCUMENT THE PROCEDURES USED TO BUILD
20:08:56 COMENT	!THE DISTRIBUTED SOFTWARE.  IT IS UNLIKELY THAT THIS CONTROL FILE
20:08:56 COMENT	!WILL BE ABLE TO BE SUBMITTED WITHOUT MODIFICATION ON CUSTOMER
20:08:56 COMENT	!SYSTEMS.
20:08:56 COMENT	!
20:08:56 COMENT	! FUNCTION:	THIS CONTROL FILE BUILDS ACTDMP FROM ITS BASIC 
20:08:56 COMENT	!		SOURCES.  THE FILES CREATED BY THIS JOB ARE:
20:08:56 COMENT	!				ACTDMP.EXE
20:08:56 COMENT	!
20:08:56 COMENT	! SUBMIT WITH THE SWITCH "/TAG:CREF" TO OBTAIN
20:08:56 COMENT	!   A CREF LISTING OF THE SOURCE FILE
20:08:56 COMENT	!
20:08:56 BATCH	DEF FOO: NUL:
20:08:56 MONITR	@
20:08:56 BATCH	@GOTO A
20:08:56 LABEL	A::
20:08:56 COMENT	!
20:08:56 BATCH	@INFORMATION LOGICAL-NAMES ALL
20:09:00 MONITR	Job-wide logical names:
20:09:00 MONITR	
20:09:00 MONITR	A4: => TSG:<4-FIELD-IMAGE.ARPA-UTILITIES>
20:09:00 MONITR	A41: => FARK:<4-1-FIELD-IMAGE.ARPA-UTILITIES>
20:09:00 MONITR	A5: => FARK:<5-FIELD-IMAGE.ARPA-UTILITIES>
20:09:00 MONITR	A6: => SNARK:<6.ARPA-UTILITIES>
20:09:00 MONITR	AA4: => FARK:<4-WORKING-SOURCES.ARPA-UTILITIES>
20:09:00 MONITR	AA41: => FARK:<4-1-WORKING-SOURCES.ARPA-UTILITIES>
20:09:00 MONITR	AA5: => FARK:<5-WORKING-SOURCES.ARPA-UTILITIES>
20:09:00 MONITR	AALU: => FARK:<ALU>
20:09:01 MONITR	ADOC: => FARK:<AUTOPATCH.T20.MONITO>
20:09:01 MONITR	ADOCE: => FARK:<AUTOPATCH.T20.EXEC>
20:09:01 MONITR	ADOCU: => FARK:<AUTOPATCH.T20.UTILITIES>
20:09:01 MONITR	AE4: => FARK:<4-WORKING-SOURCES.EXEC>
20:09:01 MONITR	AE41: => FARK:<4-1-WORKING-SOURCES.EXEC>
20:09:01 MONITR	AE5: => FARK:<5-WORKING-SOURCES.EXEC>
20:09:01 MONITR	AFE: => FARK:<4-FROZEN-SOURCES.EXEC>
20:09:01 MONITR	AFM: => FARK:<4-FROZEN-SOURCES.MONITOR>
20:09:01 MONITR	AFU: => FARK:<4-FROZEN-SOURCES.UTILITIES>
20:09:01 MONITR	AHST: => FARK:<AUTOPATCH.T20>
20:09:01 MONITR	ALIB: => FARK:<AUTOPATCH.T20BLD>
20:09:01 MONITR	ALL: => DSK*:<*>*.*.*
20:09:01 MONITR	ALU: => FARK:<ALU>
20:09:01 MONITR	AM4: => FARK:<4-WORKING-SOURCES.MONITOR>
20:09:01 MONITR	AM41: => FARK:<4-1-WORKING-SOURCES.MONITOR>
20:09:01 MONITR	AM5: => FARK:<5-WORKING-SOURCES.MONITOR>
20:09:01 MONITR	ASG: => PS:<ASG>
20:09:01 MONITR	AU4: => FARK:<4-WORKING-SOURCES.UTILITIES>
20:09:01 MONITR	AU41: => FARK:<4-1-WORKING-SOURCES.UTILITIES>
20:09:01 MONITR	AU5: => FARK:<5-WORKING-SOURCES.UTILITIES>
20:09:01 MONITR	CKS: => PS:<CSMITH>
20:09:01 MONITR	CRSH: => TSG:<ZIMA.CRASH>
20:09:01 MONITR	DA5: => SNARK:<5.ARPA-UTILITIES>
20:09:01 MONITR	DE5: => SNARK:<5.EXEC>
20:09:01 MONITR	DIB: => PS:<DBELL>,TSG:<ZIMA.DBELL>
20:09:01 MONITR	DM5: => SNARK:<5.MONITOR>
20:09:01 MONITR	DOC: => PS:<DOC-SPECS>
20:09:01 MONITR	DSK: => DSK:,JGZ:
20:09:01 MONITR	DU5: => SNARK:<5.UTILITIES>
20:09:02 MONITR	E4: => TSG:<4-FIELD-IMAGE.EXEC>
20:09:02 MONITR	E41: => FARK:<4-1-FIELD-IMAGE.EXEC>
20:09:02 MONITR	E5: => FARK:<5-FIELD-IMAGE.EXEC>
20:09:02 MONITR	E6: => SNARK:<6.EXEC>
20:09:02 MONITR	EDITOR: => SYS:TV.EXE
20:09:02 MONITR	FOLK: => PS:<FOLKLORE>
20:09:02 MONITR	FOO: => NUL:
20:09:02 MONITR	JGZ: => TSG:<ZIMA>,PS:<ZIMA>
20:09:02 MONITR	KMR: => PS:<RABIDEAU>,TSG:<RABIDEAU>
20:09:02 MONITR	KR: => TSG:<ROSENBLUH>,TSG:<ROSENBLUH*>
20:09:02 MONITR	M4: => TSG:<4-FIELD-IMAGE.MONITOR>
20:09:02 MONITR	M41: => FARK:<4-1-FIELD-IMAGE.MONITOR>
20:09:02 MONITR	M5: => FARK:<5-FIELD-IMAGE.MONITOR>
20:09:02 MONITR	M6: => SNARK:<6.MONITOR>
20:09:02 MONITR	MAC: => TSG:<ZIMA.MAC>
20:09:02 MONITR	MEM: => TSG:<ZIMA.MEMOS>
20:09:02 MONITR	MRP: => TSG:<RP20-FIELD-IMAGE.MONITOR>
20:09:02 MONITR	NOTE: => JGZ:NOTE.TXT
20:09:02 MONITR	PED: => TSG:<DONAHUE>,PS:<DONAHUE>
20:09:02 MONITR	RDH: => PS:<HOUK>
20:09:02 MONITR	RMT: => TSG:<TILLSON>,TSG:<TILLSON*>
20:09:02 MONITR	S: => SYSTEM:
20:09:02 MONITR	SAM: => TSG:<MAYO>,TSG:<MAYO*>
20:09:02 MONITR	SPR: => TSG:<ZIMA.SPR>
20:09:02 MONITR	SPRLOG: => PS:<ZIMA>SPRLOG.TXT
20:09:02 MONITR	SWS: => TSG:<ZIMA.SWSKIT>
20:09:02 MONITR	SWSH: => FARK:<SWSKIT.HACKS>
20:09:02 MONITR	SWSKIT: => FARK:<SWSKIT>
20:09:02 MONITR	SYS: => DSK:,SYS:
20:09:02 MONITR	TAM: => TSG:<MOSER>,PS:<MOSER>
20:09:02 MONITR	TARL: => PS:<NEUSTAEDTER>
20:09:02 MONITR	TVBACK: => TSG:<ZIMA>
20:09:02 MONITR	TW: => PS:<WING>
20:09:02 MONITR	U: => PS:<UNSUPPORTED>
20:09:02 MONITR	U4: => TSG:<4-FIELD-IMAGE.UTILITIES>
20:09:02 MONITR	U41: => FARK:<4-1-FIELD-IMAGE.UTILITIES>
20:09:03 MONITR	U5: => FARK:<5-FIELD-IMAGE.UTILITIES>
20:09:03 MONITR	U6: => SNARK:<6.UTILITIES>
20:09:03 MONITR	URP: => TSG:<RP20-FIELD-IMAGE.UTILITIES>
20:09:03 MONITR	
20:09:03 MONITR	System-wide logical names:
20:09:03 MONITR	
20:09:03 MONITR	ACCOUNT: => PS:<ACCOUNTS>
20:09:03 MONITR	BLI: => PS:<BRELEASE>,PS:<BRELEASE.XPORT>,PS:<BRELEASE.BLIS16>,PS:<BLISS>
20:09:03 MONITR	CR: => CDR:
20:09:03 MONITR	D60: => PS:<DN60>
20:09:03 MONITR	DIABLO: => DCN:KL2137-TASK-DIABLO
20:09:03 MONITR	DL1: => TTY202:
20:09:03 MONITR	DL2: => TTY203:
20:09:03 MONITR	DL3: => TTY204:
20:09:03 MONITR	DMP: => DUMP:<DUMPS>
20:09:03 MONITR	DNA: => SNARK:<NETARCH>
20:09:03 MONITR	DOC: => PS:<DOC-SPECS>
20:09:03 MONITR	DS: => DSK:
20:09:03 MONITR	EDITOR: => SYS:EDIT.EXE
20:09:03 MONITR	EMACS: => PS:<EMACS>
20:09:03 MONITR	FIELDI: => PS:<FIELD-IMAGE>
20:09:03 MONITR	GAM: => PS:<GAMES>
20:09:03 MONITR	HLP: => PS:<HELP>,SYS:
20:09:03 MONITR	INFO: => PS:<INFO>
20:09:03 MONITR	JUPDS: => SNARK:<JUPITER.DESIGN-SPECS>
20:09:03 MONITR	JUPFS: => SNARK:<JUPITER.FUNCTIONAL-SPECS>
20:09:03 MONITR	LL: => LPT0:,LPT1:
20:09:03 MONITR	LOADTS: => PS:<LOADTEST>
20:09:03 MONITR	LP: => LPT:
20:09:03 MONITR	MAIL: => PS:<MAIL>
20:09:03 MONITR	MAIL-SOFTWARE: => PS:<SYSTEM>
20:09:03 MONITR	MONDOC: => SNARK:<MONITOR.DOCUMENTS>
20:09:03 MONITR	NAME-DIRECTORY: => DCN:KL2102-209
20:09:03 MONITR	NETLIB: => PS:<NETWORK-LIBRARY>
20:09:03 MONITR	NEW: => PS:<NEXT-RELEASE>,PS:<LOADTEST>
20:09:03 MONITR	NEXTRL: => PS:<NEXT-RELEASE>
20:09:03 MONITR	OLD: => PS:<FIELD-IMAGE>,PS:<UNSUPPORTED>
20:09:04 MONITR	OUR1650: => TTY142:
20:09:04 MONITR	PCL: => PS:<PCL>
20:09:04 MONITR	POST-OFFICE: => PS:<OPERATOR>
20:09:04 MONITR	PROTO: => PS:<PROTO>
20:09:04 MONITR	PS: => PS:
20:09:04 MONITR	REL: => SYS:
20:09:04 MONITR	SERR: => PS:<SYSTEM-ERROR>
20:09:04 MONITR	SY: => SYS:
20:09:04 MONITR	SYS: => LOADTS:,NEXTRL:,FIELDI:,UNSUPP:,GAM:
20:09:04 MONITR	SYSD: => NEXTRL:,FIELDI:,UNSUPP:,GAM:
20:09:04 MONITR	SYSTEM: => PS:<SYSTEM>
20:09:04 MONITR	TO: => SYS:HOST.EXE
20:09:04 MONITR	TT: => TTY:
20:09:04 MONITR	UNSUPP: => PS:<UNSUPPORTED>
20:09:04 MONITR	XPN: => DUMP:<DUMPS>
20:09:04 MONITR	@
20:09:04 COMENT	!
20:09:04 COMENT	! TAKE A CHECKSUMMED DIRECTORY OF ALL THE INPUT FILES
20:09:04 COMENT	!
20:09:04 BATCH	@VDIRECT SYS:MACRO.EXE,SYS:LINK.EXE,SYS:CREF.EXE,ACTDMP.MAC,
20:09:04 MONITR	@@CHECKSUM SEQ
20:09:04 MONITR	@@
20:09:05 MONITR	
20:09:05 MONITR	   TSG:<ZIMA>
20:09:06 MONITR	 MACRO.EXE.1;P777752       35 17920(36)  12-Dec-79 12:37:21 ZIMA      113320  
20:09:06 MONITR	
20:09:06 MONITR	   PS:<LOADTEST>
20:09:07 MONITR	 LINK.EXE.5;P777752       101 51712(36)   2-Mar-82 15:31:42 HARDY     052715  
20:09:07 MONITR	
20:09:07 MONITR	   PS:<NEXT-RELEASE>
20:09:10 MONITR	 CREF.EXE.1;P777752        11 5632(36)   15-Jul-80 09:33:48 PAETZOLD  763472  
20:09:10 MONITR	
20:09:10 MONITR	   FARK:<SWSKIT>
20:09:10 MONITR	 ACTDMP.MAC.2;P777700      12 29349(7)    5-Apr-82 14:01:39 ZIMA      375700  
20:09:10 MONITR	
20:09:10 MONITR	 Grand total of 159 pages in 4 files, Checksum = 730170
20:09:11 MONITR	@VDIRECT SYS:MONSYM.UNV,SYS:MACSYM.UNV,SYS:MACREL.REL,SYS:PA1050.EXE,
20:09:11 MONITR	@@CHECKSUM SEQ
20:09:11 MONITR	@@
20:09:11 MONITR	
20:09:11 MONITR	   PS:<NEXT-RELEASE>
20:09:13 MONITR	 MONSYM.UNV.29;P777752     46 23529(36)  22-Jan-82 17:14:21 MURPHY    404000  
20:09:14 MONITR	 MACSYM.UNV.26;P777752     13 6536(36)   22-Feb-82 17:39:30 MURPHY    542721  
20:09:14 MONITR	 MACREL.REL.26;P777752      1 465(36)    22-Feb-82 17:39:36 MURPHY    743422  
20:09:14 MONITR	 PA1050.EXE.6;P777752      29 14848(36)   4-Dec-81 11:34:14 MAYO      064430  
20:09:15 MONITR	
20:09:15 MONITR	 Total of 89 pages in 4 files, Checksum = 025604
20:09:15 MONITR	@GET SYS:MACRO
20:09:15 MONITR	@INFORMATION VERSION
20:09:15 MONITR	 KL2102 - TOPS-20 Development System, TOPS-20 Monitor 6(4723)
20:09:15 MONITR	 TOPS-20 Command processor 6(730)
20:09:15 MONITR	 Program is MACRO, version is 53.1(1152)
20:09:15 MONITR	@GET SYS:LINK
20:09:16 MONITR	@INFORMATION VERSION
20:09:16 MONITR	 KL2102 - TOPS-20 Development System, TOPS-20 Monitor 6(4723)
20:09:16 MONITR	 TOPS-20 Command processor 6(730)
20:09:16 MONITR	 Program is LINK, version is 5(1464)
20:09:16 MONITR	PDVs:	Program name LINK, version 5(1464)
20:09:17 MONITR	@GET SYS:CREF
20:09:17 MONITR	@INFORMATION VERSION
20:09:18 MONITR	 KL2102 - TOPS-20 Development System, TOPS-20 Monitor 6(4723)
20:09:18 MONITR	 TOPS-20 Command processor 6(730)
20:09:18 MONITR	 Program is CREF, version is 53.2(71)
20:09:18 MONITR	@
20:09:18 COMENT	!
20:09:18 BATCH	@COMPILE /CREF/COMPILE ACTDMP.MAC
20:09:23 USER	MACRO:	ACTDMP
20:09:33 USER	
20:09:33 USER	EXIT
20:09:33 MONITR	@
20:09:33 COMENT	!
20:09:33 BATCH	@R CREF
20:09:34 USER	*FOO:ACTDMP.LST=ACTDMP.CRF
20:09:37 USER	[CRFXKC 5K core]
20:09:37 USER	*
20:09:37 COMENT	!
20:09:37 BATCH	*^C
20:09:37 MONITR	@LOAD ACTDMP
20:09:38 USER	LINK:	Loading
20:09:39 USER	
20:09:39 USER	EXIT
20:09:39 MONITR	@
20:09:39 COMENT	!
20:09:39 BATCH	@SAVE ACTDMP
20:09:40 MONITR	 ACTDMP.EXE.2 Saved
20:09:40 MONITR	@INFORMATION VERSION
20:09:40 MONITR	 KL2102 - TOPS-20 Development System, TOPS-20 Monitor 6(4723)
20:09:40 MONITR	 TOPS-20 Command processor 6(730)
20:09:40 MONITR	 Program is ACTDMP, version is 1(1)
20:09:40 MONITR	@
20:09:40 COMENT	!
20:09:40 BATCH	@DIRECT ACTDMP.EXE,
20:09:41 MONITR	@@CHECKSUM SEQ
20:09:41 MONITR	@@
20:09:41 MONITR	
20:09:41 MONITR	   FARK:<SWSKIT>
20:09:41 MONITR			  Checksum
20:09:41 MONITR	
20:09:41 MONITR	 ACTDMP.EXE.1     464170  
20:09:41 MONITR	      .2          371535  
20:09:41 MONITR	
20:09:41 MONITR	 Total of 2 files, Checksum = 731424
20:09:41 MONITR	@
20:09:41 COMENT	!
20:09:41 BATCH	@DELETE ACTDMP.REL
20:09:41 MONITR	 ACTDMP.REL.2 [OK]
20:09:42 MONITR	@
20:09:42 BATCH	@LOGOUT
20:11:12 MONITR	Killed by OPERATOR, TTY 234
20:11:12 MONITR	Killed Job 20, User ZIMA, Account MONITOR, TTY 244,
20:11:12 MONITR	  at  5-Apr-82 20:09:44,  Used 0:00:20 in 0:02:21
   