			 5-Apr-82 19:35:22

BATCON Version	104(4665)			GLXLIB Version	1(1124)

	    Job CHANS Req #18 for ZIMA in stream 1

	OUTPUT:	 Nolog				TIME-LIMIT: 0:30:00
	UNIQUE:	 Yes				BATCH-LOG:  Supersede
	RESTART: Yes				ASSISTANCE: Yes
	CORE:    Default			SEQUENCE:   3071


	Control file: FARK:<SWSKIT>CHANS.CTL
	Log file:     FARK:<SWSKIT>CHANS.LOG


19:35:22 MONITR	 KL2102 - TOPS-20 Development System, TOPS-20 Monitor 6(4723)
19:35:22 MONITR	@SET TIME-LIMIT 1800
19:35:22 MONITR	@LOGIN ZIMA MONITOR
19:35:26 MONITR	 Job 20 on TTY244 5-Apr-82 19:35:26
19:35:29 MONITR	Structure TSG: mounted
19:35:29 MONITR	Structure FARK: mounted
19:35:29 MONITR	Structure SNARK: mounted
19:35:32 MONITR	@
19:35:32 MONITR	[CONNECTED TO FARK:<SWSKIT>]
19:35:32 COMENT	!
19:35:32 COMENT	! NAME: CHANS.CTL
19:35:32 COMENT	! DATE: 14-SEP-81
19:35:32 COMENT	!
19:35:32 COMENT	!THIS CONTROL FILE IS PROVIDED FOR INFORMATION PURPOSES ONLY.  THE
19:35:32 COMENT	!PURPOSE OF THE FILE IS TO DOCUMENT THE PROCEDURES USED TO BUILD
19:35:32 COMENT	!THE DISTRIBUTED SOFTWARE.  IT IS UNLIKELY THAT THIS CONTROL FILE
19:35:32 COMENT	!WILL BE ABLE TO BE SUBMITTED WITHOUT MODIFICATION ON CUSTOMER
19:35:32 COMENT	!SYSTEMS.
19:35:32 COMENT	!
19:35:32 COMENT	! FUNCTION:	THIS CONTROL FILE BUILDS CHANS FROM ITS BASIC 
19:35:32 COMENT	!		SOURCES.  THE FILES CREATED BY THIS JOB ARE:
19:35:32 COMENT	!				CHANS.EXE
19:35:32 COMENT	!
19:35:32 COMENT	! SUBMIT WITH THE SWITCH "/TAG:CREF" TO OBTAIN
19:35:32 COMENT	!   A CREF LISTING OF THE SOURCE FILE
19:35:32 COMENT	!
19:35:32 BATCH	DEF FOO: NUL:
19:35:33 MONITR	@
19:35:33 BATCH	@GOTO A
19:35:33 LABEL	A::
19:35:33 COMENT	!
19:35:33 BATCH	@INFORMATION LOGICAL-NAMES ALL
19:35:34 MONITR	Job-wide logical names:
19:35:34 MONITR	
19:35:34 MONITR	A4: => TSG:<4-FIELD-IMAGE.ARPA-UTILITIES>
19:35:34 MONITR	A41: => FARK:<4-1-FIELD-IMAGE.ARPA-UTILITIES>
19:35:34 MONITR	A5: => FARK:<5-FIELD-IMAGE.ARPA-UTILITIES>
19:35:34 MONITR	A6: => SNARK:<6.ARPA-UTILITIES>
19:35:34 MONITR	AA4: => FARK:<4-WORKING-SOURCES.ARPA-UTILITIES>
19:35:34 MONITR	AA41: => FARK:<4-1-WORKING-SOURCES.ARPA-UTILITIES>
19:35:34 MONITR	AA5: => FARK:<5-WORKING-SOURCES.ARPA-UTILITIES>
19:35:34 MONITR	AALU: => FARK:<ALU>
19:35:34 MONITR	ADOC: => FARK:<AUTOPATCH.T20.MONITO>
19:35:34 MONITR	ADOCE: => FARK:<AUTOPATCH.T20.EXEC>
19:35:34 MONITR	ADOCU: => FARK:<AUTOPATCH.T20.UTILITIES>
19:35:34 MONITR	AE4: => FARK:<4-WORKING-SOURCES.EXEC>
19:35:34 MONITR	AE41: => FARK:<4-1-WORKING-SOURCES.EXEC>
19:35:34 MONITR	AE5: => FARK:<5-WORKING-SOURCES.EXEC>
19:35:34 MONITR	AFE: => FARK:<4-FROZEN-SOURCES.EXEC>
19:35:34 MONITR	AFM: => FARK:<4-FROZEN-SOURCES.MONITOR>
19:35:34 MONITR	AFU: => FARK:<4-FROZEN-SOURCES.UTILITIES>
19:35:34 MONITR	AHST: => FARK:<AUTOPATCH.T20>
19:35:34 MONITR	ALIB: => FARK:<AUTOPATCH.T20BLD>
19:35:34 MONITR	ALL: => DSK*:<*>*.*.*
19:35:34 MONITR	ALU: => FARK:<ALU>
19:35:34 MONITR	AM4: => FARK:<4-WORKING-SOURCES.MONITOR>
19:35:34 MONITR	AM41: => FARK:<4-1-WORKING-SOURCES.MONITOR>
19:35:34 MONITR	AM5: => FARK:<5-WORKING-SOURCES.MONITOR>
19:35:34 MONITR	ASG: => PS:<ASG>
19:35:34 MONITR	AU4: => FARK:<4-WORKING-SOURCES.UTILITIES>
19:35:34 MONITR	AU41: => FARK:<4-1-WORKING-SOURCES.UTILITIES>
19:35:34 MONITR	AU5: => FARK:<5-WORKING-SOURCES.UTILITIES>
19:35:34 MONITR	CKS: => PS:<CSMITH>
19:35:35 MONITR	CRSH: => TSG:<ZIMA.CRASH>
19:35:35 MONITR	DA5: => SNARK:<5.ARPA-UTILITIES>
19:35:35 MONITR	DE5: => SNARK:<5.EXEC>
19:35:35 MONITR	DIB: => PS:<DBELL>,TSG:<ZIMA.DBELL>
19:35:35 MONITR	DM5: => SNARK:<5.MONITOR>
19:35:35 MONITR	DOC: => PS:<DOC-SPECS>
19:35:35 MONITR	DSK: => DSK:,JGZ:
19:35:35 MONITR	DU5: => SNARK:<5.UTILITIES>
19:35:35 MONITR	E4: => TSG:<4-FIELD-IMAGE.EXEC>
19:35:35 MONITR	E41: => FARK:<4-1-FIELD-IMAGE.EXEC>
19:35:35 MONITR	E5: => FARK:<5-FIELD-IMAGE.EXEC>
19:35:35 MONITR	E6: => SNARK:<6.EXEC>
19:35:35 MONITR	EDITOR: => SYS:TV.EXE
19:35:35 MONITR	FOLK: => PS:<FOLKLORE>
19:35:35 MONITR	FOO: => NUL:
19:35:35 MONITR	JGZ: => TSG:<ZIMA>,PS:<ZIMA>
19:35:35 MONITR	KMR: => PS:<RABIDEAU>,TSG:<RABIDEAU>
19:35:35 MONITR	KR: => TSG:<ROSENBLUH>,TSG:<ROSENBLUH*>
19:35:35 MONITR	M4: => TSG:<4-FIELD-IMAGE.MONITOR>
19:35:35 MONITR	M41: => FARK:<4-1-FIELD-IMAGE.MONITOR>
19:35:35 MONITR	M5: => FARK:<5-FIELD-IMAGE.MONITOR>
19:35:35 MONITR	M6: => SNARK:<6.MONITOR>
19:35:35 MONITR	MAC: => TSG:<ZIMA.MAC>
19:35:35 MONITR	MEM: => TSG:<ZIMA.MEMOS>
19:35:35 MONITR	MRP: => TSG:<RP20-FIELD-IMAGE.MONITOR>
19:35:35 MONITR	NOTE: => JGZ:NOTE.TXT
19:35:35 MONITR	PED: => TSG:<DONAHUE>,PS:<DONAHUE>
19:35:35 MONITR	RDH: => PS:<HOUK>
19:35:35 MONITR	RMT: => TSG:<TILLSON>,TSG:<TILLSON*>
19:35:35 MONITR	S: => SYSTEM:
19:35:35 MONITR	SAM: => TSG:<MAYO>,TSG:<MAYO*>
19:35:35 MONITR	SPR: => TSG:<ZIMA.SPR>
19:35:35 MONITR	SPRLOG: => PS:<ZIMA>SPRLOG.TXT
19:35:35 MONITR	SWS: => TSG:<ZIMA.SWSKIT>
19:35:35 MONITR	SWSH: => FARK:<SWSKIT.HACKS>
19:35:36 MONITR	SWSKIT: => FARK:<SWSKIT>
19:35:36 MONITR	SYS: => DSK:,SYS:
19:35:36 MONITR	TAM: => TSG:<MOSER>,PS:<MOSER>
19:35:36 MONITR	TARL: => PS:<NEUSTAEDTER>
19:35:36 MONITR	TVBACK: => TSG:<ZIMA>
19:35:36 MONITR	TW: => PS:<WING>
19:35:36 MONITR	U: => PS:<UNSUPPORTED>
19:35:36 MONITR	U4: => TSG:<4-FIELD-IMAGE.UTILITIES>
19:35:36 MONITR	U41: => FARK:<4-1-FIELD-IMAGE.UTILITIES>
19:35:36 MONITR	U5: => FARK:<5-FIELD-IMAGE.UTILITIES>
19:35:36 MONITR	U6: => SNARK:<6.UTILITIES>
19:35:36 MONITR	URP: => TSG:<RP20-FIELD-IMAGE.UTILITIES>
19:35:36 MONITR	
19:35:36 MONITR	System-wide logical names:
19:35:36 MONITR	
19:35:36 MONITR	ACCOUNT: => PS:<ACCOUNTS>
19:35:36 MONITR	BLI: => PS:<BRELEASE>,PS:<BRELEASE.XPORT>,PS:<BRELEASE.BLIS16>,PS:<BLISS>
19:35:36 MONITR	CR: => CDR:
19:35:36 MONITR	D60: => PS:<DN60>
19:35:36 MONITR	DIABLO: => DCN:KL2137-TASK-DIABLO
19:35:36 MONITR	DL1: => TTY202:
19:35:36 MONITR	DL2: => TTY203:
19:35:36 MONITR	DL3: => TTY204:
19:35:36 MONITR	DMP: => DUMP:<DUMPS>
19:35:36 MONITR	DNA: => SNARK:<NETARCH>
19:35:36 MONITR	DOC: => PS:<DOC-SPECS>
19:35:36 MONITR	DS: => DSK:
19:35:36 MONITR	EDITOR: => SYS:EDIT.EXE
19:35:36 MONITR	EMACS: => PS:<EMACS>
19:35:36 MONITR	FIELDI: => PS:<FIELD-IMAGE>
19:35:36 MONITR	GAM: => PS:<GAMES>
19:35:36 MONITR	HLP: => PS:<HELP>,SYS:
19:35:36 MONITR	INFO: => PS:<INFO>
19:35:36 MONITR	JUPDS: => SNARK:<JUPITER.DESIGN-SPECS>
19:35:36 MONITR	JUPFS: => SNARK:<JUPITER.FUNCTIONAL-SPECS>
19:35:36 MONITR	LL: => LPT0:,LPT1:
19:35:36 MONITR	LOADTS: => PS:<LOADTEST>
19:35:36 MONITR	LP: => LPT:
19:35:36 MONITR	MAIL: => PS:<MAIL>
19:35:36 MONITR	MAIL-SOFTWARE: => PS:<SYSTEM>
19:35:36 MONITR	MONDOC: => SNARK:<MONITOR.DOCUMENTS>
19:35:37 MONITR	NAME-DIRECTORY: => DCN:KL2102-209
19:35:37 MONITR	NETLIB: => PS:<NETWORK-LIBRARY>
19:35:37 MONITR	NEW: => PS:<NEXT-RELEASE>,PS:<LOADTEST>
19:35:37 MONITR	NEXTRL: => PS:<NEXT-RELEASE>
19:35:37 MONITR	OLD: => PS:<FIELD-IMAGE>,PS:<UNSUPPORTED>
19:35:37 MONITR	OUR1650: => TTY142:
19:35:37 MONITR	PCL: => PS:<PCL>
19:35:37 MONITR	POST-OFFICE: => PS:<OPERATOR>
19:35:37 MONITR	PROTO: => PS:<PROTO>
19:35:37 MONITR	PS: => PS:
19:35:37 MONITR	REL: => SYS:
19:35:37 MONITR	SERR: => PS:<SYSTEM-ERROR>
19:35:37 MONITR	SY: => SYS:
19:35:37 MONITR	SYS: => LOADTS:,NEXTRL:,FIELDI:,UNSUPP:,GAM:
19:35:37 MONITR	SYSD: => NEXTRL:,FIELDI:,UNSUPP:,GAM:
19:35:37 MONITR	SYSTEM: => PS:<SYSTEM>
19:35:37 MONITR	TO: => SYS:HOST.EXE
19:35:37 MONITR	TT: => TTY:
19:35:37 MONITR	UNSUPP: => PS:<UNSUPPORTED>
19:35:37 MONITR	XPN: => DUMP:<DUMPS>
19:35:37 MONITR	@
19:35:37 COMENT	!
19:35:37 COMENT	! TAKE A CHECKSUMMED DIRECTORY OF ALL THE INPUT FILES
19:35:37 COMENT	!
19:35:37 BATCH	@VDIRECT SYS:MACRO.EXE,SYS:LINK.EXE,SYS:CREF.EXE,CHANS.MAC,SYS:DPY.REL,SYS:DPYDE
19:35:37 MONITR	F.UNV,
19:35:38 MONITR	@@CHECKSUM SEQ
19:35:38 MONITR	@@
19:35:38 MONITR	
19:35:38 MONITR	   TSG:<ZIMA>
19:35:39 MONITR	 MACRO.EXE.1;P777752       35 17920(36)  12-Dec-79 12:37:21 ZIMA      113320  
19:35:40 MONITR	
19:35:40 MONITR	   PS:<LOADTEST>
19:35:43 MONITR	 LINK.EXE.5;P777752       101 51712(36)   2-Mar-82 15:31:42 HARDY     052715  
19:35:43 MONITR	
19:35:43 MONITR	   PS:<NEXT-RELEASE>
19:35:43 MONITR	 CREF.EXE.1;P777752        11 5632(36)   15-Jul-80 09:33:48 PAETZOLD  763472  
19:35:44 MONITR	
19:35:44 MONITR	   FARK:<SWSKIT>
19:35:44 MONITR	 CHANS.MAC.6;P777700        9 22519(7)   10-Jan-82 15:10:28 ZIMA      326254  
19:35:44 MONITR	
19:35:44 MONITR	   PS:<NEXT-RELEASE>
19:35:44 MONITR	 DPY.REL.2;P777752          5 2230(36)    3-May-81 00:45:20 PAETZOLD  220125  
19:35:45 MONITR	
19:35:45 MONITR	   PS:<UNSUPPORTED>
19:35:45 MONITR	 DPYDEF.UNV.1;P777752       1 231(36)    28-Oct-79 12:31:39 DBELL     345276  
19:35:45 MONITR	
19:35:45 MONITR	 Grand total of 162 pages in 6 files, Checksum = 073745
19:35:45 MONITR	@VDIRECT SYS:MONSYM.UNV,SYS:MACSYM.UNV,SYS:MACREL.REL,SYS:PA1050.EXE,
19:35:45 MONITR	@@CHECKSUM SEQ
19:35:46 MONITR	@@
19:35:46 MONITR	
19:35:46 MONITR	   PS:<NEXT-RELEASE>
19:35:47 MONITR	 MONSYM.UNV.29;P777752     46 23529(36)  22-Jan-82 17:14:21 MURPHY    404000  
19:35:48 MONITR	 MACSYM.UNV.26;P777752     13 6536(36)   22-Feb-82 17:39:30 MURPHY    542721  
19:35:48 MONITR	 MACREL.REL.26;P777752      1 465(36)    22-Feb-82 17:39:36 MURPHY    743422  
19:35:50 MONITR	 PA1050.EXE.6;P777752      29 14848(36)   4-Dec-81 11:34:14 MAYO      064430  
19:35:50 MONITR	
19:35:50 MONITR	 Total of 89 pages in 4 files, Checksum = 025604
19:35:50 MONITR	@GET SYS:MACRO
19:35:51 MONITR	@INFORMATION VERSION
19:35:51 MONITR	 KL2102 - TOPS-20 Development System, TOPS-20 Monitor 6(4723)
19:35:51 MONITR	 TOPS-20 Command processor 6(730)
19:35:51 MONITR	 Program is MACRO, version is 53.1(1152)
19:35:51 MONITR	@GET SYS:LINK
19:35:52 MONITR	@INFORMATION VERSION
19:35:52 MONITR	 KL2102 - TOPS-20 Development System, TOPS-20 Monitor 6(4723)
19:35:52 MONITR	 TOPS-20 Command processor 6(730)
19:35:52 MONITR	 Program is LINK, version is 5(1464)
19:35:52 MONITR	PDVs:	Program name LINK, version 5(1464)
19:35:52 MONITR	@GET SYS:CREF
19:35:53 MONITR	@INFORMATION VERSION
19:35:53 MONITR	 KL2102 - TOPS-20 Development System, TOPS-20 Monitor 6(4723)
19:35:53 MONITR	 TOPS-20 Command processor 6(730)
19:35:53 MONITR	 Program is CREF, version is 53.2(71)
19:35:53 MONITR	@
19:35:53 COMENT	!
19:35:53 BATCH	@COMPILE /CREF/COMPILE CHANS.MAC
19:35:56 USER	MACRO:	CHANS
19:36:11 USER	
19:36:11 USER	EXIT
19:36:11 MONITR	@
19:36:11 COMENT	!
19:36:11 BATCH	@R CREF
19:36:12 USER	*FOO:CHANS.LST=CHANS.CRF
19:36:15 USER	[CRFXKC 5K core]
19:36:15 USER	*
19:36:15 COMENT	!
19:36:15 BATCH	*^C
19:36:15 MONITR	@LOAD CHANS
19:36:17 USER	LINK:	Loading
19:36:18 USER	
19:36:18 USER	EXIT
19:36:18 MONITR	@
19:36:18 COMENT	!
19:36:18 BATCH	@SAVE CHANS
19:36:19 MONITR	 CHANS.EXE.4 Saved
19:36:19 MONITR	@INFORMATION VERSION
19:36:19 MONITR	 KL2102 - TOPS-20 Development System, TOPS-20 Monitor 6(4723)
19:36:19 MONITR	 TOPS-20 Command processor 6(730)
19:36:19 MONITR	 Program is CHANS, version is 4(106)
19:36:19 MONITR	@
19:36:19 COMENT	!
19:36:19 BATCH	@DIRECT CHANS.EXE,
19:36:19 MONITR	@@CHECKSUM SEQ
19:36:20 MONITR	@@
19:36:20 MONITR	
19:36:20 MONITR	   FARK:<SWSKIT>
19:36:20 MONITR			  Checksum
19:36:20 MONITR	
19:36:20 MONITR	 CHANS.EXE.4      223564  
19:36:20 MONITR	@
19:36:20 COMENT	!
19:36:20 BATCH	@DELETE CHANS.REL
19:36:20 MONITR	 CHANS.REL.1 [OK]
19:36:20 MONITR	@
19:36:20 BATCH	@LOGOUT
19:37:21 MONITR	Killed by OPERATOR, TTY 234
19:37:21 MONITR	Killed Job 20, User ZIMA, Account MONITOR, TTY 244,
19:37:21 MONITR	  at  5-Apr-82 19:36:22,  Used 0:00:21 in 0:01:55
 