			 5-Apr-82 19:37:23

BATCON Version	104(4665)			GLXLIB Version	1(1124)

	    Job DIRPNT Req #20 for ZIMA in stream 1

	OUTPUT:	 Nolog				TIME-LIMIT: 0:30:00
	UNIQUE:	 Yes				BATCH-LOG:  Supersede
	RESTART: Yes				ASSISTANCE: Yes
	CORE:    Default			SEQUENCE:   3072


	Control file: FARK:<SWSKIT>DIRPNT.CTL
	Log file:     FARK:<SWSKIT>DIRPNT.LOG


19:37:23 MONITR	 KL2102 - TOPS-20 Development System, TOPS-20 Monitor 6(4723)
19:37:23 MONITR	@SET TIME-LIMIT 1800
19:37:23 MONITR	@LOGIN ZIMA MONITOR
19:37:27 MONITR	 Job 20 on TTY244 5-Apr-82 19:37:27
19:37:30 MONITR	Structure TSG: mounted
19:37:30 MONITR	Structure FARK: mounted
19:37:30 MONITR	Structure SNARK: mounted
19:37:32 MONITR	@
19:37:32 MONITR	[CONNECTED TO FARK:<SWSKIT>]
19:37:32 COMENT	!
19:37:32 COMENT	! NAME: DIRPNT.CTL
19:37:32 COMENT	! DATE: 14-SEP-81
19:37:32 COMENT	!
19:37:32 COMENT	!THIS CONTROL FILE IS PROVIDED FOR INFORMATION PURPOSES ONLY.  THE
19:37:32 COMENT	!PURPOSE OF THE FILE IS TO DOCUMENT THE PROCEDURES USED TO BUILD
19:37:32 COMENT	!THE DISTRIBUTED SOFTWARE.  IT IS UNLIKELY THAT THIS CONTROL FILE
19:37:32 COMENT	!WILL BE ABLE TO BE SUBMITTED WITHOUT MODIFICATION ON CUSTOMER
19:37:32 COMENT	!SYSTEMS.
19:37:32 COMENT	!
19:37:32 COMENT	! FUNCTION:	THIS CONTROL FILE BUILDS DIRPNT FROM ITS BASIC 
19:37:32 COMENT	!		SOURCES.  THE FILES CREATED BY THIS JOB ARE:
19:37:32 COMENT	!				DIRPNT.EXE
19:37:32 COMENT	!
19:37:32 COMENT	! SUBMIT WITH THE SWITCH "/TAG:CREF" TO OBTAIN
19:37:32 COMENT	!   A CREF LISTING OF THE SOURCE FILE
19:37:32 COMENT	!
19:37:32 BATCH	DEF FOO: NUL:
19:37:35 MONITR	@
19:37:35 BATCH	@GOTO A
19:37:35 LABEL	A::
19:37:35 COMENT	!
19:37:35 BATCH	@INFORMATION LOGICAL-NAMES ALL
19:37:36 MONITR	Job-wide logical names:
19:37:36 MONITR	
19:37:36 MONITR	A4: => TSG:<4-FIELD-IMAGE.ARPA-UTILITIES>
19:37:36 MONITR	A41: => FARK:<4-1-FIELD-IMAGE.ARPA-UTILITIES>
19:37:36 MONITR	A5: => FARK:<5-FIELD-IMAGE.ARPA-UTILITIES>
19:37:36 MONITR	A6: => SNARK:<6.ARPA-UTILITIES>
19:37:36 MONITR	AA4: => FARK:<4-WORKING-SOURCES.ARPA-UTILITIES>
19:37:36 MONITR	AA41: => FARK:<4-1-WORKING-SOURCES.ARPA-UTILITIES>
19:37:36 MONITR	AA5: => FARK:<5-WORKING-SOURCES.ARPA-UTILITIES>
19:37:36 MONITR	AALU: => FARK:<ALU>
19:37:36 MONITR	ADOC: => FARK:<AUTOPATCH.T20.MONITO>
19:37:36 MONITR	ADOCE: => FARK:<AUTOPATCH.T20.EXEC>
19:37:36 MONITR	ADOCU: => FARK:<AUTOPATCH.T20.UTILITIES>
19:37:36 MONITR	AE4: => FARK:<4-WORKING-SOURCES.EXEC>
19:37:36 MONITR	AE41: => FARK:<4-1-WORKING-SOURCES.EXEC>
19:37:36 MONITR	AE5: => FARK:<5-WORKING-SOURCES.EXEC>
19:37:36 MONITR	AFE: => FARK:<4-FROZEN-SOURCES.EXEC>
19:37:36 MONITR	AFM: => FARK:<4-FROZEN-SOURCES.MONITOR>
19:37:36 MONITR	AFU: => FARK:<4-FROZEN-SOURCES.UTILITIES>
19:37:36 MONITR	AHST: => FARK:<AUTOPATCH.T20>
19:37:36 MONITR	ALIB: => FARK:<AUTOPATCH.T20BLD>
19:37:36 MONITR	ALL: => DSK*:<*>*.*.*
19:37:36 MONITR	ALU: => FARK:<ALU>
19:37:36 MONITR	AM4: => FARK:<4-WORKING-SOURCES.MONITOR>
19:37:36 MONITR	AM41: => FARK:<4-1-WORKING-SOURCES.MONITOR>
19:37:36 MONITR	AM5: => FARK:<5-WORKING-SOURCES.MONITOR>
19:37:36 MONITR	ASG: => PS:<ASG>
19:37:36 MONITR	AU4: => FARK:<4-WORKING-SOURCES.UTILITIES>
19:37:36 MONITR	AU41: => FARK:<4-1-WORKING-SOURCES.UTILITIES>
19:37:37 MONITR	AU5: => FARK:<5-WORKING-SOURCES.UTILITIES>
19:37:37 MONITR	CKS: => PS:<CSMITH>
19:37:37 MONITR	CRSH: => TSG:<ZIMA.CRASH>
19:37:37 MONITR	DA5: => SNARK:<5.ARPA-UTILITIES>
19:37:37 MONITR	DE5: => SNARK:<5.EXEC>
19:37:37 MONITR	DIB: => PS:<DBELL>,TSG:<ZIMA.DBELL>
19:37:37 MONITR	DM5: => SNARK:<5.MONITOR>
19:37:37 MONITR	DOC: => PS:<DOC-SPECS>
19:37:37 MONITR	DSK: => DSK:,JGZ:
19:37:37 MONITR	DU5: => SNARK:<5.UTILITIES>
19:37:37 MONITR	E4: => TSG:<4-FIELD-IMAGE.EXEC>
19:37:37 MONITR	E41: => FARK:<4-1-FIELD-IMAGE.EXEC>
19:37:37 MONITR	E5: => FARK:<5-FIELD-IMAGE.EXEC>
19:37:37 MONITR	E6: => SNARK:<6.EXEC>
19:37:37 MONITR	EDITOR: => SYS:TV.EXE
19:37:37 MONITR	FOLK: => PS:<FOLKLORE>
19:37:37 MONITR	FOO: => NUL:
19:37:37 MONITR	JGZ: => TSG:<ZIMA>,PS:<ZIMA>
19:37:37 MONITR	KMR: => PS:<RABIDEAU>,TSG:<RABIDEAU>
19:37:37 MONITR	KR: => TSG:<ROSENBLUH>,TSG:<ROSENBLUH*>
19:37:37 MONITR	M4: => TSG:<4-FIELD-IMAGE.MONITOR>
19:37:37 MONITR	M41: => FARK:<4-1-FIELD-IMAGE.MONITOR>
19:37:37 MONITR	M5: => FARK:<5-FIELD-IMAGE.MONITOR>
19:37:37 MONITR	M6: => SNARK:<6.MONITOR>
19:37:37 MONITR	MAC: => TSG:<ZIMA.MAC>
19:37:37 MONITR	MEM: => TSG:<ZIMA.MEMOS>
19:37:37 MONITR	MRP: => TSG:<RP20-FIELD-IMAGE.MONITOR>
19:37:37 MONITR	NOTE: => JGZ:NOTE.TXT
19:37:37 MONITR	PED: => TSG:<DONAHUE>,PS:<DONAHUE>
19:37:37 MONITR	RDH: => PS:<HOUK>
19:37:37 MONITR	RMT: => TSG:<TILLSON>,TSG:<TILLSON*>
19:37:37 MONITR	S: => SYSTEM:
19:37:37 MONITR	SAM: => TSG:<MAYO>,TSG:<MAYO*>
19:37:38 MONITR	SPR: => TSG:<ZIMA.SPR>
19:37:38 MONITR	SPRLOG: => PS:<ZIMA>SPRLOG.TXT
19:37:38 MONITR	SWS: => TSG:<ZIMA.SWSKIT>
19:37:38 MONITR	SWSH: => FARK:<SWSKIT.HACKS>
19:37:38 MONITR	SWSKIT: => FARK:<SWSKIT>
19:37:38 MONITR	SYS: => DSK:,SYS:
19:37:38 MONITR	TAM: => TSG:<MOSER>,PS:<MOSER>
19:37:38 MONITR	TARL: => PS:<NEUSTAEDTER>
19:37:38 MONITR	TVBACK: => TSG:<ZIMA>
19:37:38 MONITR	TW: => PS:<WING>
19:37:38 MONITR	U: => PS:<UNSUPPORTED>
19:37:38 MONITR	U4: => TSG:<4-FIELD-IMAGE.UTILITIES>
19:37:38 MONITR	U41: => FARK:<4-1-FIELD-IMAGE.UTILITIES>
19:37:38 MONITR	U5: => FARK:<5-FIELD-IMAGE.UTILITIES>
19:37:38 MONITR	U6: => SNARK:<6.UTILITIES>
19:37:38 MONITR	URP: => TSG:<RP20-FIELD-IMAGE.UTILITIES>
19:37:38 MONITR	
19:37:38 MONITR	System-wide logical names:
19:37:38 MONITR	
19:37:38 MONITR	ACCOUNT: => PS:<ACCOUNTS>
19:37:38 MONITR	BLI: => PS:<BRELEASE>,PS:<BRELEASE.XPORT>,PS:<BRELEASE.BLIS16>,PS:<BLISS>
19:37:38 MONITR	CR: => CDR:
19:37:38 MONITR	D60: => PS:<DN60>
19:37:38 MONITR	DIABLO: => DCN:KL2137-TASK-DIABLO
19:37:38 MONITR	DL1: => TTY202:
19:37:38 MONITR	DL2: => TTY203:
19:37:38 MONITR	DL3: => TTY204:
19:37:38 MONITR	DMP: => DUMP:<DUMPS>
19:37:38 MONITR	DNA: => SNARK:<NETARCH>
19:37:38 MONITR	DOC: => PS:<DOC-SPECS>
19:37:38 MONITR	DS: => DSK:
19:37:38 MONITR	EDITOR: => SYS:EDIT.EXE
19:37:38 MONITR	EMACS: => PS:<EMACS>
19:37:38 MONITR	FIELDI: => PS:<FIELD-IMAGE>
19:37:38 MONITR	GAM: => PS:<GAMES>
19:37:38 MONITR	HLP: => PS:<HELP>,SYS:
19:37:38 MONITR	INFO: => PS:<INFO>
19:37:38 MONITR	JUPDS: => SNARK:<JUPITER.DESIGN-SPECS>
19:37:39 MONITR	JUPFS: => SNARK:<JUPITER.FUNCTIONAL-SPECS>
19:37:39 MONITR	LL: => LPT0:,LPT1:
19:37:39 MONITR	LOADTS: => PS:<LOADTEST>
19:37:39 MONITR	LP: => LPT:
19:37:39 MONITR	MAIL: => PS:<MAIL>
19:37:39 MONITR	MAIL-SOFTWARE: => PS:<SYSTEM>
19:37:39 MONITR	MONDOC: => SNARK:<MONITOR.DOCUMENTS>
19:37:39 MONITR	NAME-DIRECTORY: => DCN:KL2102-209
19:37:39 MONITR	NETLIB: => PS:<NETWORK-LIBRARY>
19:37:39 MONITR	NEW: => PS:<NEXT-RELEASE>,PS:<LOADTEST>
19:37:39 MONITR	NEXTRL: => PS:<NEXT-RELEASE>
19:37:39 MONITR	OLD: => PS:<FIELD-IMAGE>,PS:<UNSUPPORTED>
19:37:39 MONITR	OUR1650: => TTY142:
19:37:39 MONITR	PCL: => PS:<PCL>
19:37:39 MONITR	POST-OFFICE: => PS:<OPERATOR>
19:37:39 MONITR	PROTO: => PS:<PROTO>
19:37:39 MONITR	PS: => PS:
19:37:39 MONITR	REL: => SYS:
19:37:39 MONITR	SERR: => PS:<SYSTEM-ERROR>
19:37:39 MONITR	SY: => SYS:
19:37:39 MONITR	SYS: => LOADTS:,NEXTRL:,FIELDI:,UNSUPP:,GAM:
19:37:39 MONITR	SYSD: => NEXTRL:,FIELDI:,UNSUPP:,GAM:
19:37:39 MONITR	SYSTEM: => PS:<SYSTEM>
19:37:39 MONITR	TO: => SYS:HOST.EXE
19:37:39 MONITR	TT: => TTY:
19:37:39 MONITR	UNSUPP: => PS:<UNSUPPORTED>
19:37:39 MONITR	XPN: => DUMP:<DUMPS>
19:37:39 MONITR	@
19:37:39 COMENT	!
19:37:39 COMENT	! TAKE A CHECKSUMMED DIRECTORY OF ALL THE INPUT FILES
19:37:39 COMENT	!
19:37:39 BATCH	@VDIRECT SYS:MACRO.EXE,SYS:LINK.EXE,SYS:CREF.EXE,DIRPNT.MAC,
19:37:40 MONITR	@@CHECKSUM SEQ
19:37:40 MONITR	@@
19:37:40 MONITR	
19:37:40 MONITR	   TSG:<ZIMA>
19:37:41 MONITR	 MACRO.EXE.1;P777752       35 17920(36)  12-Dec-79 12:37:21 ZIMA      113320  
19:37:41 MONITR	
19:37:41 MONITR	   PS:<LOADTEST>
19:37:42 MONITR	 LINK.EXE.5;P777752       101 51712(36)   2-Mar-82 15:31:42 HARDY     052715  
19:37:43 MONITR	
19:37:43 MONITR	   PS:<NEXT-RELEASE>
19:37:45 MONITR	 CREF.EXE.1;P777752        11 5632(36)   15-Jul-80 09:33:48 PAETZOLD  763472  
19:37:45 MONITR	
19:37:45 MONITR	   FARK:<SWSKIT>
19:37:46 MONITR	 DIRPNT.MAC.1;P777700      31 77057(7)   30-Jan-80 17:19:50 ZIMA      611642  
19:37:47 MONITR	
19:37:47 MONITR	 Grand total of 178 pages in 4 files, Checksum = 403062
19:37:47 MONITR	@VDIRECT SYS:MONSYM.UNV,SYS:MACSYM.UNV,SYS:MACREL.REL,SYS:PA1050.EXE,
19:37:47 MONITR	@@CHECKSUM SEQ
19:37:47 MONITR	@@
19:37:47 MONITR	
19:37:47 MONITR	   PS:<NEXT-RELEASE>
19:37:49 MONITR	 MONSYM.UNV.29;P777752     46 23529(36)  22-Jan-82 17:14:21 MURPHY    404000  
19:37:49 MONITR	 MACSYM.UNV.26;P777752     13 6536(36)   22-Feb-82 17:39:30 MURPHY    542721  
19:37:49 MONITR	 MACREL.REL.26;P777752      1 465(36)    22-Feb-82 17:39:36 MURPHY    743422  
19:37:51 MONITR	 PA1050.EXE.6;P777752      29 14848(36)   4-Dec-81 11:34:14 MAYO      064430  
19:37:51 MONITR	
19:37:51 MONITR	 Total of 89 pages in 4 files, Checksum = 025604
19:37:51 MONITR	@GET SYS:MACRO
19:37:52 MONITR	@INFORMATION VERSION
19:37:52 MONITR	 KL2102 - TOPS-20 Development System, TOPS-20 Monitor 6(4723)
19:37:52 MONITR	 TOPS-20 Command processor 6(730)
19:37:52 MONITR	 Program is MACRO, version is 53.1(1152)
19:37:52 MONITR	@GET SYS:LINK
19:37:53 MONITR	@INFORMATION VERSION
19:37:53 MONITR	 KL2102 - TOPS-20 Development System, TOPS-20 Monitor 6(4723)
19:37:53 MONITR	 TOPS-20 Command processor 6(730)
19:37:53 MONITR	 Program is LINK, version is 5(1464)
19:37:53 MONITR	PDVs:	Program name LINK, version 5(1464)
19:37:53 MONITR	@GET SYS:CREF
19:37:54 MONITR	@INFORMATION VERSION
19:37:54 MONITR	 KL2102 - TOPS-20 Development System, TOPS-20 Monitor 6(4723)
19:37:54 MONITR	 TOPS-20 Command processor 6(730)
19:37:54 MONITR	 Program is CREF, version is 53.2(71)
19:37:54 MONITR	@
19:37:54 COMENT	!
19:37:54 BATCH	@COMPILE /CREF/COMPILE DIRPNT.MAC
19:37:58 USER	MACRO:	DIRPNT
19:38:46 USER	
19:38:46 USER	EXIT
19:38:46 MONITR	@
19:38:46 COMENT	!
19:38:46 BATCH	@R CREF
19:38:47 USER	*FOO:DIRPNT.LST=DIRPNT.CRF
19:39:02 USER	[CRFXKC 9K core]
19:39:02 USER	*
19:39:02 COMENT	!
19:39:02 BATCH	*^C
19:39:02 MONITR	@LOAD DIRPNT
19:39:04 USER	LINK:	Loading
19:39:09 USER	
19:39:09 USER	EXIT
19:39:09 MONITR	@
19:39:09 COMENT	!
19:39:09 BATCH	@SAVE DIRPNT
19:39:10 MONITR	 DIRPNT.EXE.3 Saved
19:39:10 MONITR	@INFORMATION VERSION
19:39:10 MONITR	 KL2102 - TOPS-20 Development System, TOPS-20 Monitor 6(4723)
19:39:10 MONITR	 TOPS-20 Command processor 6(730)
19:39:11 MONITR	 Program is DIRPNT, version is 14(100)
19:39:11 MONITR	@
19:39:11 COMENT	!
19:39:11 BATCH	@DIRECT DIRPNT.EXE,
19:39:11 MONITR	@@CHECKSUM SEQ
19:39:11 MONITR	@@
19:39:11 MONITR	
19:39:11 MONITR	   FARK:<SWSKIT>
19:39:11 MONITR			  Checksum
19:39:11 MONITR	
19:39:12 MONITR	 DIRPNT.EXE.3     731526  
19:39:12 MONITR	@
19:39:12 COMENT	!
19:39:12 BATCH	@DELETE DIRPNT.REL
19:39:12 MONITR	 DIRPNT.REL.1 [OK]
19:39:13 MONITR	@
19:39:13 BATCH	@LOGOUT
19:40:13 MONITR	Killed by OPERATOR, TTY 234
19:40:13 MONITR	Killed Job 20, User ZIMA, Account MONITOR, TTY 244,
19:40:13 MONITR	  at  5-Apr-82 19:39:15,  Used 0:00:44 in 0:02:46
