			 5-Apr-82 19:49:04

BATCON Version	104(4665)			GLXLIB Version	1(1124)

	    Job DIRTST Req #23 for ZIMA in stream 1

	OUTPUT:	 Nolog				TIME-LIMIT: 0:30:00
	UNIQUE:	 Yes				BATCH-LOG:  Supersede
	RESTART: Yes				ASSISTANCE: Yes
	CORE:    Default			SEQUENCE:   3073


	Control file: FARK:<SWSKIT>DIRTST.CTL
	Log file:     FARK:<SWSKIT>DIRTST.LOG


19:49:04 USER	 KL2102 - TOPS-20 Development System, TOPS-20 Monitor 6(4723)
19:49:04 MONITR	@SET TIME-LIMIT 1800
19:49:05 MONITR	@LOGIN ZIMA MONITOR
19:49:08 MONITR	 Job 20 on TTY244 5-Apr-82 19:49:08
19:49:12 MONITR	Structure TSG: mounted
19:49:12 MONITR	Structure FARK: mounted
19:49:12 MONITR	Structure SNARK: mounted
19:49:17 MONITR	@
19:49:17 MONITR	[CONNECTED TO FARK:<SWSKIT>]
19:49:17 COMENT	!
19:49:17 COMENT	! NAME: DIRTST.CTL
19:49:17 COMENT	! DATE: 14-SEP-81
19:49:17 COMENT	!
19:49:17 COMENT	!THIS CONTROL FILE IS PROVIDED FOR INFORMATION PURPOSES ONLY.  THE
19:49:17 COMENT	!PURPOSE OF THE FILE IS TO DOCUMENT THE PROCEDURES USED TO BUILD
19:49:17 COMENT	!THE DISTRIBUTED SOFTWARE.  IT IS UNLIKELY THAT THIS CONTROL FILE
19:49:17 COMENT	!WILL BE ABLE TO BE SUBMITTED WITHOUT MODIFICATION ON CUSTOMER
19:49:17 COMENT	!SYSTEMS.
19:49:17 COMENT	!
19:49:17 COMENT	! FUNCTION:	THIS CONTROL FILE BUILDS DIRTST FROM ITS BASIC 
19:49:17 COMENT	!		SOURCES.  THE FILES CREATED BY THIS JOB ARE:
19:49:17 COMENT	!				DIRTST.EXE
19:49:17 COMENT	!
19:49:17 COMENT	! SUBMIT WITH THE SWITCH "/TAG:CREF" TO OBTAIN
19:49:17 COMENT	!   A CREF LISTING OF THE SOURCE FILE
19:49:17 COMENT	!
19:49:17 BATCH	DEF FOO: NUL:
19:49:17 MONITR	@
19:49:17 BATCH	@GOTO A
19:49:17 LABEL	A::
19:49:17 COMENT	!
19:49:17 BATCH	@INFORMATION LOGICAL-NAMES ALL
19:49:17 MONITR	Job-wide logical names:
19:49:17 MONITR	
19:49:17 MONITR	A4: => TSG:<4-FIELD-IMAGE.ARPA-UTILITIES>
19:49:17 MONITR	A41: => FARK:<4-1-FIELD-IMAGE.ARPA-UTILITIES>
19:49:17 MONITR	A5: => FARK:<5-FIELD-IMAGE.ARPA-UTILITIES>
19:49:18 MONITR	A6: => SNARK:<6.ARPA-UTILITIES>
19:49:18 MONITR	AA4: => FARK:<4-WORKING-SOURCES.ARPA-UTILITIES>
19:49:18 MONITR	AA41: => FARK:<4-1-WORKING-SOURCES.ARPA-UTILITIES>
19:49:18 MONITR	AA5: => FARK:<5-WORKING-SOURCES.ARPA-UTILITIES>
19:49:18 MONITR	AALU: => FARK:<ALU>
19:49:18 MONITR	ADOC: => FARK:<AUTOPATCH.T20.MONITO>
19:49:18 MONITR	ADOCE: => FARK:<AUTOPATCH.T20.EXEC>
19:49:18 MONITR	ADOCU: => FARK:<AUTOPATCH.T20.UTILITIES>
19:49:18 MONITR	AE4: => FARK:<4-WORKING-SOURCES.EXEC>
19:49:18 MONITR	AE41: => FARK:<4-1-WORKING-SOURCES.EXEC>
19:49:18 MONITR	AE5: => FARK:<5-WORKING-SOURCES.EXEC>
19:49:18 MONITR	AFE: => FARK:<4-FROZEN-SOURCES.EXEC>
19:49:18 MONITR	AFM: => FARK:<4-FROZEN-SOURCES.MONITOR>
19:49:18 MONITR	AFU: => FARK:<4-FROZEN-SOURCES.UTILITIES>
19:49:18 MONITR	AHST: => FARK:<AUTOPATCH.T20>
19:49:18 MONITR	ALIB: => FARK:<AUTOPATCH.T20BLD>
19:49:18 MONITR	ALL: => DSK*:<*>*.*.*
19:49:18 MONITR	ALU: => FARK:<ALU>
19:49:18 MONITR	AM4: => FARK:<4-WORKING-SOURCES.MONITOR>
19:49:18 MONITR	AM41: => FARK:<4-1-WORKING-SOURCES.MONITOR>
19:49:18 MONITR	AM5: => FARK:<5-WORKING-SOURCES.MONITOR>
19:49:18 MONITR	ASG: => PS:<ASG>
19:49:18 MONITR	AU4: => FARK:<4-WORKING-SOURCES.UTILITIES>
19:49:18 MONITR	AU41: => FARK:<4-1-WORKING-SOURCES.UTILITIES>
19:49:18 MONITR	AU5: => FARK:<5-WORKING-SOURCES.UTILITIES>
19:49:18 MONITR	CKS: => PS:<CSMITH>
19:49:18 MONITR	CRSH: => TSG:<ZIMA.CRASH>
19:49:18 MONITR	DA5: => SNARK:<5.ARPA-UTILITIES>
19:49:18 MONITR	DE5: => SNARK:<5.EXEC>
19:49:18 MONITR	DIB: => PS:<DBELL>,TSG:<ZIMA.DBELL>
19:49:18 MONITR	DM5: => SNARK:<5.MONITOR>
19:49:19 MONITR	DOC: => PS:<DOC-SPECS>
19:49:19 MONITR	DSK: => DSK:,JGZ:
19:49:19 MONITR	DU5: => SNARK:<5.UTILITIES>
19:49:19 MONITR	E4: => TSG:<4-FIELD-IMAGE.EXEC>
19:49:19 MONITR	E41: => FARK:<4-1-FIELD-IMAGE.EXEC>
19:49:19 MONITR	E5: => FARK:<5-FIELD-IMAGE.EXEC>
19:49:19 MONITR	E6: => SNARK:<6.EXEC>
19:49:19 MONITR	EDITOR: => SYS:TV.EXE
19:49:19 MONITR	FOLK: => PS:<FOLKLORE>
19:49:19 MONITR	FOO: => NUL:
19:49:19 MONITR	JGZ: => TSG:<ZIMA>,PS:<ZIMA>
19:49:19 MONITR	KMR: => PS:<RABIDEAU>,TSG:<RABIDEAU>
19:49:19 MONITR	KR: => TSG:<ROSENBLUH>,TSG:<ROSENBLUH*>
19:49:19 MONITR	M4: => TSG:<4-FIELD-IMAGE.MONITOR>
19:49:19 MONITR	M41: => FARK:<4-1-FIELD-IMAGE.MONITOR>
19:49:19 MONITR	M5: => FARK:<5-FIELD-IMAGE.MONITOR>
19:49:19 MONITR	M6: => SNARK:<6.MONITOR>
19:49:19 MONITR	MAC: => TSG:<ZIMA.MAC>
19:49:19 MONITR	MEM: => TSG:<ZIMA.MEMOS>
19:49:19 MONITR	MRP: => TSG:<RP20-FIELD-IMAGE.MONITOR>
19:49:19 MONITR	NOTE: => JGZ:NOTE.TXT
19:49:19 MONITR	PED: => TSG:<DONAHUE>,PS:<DONAHUE>
19:49:19 MONITR	RDH: => PS:<HOUK>
19:49:19 MONITR	RMT: => TSG:<TILLSON>,TSG:<TILLSON*>
19:49:19 MONITR	S: => SYSTEM:
19:49:19 MONITR	SAM: => TSG:<MAYO>,TSG:<MAYO*>
19:49:19 MONITR	SPR: => TSG:<ZIMA.SPR>
19:49:19 MONITR	SPRLOG: => PS:<ZIMA>SPRLOG.TXT
19:49:19 MONITR	SWS: => TSG:<ZIMA.SWSKIT>
19:49:19 MONITR	SWSH: => FARK:<SWSKIT.HACKS>
19:49:19 MONITR	SWSKIT: => FARK:<SWSKIT>
19:49:19 MONITR	SYS: => DSK:,SYS:
19:49:19 MONITR	TAM: => TSG:<MOSER>,PS:<MOSER>
19:49:19 MONITR	TARL: => PS:<NEUSTAEDTER>
19:49:19 MONITR	TVBACK: => TSG:<ZIMA>
19:49:19 MONITR	TW: => PS:<WING>
19:49:19 MONITR	U: => PS:<UNSUPPORTED>
19:49:20 MONITR	U4: => TSG:<4-FIELD-IMAGE.UTILITIES>
19:49:20 MONITR	U41: => FARK:<4-1-FIELD-IMAGE.UTILITIES>
19:49:20 MONITR	U5: => FARK:<5-FIELD-IMAGE.UTILITIES>
19:49:21 MONITR	U6: => SNARK:<6.UTILITIES>
19:49:21 MONITR	URP: => TSG:<RP20-FIELD-IMAGE.UTILITIES>
19:49:21 MONITR	
19:49:21 MONITR	System-wide logical names:
19:49:21 MONITR	
19:49:21 MONITR	ACCOUNT: => PS:<ACCOUNTS>
19:49:21 MONITR	BLI: => PS:<BRELEASE>,PS:<BRELEASE.XPORT>,PS:<BRELEASE.BLIS16>,PS:<BLISS>
19:49:21 MONITR	CR: => CDR:
19:49:21 MONITR	D60: => PS:<DN60>
19:49:21 MONITR	DIABLO: => DCN:KL2137-TASK-DIABLO
19:49:21 MONITR	DL1: => TTY202:
19:49:21 MONITR	DL2: => TTY203:
19:49:21 MONITR	DL3: => TTY204:
19:49:21 MONITR	DMP: => DUMP:<DUMPS>
19:49:21 MONITR	DNA: => SNARK:<NETARCH>
19:49:21 MONITR	DOC: => PS:<DOC-SPECS>
19:49:21 MONITR	DS: => DSK:
19:49:21 MONITR	EDITOR: => SYS:EDIT.EXE
19:49:21 MONITR	EMACS: => PS:<EMACS>
19:49:21 MONITR	FIELDI: => PS:<FIELD-IMAGE>
19:49:21 MONITR	GAM: => PS:<GAMES>
19:49:21 MONITR	HLP: => PS:<HELP>,SYS:
19:49:21 MONITR	INFO: => PS:<INFO>
19:49:21 MONITR	JUPDS: => SNARK:<JUPITER.DESIGN-SPECS>
19:49:21 MONITR	JUPFS: => SNARK:<JUPITER.FUNCTIONAL-SPECS>
19:49:21 MONITR	LL: => LPT0:,LPT1:
19:49:21 MONITR	LOADTS: => PS:<LOADTEST>
19:49:21 MONITR	LP: => LPT:
19:49:21 MONITR	MAIL: => PS:<MAIL>
19:49:21 MONITR	MAIL-SOFTWARE: => PS:<SYSTEM>
19:49:22 MONITR	MONDOC: => SNARK:<MONITOR.DOCUMENTS>
19:49:22 MONITR	NAME-DIRECTORY: => DCN:KL2102-209
19:49:22 MONITR	NETLIB: => PS:<NETWORK-LIBRARY>
19:49:22 MONITR	NEW: => PS:<NEXT-RELEASE>,PS:<LOADTEST>
19:49:22 MONITR	NEXTRL: => PS:<NEXT-RELEASE>
19:49:22 MONITR	OLD: => PS:<FIELD-IMAGE>,PS:<UNSUPPORTED>
19:49:22 MONITR	OUR1650: => TTY142:
19:49:22 MONITR	PCL: => PS:<PCL>
19:49:22 MONITR	POST-OFFICE: => PS:<OPERATOR>
19:49:22 MONITR	PROTO: => PS:<PROTO>
19:49:22 MONITR	PS: => PS:
19:49:22 MONITR	REL: => SYS:
19:49:22 MONITR	SERR: => PS:<SYSTEM-ERROR>
19:49:22 MONITR	SY: => SYS:
19:49:22 MONITR	SYS: => LOADTS:,NEXTRL:,FIELDI:,UNSUPP:,GAM:
19:49:22 MONITR	SYSD: => NEXTRL:,FIELDI:,UNSUPP:,GAM:
19:49:22 MONITR	SYSTEM: => PS:<SYSTEM>
19:49:22 MONITR	TO: => SYS:HOST.EXE
19:49:22 MONITR	TT: => TTY:
19:49:22 MONITR	UNSUPP: => PS:<UNSUPPORTED>
19:49:22 MONITR	XPN: => DUMP:<DUMPS>
19:49:22 MONITR	@
19:49:22 COMENT	!
19:49:22 COMENT	! TAKE A CHECKSUMMED DIRECTORY OF ALL THE INPUT FILES
19:49:22 COMENT	!
19:49:22 BATCH	@VDIRECT SYS:MACRO.EXE,SYS:LINK.EXE,SYS:CREF.EXE,DIRTST.MAC,
19:49:23 MONITR	@@CHECKSUM SEQ
19:49:23 MONITR	@@
19:49:23 MONITR	
19:49:23 MONITR	   TSG:<ZIMA>
19:49:25 MONITR	 MACRO.EXE.1;P777752       35 17920(36)  12-Dec-79 12:37:21 ZIMA      113320  
19:49:25 MONITR	
19:49:25 MONITR	   PS:<LOADTEST>
19:49:31 MONITR	 LINK.EXE.5;P777752       101 51712(36)   2-Mar-82 15:31:42 HARDY     052715  
19:49:31 MONITR	
19:49:31 MONITR	   PS:<NEXT-RELEASE>
19:49:31 MONITR	 CREF.EXE.1;P777752        11 5632(36)   15-Jul-80 09:33:48 PAETZOLD  763472  
19:49:31 MONITR	
19:49:31 MONITR	   FARK:<SWSKIT>
19:49:33 MONITR	 DIRTST.MAC.1;P777700      41 104025(7)  22-Jan-80 14:07:57 ZIMA      461754  
19:49:33 MONITR	
19:49:33 MONITR	 Grand total of 188 pages in 4 files, Checksum = 745671
19:49:33 MONITR	@VDIRECT SYS:MONSYM.UNV,SYS:MACSYM.UNV,SYS:MACREL.REL,SYS:PA1050.EXE,
19:49:33 MONITR	@@CHECKSUM SEQ
19:49:33 MONITR	@@
19:49:34 MONITR	
19:49:34 MONITR	   PS:<NEXT-RELEASE>
19:49:36 MONITR	 MONSYM.UNV.29;P777752     46 23529(36)  22-Jan-82 17:14:21 MURPHY    404000  
19:49:37 MONITR	 MACSYM.UNV.26;P777752     13 6536(36)   22-Feb-82 17:39:30 MURPHY    542721  
19:49:37 MONITR	 MACREL.REL.26;P777752      1 465(36)    22-Feb-82 17:39:36 MURPHY    743422  
19:49:38 MONITR	 PA1050.EXE.6;P777752      29 14848(36)   4-Dec-81 11:34:14 MAYO      064430  
19:49:38 MONITR	
19:49:38 MONITR	 Total of 89 pages in 4 files, Checksum = 025604
19:49:38 MONITR	@GET SYS:MACRO
19:49:39 MONITR	@INFORMATION VERSION
19:49:39 MONITR	 KL2102 - TOPS-20 Development System, TOPS-20 Monitor 6(4723)
19:49:39 MONITR	 TOPS-20 Command processor 6(730)
19:49:39 MONITR	 Program is MACRO, version is 53.1(1152)
19:49:39 MONITR	@GET SYS:LINK
19:49:40 MONITR	@INFORMATION VERSION
19:49:40 MONITR	 KL2102 - TOPS-20 Development System, TOPS-20 Monitor 6(4723)
19:49:40 MONITR	 TOPS-20 Command processor 6(730)
19:49:40 MONITR	 Program is LINK, version is 5(1464)
19:49:40 MONITR	PDVs:	Program name LINK, version 5(1464)
19:49:40 MONITR	@GET SYS:CREF
19:49:41 MONITR	@INFORMATION VERSION
19:49:41 MONITR	 KL2102 - TOPS-20 Development System, TOPS-20 Monitor 6(4723)
19:49:41 MONITR	 TOPS-20 Command processor 6(730)
19:49:41 MONITR	 Program is CREF, version is 53.2(71)
19:49:41 MONITR	@
19:49:41 COMENT	!
19:49:41 BATCH	@COMPILE /CREF/COMPILE DIRTST.MAC
19:49:44 USER	MACRO:	DIRTST
19:50:43 USER	
19:50:43 USER	EXIT
19:50:43 MONITR	@
19:50:43 COMENT	!
19:50:43 BATCH	@R CREF
19:50:45 USER	*FOO:DIRTST.LST=DIRTST.CRF
19:51:01 USER	[CRFXKC 10K core]
19:51:01 USER	*
19:51:01 COMENT	!
19:51:01 BATCH	*^C
19:51:01 MONITR	@LOAD DIRTST
19:51:02 USER	LINK:	Loading
19:51:05 USER	
19:51:05 USER	EXIT
19:51:05 MONITR	@
19:51:05 COMENT	!
19:51:05 BATCH	@SAVE DIRTST
19:51:07 MONITR	 DIRTST.EXE.3 Saved
19:51:07 MONITR	@INFORMATION VERSION
19:51:07 MONITR	 KL2102 - TOPS-20 Development System, TOPS-20 Monitor 6(4723)
19:51:07 MONITR	 TOPS-20 Command processor 6(730)
19:51:07 MONITR	 Program is DIRTST, version is 15(47)
19:51:07 MONITR	@
19:51:07 COMENT	!
19:51:07 BATCH	@DIRECT DIRTST.EXE,
19:51:07 MONITR	@@CHECKSUM SEQ
19:51:07 MONITR	@@
19:51:07 MONITR	
19:51:07 MONITR	   FARK:<SWSKIT>
19:51:07 MONITR			  Checksum
19:51:07 MONITR	
19:51:08 MONITR	 DIRTST.EXE.3     425572  
19:51:08 MONITR	@
19:51:08 COMENT	!
19:51:08 BATCH	@DELETE DIRTST.REL
19:51:08 MONITR	 DIRTST.REL.1 [OK]
19:51:09 MONITR	@
19:51:09 BATCH	@LOGOUT
19:52:09 MONITR	Killed by OPERATOR, TTY 234
19:52:09 MONITR	Killed Job 20, User ZIMA, Account MONITOR, TTY 244,
19:52:09 MONITR	  at  5-Apr-82 19:51:11,  Used 0:00:53 in 0:03:01
  