			 5-Apr-82 19:52:11

BATCON Version	104(4665)			GLXLIB Version	1(1124)

	    Job DS Req #24 for ZIMA in stream 1

	OUTPUT:	 Nolog				TIME-LIMIT: 0:30:00
	UNIQUE:	 Yes				BATCH-LOG:  Supersede
	RESTART: Yes				ASSISTANCE: Yes
	CORE:    Default			SEQUENCE:   3074


	Control file: FARK:<SWSKIT>DS.CTL
	Log file:     FARK:<SWSKIT>DS.LOG


19:52:12 MONITR	 KL2102 - TOPS-20 Development System, TOPS-20 Monitor 6(4723)
19:52:12 MONITR	@SET TIME-LIMIT 1800
19:52:12 MONITR	@LOGIN ZIMA MONITOR
19:52:15 MONITR	 Job 20 on TTY244 5-Apr-82 19:52:15
19:52:20 MONITR	Structure TSG: mounted
19:52:20 MONITR	Structure FARK: mounted
19:52:20 MONITR	Structure SNARK: mounted
19:52:24 MONITR	@
19:52:24 MONITR	[CONNECTED TO FARK:<SWSKIT>]
19:52:24 COMENT	!
19:52:24 COMENT	! NAME: DS.CTL
19:52:24 COMENT	! DATE: 14-SEP-81
19:52:24 COMENT	!
19:52:24 COMENT	!THIS CONTROL FILE IS PROVIDED FOR INFORMATION PURPOSES ONLY.  THE
19:52:24 COMENT	!PURPOSE OF THE FILE IS TO DOCUMENT THE PROCEDURES USED TO BUILD
19:52:24 COMENT	!THE DISTRIBUTED SOFTWARE.  IT IS UNLIKELY THAT THIS CONTROL FILE
19:52:24 COMENT	!WILL BE ABLE TO BE SUBMITTED WITHOUT MODIFICATION ON CUSTOMER
19:52:24 COMENT	!SYSTEMS.
19:52:24 COMENT	!
19:52:24 COMENT	! FUNCTION:	THIS CONTROL FILE BUILDS DS FROM ITS BASIC 
19:52:24 COMENT	!		SOURCES.  THE FILES CREATED BY THIS JOB ARE:
19:52:24 COMENT	!				DS.EXE
19:52:24 COMENT	!
19:52:24 COMENT	! SUBMIT WITH THE SWITCH "/TAG:CREF" TO OBTAIN
19:52:24 COMENT	!   A CREF LISTING OF THE SOURCE FILE
19:52:24 COMENT	!
19:52:24 BATCH	DEF FOO: NUL:
19:52:24 MONITR	@
19:52:24 BATCH	@GOTO A
19:52:24 LABEL	A::
19:52:24 COMENT	!
19:52:24 BATCH	@INFORMATION LOGICAL-NAMES ALL
19:52:25 MONITR	Job-wide logical names:
19:52:25 MONITR	
19:52:25 MONITR	A4: => TSG:<4-FIELD-IMAGE.ARPA-UTILITIES>
19:52:25 MONITR	A41: => FARK:<4-1-FIELD-IMAGE.ARPA-UTILITIES>
19:52:25 MONITR	A5: => FARK:<5-FIELD-IMAGE.ARPA-UTILITIES>
19:52:25 MONITR	A6: => SNARK:<6.ARPA-UTILITIES>
19:52:25 MONITR	AA4: => FARK:<4-WORKING-SOURCES.ARPA-UTILITIES>
19:52:25 MONITR	AA41: => FARK:<4-1-WORKING-SOURCES.ARPA-UTILITIES>
19:52:25 MONITR	AA5: => FARK:<5-WORKING-SOURCES.ARPA-UTILITIES>
19:52:25 MONITR	AALU: => FARK:<ALU>
19:52:25 MONITR	ADOC: => FARK:<AUTOPATCH.T20.MONITO>
19:52:25 MONITR	ADOCE: => FARK:<AUTOPATCH.T20.EXEC>
19:52:25 MONITR	ADOCU: => FARK:<AUTOPATCH.T20.UTILITIES>
19:52:26 MONITR	AE4: => FARK:<4-WORKING-SOURCES.EXEC>
19:52:26 MONITR	AE41: => FARK:<4-1-WORKING-SOURCES.EXEC>
19:52:26 MONITR	AE5: => FARK:<5-WORKING-SOURCES.EXEC>
19:52:26 MONITR	AFE: => FARK:<4-FROZEN-SOURCES.EXEC>
19:52:27 MONITR	AFM: => FARK:<4-FROZEN-SOURCES.MONITOR>
19:52:27 MONITR	AFU: => FARK:<4-FROZEN-SOURCES.UTILITIES>
19:52:27 MONITR	AHST: => FARK:<AUTOPATCH.T20>
19:52:27 MONITR	ALIB: => FARK:<AUTOPATCH.T20BLD>
19:52:27 MONITR	ALL: => DSK*:<*>*.*.*
19:52:27 MONITR	ALU: => FARK:<ALU>
19:52:27 MONITR	AM4: => FARK:<4-WORKING-SOURCES.MONITOR>
19:52:27 MONITR	AM41: => FARK:<4-1-WORKING-SOURCES.MONITOR>
19:52:28 MONITR	AM5: => FARK:<5-WORKING-SOURCES.MONITOR>
19:52:28 MONITR	ASG: => PS:<ASG>
19:52:28 MONITR	AU4: => FARK:<4-WORKING-SOURCES.UTILITIES>
19:52:28 MONITR	AU41: => FARK:<4-1-WORKING-SOURCES.UTILITIES>
19:52:29 MONITR	AU5: => FARK:<5-WORKING-SOURCES.UTILITIES>
19:52:29 MONITR	CKS: => PS:<CSMITH>
19:52:29 MONITR	CRSH: => TSG:<ZIMA.CRASH>
19:52:29 MONITR	DA5: => SNARK:<5.ARPA-UTILITIES>
19:52:29 MONITR	DE5: => SNARK:<5.EXEC>
19:52:29 MONITR	DIB: => PS:<DBELL>,TSG:<ZIMA.DBELL>
19:52:29 MONITR	DM5: => SNARK:<5.MONITOR>
19:52:29 MONITR	DOC: => PS:<DOC-SPECS>
19:52:29 MONITR	DSK: => DSK:,JGZ:
19:52:29 MONITR	DU5: => SNARK:<5.UTILITIES>
19:52:29 MONITR	E4: => TSG:<4-FIELD-IMAGE.EXEC>
19:52:29 MONITR	E41: => FARK:<4-1-FIELD-IMAGE.EXEC>
19:52:29 MONITR	E5: => FARK:<5-FIELD-IMAGE.EXEC>
19:52:29 MONITR	E6: => SNARK:<6.EXEC>
19:52:30 MONITR	EDITOR: => SYS:TV.EXE
19:52:30 MONITR	FOLK: => PS:<FOLKLORE>
19:52:30 MONITR	FOO: => NUL:
19:52:30 MONITR	JGZ: => TSG:<ZIMA>,PS:<ZIMA>
19:52:30 MONITR	KMR: => PS:<RABIDEAU>,TSG:<RABIDEAU>
19:52:30 MONITR	KR: => TSG:<ROSENBLUH>,TSG:<ROSENBLUH*>
19:52:30 MONITR	M4: => TSG:<4-FIELD-IMAGE.MONITOR>
19:52:30 MONITR	M41: => FARK:<4-1-FIELD-IMAGE.MONITOR>
19:52:30 MONITR	M5: => FARK:<5-FIELD-IMAGE.MONITOR>
19:52:30 MONITR	M6: => SNARK:<6.MONITOR>
19:52:30 MONITR	MAC: => TSG:<ZIMA.MAC>
19:52:30 MONITR	MEM: => TSG:<ZIMA.MEMOS>
19:52:30 MONITR	MRP: => TSG:<RP20-FIELD-IMAGE.MONITOR>
19:52:30 MONITR	NOTE: => JGZ:NOTE.TXT
19:52:30 MONITR	PED: => TSG:<DONAHUE>,PS:<DONAHUE>
19:52:30 MONITR	RDH: => PS:<HOUK>
19:52:30 MONITR	RMT: => TSG:<TILLSON>,TSG:<TILLSON*>
19:52:30 MONITR	S: => SYSTEM:
19:52:30 MONITR	SAM: => TSG:<MAYO>,TSG:<MAYO*>
19:52:30 MONITR	SPR: => TSG:<ZIMA.SPR>
19:52:30 MONITR	SPRLOG: => PS:<ZIMA>SPRLOG.TXT
19:52:30 MONITR	SWS: => TSG:<ZIMA.SWSKIT>
19:52:30 MONITR	SWSH: => FARK:<SWSKIT.HACKS>
19:52:30 MONITR	SWSKIT: => FARK:<SWSKIT>
19:52:30 MONITR	SYS: => DSK:,SYS:
19:52:30 MONITR	TAM: => TSG:<MOSER>,PS:<MOSER>
19:52:30 MONITR	TARL: => PS:<NEUSTAEDTER>
19:52:30 MONITR	TVBACK: => TSG:<ZIMA>
19:52:30 MONITR	TW: => PS:<WING>
19:52:30 MONITR	U: => PS:<UNSUPPORTED>
19:52:30 MONITR	U4: => TSG:<4-FIELD-IMAGE.UTILITIES>
19:52:30 MONITR	U41: => FARK:<4-1-FIELD-IMAGE.UTILITIES>
19:52:30 MONITR	U5: => FARK:<5-FIELD-IMAGE.UTILITIES>
19:52:30 MONITR	U6: => SNARK:<6.UTILITIES>
19:52:30 MONITR	URP: => TSG:<RP20-FIELD-IMAGE.UTILITIES>
19:52:30 MONITR	
19:52:30 MONITR	System-wide logical names:
19:52:30 MONITR	
19:52:30 MONITR	ACCOUNT: => PS:<ACCOUNTS>
19:52:30 MONITR	BLI: => PS:<BRELEASE>,PS:<BRELEASE.XPORT>,PS:<BRELEASE.BLIS16>,PS:<BLISS>
19:52:30 MONITR	CR: => CDR:
19:52:30 MONITR	D60: => PS:<DN60>
19:52:30 MONITR	DIABLO: => DCN:KL2137-TASK-DIABLO
19:52:31 MONITR	DL1: => TTY202:
19:52:31 MONITR	DL2: => TTY203:
19:52:31 MONITR	DL3: => TTY204:
19:52:31 MONITR	DMP: => DUMP:<DUMPS>
19:52:31 MONITR	DNA: => SNARK:<NETARCH>
19:52:31 MONITR	DOC: => PS:<DOC-SPECS>
19:52:31 MONITR	DS: => DSK:
19:52:31 MONITR	EDITOR: => SYS:EDIT.EXE
19:52:31 MONITR	EMACS: => PS:<EMACS>
19:52:31 MONITR	FIELDI: => PS:<FIELD-IMAGE>
19:52:31 MONITR	GAM: => PS:<GAMES>
19:52:31 MONITR	HLP: => PS:<HELP>,SYS:
19:52:31 MONITR	INFO: => PS:<INFO>
19:52:31 MONITR	JUPDS: => SNARK:<JUPITER.DESIGN-SPECS>
19:52:31 MONITR	JUPFS: => SNARK:<JUPITER.FUNCTIONAL-SPECS>
19:52:31 MONITR	LL: => LPT0:,LPT1:
19:52:31 MONITR	LOADTS: => PS:<LOADTEST>
19:52:31 MONITR	LP: => LPT:
19:52:31 MONITR	MAIL: => PS:<MAIL>
19:52:31 MONITR	MAIL-SOFTWARE: => PS:<SYSTEM>
19:52:31 MONITR	MONDOC: => SNARK:<MONITOR.DOCUMENTS>
19:52:31 MONITR	NAME-DIRECTORY: => DCN:KL2102-209
19:52:31 MONITR	NETLIB: => PS:<NETWORK-LIBRARY>
19:52:31 MONITR	NEW: => PS:<NEXT-RELEASE>,PS:<LOADTEST>
19:52:31 MONITR	NEXTRL: => PS:<NEXT-RELEASE>
19:52:31 MONITR	OLD: => PS:<FIELD-IMAGE>,PS:<UNSUPPORTED>
19:52:31 MONITR	OUR1650: => TTY142:
19:52:31 MONITR	PCL: => PS:<PCL>
19:52:31 MONITR	POST-OFFICE: => PS:<OPERATOR>
19:52:31 MONITR	PROTO: => PS:<PROTO>
19:52:31 MONITR	PS: => PS:
19:52:31 MONITR	REL: => SYS:
19:52:31 MONITR	SERR: => PS:<SYSTEM-ERROR>
19:52:32 MONITR	SY: => SYS:
19:52:32 MONITR	SYS: => LOADTS:,NEXTRL:,FIELDI:,UNSUPP:,GAM:
19:52:32 MONITR	SYSD: => NEXTRL:,FIELDI:,UNSUPP:,GAM:
19:52:32 MONITR	SYSTEM: => PS:<SYSTEM>
19:52:32 MONITR	TO: => SYS:HOST.EXE
19:52:32 MONITR	TT: => TTY:
19:52:32 MONITR	UNSUPP: => PS:<UNSUPPORTED>
19:52:32 MONITR	XPN: => DUMP:<DUMPS>
19:52:32 MONITR	@
19:52:32 COMENT	!
19:52:32 COMENT	! TAKE A CHECKSUMMED DIRECTORY OF ALL THE INPUT FILES
19:52:32 COMENT	!
19:52:32 BATCH	@VDIRECT SYS:MACRO.EXE,SYS:LINK.EXE,SYS:CREF.EXE,DS.MAC,ZSUBS.UNV,ZSUBS.REL,
19:52:32 MONITR	@@CHECKSUM SEQ
19:52:32 MONITR	@@
19:52:32 MONITR	
19:52:32 MONITR	   TSG:<ZIMA>
19:52:34 MONITR	 MACRO.EXE.1;P777752       35 17920(36)  12-Dec-79 12:37:21 ZIMA      113320  
19:52:34 MONITR	
19:52:34 MONITR	   PS:<LOADTEST>
19:52:35 MONITR	 LINK.EXE.5;P777752       101 51712(36)   2-Mar-82 15:31:42 HARDY     052715  
19:52:35 MONITR	
19:52:35 MONITR	   PS:<NEXT-RELEASE>
19:52:38 MONITR	 CREF.EXE.1;P777752        11 5632(36)   15-Jul-80 09:33:48 PAETZOLD  763472  
19:52:38 MONITR	
19:52:38 MONITR	   FARK:<SWSKIT>
19:52:40 MONITR	 DS.MAC.41;P777700         53 134936(7)  28-Jan-82 09:00:26 ZIMA      366003  
19:52:40 MONITR	 ZSUBS.UNV.20;P777700       1 506(36)    10-Feb-82 16:18:28 ZIMA      664072  
19:52:41 MONITR	      .21;P777700           1 506(36)     5-Apr-82 19:33:59 ZIMA      356540  
19:52:42 MONITR	 ZSUBS.REL.37;P777700       2 882(36)    10-Feb-82 16:18:36 ZIMA      470316  
19:52:42 MONITR	      .38;P777700           1 110(36)     5-Apr-82 19:33:54 ZIMA      457204  
19:52:42 MONITR	      .39;P777700           2 882(36)     5-Apr-82 19:34:05 ZIMA      470316  
19:52:43 MONITR	
19:52:43 MONITR	 Total of 60 pages in 6 files, Checksum = 343500
19:52:43 MONITR	
19:52:43 MONITR	 Grand total of 207 pages in 9 files, Checksum = 075630
19:52:43 MONITR	@VDIRECT SYS:MONSYM.UNV,SYS:MACSYM.UNV,SYS:MACREL.REL,SYS:PA1050.EXE,
19:52:43 MONITR	@@CHECKSUM SEQ
19:52:43 MONITR	@@
19:52:43 MONITR	
19:52:43 MONITR	   PS:<NEXT-RELEASE>
19:52:47 MONITR	 MONSYM.UNV.29;P777752     46 23529(36)  22-Jan-82 17:14:21 MURPHY    404000  
19:52:47 MONITR	 MACSYM.UNV.26;P777752     13 6536(36)   22-Feb-82 17:39:30 MURPHY    542721  
19:52:48 MONITR	 MACREL.REL.26;P777752      1 465(36)    22-Feb-82 17:39:36 MURPHY    743422  
19:52:48 MONITR	 PA1050.EXE.6;P777752      29 14848(36)   4-Dec-81 11:34:14 MAYO      064430  
19:52:48 MONITR	
19:52:48 MONITR	 Total of 89 pages in 4 files, Checksum = 025604
19:52:48 MONITR	@GET SYS:MACRO
19:52:49 MONITR	@INFORMATION VERSION
19:52:49 MONITR	 KL2102 - TOPS-20 Development System, TOPS-20 Monitor 6(4723)
19:52:49 MONITR	 TOPS-20 Command processor 6(730)
19:52:49 MONITR	 Program is MACRO, version is 53.1(1152)
19:52:49 MONITR	@GET SYS:LINK
19:52:49 MONITR	@INFORMATION VERSION
19:52:50 MONITR	 KL2102 - TOPS-20 Development System, TOPS-20 Monitor 6(4723)
19:52:50 MONITR	 TOPS-20 Command processor 6(730)
19:52:50 MONITR	 Program is LINK, version is 5(1464)
19:52:50 MONITR	PDVs:	Program name LINK, version 5(1464)
19:52:50 MONITR	@GET SYS:CREF
19:52:50 MONITR	@INFORMATION VERSION
19:52:50 MONITR	 KL2102 - TOPS-20 Development System, TOPS-20 Monitor 6(4723)
19:52:51 MONITR	 TOPS-20 Command processor 6(730)
19:52:51 MONITR	 Program is CREF, version is 53.2(71)
19:52:51 MONITR	@
19:52:51 COMENT	!
19:52:51 BATCH	@COMPILE /CREF/COMPILE DS.MAC
19:52:54 USER	MACRO:	DS
19:54:16 USER	
19:54:16 USER	EXIT
19:54:16 MONITR	@
19:54:16 COMENT	!
19:54:16 BATCH	@R CREF
19:54:17 USER	*FOO:DS.LST=DS.CRF
19:54:37 USER	[CRFXKC 10K core]
19:54:37 USER	*
19:54:37 COMENT	!
19:54:37 BATCH	*^C
19:54:37 MONITR	@LOAD DS
19:54:39 USER	LINK:	Loading
19:54:40 USER	
19:54:40 USER	EXIT
19:54:40 MONITR	@
19:54:40 COMENT	!
19:54:40 BATCH	@SAVE DS
19:54:42 MONITR	 DS.EXE.35 Saved
19:54:42 MONITR	@INFORMATION VERSION
19:54:42 MONITR	 KL2102 - TOPS-20 Development System, TOPS-20 Monitor 6(4723)
19:54:42 MONITR	 TOPS-20 Command processor 6(730)
19:54:42 MONITR	 Program is DS, version is 3(135)
19:54:42 MONITR	@
19:54:42 COMENT	!
19:54:42 BATCH	@DIRECT DS.EXE,
19:54:42 MONITR	@@CHECKSUM SEQ
19:54:42 MONITR	@@
19:54:42 MONITR	
19:54:42 MONITR	   FARK:<SWSKIT>
19:54:42 MONITR			  Checksum
19:54:42 MONITR	
19:54:43 MONITR	 DS.EXE.35        654734  
19:54:43 MONITR	@
19:54:43 COMENT	!
19:54:43 BATCH	@DELETE DS.REL
19:54:43 MONITR	 DS.REL.1 [OK]
19:54:43 MONITR	@
19:54:43 BATCH	@LOGOUT
19:55:44 MONITR	Killed by OPERATOR, TTY 234
19:55:44 MONITR	Killed Job 20, User ZIMA, Account MONITOR, TTY 244,
19:55:44 MONITR	  at  5-Apr-82 19:54:45,  Used 0:01:03 in 0:03:29
  