			 5-Apr-82 19:55:45

BATCON Version	104(4665)			GLXLIB Version	1(1124)

	    Job DSKERR Req #25 for ZIMA in stream 1

	OUTPUT:	 Nolog				TIME-LIMIT: 0:30:00
	UNIQUE:	 Yes				BATCH-LOG:  Supersede
	RESTART: Yes				ASSISTANCE: Yes
	CORE:    Default			SEQUENCE:   3075


	Control file: FARK:<SWSKIT>DSKERR.CTL
	Log file:     FARK:<SWSKIT>DSKERR.LOG


19:55:45 MONITR	 KL2102 - TOPS-20 Development System, TOPS-20 Monitor 6(4723)
19:55:45 MONITR	@SET TIME-LIMIT 1800
19:55:45 MONITR	@LOGIN ZIMA MONITOR
19:55:49 MONITR	 Job 20 on TTY244 5-Apr-82 19:55:49
19:55:52 MONITR	Structure TSG: mounted
19:55:52 MONITR	Structure FARK: mounted
19:55:52 MONITR	Structure SNARK: mounted
19:55:54 MONITR	@
19:55:54 MONITR	[CONNECTED TO FARK:<SWSKIT>]
19:55:54 COMENT	!
19:55:54 COMENT	! NAME: DSKERR.CTL
19:55:54 COMENT	! DATE: 14-SEP-81
19:55:54 COMENT	!
19:55:54 COMENT	!THIS CONTROL FILE IS PROVIDED FOR INFORMATION PURPOSES ONLY.  THE
19:55:54 COMENT	!PURPOSE OF THE FILE IS TO DOCUMENT THE PROCEDURES USED TO BUILD
19:55:54 COMENT	!THE DISTRIBUTED SOFTWARE.  IT IS UNLIKELY THAT THIS CONTROL FILE
19:55:54 COMENT	!WILL BE ABLE TO BE SUBMITTED WITHOUT MODIFICATION ON CUSTOMER
19:55:54 COMENT	!SYSTEMS.
19:55:54 COMENT	!
19:55:54 COMENT	! FUNCTION:	THIS CONTROL FILE BUILDS DSKERR FROM ITS BASIC 
19:55:54 COMENT	!		SOURCES.  THE FILES CREATED BY THIS JOB ARE:
19:55:54 COMENT	!				DSKERR.EXE
19:55:54 COMENT	!
19:55:54 COMENT	! SUBMIT WITH THE SWITCH "/TAG:CREF" TO OBTAIN
19:55:54 COMENT	!   A CREF LISTING OF THE SOURCE FILE
19:55:54 COMENT	!
19:55:54 BATCH	DEF FOO: NUL:
19:55:55 MONITR	@
19:55:55 BATCH	@GOTO A
19:55:55 LABEL	A::
19:55:55 COMENT	!
19:55:55 BATCH	@INFORMATION LOGICAL-NAMES ALL
19:55:55 MONITR	Job-wide logical names:
19:55:55 MONITR	
19:55:55 MONITR	A4: => TSG:<4-FIELD-IMAGE.ARPA-UTILITIES>
19:55:55 MONITR	A41: => FARK:<4-1-FIELD-IMAGE.ARPA-UTILITIES>
19:55:55 MONITR	A5: => FARK:<5-FIELD-IMAGE.ARPA-UTILITIES>
19:55:55 MONITR	A6: => SNARK:<6.ARPA-UTILITIES>
19:55:55 MONITR	AA4: => FARK:<4-WORKING-SOURCES.ARPA-UTILITIES>
19:55:55 MONITR	AA41: => FARK:<4-1-WORKING-SOURCES.ARPA-UTILITIES>
19:55:55 MONITR	AA5: => FARK:<5-WORKING-SOURCES.ARPA-UTILITIES>
19:55:55 MONITR	AALU: => FARK:<ALU>
19:55:55 MONITR	ADOC: => FARK:<AUTOPATCH.T20.MONITO>
19:55:55 MONITR	ADOCE: => FARK:<AUTOPATCH.T20.EXEC>
19:55:55 MONITR	ADOCU: => FARK:<AUTOPATCH.T20.UTILITIES>
19:55:55 MONITR	AE4: => FARK:<4-WORKING-SOURCES.EXEC>
19:55:55 MONITR	AE41: => FARK:<4-1-WORKING-SOURCES.EXEC>
19:55:55 MONITR	AE5: => FARK:<5-WORKING-SOURCES.EXEC>
19:55:55 MONITR	AFE: => FARK:<4-FROZEN-SOURCES.EXEC>
19:55:55 MONITR	AFM: => FARK:<4-FROZEN-SOURCES.MONITOR>
19:55:55 MONITR	AFU: => FARK:<4-FROZEN-SOURCES.UTILITIES>
19:55:55 MONITR	AHST: => FARK:<AUTOPATCH.T20>
19:55:55 MONITR	ALIB: => FARK:<AUTOPATCH.T20BLD>
19:55:55 MONITR	ALL: => DSK*:<*>*.*.*
19:55:55 MONITR	ALU: => FARK:<ALU>
19:55:55 MONITR	AM4: => FARK:<4-WORKING-SOURCES.MONITOR>
19:55:55 MONITR	AM41: => FARK:<4-1-WORKING-SOURCES.MONITOR>
19:55:55 MONITR	AM5: => FARK:<5-WORKING-SOURCES.MONITOR>
19:55:55 MONITR	ASG: => PS:<ASG>
19:55:55 MONITR	AU4: => FARK:<4-WORKING-SOURCES.UTILITIES>
19:55:55 MONITR	AU41: => FARK:<4-1-WORKING-SOURCES.UTILITIES>
19:55:55 MONITR	AU5: => FARK:<5-WORKING-SOURCES.UTILITIES>
19:55:55 MONITR	CKS: => PS:<CSMITH>
19:55:55 MONITR	CRSH: => TSG:<ZIMA.CRASH>
19:55:55 MONITR	DA5: => SNARK:<5.ARPA-UTILITIES>
19:55:55 MONITR	DE5: => SNARK:<5.EXEC>
19:55:55 MONITR	DIB: => PS:<DBELL>,TSG:<ZIMA.DBELL>
19:55:55 MONITR	DM5: => SNARK:<5.MONITOR>
19:55:56 MONITR	DOC: => PS:<DOC-SPECS>
19:55:56 MONITR	DSK: => DSK:,JGZ:
19:55:56 MONITR	DU5: => SNARK:<5.UTILITIES>
19:55:56 MONITR	E4: => TSG:<4-FIELD-IMAGE.EXEC>
19:55:56 MONITR	E41: => FARK:<4-1-FIELD-IMAGE.EXEC>
19:55:56 MONITR	E5: => FARK:<5-FIELD-IMAGE.EXEC>
19:55:56 MONITR	E6: => SNARK:<6.EXEC>
19:55:56 MONITR	EDITOR: => SYS:TV.EXE
19:55:56 MONITR	FOLK: => PS:<FOLKLORE>
19:55:56 MONITR	FOO: => NUL:
19:55:56 MONITR	JGZ: => TSG:<ZIMA>,PS:<ZIMA>
19:55:56 MONITR	KMR: => PS:<RABIDEAU>,TSG:<RABIDEAU>
19:55:56 MONITR	KR: => TSG:<ROSENBLUH>,TSG:<ROSENBLUH*>
19:55:56 MONITR	M4: => TSG:<4-FIELD-IMAGE.MONITOR>
19:55:56 MONITR	M41: => FARK:<4-1-FIELD-IMAGE.MONITOR>
19:55:56 MONITR	M5: => FARK:<5-FIELD-IMAGE.MONITOR>
19:55:56 MONITR	M6: => SNARK:<6.MONITOR>
19:55:56 MONITR	MAC: => TSG:<ZIMA.MAC>
19:55:56 MONITR	MEM: => TSG:<ZIMA.MEMOS>
19:55:56 MONITR	MRP: => TSG:<RP20-FIELD-IMAGE.MONITOR>
19:55:56 MONITR	NOTE: => JGZ:NOTE.TXT
19:55:56 MONITR	PED: => TSG:<DONAHUE>,PS:<DONAHUE>
19:55:56 MONITR	RDH: => PS:<HOUK>
19:55:56 MONITR	RMT: => TSG:<TILLSON>,TSG:<TILLSON*>
19:55:56 MONITR	S: => SYSTEM:
19:55:56 MONITR	SAM: => TSG:<MAYO>,TSG:<MAYO*>
19:55:56 MONITR	SPR: => TSG:<ZIMA.SPR>
19:55:56 MONITR	SPRLOG: => PS:<ZIMA>SPRLOG.TXT
19:55:56 MONITR	SWS: => TSG:<ZIMA.SWSKIT>
19:55:56 MONITR	SWSH: => FARK:<SWSKIT.HACKS>
19:55:56 MONITR	SWSKIT: => FARK:<SWSKIT>
19:55:56 MONITR	SYS: => DSK:,SYS:
19:55:56 MONITR	TAM: => TSG:<MOSER>,PS:<MOSER>
19:55:56 MONITR	TARL: => PS:<NEUSTAEDTER>
19:55:56 MONITR	TVBACK: => TSG:<ZIMA>
19:55:56 MONITR	TW: => PS:<WING>
19:55:57 MONITR	U: => PS:<UNSUPPORTED>
19:55:57 MONITR	U4: => TSG:<4-FIELD-IMAGE.UTILITIES>
19:55:57 MONITR	U41: => FARK:<4-1-FIELD-IMAGE.UTILITIES>
19:55:57 MONITR	U5: => FARK:<5-FIELD-IMAGE.UTILITIES>
19:55:57 MONITR	U6: => SNARK:<6.UTILITIES>
19:55:57 MONITR	URP: => TSG:<RP20-FIELD-IMAGE.UTILITIES>
19:55:57 MONITR	
19:55:57 MONITR	System-wide logical names:
19:55:57 MONITR	
19:55:57 MONITR	ACCOUNT: => PS:<ACCOUNTS>
19:55:57 MONITR	BLI: => PS:<BRELEASE>,PS:<BRELEASE.XPORT>,PS:<BRELEASE.BLIS16>,PS:<BLISS>
19:55:57 MONITR	CR: => CDR:
19:55:57 MONITR	D60: => PS:<DN60>
19:55:57 MONITR	DIABLO: => DCN:KL2137-TASK-DIABLO
19:55:57 MONITR	DL1: => TTY202:
19:55:57 MONITR	DL2: => TTY203:
19:55:57 MONITR	DL3: => TTY204:
19:55:57 MONITR	DMP: => DUMP:<DUMPS>
19:55:57 MONITR	DNA: => SNARK:<NETARCH>
19:55:57 MONITR	DOC: => PS:<DOC-SPECS>
19:55:57 MONITR	DS: => DSK:
19:55:57 MONITR	EDITOR: => SYS:EDIT.EXE
19:55:57 MONITR	EMACS: => PS:<EMACS>
19:55:57 MONITR	FIELDI: => PS:<FIELD-IMAGE>
19:55:57 MONITR	GAM: => PS:<GAMES>
19:55:57 MONITR	HLP: => PS:<HELP>,SYS:
19:55:57 MONITR	INFO: => PS:<INFO>
19:55:57 MONITR	JUPDS: => SNARK:<JUPITER.DESIGN-SPECS>
19:55:57 MONITR	JUPFS: => SNARK:<JUPITER.FUNCTIONAL-SPECS>
19:55:57 MONITR	LL: => LPT0:,LPT1:
19:55:57 MONITR	LOADTS: => PS:<LOADTEST>
19:55:57 MONITR	LP: => LPT:
19:55:57 MONITR	MAIL: => PS:<MAIL>
19:55:57 MONITR	MAIL-SOFTWARE: => PS:<SYSTEM>
19:55:57 MONITR	MONDOC: => SNARK:<MONITOR.DOCUMENTS>
19:55:57 MONITR	NAME-DIRECTORY: => DCN:KL2102-209
19:55:57 MONITR	NETLIB: => PS:<NETWORK-LIBRARY>
19:55:57 MONITR	NEW: => PS:<NEXT-RELEASE>,PS:<LOADTEST>
19:55:58 MONITR	NEXTRL: => PS:<NEXT-RELEASE>
19:55:58 MONITR	OLD: => PS:<FIELD-IMAGE>,PS:<UNSUPPORTED>
19:55:58 MONITR	OUR1650: => TTY142:
19:55:58 MONITR	PCL: => PS:<PCL>
19:55:58 MONITR	POST-OFFICE: => PS:<OPERATOR>
19:55:58 MONITR	PROTO: => PS:<PROTO>
19:55:58 MONITR	PS: => PS:
19:55:58 MONITR	REL: => SYS:
19:55:58 MONITR	SERR: => PS:<SYSTEM-ERROR>
19:55:58 MONITR	SY: => SYS:
19:55:58 MONITR	SYS: => LOADTS:,NEXTRL:,FIELDI:,UNSUPP:,GAM:
19:55:58 MONITR	SYSD: => NEXTRL:,FIELDI:,UNSUPP:,GAM:
19:55:58 MONITR	SYSTEM: => PS:<SYSTEM>
19:55:58 MONITR	TO: => SYS:HOST.EXE
19:55:58 MONITR	TT: => TTY:
19:55:58 MONITR	UNSUPP: => PS:<UNSUPPORTED>
19:55:58 MONITR	XPN: => DUMP:<DUMPS>
19:55:58 MONITR	@
19:55:58 COMENT	!
19:55:58 COMENT	! TAKE A CHECKSUMMED DIRECTORY OF ALL THE INPUT FILES
19:55:58 COMENT	!
19:55:58 BATCH	@VDIRECT SYS:MACRO.EXE,SYS:LINK.EXE,SYS:CREF.EXE,DSKERR.MAC,ZSUBS.UNV,ZSUBS.REL,
19:55:59 MONITR	@@CHECKSUM SEQ
19:55:59 MONITR	@@
19:55:59 MONITR	
19:55:59 MONITR	   TSG:<ZIMA>
19:56:00 MONITR	 MACRO.EXE.1;P777752       35 17920(36)  12-Dec-79 12:37:21 ZIMA      113320  
19:56:00 MONITR	
19:56:00 MONITR	   PS:<LOADTEST>
19:56:01 MONITR	 LINK.EXE.5;P777752       101 51712(36)   2-Mar-82 15:31:42 HARDY     052715  
19:56:01 MONITR	
19:56:01 MONITR	   PS:<NEXT-RELEASE>
19:56:04 MONITR	 CREF.EXE.1;P777752        11 5632(36)   15-Jul-80 09:33:48 PAETZOLD  763472  
19:56:04 MONITR	
19:56:04 MONITR	   FARK:<SWSKIT>
19:56:05 MONITR	 DSKERR.MAC.9;P777700      12 28765(7)   28-Jan-82 08:54:47 ZIMA      511346  
19:56:05 MONITR	 ZSUBS.UNV.20;P777700       1 506(36)    10-Feb-82 16:18:28 ZIMA      664072  
19:56:05 MONITR	      .21;P777700           1 506(36)     5-Apr-82 19:33:59 ZIMA      356540  
19:56:06 MONITR	 ZSUBS.REL.37;P777700       2 882(36)    10-Feb-82 16:18:36 ZIMA      470316  
19:56:06 MONITR	      .38;P777700           1 110(36)     5-Apr-82 19:33:54 ZIMA      457204  
19:56:06 MONITR	      .39;P777700           2 882(36)     5-Apr-82 19:34:05 ZIMA      470316  
19:56:06 MONITR	
19:56:06 MONITR	 Total of 19 pages in 6 files, Checksum = 503516
19:56:06 MONITR	
19:56:06 MONITR	 Grand total of 166 pages in 9 files, Checksum = 632216
19:56:06 MONITR	@VDIRECT SYS:MONSYM.UNV,SYS:MACSYM.UNV,SYS:MACREL.REL,SYS:PA1050.EXE,SERCOD.UNV,
19:56:07 MONITR	@@CHECKSUM SEQ
19:56:07 MONITR	@@
19:56:07 MONITR	
19:56:07 MONITR	   PS:<NEXT-RELEASE>
19:56:09 MONITR	 MONSYM.UNV.29;P777752     46 23529(36)  22-Jan-82 17:14:21 MURPHY    404000  
19:56:10 MONITR	 MACSYM.UNV.26;P777752     13 6536(36)   22-Feb-82 17:39:30 MURPHY    542721  
19:56:10 MONITR	 MACREL.REL.26;P777752      1 465(36)    22-Feb-82 17:39:36 MURPHY    743422  
19:56:11 MONITR	 PA1050.EXE.6;P777752      29 14848(36)   4-Dec-81 11:34:14 MAYO      064430  
19:56:11 MONITR	
19:56:11 MONITR	 Total of 89 pages in 4 files, Checksum = 025604
19:56:11 MONITR	
19:56:11 MONITR	   FARK:<SWSKIT>
19:56:12 MONITR	 SERCOD.UNV.1;P777700       2 517(36)    25-Jul-80 17:20:36 ZIMA      770053  
19:56:12 MONITR	
19:56:12 MONITR	 Grand total of 91 pages in 5 files, Checksum = 742517
19:56:12 MONITR	@GET SYS:MACRO
19:56:12 MONITR	@INFORMATION VERSION
19:56:12 MONITR	 KL2102 - TOPS-20 Development System, TOPS-20 Monitor 6(4723)
19:56:12 MONITR	 TOPS-20 Command processor 6(730)
19:56:12 MONITR	 Program is MACRO, version is 53.1(1152)
19:56:12 MONITR	@GET SYS:LINK
19:56:13 MONITR	@INFORMATION VERSION
19:56:13 MONITR	 KL2102 - TOPS-20 Development System, TOPS-20 Monitor 6(4723)
19:56:13 MONITR	 TOPS-20 Command processor 6(730)
19:56:13 MONITR	 Program is LINK, version is 5(1464)
19:56:13 MONITR	PDVs:	Program name LINK, version 5(1464)
19:56:13 MONITR	@GET SYS:CREF
19:56:14 MONITR	@INFORMATION VERSION
19:56:14 MONITR	 KL2102 - TOPS-20 Development System, TOPS-20 Monitor 6(4723)
19:56:14 MONITR	 TOPS-20 Command processor 6(730)
19:56:14 MONITR	 Program is CREF, version is 53.2(71)
19:56:14 MONITR	@
19:56:14 COMENT	!
19:56:14 BATCH	@COMPILE /CREF/COMPILE DSKERR.MAC
19:56:18 USER	MACRO:	DSKERR
19:56:34 USER	
19:56:34 USER	EXIT
19:56:35 MONITR	@
19:56:35 COMENT	!
19:56:35 BATCH	@R CREF
19:56:36 USER	*FOO:DSKERR.LST=DSKERR.CRF
19:56:39 USER	[CRFXKC 5K core]
19:56:39 USER	*
19:56:39 COMENT	!
19:56:39 BATCH	*^C
19:56:39 MONITR	@LOAD DSKERR
19:56:41 USER	LINK:	Loading
19:56:42 USER	
19:56:42 USER	EXIT
19:56:42 MONITR	@
19:56:42 COMENT	!
19:56:42 BATCH	@SAVE DSKERR
19:56:43 MONITR	 DSKERR.EXE.13 Saved
19:56:43 MONITR	@INFORMATION VERSION
19:56:43 MONITR	 KL2102 - TOPS-20 Development System, TOPS-20 Monitor 6(4723)
19:56:43 MONITR	 TOPS-20 Command processor 6(730)
19:56:43 MONITR	 Program is DSKERR, version is 1(43)
19:56:43 MONITR	@
19:56:43 COMENT	!
19:56:43 BATCH	@DIRECT DSKERR.EXE,
19:56:44 MONITR	@@CHECKSUM SEQ
19:56:44 MONITR	@@
19:56:44 MONITR	
19:56:44 MONITR	   FARK:<SWSKIT>
19:56:44 MONITR			  Checksum
19:56:44 MONITR	
19:56:44 MONITR	 DSKERR.EXE.13    331605  
19:56:44 MONITR	@
19:56:44 COMENT	!
19:56:44 BATCH	@DELETE DSKERR.REL
19:56:44 MONITR	 DSKERR.REL.1 [OK]
19:56:44 MONITR	@
19:56:44 BATCH	@LOGOUT
19:57:45 MONITR	Killed by OPERATOR, TTY 234
19:57:45 MONITR	Killed Job 20, User ZIMA, Account MONITOR, TTY 244,
19:57:45 MONITR	  at  5-Apr-82 19:56:46,  Used 0:00:24 in 0:01:56
   