			 5-Apr-82 19:57:47

BATCON Version	104(4665)			GLXLIB Version	1(1124)

	    Job DX20PC Req #26 for ZIMA in stream 1

	OUTPUT:	 Nolog				TIME-LIMIT: 0:30:00
	UNIQUE:	 Yes				BATCH-LOG:  Supersede
	RESTART: Yes				ASSISTANCE: Yes
	CORE:    Default			SEQUENCE:   3076


	Control file: FARK:<SWSKIT>DX20PC.CTL
	Log file:     FARK:<SWSKIT>DX20PC.LOG


19:57:48 USER	 KL2102 - TOPS-20 Development System, TOPS-20 Monitor 6(4723)
19:57:48 MONITR	@SET TIME-LIMIT 1800
19:57:48 MONITR	@LOGIN ZIMA MONITOR
19:57:51 MONITR	 Job 20 on TTY244 5-Apr-82 19:57:51
19:57:54 MONITR	Structure TSG: mounted
19:57:54 MONITR	Structure FARK: mounted
19:57:55 MONITR	Structure SNARK: mounted
19:57:56 MONITR	@
19:57:56 MONITR	[CONNECTED TO FARK:<SWSKIT>]
19:57:56 COMENT	!
19:57:56 COMENT	! NAME: DX20PC.CTL
19:57:56 COMENT	! DATE: 14-SEP-81
19:57:56 COMENT	!
19:57:56 COMENT	!THIS CONTROL FILE IS PROVIDED FOR INFORMATION PURPOSES ONLY.  THE
19:57:56 COMENT	!PURPOSE OF THE FILE IS TO DOCUMENT THE PROCEDURES USED TO BUILD
19:57:56 COMENT	!THE DISTRIBUTED SOFTWARE.  IT IS UNLIKELY THAT THIS CONTROL FILE
19:57:56 COMENT	!WILL BE ABLE TO BE SUBMITTED WITHOUT MODIFICATION ON CUSTOMER
19:57:56 COMENT	!SYSTEMS.
19:57:56 COMENT	!
19:57:56 COMENT	! FUNCTION:	THIS CONTROL FILE BUILDS DX20PC FROM ITS BASIC 
19:57:56 COMENT	!		SOURCES.  THE FILES CREATED BY THIS JOB ARE:
19:57:56 COMENT	!				DX20PC.EXE
19:57:56 COMENT	!
19:57:56 COMENT	! SUBMIT WITH THE SWITCH "/TAG:CREF" TO OBTAIN
19:57:56 COMENT	!   A CREF LISTING OF THE SOURCE FILE
19:57:56 COMENT	!
19:57:56 BATCH	DEF FOO: NUL:
19:58:00 MONITR	@
19:58:00 BATCH	@GOTO A
19:58:00 LABEL	A::
19:58:00 COMENT	!
19:58:00 BATCH	@INFORMATION LOGICAL-NAMES ALL
19:58:00 MONITR	Job-wide logical names:
19:58:00 MONITR	
19:58:00 MONITR	A4: => TSG:<4-FIELD-IMAGE.ARPA-UTILITIES>
19:58:00 MONITR	A41: => FARK:<4-1-FIELD-IMAGE.ARPA-UTILITIES>
19:58:00 MONITR	A5: => FARK:<5-FIELD-IMAGE.ARPA-UTILITIES>
19:58:00 MONITR	A6: => SNARK:<6.ARPA-UTILITIES>
19:58:00 MONITR	AA4: => FARK:<4-WORKING-SOURCES.ARPA-UTILITIES>
19:58:00 MONITR	AA41: => FARK:<4-1-WORKING-SOURCES.ARPA-UTILITIES>
19:58:00 MONITR	AA5: => FARK:<5-WORKING-SOURCES.ARPA-UTILITIES>
19:58:00 MONITR	AALU: => FARK:<ALU>
19:58:00 MONITR	ADOC: => FARK:<AUTOPATCH.T20.MONITO>
19:58:00 MONITR	ADOCE: => FARK:<AUTOPATCH.T20.EXEC>
19:58:00 MONITR	ADOCU: => FARK:<AUTOPATCH.T20.UTILITIES>
19:58:00 MONITR	AE4: => FARK:<4-WORKING-SOURCES.EXEC>
19:58:00 MONITR	AE41: => FARK:<4-1-WORKING-SOURCES.EXEC>
19:58:00 MONITR	AE5: => FARK:<5-WORKING-SOURCES.EXEC>
19:58:00 MONITR	AFE: => FARK:<4-FROZEN-SOURCES.EXEC>
19:58:00 MONITR	AFM: => FARK:<4-FROZEN-SOURCES.MONITOR>
19:58:01 MONITR	AFU: => FARK:<4-FROZEN-SOURCES.UTILITIES>
19:58:01 MONITR	AHST: => FARK:<AUTOPATCH.T20>
19:58:01 MONITR	ALIB: => FARK:<AUTOPATCH.T20BLD>
19:58:01 MONITR	ALL: => DSK*:<*>*.*.*
19:58:01 MONITR	ALU: => FARK:<ALU>
19:58:01 MONITR	AM4: => FARK:<4-WORKING-SOURCES.MONITOR>
19:58:01 MONITR	AM41: => FARK:<4-1-WORKING-SOURCES.MONITOR>
19:58:01 MONITR	AM5: => FARK:<5-WORKING-SOURCES.MONITOR>
19:58:01 MONITR	ASG: => PS:<ASG>
19:58:01 MONITR	AU4: => FARK:<4-WORKING-SOURCES.UTILITIES>
19:58:01 MONITR	AU41: => FARK:<4-1-WORKING-SOURCES.UTILITIES>
19:58:01 MONITR	AU5: => FARK:<5-WORKING-SOURCES.UTILITIES>
19:58:01 MONITR	CKS: => PS:<CSMITH>
19:58:01 MONITR	CRSH: => TSG:<ZIMA.CRASH>
19:58:01 MONITR	DA5: => SNARK:<5.ARPA-UTILITIES>
19:58:01 MONITR	DE5: => SNARK:<5.EXEC>
19:58:01 MONITR	DIB: => PS:<DBELL>,TSG:<ZIMA.DBELL>
19:58:01 MONITR	DM5: => SNARK:<5.MONITOR>
19:58:01 MONITR	DOC: => PS:<DOC-SPECS>
19:58:01 MONITR	DSK: => DSK:,JGZ:
19:58:01 MONITR	DU5: => SNARK:<5.UTILITIES>
19:58:01 MONITR	E4: => TSG:<4-FIELD-IMAGE.EXEC>
19:58:01 MONITR	E41: => FARK:<4-1-FIELD-IMAGE.EXEC>
19:58:01 MONITR	E5: => FARK:<5-FIELD-IMAGE.EXEC>
19:58:01 MONITR	E6: => SNARK:<6.EXEC>
19:58:01 MONITR	EDITOR: => SYS:TV.EXE
19:58:01 MONITR	FOLK: => PS:<FOLKLORE>
19:58:01 MONITR	FOO: => NUL:
19:58:01 MONITR	JGZ: => TSG:<ZIMA>,PS:<ZIMA>
19:58:01 MONITR	KMR: => PS:<RABIDEAU>,TSG:<RABIDEAU>
19:58:02 MONITR	KR: => TSG:<ROSENBLUH>,TSG:<ROSENBLUH*>
19:58:02 MONITR	M4: => TSG:<4-FIELD-IMAGE.MONITOR>
19:58:02 MONITR	M41: => FARK:<4-1-FIELD-IMAGE.MONITOR>
19:58:02 MONITR	M5: => FARK:<5-FIELD-IMAGE.MONITOR>
19:58:02 MONITR	M6: => SNARK:<6.MONITOR>
19:58:02 MONITR	MAC: => TSG:<ZIMA.MAC>
19:58:02 MONITR	MEM: => TSG:<ZIMA.MEMOS>
19:58:02 MONITR	MRP: => TSG:<RP20-FIELD-IMAGE.MONITOR>
19:58:02 MONITR	NOTE: => JGZ:NOTE.TXT
19:58:02 MONITR	PED: => TSG:<DONAHUE>,PS:<DONAHUE>
19:58:02 MONITR	RDH: => PS:<HOUK>
19:58:02 MONITR	RMT: => TSG:<TILLSON>,TSG:<TILLSON*>
19:58:02 MONITR	S: => SYSTEM:
19:58:02 MONITR	SAM: => TSG:<MAYO>,TSG:<MAYO*>
19:58:02 MONITR	SPR: => TSG:<ZIMA.SPR>
19:58:02 MONITR	SPRLOG: => PS:<ZIMA>SPRLOG.TXT
19:58:02 MONITR	SWS: => TSG:<ZIMA.SWSKIT>
19:58:02 MONITR	SWSH: => FARK:<SWSKIT.HACKS>
19:58:02 MONITR	SWSKIT: => FARK:<SWSKIT>
19:58:02 MONITR	SYS: => DSK:,SYS:
19:58:02 MONITR	TAM: => TSG:<MOSER>,PS:<MOSER>
19:58:02 MONITR	TARL: => PS:<NEUSTAEDTER>
19:58:02 MONITR	TVBACK: => TSG:<ZIMA>
19:58:02 MONITR	TW: => PS:<WING>
19:58:02 MONITR	U: => PS:<UNSUPPORTED>
19:58:02 MONITR	U4: => TSG:<4-FIELD-IMAGE.UTILITIES>
19:58:02 MONITR	U41: => FARK:<4-1-FIELD-IMAGE.UTILITIES>
19:58:02 MONITR	U5: => FARK:<5-FIELD-IMAGE.UTILITIES>
19:58:02 MONITR	U6: => SNARK:<6.UTILITIES>
19:58:02 MONITR	URP: => TSG:<RP20-FIELD-IMAGE.UTILITIES>
19:58:02 MONITR	
19:58:02 MONITR	System-wide logical names:
19:58:03 MONITR	
19:58:03 MONITR	ACCOUNT: => PS:<ACCOUNTS>
19:58:03 MONITR	BLI: => PS:<BRELEASE>,PS:<BRELEASE.XPORT>,PS:<BRELEASE.BLIS16>,PS:<BLISS>
19:58:03 MONITR	CR: => CDR:
19:58:03 MONITR	D60: => PS:<DN60>
19:58:03 MONITR	DIABLO: => DCN:KL2137-TASK-DIABLO
19:58:03 MONITR	DL1: => TTY202:
19:58:03 MONITR	DL2: => TTY203:
19:58:03 MONITR	DL3: => TTY204:
19:58:03 MONITR	DMP: => DUMP:<DUMPS>
19:58:03 MONITR	DNA: => SNARK:<NETARCH>
19:58:03 MONITR	DOC: => PS:<DOC-SPECS>
19:58:03 MONITR	DS: => DSK:
19:58:03 MONITR	EDITOR: => SYS:EDIT.EXE
19:58:03 MONITR	EMACS: => PS:<EMACS>
19:58:03 MONITR	FIELDI: => PS:<FIELD-IMAGE>
19:58:03 MONITR	GAM: => PS:<GAMES>
19:58:03 MONITR	HLP: => PS:<HELP>,SYS:
19:58:03 MONITR	INFO: => PS:<INFO>
19:58:03 MONITR	JUPDS: => SNARK:<JUPITER.DESIGN-SPECS>
19:58:03 MONITR	JUPFS: => SNARK:<JUPITER.FUNCTIONAL-SPECS>
19:58:03 MONITR	LL: => LPT0:,LPT1:
19:58:03 MONITR	LOADTS: => PS:<LOADTEST>
19:58:03 MONITR	LP: => LPT:
19:58:03 MONITR	MAIL: => PS:<MAIL>
19:58:03 MONITR	MAIL-SOFTWARE: => PS:<SYSTEM>
19:58:03 MONITR	MONDOC: => SNARK:<MONITOR.DOCUMENTS>
19:58:03 MONITR	NAME-DIRECTORY: => DCN:KL2102-209
19:58:03 MONITR	NETLIB: => PS:<NETWORK-LIBRARY>
19:58:03 MONITR	NEW: => PS:<NEXT-RELEASE>,PS:<LOADTEST>
19:58:03 MONITR	NEXTRL: => PS:<NEXT-RELEASE>
19:58:03 MONITR	OLD: => PS:<FIELD-IMAGE>,PS:<UNSUPPORTED>
19:58:03 MONITR	OUR1650: => TTY142:
19:58:03 MONITR	PCL: => PS:<PCL>
19:58:03 MONITR	POST-OFFICE: => PS:<OPERATOR>
19:58:04 MONITR	PROTO: => PS:<PROTO>
19:58:04 MONITR	PS: => PS:
19:58:04 MONITR	REL: => SYS:
19:58:04 MONITR	SERR: => PS:<SYSTEM-ERROR>
19:58:04 MONITR	SY: => SYS:
19:58:04 MONITR	SYS: => LOADTS:,NEXTRL:,FIELDI:,UNSUPP:,GAM:
19:58:04 MONITR	SYSD: => NEXTRL:,FIELDI:,UNSUPP:,GAM:
19:58:04 MONITR	SYSTEM: => PS:<SYSTEM>
19:58:04 MONITR	TO: => SYS:HOST.EXE
19:58:04 MONITR	TT: => TTY:
19:58:04 MONITR	UNSUPP: => PS:<UNSUPPORTED>
19:58:04 MONITR	XPN: => DUMP:<DUMPS>
19:58:04 MONITR	@
19:58:04 COMENT	!
19:58:04 COMENT	! TAKE A CHECKSUMMED DIRECTORY OF ALL THE INPUT FILES
19:58:04 COMENT	!
19:58:04 BATCH	@VDIRECT SYS:MACRO.EXE,SYS:LINK.EXE,SYS:CREF.EXE,DX20PC.MAC,
19:58:04 MONITR	@@CHECKSUM SEQ
19:58:04 MONITR	@@
19:58:04 MONITR	
19:58:04 MONITR	   TSG:<ZIMA>
19:58:06 MONITR	 MACRO.EXE.1;P777752       35 17920(36)  12-Dec-79 12:37:21 ZIMA      113320  
19:58:06 MONITR	
19:58:06 MONITR	   PS:<LOADTEST>
19:58:07 MONITR	 LINK.EXE.5;P777752       101 51712(36)   2-Mar-82 15:31:42 HARDY     052715  
19:58:07 MONITR	
19:58:07 MONITR	   PS:<NEXT-RELEASE>
19:58:10 MONITR	 CREF.EXE.1;P777752        11 5632(36)   15-Jul-80 09:33:48 PAETZOLD  763472  
19:58:10 MONITR	
19:58:10 MONITR	   FARK:<SWSKIT>
19:58:10 MONITR	 DX20PC.MAC.2;P777700       2 5071(7)     9-Oct-81 16:40:50 ZIMA      403006  
19:58:10 MONITR	
19:58:10 MONITR	 Grand total of 149 pages in 4 files, Checksum = 016672
19:58:10 MONITR	@VDIRECT SYS:MONSYM.UNV,SYS:MACSYM.UNV,SYS:MACREL.REL,SYS:PA1050.EXE,
19:58:11 MONITR	@@CHECKSUM SEQ
19:58:11 MONITR	@@
19:58:11 MONITR	
19:58:11 MONITR	   PS:<NEXT-RELEASE>
19:58:13 MONITR	 MONSYM.UNV.29;P777752     46 23529(36)  22-Jan-82 17:14:21 MURPHY    404000  
19:58:13 MONITR	 MACSYM.UNV.26;P777752     13 6536(36)   22-Feb-82 17:39:30 MURPHY    542721  
19:58:14 MONITR	 MACREL.REL.26;P777752      1 465(36)    22-Feb-82 17:39:36 MURPHY    743422  
19:58:14 MONITR	 PA1050.EXE.6;P777752      29 14848(36)   4-Dec-81 11:34:14 MAYO      064430  
19:58:14 MONITR	
19:58:14 MONITR	 Total of 89 pages in 4 files, Checksum = 025604
19:58:14 MONITR	@GET SYS:MACRO
19:58:15 MONITR	@INFORMATION VERSION
19:58:15 MONITR	 KL2102 - TOPS-20 Development System, TOPS-20 Monitor 6(4723)
19:58:15 MONITR	 TOPS-20 Command processor 6(730)
19:58:15 MONITR	 Program is MACRO, version is 53.1(1152)
19:58:16 MONITR	@GET SYS:LINK
19:58:16 MONITR	@INFORMATION VERSION
19:58:16 MONITR	 KL2102 - TOPS-20 Development System, TOPS-20 Monitor 6(4723)
19:58:16 MONITR	 TOPS-20 Command processor 6(730)
19:58:16 MONITR	 Program is LINK, version is 5(1464)
19:58:16 MONITR	PDVs:	Program name LINK, version 5(1464)
19:58:16 MONITR	@GET SYS:CREF
19:58:17 MONITR	@INFORMATION VERSION
19:58:17 MONITR	 KL2102 - TOPS-20 Development System, TOPS-20 Monitor 6(4723)
19:58:17 MONITR	 TOPS-20 Command processor 6(730)
19:58:17 MONITR	 Program is CREF, version is 53.2(71)
19:58:18 MONITR	@
19:58:18 COMENT	!
19:58:18 BATCH	@COMPILE /CREF/COMPILE DX20PC.MAC
19:58:20 USER	MACRO:	DX20PC
19:58:24 USER	
19:58:24 USER	EXIT
19:58:24 MONITR	@
19:58:24 COMENT	!
19:58:24 BATCH	@R CREF
19:58:28 USER	*FOO:DX20PC.LST=DX20PC.CRF
19:58:29 USER	[CRFXKC 3K core]
19:58:29 USER	*
19:58:29 COMENT	!
19:58:29 BATCH	*^C
19:58:32 MONITR	@LOAD DX20PC
19:58:34 USER	LINK:	Loading
19:58:35 USER	
19:58:35 USER	EXIT
19:58:35 MONITR	@
19:58:35 COMENT	!
19:58:35 BATCH	@SAVE DX20PC
19:58:36 MONITR	 DX20PC.EXE.4 Saved
19:58:36 MONITR	@INFORMATION VERSION
19:58:36 MONITR	 KL2102 - TOPS-20 Development System, TOPS-20 Monitor 6(4723)
19:58:36 MONITR	 TOPS-20 Command processor 6(730)
19:58:36 MONITR	 Program is DX20PC, version is 1(1)
19:58:37 MONITR	@
19:58:37 COMENT	!
19:58:37 BATCH	@DIRECT DX20PC.EXE,
19:58:37 MONITR	@@CHECKSUM SEQ
19:58:38 MONITR	@@
19:58:38 MONITR	
19:58:38 MONITR	   FARK:<SWSKIT>
19:58:38 MONITR			  Checksum
19:58:38 MONITR	
19:58:38 MONITR	 DX20PC.EXE.4     430126  
19:58:38 MONITR	@
19:58:38 COMENT	!
19:58:38 BATCH	@DELETE DX20PC.REL
19:58:38 MONITR	 DX20PC.REL.1 [OK]
19:58:38 MONITR	@
19:58:38 BATCH	@LOGOUT
19:59:40 MONITR	Killed by OPERATOR, TTY 234
19:59:40 MONITR	Killed Job 20, User ZIMA, Account MONITOR, TTY 244,
19:59:40 MONITR	  at  5-Apr-82 19:58:40,  Used 0:00:15 in 0:01:49
