			 1-Apr-82 15:36:08

BATCON Version	104(4665)			GLXLIB Version	1(1124)

	    Job ENVIRO Req #38 for GROUT in stream 3

	OUTPUT:	 Nolog				TIME-LIMIT: 0:05:00
	UNIQUE:	 No				BATCH-LOG:  Supersede
	RESTART: Yes				ASSISTANCE: Yes
	CORE:    Default			SEQUENCE:   217


	Control file: FARK:<SWSKIT>ENVIRONMENT.CTL
	Log file:     FARK:<SWSKIT>ENVIRONMENT.LOG


15:36:09 MONITR	 KL2102 - TOPS-20 Development System, TOPS-20 Monitor 6(4717)
15:36:09 MONITR	@SET TIME-LIMIT 300
15:36:09 MONITR	@LOGIN GROUT MONITOR
15:36:12 MONITR	 Job 56 on TTY250 1-Apr-82 15:36:13
15:36:13 MONITR	Structure TSG: mounted
15:36:13 MONITR	Structure FARK: mounted
15:36:18 MONITR	 $
15:36:18 MONITR	[CONNECTED TO FARK:<SWSKIT>]
15:36:18 COMENT	!
15:36:18 COMENT	! NAME: ENVIRONMENT.CTL
15:36:18 COMENT	! DATE: 1-APR-82
15:36:18 COMENT	!
15:36:18 COMENT	!THIS CONTROL FILE IS PROVIDED FOR INFORMATION PURPOSES ONLY.  THE
15:36:18 COMENT	!PURPOSE OF THE FILE IS TO DOCUMENT THE PROCEDURES USED TO BUILD
15:36:18 COMENT	!THE DISTRIBUTED SOFTWARE.  IT IS UNLIKELY THAT THIS CONTROL FILE
15:36:18 COMENT	!WILL BE ABLE TO BE SUBMITTED WITHOUT MODIFICATION ON CUSTOMER
15:36:18 COMENT	!SYSTEMS.
15:36:18 COMENT	!
15:36:18 COMENT	! FUNCTION:	THIS CONTROL FILE BUILDS ENVIRONMENT FROM ITS BLISS-36
15:36:18 COMENT	!		SOURCE.  NOTE THAT BLISS-36 MUST BE INSTALLED, AND MONSYM.L36
15:36:18 COMENT	!		MUST BE PRESENT ON BLI:, FOR THE BUILD TO SUCCEED.
15:36:18 COMENT	!		THE FILES CREATED BY THIS JOB ARE:
15:36:18 COMENT	!				ENVIRONMENT.EXE
15:36:18 COMENT	!
15:36:18 BATCH	INFORMATION LOGICAL-NAMES ALL
15:36:19 MONITR	Job-wide logical names:
15:36:19 MONITR	
15:36:19 MONITR	A4: => TSG:<4-FIELD-IMAGE.ARPA-UTILITIES>
15:36:19 MONITR	A41: => FARK:<4-1-FIELD-IMAGE.ARPA-UTILITIES>
15:36:19 MONITR	A5: => SNARK:<5.ARPA-UTILITIES>
15:36:19 MONITR	AA4: => FARK:<4-WORKING-SOURCES.ARPA-UTILITIES>
15:36:19 MONITR	AA41: => FARK:<4-1-WORKING-SOURCES.ARPA-UTILITIES>
15:36:19 MONITR	AA5: => FARK:<5-WORKING-SOURCES.ARPA-UTILITIES>
15:36:20 MONITR	AE4: => FARK:<4-WORKING-SOURCES.EXEC>
15:36:20 MONITR	AE41: => FARK:<4-1-WORKING-SOURCES.EXEC>
15:36:21 MONITR	AE5: => FARK:<5-WORKING-SOURCES.EXEC>
15:36:21 MONITR	AM4: => FARK:<4-WORKING-SOURCES.MONITOR>
15:36:21 MONITR	AM41: => FARK:<4-1-WORKING-SOURCES.MONITOR>
15:36:21 MONITR	AM5: => FARK:<5-WORKING-SOURCES.MONITOR>
15:36:21 MONITR	AU4: => FARK:<4-WORKING-SOURCES.UTILITIES>
15:36:21 MONITR	AU41: => FARK:<4-1-WORKING-SOURCES.UTILITIES>
15:36:23 MONITR	AU5: => FARK:<5-WORKING-SOURCES.UTILITIES>
15:36:23 MONITR	BCKP: => TSG:<GROUT.BACKUP>
15:36:23 MONITR	CUR: => TSG:<GROUT.CURRENT>
15:36:23 MONITR	DOC41: => TSG:<DONAHUE>4-1-DOC.SDC
15:36:23 MONITR	E4: => TSG:<4-FIELD-IMAGE.EXEC>
15:36:23 MONITR	E41: => FARK:<4-1-FIELD-IMAGE.EXEC>
15:36:23 MONITR	E5: => SNARK:<5.EXEC>
15:36:23 MONITR	E6: => SNARK:<6.EXEC>
15:36:23 MONITR	EDITOR: => PS:<UNSUPPORTED>EMACS
15:36:23 MONITR	EW: => FARK:<AUTOPATCH.T20.EXEC>
15:36:24 MONITR	FA4: => FARK:<4-FROZEN-SOURCES.ARPA-UTILITIES>
15:36:24 MONITR	FA41: => FARK:<4-1-FROZEN-SOURCES.ARPA-UTILITIES>
15:36:24 MONITR	FE4: => FARK:<4-FROZEN-SOURCES.EXEC>
15:36:24 MONITR	FE41: => FARK:<4-1-FROZEN-SOURCES.EXEC>
15:36:24 MONITR	FM4: => FARK:<4-FROZEN-SOURCES.MONITOR>
15:36:24 MONITR	FM41: => FARK:<4-1-FROZEN-SOURCES.MONITOR>
15:36:24 MONITR	FU4: => FARK:<4-FROZEN-SOURCES.UTILITIES>
15:36:24 MONITR	FU41: => FARK:<4-1-FROZEN-SOURCES.UTILITIES>
15:36:24 MONITR	HIS: => FARK:<AUTOPATCH.T20>
15:36:24 MONITR	JGZ: => PS:<ZIMA>
15:36:24 MONITR	JRG: => PS:<GROUT>
15:36:24 MONITR	JRGE: => TSG:<GROUT.EXEC>
15:36:24 MONITR	JRGE5: => TSG:<GROUT.5-EXEC>
15:36:24 MONITR	JRGM: => TSG:<GROUT.MONITOR>
15:36:24 MONITR	M4: => TSG:<4-FIELD-IMAGE.MONITOR>
15:36:24 MONITR	M41: => FARK:<4-1-FIELD-IMAGE.MONITOR>
15:36:24 MONITR	M5: => SNARK:<5.MONITOR>
15:36:24 MONITR	M6: => SNARK:<6.MONITOR>
15:36:25 MONITR	MW: => FARK:<AUTOPATCH.T20.MONITO>
15:36:25 MONITR	PAPR: => TSG:<GROUT>
15:36:25 MONITR	SPRLOG: => PS:<TILLSON.SPR>SPRLOG.TXT
15:36:25 MONITR	SWSKIT: => FARK:<SWSKIT>
15:36:25 MONITR	U4: => TSG:<4-FIELD-IMAGE.UTILITIES>
15:36:25 MONITR	U41: => FARK:<4-1-FIELD-IMAGE.UTILITIES>
15:36:26 MONITR	U5: => SNARK:<5.UTILITIES>
15:36:26 MONITR	UW: => FARK:<AUTOPATCH.T20.UTILITIES>
15:36:26 MONITR	
15:36:26 MONITR	System-wide logical names:
15:36:26 MONITR	
15:36:26 MONITR	ACCOUNT: => PS:<ACCOUNTS>
15:36:26 MONITR	BLI: => PS:<BRELEASE>,PS:<BRELEASE.XPORT>,PS:<BRELEASE.BLIS16>,PS:<BLISS>
15:36:26 MONITR	CR: => CDR:
15:36:26 MONITR	D60: => PS:<DN60>
15:36:26 MONITR	DIABLO: => DCN:KL2137-TASK-DIABLO
15:36:26 MONITR	DL1: => TTY202:
15:36:26 MONITR	DL2: => TTY203:
15:36:27 MONITR	DL3: => TTY204:
15:36:27 MONITR	DMP: => DUMP:<DUMPS>
15:36:27 MONITR	DNA: => SNARK:<NETARCH>
15:36:27 MONITR	DOC: => PS:<DOC-SPECS>
15:36:27 MONITR	DS: => DSK:
15:36:27 MONITR	EDITOR: => SYS:EDIT.EXE
15:36:27 MONITR	EMACS: => PS:<EMACS>
15:36:27 MONITR	FIELDI: => PS:<FIELD-IMAGE>
15:36:27 MONITR	GAM: => PS:<GAMES>
15:36:27 MONITR	HLP: => PS:<HELP>,SYS:
15:36:27 MONITR	INFO: => PS:<INFO>
15:36:27 MONITR	JUPDS: => SNARK:<JUPITER.DESIGN-SPECS>
15:36:27 MONITR	JUPFS: => SNARK:<JUPITER.FUNCTIONAL-SPECS>
15:36:27 MONITR	LL: => LPT0:,LPT1:
15:36:27 MONITR	LOADTS: => PS:<LOADTEST>
15:36:27 MONITR	LP: => LPT:
15:36:27 MONITR	MAIL: => PS:<MAIL>
15:36:28 MONITR	MAIL-SOFTWARE: => PS:<SYSTEM>
15:36:28 MONITR	NAME-DIRECTORY: => DCN:KL2102-209
15:36:28 MONITR	NETLIB: => PS:<NETWORK-LIBRARY>
15:36:28 MONITR	NEW: => PS:<NEXT-RELEASE>,PS:<LOADTEST>
15:36:28 MONITR	NEXTRL: => PS:<NEXT-RELEASE>
15:36:28 MONITR	OLD: => PS:<FIELD-IMAGE>,PS:<UNSUPPORTED>
15:36:28 MONITR	OUR1650: => TTY132:
15:36:28 MONITR	PCL: => PS:<PCL>
15:36:28 MONITR	POST-OFFICE: => PS:<OPERATOR>
15:36:28 MONITR	PROTO: => PS:<PROTO>
15:36:28 MONITR	PS: => PS:
15:36:28 MONITR	REL: => SYS:
15:36:28 MONITR	SERR: => PS:<SYSTEM-ERROR>
15:36:28 MONITR	SY: => SYS:
15:36:29 MONITR	SYS: => LOADTS:,NEXTRL:,FIELDI:,UNSUPP:,GAM:
15:36:29 MONITR	SYSD: => NEXTRL:,FIELDI:,UNSUPP:,GAM:
15:36:29 MONITR	SYSTEM: => PS:<SYSTEM>
15:36:29 MONITR	TO: => SYS:HOST.EXE
15:36:30 MONITR	TT: => TTY:
15:36:30 MONITR	UNSUPP: => PS:<UNSUPPORTED>
15:36:30 MONITR	XPN: => DUMP:<DUMPS>
15:36:31 MONITR	 $
15:36:31 COMENT	!
15:36:31 COMENT	! TAKE A CHECKSUMMED DIRECTORY OF ALL THE INPUT FILES
15:36:31 COMENT	!
15:36:31 BATCH	 $VDIRECT SYS:BLISS.EXE,SYS:LINK.EXE,ENVIRONMENT.BLI,BLI:MONSYM.L36,
15:36:32 MONITR	 $$CHECKSUM SEQ
15:36:32 MONITR	 $$
15:36:33 MONITR	
15:36:33 MONITR	   PS:<FIELD-IMAGE>
15:37:29 MONITR	 BLISS.EXE.1;P777752      167 85504(36)  24-Apr-81 07:36:58 PERKINS   010171  
15:37:29 MONITR	
15:37:29 MONITR	   PS:<LOADTEST>
15:38:58 MONITR	 LINK.EXE.5;P777752       101 51712(36)   2-Mar-82 15:31:42 HARDY     052715  
15:38:58 MONITR	
15:38:58 MONITR	   FARK:<SWSKIT>
15:38:59 MONITR	 ENVIRONMENT.BLI.1;P777700   4 8805(7)   18-Mar-82 10:45:55 GROUT     674212  
15:39:03 MONITR	      .2;P777700            4 8809(7)     1-Apr-82 15:35:37 GROUT     032357  
15:39:07 MONITR	
15:39:07 MONITR	 Total of 8 pages in 2 files, Checksum = 022551
15:39:07 MONITR	
15:39:07 MONITR	   PS:<BRELEASE>
15:39:35 MONITR	 MONSYM.L36.2;P777752      31 15619(36)  31-Dec-81 15:02:47 VOBA      156420  
15:39:39 MONITR	
15:39:39 MONITR	 Grand total of 307 pages in 5 files, Checksum = 415212
15:39:39 MONITR	 $GET SYS:LINK
15:39:40 MONITR	 $INFORMATION VERSION
15:39:41 MONITR	 KL2102 - TOPS-20 Development System, TOPS-20 Monitor 6(4717)
15:39:42 MONITR	 TOPS-20 Command processor 6(730)
15:39:43 MONITR	 Program is LINK, version is 5(1464)
15:39:43 MONITR	PDVs:	Program name LINK, version 5(1464)
15:39:44 MONITR	 $GET SYS:BLISS
15:39:46 MONITR	 $INFORMATION VERSION
15:40:24 MONITR	 KL2102 - TOPS-20 Development System, TOPS-20 Monitor 6(4717)
15:40:24 MONITR	 TOPS-20 Command processor 6(730)
15:40:25 MONITR	 Program is BLISS, version is 2.1(142)
15:40:25 MONITR	 $
15:40:25 COMENT	!
15:40:25 BATCH	 $ST
15:40:26 USER	BLISS>ENVIRONMENT.BLI/OBJECT:ENVIRO.REL/EXIT
15:40:27 USER	; File:		FARK:<SWSKIT>ENVIRONMENT.BLI.2
15:44:44 USER	; Size:		485 code + 3711 data words
15:44:44 USER	; Run Time:	00:12.6
15:44:44 USER	; Elapsed Time:	04:17.3
15:44:45 USER	; Memory Used:	100 pages
15:44:45 USER	; Compilation Complete
15:44:45 MONITR	 $
15:44:45 COMENT	!
15:44:45 BATCH	 $LOAD ENVIRO
15:44:48 USER	LINK:	Loading
15:44:53 USER	
15:44:53 USER	EXIT
15:44:53 MONITR	 $
15:44:53 COMENT	!
15:44:53 BATCH	 $SAVE ENVIRONMENT.EXE
15:44:54 MONITR	 ENVIRONMENT.EXE.2 Saved
15:44:54 MONITR	 $
15:44:55 COMENT	!
15:44:55 BATCH	 $DIRECT ENVIRONMENT.EXE,
15:44:55 MONITR	 $$CHECKSUM SEQ
15:44:55 MONITR	 $$
15:44:55 MONITR	
15:44:55 MONITR	   FARK:<SWSKIT>
15:44:55 MONITR			  Checksum
15:44:55 MONITR	
15:44:56 MONITR	 ENVIRONMENT.EXE.1,2 124170 
15:44:56 MONITR	
15:44:56 MONITR	 Total of 2 files, Checksum = 665134
15:44:56 MONITR	 $
15:44:56 COMENT	!
15:44:56 BATCH	 $DELETE ENVIRO.REL
15:44:57 MONITR	 ENVIRO.REL.1 [OK]
15:44:57 MONITR	 $
15:44:57 BATCH	@LOGOUT
15:45:58 MONITR	Killed by OPERATOR, TTY 234
15:45:58 MONITR	Killed Job 56, User GROUT, Account MONITOR, TTY 250,
15:45:58 MONITR	  at  1-Apr-82 15:44:59,  Used 0:00:23 in 0:09:45
    