			24-Feb-82  9:10:36

BATCON Version	104(4665)			GLXLIB Version	1(1123)

	    Job FIND Req #33 for ZIMA in stream 1

	OUTPUT:	 Nolog				TIME-LIMIT: 0:30:00
	UNIQUE:	 Yes				BATCH-LOG:  Supersede
	RESTART: Yes				ASSISTANCE: Yes
	CORE:    Default			SEQUENCE:   72


	Control file: TSG:<ZIMA.MAC>FIND.CTL
	Log file:     TSG:<ZIMA.MAC>FIND.LOG


 9:10:37 USER	 2102 TOPS-20 Development System, TOPS-20 Monitor 6(4656)
 9:10:37 USER	 System shutdown scheduled for 26-Feb-82 20:00:00,
 9:10:37 USER	 Up again at 27-Feb-82 00:00:00
 9:10:37 MONITR	@SET TIME-LIMIT 1800
 9:10:37 MONITR	@LOGIN ZIMA MONITOR
 9:10:40 MONITR	 Job 43 on TTY245 24-Feb-82 09:10:40
 9:10:45 MONITR	Structure TSG: mounted
 9:10:45 MONITR	Structure FARK: mounted
 9:10:45 MONITR	Structure SNARK: mounted
 9:10:46 MONITR	@
 9:10:46 MONITR	[CONNECTED TO TSG:<ZIMA.MAC>]
 9:10:46 COMENT	!
 9:10:46 COMENT	! NAME: FIND.CTL
 9:10:46 COMENT	! DATE: 14-SEP-81
 9:10:46 COMENT	!
 9:10:46 COMENT	!THIS CONTROL FILE IS PROVIDED FOR INFORMATION PURPOSES ONLY.  THE
 9:10:46 COMENT	!PURPOSE OF THE FILE IS TO DOCUMENT THE PROCEDURES USED TO BUILD
 9:10:46 COMENT	!THE DISTRIBUTED SOFTWARE.  IT IS UNLIKELY THAT THIS CONTROL FILE
 9:10:46 COMENT	!WILL BE ABLE TO BE SUBMITTED WITHOUT MODIFICATION ON CUSTOMER
 9:10:46 COMENT	!SYSTEMS.
 9:10:46 COMENT	!
 9:10:46 COMENT	! FUNCTION:	THIS CONTROL FILE BUILDS FIND FROM ITS BASIC 
 9:10:46 COMENT	!		SOURCES.  THE FILES CREATED BY THIS JOB ARE:
 9:10:46 COMENT	!				FIND.EXE
 9:10:46 COMENT	!
 9:10:46 COMENT	! SUBMIT WITH THE SWITCH "/TAG:CREF" TO OBTAIN
 9:10:46 COMENT	!   A CREF LISTING OF THE SOURCE FILE
 9:10:46 COMENT	!
 9:10:46 BATCH	DEF FOO: NUL:
 9:10:46 MONITR	@
 9:10:46 BATCH	@GOTO A
 9:10:46 LABEL	A::
 9:10:46 COMENT	!
 9:10:46 BATCH	@INFORMATION LOGICAL-NAMES ALL
 9:10:47 MONITR	Job-wide logical names:
 9:10:47 MONITR	
 9:10:47 MONITR	A4: => FARK:<4-FIELD-IMAGE.ARPA-UTILITIES>
 9:10:47 MONITR	A5: => SNARK:<5.ARPA-UTILITIES>
 9:10:47 MONITR	A50: => A5:
 9:10:47 MONITR	A6: => SNARK:<6.ARPA-UTILITIES>
 9:10:47 MONITR	AA4: => FARK:<4-WORKING-SOURCES.ARPA-UTILITIES>
 9:10:47 MONITR	AALU: => FARK:<ALU>
 9:10:47 MONITR	ADOC: => FARK:<AUTOPATCH.T20.MONITO>
 9:10:47 MONITR	ADOCE: => FARK:<AUTOPATCH.T20.EXEC>
 9:10:47 MONITR	AE4: => FARK:<4-WORKING-SOURCES.EXEC>
 9:10:47 MONITR	AFE: => FARK:<4-FROZEN-SOURCES.EXEC>
 9:10:47 MONITR	AFM: => FARK:<4-FROZEN-SOURCES.MONITOR>
 9:10:48 MONITR	AHST: => FARK:<AUTOPATCH.T20>
 9:10:48 MONITR	ALIB: => FARK:<AUTOPATCH.T20BLD>
 9:10:48 MONITR	ALL: => DSK*:<*>*.*.*
 9:10:48 MONITR	AM4: => FARK:<4-WORKING-SOURCES.MONITOR>
 9:10:48 MONITR	ASG: => PS:<ASG>
 9:10:48 MONITR	AU4: => FARK:<4-WORKING-SOURCES.UTILITIES>
 9:10:48 MONITR	CKS: => PS:<CSMITH>
 9:10:48 MONITR	CRSH: => TSG:<ZIMA.CRASH>
 9:10:48 MONITR	DIB: => PS:<DBELL>,TSG:<ZIMA.DBELL>
 9:10:48 MONITR	DOC: => PS:<DOC-SPECS>
 9:10:48 MONITR	DSK: => DSK:,JGZ:
 9:10:49 MONITR	E4: => FARK:<4-FIELD-IMAGE.EXEC>
 9:10:49 MONITR	E5: => SNARK:<5.EXEC>
 9:10:49 MONITR	E50: => E5:
 9:10:49 MONITR	E6: => SNARK:<6.EXEC>
 9:10:49 MONITR	EDITOR: => SYS:TV.EXE
 9:10:49 MONITR	FOLK: => PS:<FOLKLORE>
 9:10:49 MONITR	FOO: => NUL:
 9:10:49 MONITR	JGZ: => TSG:<ZIMA>,PS:<ZIMA>
 9:10:49 MONITR	KMR: => PS:<RABIDEAU>,TSG:<RABIDEAU>
 9:10:49 MONITR	M4: => FARK:<4-FIELD-IMAGE.MONITOR>
 9:10:49 MONITR	M5: => SNARK:<5.MONITOR>
 9:10:49 MONITR	M50: => M5:
 9:10:49 MONITR	M6: => SNARK:<6.MONITOR>
 9:10:49 MONITR	MAC: => TSG:<ZIMA.MAC>
 9:10:49 MONITR	MEM: => TSG:<ZIMA.MEMOS>
 9:10:49 MONITR	MRP: => FARK:<RP20-FIELD-IMAGE.MONITOR>
 9:10:49 MONITR	NOTE: => JGZ:NOTE.TXT
 9:10:49 MONITR	PED: => TSG:<DONAHUE>,PS:<DONAHUE>
 9:10:49 MONITR	RDH: => PS:<HOUK>
 9:10:49 MONITR	S: => SYSTEM:
 9:10:49 MONITR	SPR: => TSG:<ZIMA.SPR>
 9:10:49 MONITR	SPRLOG: => PS:<ZIMA>SPRLOG.TXT
 9:10:49 MONITR	SWS: => TSG:<ZIMA.SWSKIT>
 9:10:49 MONITR	SWSH: => FARK:<SWSKIT.HACKS>
 9:10:49 MONITR	SWSKIT: => FARK:<SWSKIT>
 9:10:49 MONITR	SYS: => DSK:,SYS:
 9:10:49 MONITR	TAM: => TSG:<MOSER>,PS:<MOSER>
 9:10:49 MONITR	TARL: => PS:<NEUSTAEDTER>
 9:10:49 MONITR	TVBACK: => TSG:<ZIMA>
 9:10:49 MONITR	TW: => PS:<WING>
 9:10:49 MONITR	U: => PS:<UNSUPPORTED>
 9:10:49 MONITR	U4: => FARK:<4-FIELD-IMAGE.UTILITIES>
 9:10:49 MONITR	U5: => SNARK:<5.UTILITIES>
 9:10:49 MONITR	U50: => U5:
 9:10:49 MONITR	U6: => SNARK:<6.UTILITIES>
 9:10:49 MONITR	URP: => FARK:<RP20-FIELD-IMAGE.UTILITIES>
 9:10:49 MONITR	
 9:10:49 MONITR	System-wide logical names:
 9:10:50 MONITR	
 9:10:50 MONITR	ACCOUNT: => PS:<ACCOUNTS>
 9:10:50 MONITR	BLI: => PS:<BRELEASE>,PS:<BRELEASE.XPORT>,PS:<BRELEASE.BLIS16>,PS:<BLISS>
 9:10:50 MONITR	CR: => CDR:
 9:10:50 MONITR	D60: => PS:<DN60>
 9:10:50 MONITR	DIABLO: => DCN:KL2137-TASK-DIABLO
 9:10:50 MONITR	DL1: => TTY202:
 9:10:50 MONITR	DL2: => TTY203:
 9:10:50 MONITR	DL3: => TTY204:
 9:10:50 MONITR	DMP: => DUMP:<DUMPS>
 9:10:50 MONITR	DOC: => PS:<DOC-SPECS>
 9:10:50 MONITR	DS: => DSK:
 9:10:50 MONITR	EDITOR: => SYS:EDIT.EXE
 9:10:50 MONITR	EMACS: => PS:<EMACS>
 9:10:50 MONITR	FIELDI: => PS:<FIELD-IMAGE>
 9:10:50 MONITR	GAM: => RP7:<GAMES>
 9:10:50 MONITR	HLP: => PS:<HELP>,SYS:
 9:10:50 MONITR	INFO: => PS:<INFO>
 9:10:50 MONITR	JUPDS: => SNARK:<JUPITER.DESIGN-SPECS>
 9:10:50 MONITR	JUPFS: => SNARK:<JUPITER.FUNCTIONAL-SPECS>
 9:10:50 MONITR	LL: => LPT0:,LPT1:
 9:10:50 MONITR	LOADTS: => PS:<LOADTEST>
 9:10:50 MONITR	LP: => LPT:
 9:10:50 MONITR	MAIL: => PS:<MAIL>
 9:10:50 MONITR	MAIL-SOFTWARE: => PS:<SYSTEM>
 9:10:50 MONITR	NETLIB: => PS:<NETWORK-LIBRARY>
 9:10:50 MONITR	NEW: => PS:<NEXT-RELEASE>,PS:<LOADTEST>
 9:10:50 MONITR	NEXTRL: => PS:<NEXT-RELEASE>
 9:10:50 MONITR	OLD: => PS:<FIELD-IMAGE>,PS:<UNSUPPORTED>
 9:10:50 MONITR	OUR1650: => TTY132:
 9:10:50 MONITR	PCL: => PS:<PCL>
 9:10:50 MONITR	POST-OFFICE: => PS:<OPERATOR>
 9:10:50 MONITR	PROTO: => PS:<PROTO>
 9:10:50 MONITR	PS: => PS:
 9:10:50 MONITR	REL: => SYS:
 9:10:50 MONITR	SERR: => PS:<SYSTEM-ERROR>
 9:10:51 MONITR	SY: => SYS:
 9:10:51 MONITR	SYS: => LOADTS:,NEXTRL:,FIELDI:,UNSUPP:,GAM:
 9:10:51 MONITR	SYSD: => NEXTRL:,FIELDI:,UNSUPP:,GAM:
 9:10:51 MONITR	SYSTEM: => PS:<SYSTEM>
 9:10:51 MONITR	TO: => SYS:HOST.EXE
 9:10:51 MONITR	TT: => TTY:
 9:10:51 MONITR	UNSUPP: => PS:<UNSUPPORTED>
 9:10:51 MONITR	XPN: => DUMP:<DUMPS>
 9:10:51 MONITR	@
 9:10:51 COMENT	!
 9:10:51 COMENT	! TAKE A CHECKSUMMED DIRECTORY OF ALL THE INPUT FILES
 9:10:51 COMENT	!
 9:10:51 BATCH	@VDIRECT SYS:MACRO.EXE,SYS:LINK.EXE,SYS:CREF.EXE,FIND.MAC,ZSUBS.UNV,ZSUBS.REL,
 9:10:52 MONITR	@@CHECKSUM SEQ
 9:10:52 MONITR	@@
 9:10:52 MONITR	
 9:10:52 MONITR	   PS:<NEXT-RELEASE>
 9:10:55 MONITR	*MACRO.EXE.2;P777752       36 18432(36)  28-Apr-81 12:08:21 PAETZOLD  721272  
 9:10:55 MONITR	
 9:10:55 MONITR	   PS:<LOADTEST>
 9:11:03 MONITR	 LINK.EXE.2;P777752       101 51712(36)  12-Jan-82 12:40:22 HARDY     306363  
 9:11:03 MONITR	
 9:11:03 MONITR	   PS:<NEXT-RELEASE>
 9:11:03 MONITR	 CREF.EXE.1;P777752        11 5632(36)   15-Jul-80 09:33:48 PAETZOLD  763472  
 9:11:03 MONITR	
 9:11:03 MONITR	   TSG:<ZIMA.MAC>
 9:11:04 MONITR	 FIND.MAC.66;P777700       15 36493(7)   24-Feb-82 09:10:28 ZIMA      464655  
 9:11:04 MONITR	 ZSUBS.UNV.12;P777700       1 506(36)    10-Feb-82 16:18:28 ZIMA      664072  
 9:11:05 MONITR	 ZSUBS.REL.13;P777700       2 882(36)    10-Feb-82 16:18:36 ZIMA      470316  
 9:11:05 MONITR	
 9:11:05 MONITR	 Total of 18 pages in 3 files, Checksum = 337471
 9:11:05 MONITR	
 9:11:05 MONITR	 Grand total of 166 pages in 6 files, Checksum = 444734, 1 file with possible da
 9:11:05 MONITR	ta errors
 9:11:05 MONITR	
 9:11:05 MONITR	* Indicates file(s) with possible data errors
 9:11:05 MONITR	@VDIRECT SYS:MONSYM.UNV,SYS:MACSYM.UNV,SYS:MACREL.REL,SYS:PA1050.EXE,
 9:11:07 MONITR	@@CHECKSUM SEQ
 9:11:07 MONITR	@@
 9:11:07 MONITR	
 9:11:07 MONITR	   PS:<NEXT-RELEASE>
 9:11:10 MONITR	 MONSYM.UNV.29;P777752     46 23529(36)  22-Jan-82 17:14:21 MURPHY    404000  
 9:11:11 MONITR	 MACSYM.UNV.25;P777752     13 6474(36)   15-Jan-82 10:51:33 WALLACE   027166  
 9:11:12 MONITR	      .26;P777752          13 6536(36)   22-Feb-82 17:39:30 MURPHY    542721  
 9:11:12 MONITR	 MACREL.REL.25;P777752      1 465(36)    15-Jan-82 10:51:47 WALLACE   743422  
 9:11:13 MONITR	      .26;P777752           1 465(36)    22-Feb-82 17:39:36 MURPHY    743422  
 9:11:14 MONITR	 PA1050.EXE.6;P777752      29 14848(36)   4-Dec-81 11:34:14 MAYO      064430  
 9:11:14 MONITR	
 9:11:14 MONITR	 Total of 103 pages in 6 files, Checksum = 316036
 9:11:14 MONITR	@GET SYS:MACRO
 9:11:14 MONITR	@INFORMATION VERSION
 9:11:15 MONITR	 2102 TOPS-20 Development System, TOPS-20 Monitor 6(4656)
 9:11:15 MONITR	 TOPS-20 Command processor 6(726)
 9:11:15 MONITR	 Program is MACRO, version is 53.2(1215)
 9:11:15 MONITR	@GET SYS:LINK
 9:11:15 MONITR	@INFORMATION VERSION
 9:11:15 MONITR	 2102 TOPS-20 Development System, TOPS-20 Monitor 6(4656)
 9:11:16 MONITR	 TOPS-20 Command processor 6(726)
 9:11:16 MONITR	 Program is LINK, version is 5(1456)
 9:11:16 MONITR	PDVs:	Program name LINK, version 5(1456)
 9:11:16 MONITR	@GET SYS:CREF
 9:11:17 MONITR	@INFORMATION VERSION
 9:11:17 MONITR	 2102 TOPS-20 Development System, TOPS-20 Monitor 6(4656)
 9:11:17 MONITR	 TOPS-20 Command processor 6(726)
 9:11:17 MONITR	 Program is CREF, version is 53.2(71)
 9:11:17 MONITR	@
 9:11:17 COMENT	!
 9:11:17 LABEL	QUICK::
 9:11:17 COMENT	!
 9:11:17 BATCH	@COMPILE /CREF/COMPILE FIND.MAC
 9:11:21 USER	MACRO:	FIND
 9:11:45 USER	SCAN+7	       PAGE 21
 9:11:45 USER	Q							IDIVI	T1,SEGBY	
 9:11:45 USER	;NUMBER OF BYTES
 9:11:56 USER	
 9:11:56 USER	%1 WARNING GIVEN
 9:11:58 USER	
 9:11:58 USER	EXIT
 9:11:58 MONITR	@
 9:11:58 COMENT	!
 9:11:58 BATCH	@R CREF
 9:12:00 USER	*FOO:FIND.LST=FIND.CRF
 9:12:12 USER	[CRFXKC 5K core]
 9:12:12 USER	*
 9:12:12 COMENT	!
 9:12:12 BATCH	*^C
 9:12:13 MONITR	@LOAD FIND
 9:12:16 USER	LINK:	Loading
 9:12:21 USER	
 9:12:21 USER	EXIT
 9:12:21 MONITR	@
 9:12:21 COMENT	!
 9:12:21 BATCH	@SAVE FIND
 9:12:22 MONITR	 FIND.EXE.5 Saved
 9:12:23 MONITR	@INFORMATION VERSION
 9:12:23 MONITR	 2102 TOPS-20 Development System, TOPS-20 Monitor 6(4656)
 9:12:23 MONITR	 TOPS-20 Command processor 6(726)
 9:12:23 MONITR	 Program is FIND, version is 2(50)
 9:12:23 MONITR	@
 9:12:23 COMENT	!
 9:12:23 BATCH	@DIRECT FIND.EXE,
 9:12:23 MONITR	@@CHECKSUM SEQ
 9:12:24 MONITR	@@
 9:12:24 MONITR	
 9:12:24 MONITR	   TSG:<ZIMA.MAC>
 9:12:24 MONITR			  Checksum
 9:12:24 MONITR	
 9:12:26 MONITR	 FIND.EXE.5       673146  
 9:12:26 MONITR	@
 9:12:26 COMENT	!
 9:12:26 BATCH	@DELETE FIND.REL
 9:12:26 MONITR	 FIND.REL.1 [OK]
 9:12:26 MONITR	@
 9:12:26 BATCH	@LOGOUT
 9:13:27 MONITR	Killed by OPERATOR, TTY 234
 9:13:27 MONITR	Killed Job 43, User ZIMA, Account MONITOR, TTY 245,
 9:13:27 MONITR	  at 24-Feb-82 09:12:29,  Used 0:00:27 in 0:02:46
