			 5-Apr-82 19:59:42

BATCON Version	104(4665)			GLXLIB Version	1(1124)

	    Job JSTRAP Req #27 for ZIMA in stream 1

	OUTPUT:	 Nolog				TIME-LIMIT: 0:30:00
	UNIQUE:	 Yes				BATCH-LOG:  Supersede
	RESTART: Yes				ASSISTANCE: Yes
	CORE:    Default			SEQUENCE:   3077


	Control file: FARK:<SWSKIT>JSTRAP.CTL
	Log file:     FARK:<SWSKIT>JSTRAP.LOG


19:59:43 USER	 KL2102 - TOPS-20 Development System, TOPS-20 Monitor 6(4723)
19:59:43 MONITR	@SET TIME-LIMIT 1800
19:59:43 MONITR	@LOGIN ZIMA MONITOR
19:59:46 MONITR	 Job 20 on TTY244 5-Apr-82 19:59:47
19:59:50 MONITR	Structure TSG: mounted
19:59:50 MONITR	Structure FARK: mounted
19:59:50 MONITR	Structure SNARK: mounted
19:59:52 MONITR	@
19:59:52 MONITR	[CONNECTED TO FARK:<SWSKIT>]
19:59:52 COMENT	!
19:59:52 COMENT	! NAME: JSTRAP.CTL
19:59:52 COMENT	! DATE: 14-SEP-81
19:59:52 COMENT	!
19:59:52 COMENT	!THIS CONTROL FILE IS PROVIDED FOR INFORMATION PURPOSES ONLY.  THE
19:59:52 COMENT	!PURPOSE OF THE FILE IS TO DOCUMENT THE PROCEDURES USED TO BUILD
19:59:52 COMENT	!THE DISTRIBUTED SOFTWARE.  IT IS UNLIKELY THAT THIS CONTROL FILE
19:59:52 COMENT	!WILL BE ABLE TO BE SUBMITTED WITHOUT MODIFICATION ON CUSTOMER
19:59:52 COMENT	!SYSTEMS.
19:59:52 COMENT	!
19:59:52 COMENT	! FUNCTION:	THIS CONTROL FILE BUILDS JSTRAP FROM ITS BASIC 
19:59:52 COMENT	!		SOURCES.  THE FILES CREATED BY THIS JOB ARE:
19:59:52 COMENT	!				JSTRAP.EXE
19:59:52 COMENT	!
19:59:52 COMENT	! SUBMIT WITH THE SWITCH "/TAG:CREF" TO OBTAIN
19:59:52 COMENT	!   A CREF LISTING OF THE SOURCE FILE
19:59:52 COMENT	!
19:59:52 BATCH	DEF FOO: NUL:
19:59:52 MONITR	@
19:59:52 BATCH	@GOTO A
19:59:52 LABEL	A::
19:59:52 COMENT	!
19:59:52 BATCH	@INFORMATION LOGICAL-NAMES ALL
19:59:52 MONITR	Job-wide logical names:
19:59:52 MONITR	
19:59:52 MONITR	A4: => TSG:<4-FIELD-IMAGE.ARPA-UTILITIES>
19:59:53 MONITR	A41: => FARK:<4-1-FIELD-IMAGE.ARPA-UTILITIES>
19:59:53 MONITR	A5: => FARK:<5-FIELD-IMAGE.ARPA-UTILITIES>
19:59:53 MONITR	A6: => SNARK:<6.ARPA-UTILITIES>
19:59:53 MONITR	AA4: => FARK:<4-WORKING-SOURCES.ARPA-UTILITIES>
19:59:53 MONITR	AA41: => FARK:<4-1-WORKING-SOURCES.ARPA-UTILITIES>
19:59:53 MONITR	AA5: => FARK:<5-WORKING-SOURCES.ARPA-UTILITIES>
19:59:53 MONITR	AALU: => FARK:<ALU>
19:59:53 MONITR	ADOC: => FARK:<AUTOPATCH.T20.MONITO>
19:59:53 MONITR	ADOCE: => FARK:<AUTOPATCH.T20.EXEC>
19:59:54 MONITR	ADOCU: => FARK:<AUTOPATCH.T20.UTILITIES>
19:59:54 MONITR	AE4: => FARK:<4-WORKING-SOURCES.EXEC>
19:59:54 MONITR	AE41: => FARK:<4-1-WORKING-SOURCES.EXEC>
19:59:54 MONITR	AE5: => FARK:<5-WORKING-SOURCES.EXEC>
19:59:54 MONITR	AFE: => FARK:<4-FROZEN-SOURCES.EXEC>
19:59:54 MONITR	AFM: => FARK:<4-FROZEN-SOURCES.MONITOR>
19:59:54 MONITR	AFU: => FARK:<4-FROZEN-SOURCES.UTILITIES>
19:59:54 MONITR	AHST: => FARK:<AUTOPATCH.T20>
19:59:54 MONITR	ALIB: => FARK:<AUTOPATCH.T20BLD>
19:59:54 MONITR	ALL: => DSK*:<*>*.*.*
19:59:54 MONITR	ALU: => FARK:<ALU>
19:59:54 MONITR	AM4: => FARK:<4-WORKING-SOURCES.MONITOR>
19:59:54 MONITR	AM41: => FARK:<4-1-WORKING-SOURCES.MONITOR>
19:59:55 MONITR	AM5: => FARK:<5-WORKING-SOURCES.MONITOR>
19:59:55 MONITR	ASG: => PS:<ASG>
19:59:55 MONITR	AU4: => FARK:<4-WORKING-SOURCES.UTILITIES>
19:59:55 MONITR	AU41: => FARK:<4-1-WORKING-SOURCES.UTILITIES>
19:59:55 MONITR	AU5: => FARK:<5-WORKING-SOURCES.UTILITIES>
19:59:55 MONITR	CKS: => PS:<CSMITH>
19:59:55 MONITR	CRSH: => TSG:<ZIMA.CRASH>
19:59:55 MONITR	DA5: => SNARK:<5.ARPA-UTILITIES>
19:59:55 MONITR	DE5: => SNARK:<5.EXEC>
19:59:55 MONITR	DIB: => PS:<DBELL>,TSG:<ZIMA.DBELL>
19:59:55 MONITR	DM5: => SNARK:<5.MONITOR>
19:59:55 MONITR	DOC: => PS:<DOC-SPECS>
19:59:55 MONITR	DSK: => DSK:,JGZ:
19:59:55 MONITR	DU5: => SNARK:<5.UTILITIES>
19:59:55 MONITR	E4: => TSG:<4-FIELD-IMAGE.EXEC>
19:59:55 MONITR	E41: => FARK:<4-1-FIELD-IMAGE.EXEC>
19:59:55 MONITR	E5: => FARK:<5-FIELD-IMAGE.EXEC>
19:59:55 MONITR	E6: => SNARK:<6.EXEC>
19:59:55 MONITR	EDITOR: => SYS:TV.EXE
19:59:55 MONITR	FOLK: => PS:<FOLKLORE>
19:59:55 MONITR	FOO: => NUL:
19:59:55 MONITR	JGZ: => TSG:<ZIMA>,PS:<ZIMA>
19:59:55 MONITR	KMR: => PS:<RABIDEAU>,TSG:<RABIDEAU>
19:59:55 MONITR	KR: => TSG:<ROSENBLUH>,TSG:<ROSENBLUH*>
19:59:55 MONITR	M4: => TSG:<4-FIELD-IMAGE.MONITOR>
19:59:55 MONITR	M41: => FARK:<4-1-FIELD-IMAGE.MONITOR>
19:59:55 MONITR	M5: => FARK:<5-FIELD-IMAGE.MONITOR>
19:59:55 MONITR	M6: => SNARK:<6.MONITOR>
19:59:55 MONITR	MAC: => TSG:<ZIMA.MAC>
19:59:55 MONITR	MEM: => TSG:<ZIMA.MEMOS>
19:59:55 MONITR	MRP: => TSG:<RP20-FIELD-IMAGE.MONITOR>
19:59:55 MONITR	NOTE: => JGZ:NOTE.TXT
19:59:55 MONITR	PED: => TSG:<DONAHUE>,PS:<DONAHUE>
19:59:55 MONITR	RDH: => PS:<HOUK>
19:59:55 MONITR	RMT: => TSG:<TILLSON>,TSG:<TILLSON*>
19:59:55 MONITR	S: => SYSTEM:
19:59:56 MONITR	SAM: => TSG:<MAYO>,TSG:<MAYO*>
19:59:56 MONITR	SPR: => TSG:<ZIMA.SPR>
19:59:56 MONITR	SPRLOG: => PS:<ZIMA>SPRLOG.TXT
19:59:56 MONITR	SWS: => TSG:<ZIMA.SWSKIT>
19:59:56 MONITR	SWSH: => FARK:<SWSKIT.HACKS>
19:59:56 MONITR	SWSKIT: => FARK:<SWSKIT>
19:59:56 MONITR	SYS: => DSK:,SYS:
19:59:56 MONITR	TAM: => TSG:<MOSER>,PS:<MOSER>
19:59:56 MONITR	TARL: => PS:<NEUSTAEDTER>
19:59:56 MONITR	TVBACK: => TSG:<ZIMA>
19:59:56 MONITR	TW: => PS:<WING>
19:59:56 MONITR	U: => PS:<UNSUPPORTED>
19:59:56 MONITR	U4: => TSG:<4-FIELD-IMAGE.UTILITIES>
19:59:56 MONITR	U41: => FARK:<4-1-FIELD-IMAGE.UTILITIES>
19:59:56 MONITR	U5: => FARK:<5-FIELD-IMAGE.UTILITIES>
19:59:56 MONITR	U6: => SNARK:<6.UTILITIES>
19:59:56 MONITR	URP: => TSG:<RP20-FIELD-IMAGE.UTILITIES>
19:59:56 MONITR	
19:59:56 MONITR	System-wide logical names:
19:59:56 MONITR	
19:59:56 MONITR	ACCOUNT: => PS:<ACCOUNTS>
19:59:56 MONITR	BLI: => PS:<BRELEASE>,PS:<BRELEASE.XPORT>,PS:<BRELEASE.BLIS16>,PS:<BLISS>
19:59:56 MONITR	CR: => CDR:
19:59:56 MONITR	D60: => PS:<DN60>
19:59:56 MONITR	DIABLO: => DCN:KL2137-TASK-DIABLO
19:59:56 MONITR	DL1: => TTY202:
19:59:56 MONITR	DL2: => TTY203:
19:59:56 MONITR	DL3: => TTY204:
19:59:56 MONITR	DMP: => DUMP:<DUMPS>
19:59:56 MONITR	DNA: => SNARK:<NETARCH>
19:59:56 MONITR	DOC: => PS:<DOC-SPECS>
19:59:56 MONITR	DS: => DSK:
19:59:56 MONITR	EDITOR: => SYS:EDIT.EXE
19:59:56 MONITR	EMACS: => PS:<EMACS>
19:59:56 MONITR	FIELDI: => PS:<FIELD-IMAGE>
19:59:56 MONITR	GAM: => PS:<GAMES>
19:59:56 MONITR	HLP: => PS:<HELP>,SYS:
19:59:56 MONITR	INFO: => PS:<INFO>
19:59:56 MONITR	JUPDS: => SNARK:<JUPITER.DESIGN-SPECS>
19:59:56 MONITR	JUPFS: => SNARK:<JUPITER.FUNCTIONAL-SPECS>
19:59:56 MONITR	LL: => LPT0:,LPT1:
19:59:57 MONITR	LOADTS: => PS:<LOADTEST>
19:59:57 MONITR	LP: => LPT:
19:59:57 MONITR	MAIL: => PS:<MAIL>
19:59:57 MONITR	MAIL-SOFTWARE: => PS:<SYSTEM>
19:59:57 MONITR	MONDOC: => SNARK:<MONITOR.DOCUMENTS>
19:59:57 MONITR	NAME-DIRECTORY: => DCN:KL2102-209
19:59:57 MONITR	NETLIB: => PS:<NETWORK-LIBRARY>
19:59:57 MONITR	NEW: => PS:<NEXT-RELEASE>,PS:<LOADTEST>
19:59:57 MONITR	NEXTRL: => PS:<NEXT-RELEASE>
19:59:57 MONITR	OLD: => PS:<FIELD-IMAGE>,PS:<UNSUPPORTED>
19:59:57 MONITR	OUR1650: => TTY142:
19:59:57 MONITR	PCL: => PS:<PCL>
19:59:57 MONITR	POST-OFFICE: => PS:<OPERATOR>
19:59:57 MONITR	PROTO: => PS:<PROTO>
19:59:57 MONITR	PS: => PS:
19:59:57 MONITR	REL: => SYS:
19:59:57 MONITR	SERR: => PS:<SYSTEM-ERROR>
19:59:57 MONITR	SY: => SYS:
19:59:57 MONITR	SYS: => LOADTS:,NEXTRL:,FIELDI:,UNSUPP:,GAM:
19:59:57 MONITR	SYSD: => NEXTRL:,FIELDI:,UNSUPP:,GAM:
19:59:57 MONITR	SYSTEM: => PS:<SYSTEM>
19:59:57 MONITR	TO: => SYS:HOST.EXE
19:59:57 MONITR	TT: => TTY:
19:59:57 MONITR	UNSUPP: => PS:<UNSUPPORTED>
19:59:57 MONITR	XPN: => DUMP:<DUMPS>
19:59:57 MONITR	@
19:59:57 COMENT	!
19:59:57 COMENT	! TAKE A CHECKSUMMED DIRECTORY OF ALL THE INPUT FILES
19:59:57 COMENT	!
19:59:57 BATCH	@VDIRECT SYS:MACRO.EXE,SYS:LINK.EXE,SYS:CREF.EXE,JSTRAP.MAC,
19:59:58 MONITR	@@CHECKSUM SEQ
19:59:58 MONITR	@@
19:59:58 MONITR	
19:59:58 MONITR	   TSG:<ZIMA>
19:59:59 MONITR	 MACRO.EXE.1;P777752       35 17920(36)  12-Dec-79 12:37:21 ZIMA      113320  
19:59:59 MONITR	
19:59:59 MONITR	   PS:<LOADTEST>
20:00:01 MONITR	 LINK.EXE.5;P777752       101 51712(36)   2-Mar-82 15:31:42 HARDY     052715  
20:00:01 MONITR	
20:00:01 MONITR	   PS:<NEXT-RELEASE>
20:00:03 MONITR	 CREF.EXE.1;P777752        11 5632(36)   15-Jul-80 09:33:48 PAETZOLD  763472  
20:00:03 MONITR	
20:00:03 MONITR	   FARK:<SWSKIT>
20:00:04 MONITR	 JSTRAP.MAC.2;P777700      21 51325(7)   25-Mar-82 12:48:58 MAYO      034043  
20:00:04 MONITR	
20:00:04 MONITR	 Grand total of 168 pages in 4 files, Checksum = 560626
20:00:04 MONITR	@VDIRECT SYS:MONSYM.UNV,SYS:MACSYM.UNV,SYS:MACREL.REL,SYS:PA1050.EXE,
20:00:05 MONITR	@@CHECKSUM SEQ
20:00:05 MONITR	@@
20:00:05 MONITR	
20:00:05 MONITR	   PS:<NEXT-RELEASE>
20:00:07 MONITR	 MONSYM.UNV.29;P777752     46 23529(36)  22-Jan-82 17:14:21 MURPHY    404000  
20:00:07 MONITR	 MACSYM.UNV.26;P777752     13 6536(36)   22-Feb-82 17:39:30 MURPHY    542721  
20:00:07 MONITR	 MACREL.REL.26;P777752      1 465(36)    22-Feb-82 17:39:36 MURPHY    743422  
20:00:08 MONITR	 PA1050.EXE.6;P777752      29 14848(36)   4-Dec-81 11:34:14 MAYO      064430  
20:00:08 MONITR	
20:00:08 MONITR	 Total of 89 pages in 4 files, Checksum = 025604
20:00:08 MONITR	@GET SYS:MACRO
20:00:08 MONITR	@INFORMATION VERSION
20:00:08 MONITR	 KL2102 - TOPS-20 Development System, TOPS-20 Monitor 6(4723)
20:00:10 MONITR	 TOPS-20 Command processor 6(730)
20:00:10 MONITR	 Program is MACRO, version is 53.1(1152)
20:00:10 MONITR	@GET SYS:LINK
20:00:11 MONITR	@INFORMATION VERSION
20:00:11 MONITR	 KL2102 - TOPS-20 Development System, TOPS-20 Monitor 6(4723)
20:00:11 MONITR	 TOPS-20 Command processor 6(730)
20:00:11 MONITR	 Program is LINK, version is 5(1464)
20:00:11 MONITR	PDVs:	Program name LINK, version 5(1464)
20:00:11 MONITR	@GET SYS:CREF
20:00:12 MONITR	@INFORMATION VERSION
20:00:12 MONITR	 KL2102 - TOPS-20 Development System, TOPS-20 Monitor 6(4723)
20:00:12 MONITR	 TOPS-20 Command processor 6(730)
20:00:12 MONITR	 Program is CREF, version is 53.2(71)
20:00:12 MONITR	@
20:00:12 COMENT	!
20:00:12 BATCH	@COMPILE /CREF/COMPILE JSTRAP.MAC
20:00:15 USER	MACRO:	JSTRAP
20:04:46 USER	
20:04:46 USER	EXIT
20:04:46 MONITR	@
20:04:46 COMENT	!
20:04:46 BATCH	@R CREF
20:04:47 USER	*FOO:JSTRAP.LST=JSTRAP.CRF
20:05:07 USER	[CRFXKC 6K core]
20:05:07 USER	*
20:05:07 COMENT	!
20:05:07 BATCH	*^C
20:05:07 MONITR	@LOAD JSTRAP
20:05:08 USER	LINK:	Loading
20:05:09 USER	
20:05:09 USER	EXIT
20:05:09 MONITR	@
20:05:09 COMENT	!
20:05:09 BATCH	@SAVE JSTRAP
20:05:11 MONITR	 JSTRAP.EXE.5 Saved
20:05:11 MONITR	@INFORMATION VERSION
20:05:11 MONITR	 KL2102 - TOPS-20 Development System, TOPS-20 Monitor 6(4723)
20:05:11 MONITR	 TOPS-20 Command processor 6(730)
20:05:11 MONITR	 Program is JSTRAP, version is 30(6043)-4
20:05:11 MONITR	@
20:05:11 COMENT	!
20:05:11 BATCH	@DIRECT JSTRAP.EXE,
20:05:11 MONITR	@@CHECKSUM SEQ
20:05:11 MONITR	@@
20:05:11 MONITR	
20:05:11 MONITR	   FARK:<SWSKIT>
20:05:11 MONITR			  Checksum
20:05:11 MONITR	
20:05:12 MONITR	 JSTRAP.EXE.5     520527  
20:05:12 MONITR	@
20:05:12 COMENT	!
20:05:12 BATCH	@DELETE JSTRAP.REL
20:05:12 MONITR	 JSTRAP.REL.1 [OK]
20:05:12 MONITR	@
20:05:12 BATCH	@LOGOUT
20:06:13 MONITR	Killed by OPERATOR, TTY 234
20:06:13 MONITR	Killed Job 20, User ZIMA, Account MONITOR, TTY 244,
20:06:13 MONITR	  at  5-Apr-82 20:05:14,  Used 0:02:29 in 0:06:27
    