			 5-Apr-82 20:06:16

BATCON Version	104(4665)			GLXLIB Version	1(1124)

	    Job MONRD Req #28 for ZIMA in stream 1

	OUTPUT:	 Nolog				TIME-LIMIT: 0:30:00
	UNIQUE:	 Yes				BATCH-LOG:  Supersede
	RESTART: Yes				ASSISTANCE: Yes
	CORE:    Default			SEQUENCE:   3078


	Control file: FARK:<SWSKIT>MONRD.CTL
	Log file:     FARK:<SWSKIT>MONRD.LOG


20:06:16 USER	 KL2102 - TOPS-20 Development System, TOPS-20 Monitor 6(4723)
20:06:16 MONITR	@SET TIME-LIMIT 1800
20:06:16 MONITR	@LOGIN ZIMA MONITOR
20:06:20 MONITR	 Job 20 on TTY244 5-Apr-82 20:06:20
20:06:23 MONITR	Structure TSG: mounted
20:06:23 MONITR	Structure FARK: mounted
20:06:23 MONITR	Structure SNARK: mounted
20:06:26 MONITR	@
20:06:26 MONITR	[CONNECTED TO FARK:<SWSKIT>]
20:06:26 COMENT	!
20:06:26 COMENT	! NAME: MONRD.CTL
20:06:26 COMENT	! DATE: 14-SEP-81
20:06:26 COMENT	!
20:06:26 COMENT	!THIS CONTROL FILE IS PROVIDED FOR INFORMATION PURPOSES ONLY.  THE
20:06:26 COMENT	!PURPOSE OF THE FILE IS TO DOCUMENT THE PROCEDURES USED TO BUILD
20:06:26 COMENT	!THE DISTRIBUTED SOFTWARE.  IT IS UNLIKELY THAT THIS CONTROL FILE
20:06:26 COMENT	!WILL BE ABLE TO BE SUBMITTED WITHOUT MODIFICATION ON CUSTOMER
20:06:26 COMENT	!SYSTEMS.
20:06:26 COMENT	!
20:06:26 COMENT	! FUNCTION:	THIS CONTROL FILE BUILDS MONRD FROM ITS BASIC 
20:06:26 COMENT	!		SOURCES.  THE FILES CREATED BY THIS JOB ARE:
20:06:26 COMENT	!				MONRD.EXE
20:06:26 COMENT	!
20:06:26 COMENT	! SUBMIT WITH THE SWITCH "/TAG:CREF" TO OBTAIN
20:06:26 COMENT	!   A CREF LISTING OF THE SOURCE FILE
20:06:26 COMENT	!
20:06:26 BATCH	DEF FOO: NUL:
20:06:28 MONITR	@
20:06:28 BATCH	@GOTO A
20:06:28 LABEL	A::
20:06:28 COMENT	!
20:06:28 BATCH	@INFORMATION LOGICAL-NAMES ALL
20:06:30 MONITR	Job-wide logical names:
20:06:30 MONITR	
20:06:30 MONITR	A4: => TSG:<4-FIELD-IMAGE.ARPA-UTILITIES>
20:06:30 MONITR	A41: => FARK:<4-1-FIELD-IMAGE.ARPA-UTILITIES>
20:06:30 MONITR	A5: => FARK:<5-FIELD-IMAGE.ARPA-UTILITIES>
20:06:30 MONITR	A6: => SNARK:<6.ARPA-UTILITIES>
20:06:30 MONITR	AA4: => FARK:<4-WORKING-SOURCES.ARPA-UTILITIES>
20:06:30 MONITR	AA41: => FARK:<4-1-WORKING-SOURCES.ARPA-UTILITIES>
20:06:30 MONITR	AA5: => FARK:<5-WORKING-SOURCES.ARPA-UTILITIES>
20:06:30 MONITR	AALU: => FARK:<ALU>
20:06:30 MONITR	ADOC: => FARK:<AUTOPATCH.T20.MONITO>
20:06:30 MONITR	ADOCE: => FARK:<AUTOPATCH.T20.EXEC>
20:06:31 MONITR	ADOCU: => FARK:<AUTOPATCH.T20.UTILITIES>
20:06:31 MONITR	AE4: => FARK:<4-WORKING-SOURCES.EXEC>
20:06:31 MONITR	AE41: => FARK:<4-1-WORKING-SOURCES.EXEC>
20:06:31 MONITR	AE5: => FARK:<5-WORKING-SOURCES.EXEC>
20:06:31 MONITR	AFE: => FARK:<4-FROZEN-SOURCES.EXEC>
20:06:31 MONITR	AFM: => FARK:<4-FROZEN-SOURCES.MONITOR>
20:06:31 MONITR	AFU: => FARK:<4-FROZEN-SOURCES.UTILITIES>
20:06:31 MONITR	AHST: => FARK:<AUTOPATCH.T20>
20:06:31 MONITR	ALIB: => FARK:<AUTOPATCH.T20BLD>
20:06:31 MONITR	ALL: => DSK*:<*>*.*.*
20:06:31 MONITR	ALU: => FARK:<ALU>
20:06:31 MONITR	AM4: => FARK:<4-WORKING-SOURCES.MONITOR>
20:06:31 MONITR	AM41: => FARK:<4-1-WORKING-SOURCES.MONITOR>
20:06:31 MONITR	AM5: => FARK:<5-WORKING-SOURCES.MONITOR>
20:06:31 MONITR	ASG: => PS:<ASG>
20:06:31 MONITR	AU4: => FARK:<4-WORKING-SOURCES.UTILITIES>
20:06:31 MONITR	AU41: => FARK:<4-1-WORKING-SOURCES.UTILITIES>
20:06:31 MONITR	AU5: => FARK:<5-WORKING-SOURCES.UTILITIES>
20:06:31 MONITR	CKS: => PS:<CSMITH>
20:06:31 MONITR	CRSH: => TSG:<ZIMA.CRASH>
20:06:31 MONITR	DA5: => SNARK:<5.ARPA-UTILITIES>
20:06:31 MONITR	DE5: => SNARK:<5.EXEC>
20:06:31 MONITR	DIB: => PS:<DBELL>,TSG:<ZIMA.DBELL>
20:06:31 MONITR	DM5: => SNARK:<5.MONITOR>
20:06:31 MONITR	DOC: => PS:<DOC-SPECS>
20:06:31 MONITR	DSK: => DSK:,JGZ:
20:06:31 MONITR	DU5: => SNARK:<5.UTILITIES>
20:06:31 MONITR	E4: => TSG:<4-FIELD-IMAGE.EXEC>
20:06:31 MONITR	E41: => FARK:<4-1-FIELD-IMAGE.EXEC>
20:06:31 MONITR	E5: => FARK:<5-FIELD-IMAGE.EXEC>
20:06:31 MONITR	E6: => SNARK:<6.EXEC>
20:06:31 MONITR	EDITOR: => SYS:TV.EXE
20:06:32 MONITR	FOLK: => PS:<FOLKLORE>
20:06:32 MONITR	FOO: => NUL:
20:06:32 MONITR	JGZ: => TSG:<ZIMA>,PS:<ZIMA>
20:06:32 MONITR	KMR: => PS:<RABIDEAU>,TSG:<RABIDEAU>
20:06:32 MONITR	KR: => TSG:<ROSENBLUH>,TSG:<ROSENBLUH*>
20:06:32 MONITR	M4: => TSG:<4-FIELD-IMAGE.MONITOR>
20:06:32 MONITR	M41: => FARK:<4-1-FIELD-IMAGE.MONITOR>
20:06:32 MONITR	M5: => FARK:<5-FIELD-IMAGE.MONITOR>
20:06:32 MONITR	M6: => SNARK:<6.MONITOR>
20:06:32 MONITR	MAC: => TSG:<ZIMA.MAC>
20:06:32 MONITR	MEM: => TSG:<ZIMA.MEMOS>
20:06:32 MONITR	MRP: => TSG:<RP20-FIELD-IMAGE.MONITOR>
20:06:32 MONITR	NOTE: => JGZ:NOTE.TXT
20:06:32 MONITR	PED: => TSG:<DONAHUE>,PS:<DONAHUE>
20:06:32 MONITR	RDH: => PS:<HOUK>
20:06:32 MONITR	RMT: => TSG:<TILLSON>,TSG:<TILLSON*>
20:06:32 MONITR	S: => SYSTEM:
20:06:32 MONITR	SAM: => TSG:<MAYO>,TSG:<MAYO*>
20:06:32 MONITR	SPR: => TSG:<ZIMA.SPR>
20:06:32 MONITR	SPRLOG: => PS:<ZIMA>SPRLOG.TXT
20:06:32 MONITR	SWS: => TSG:<ZIMA.SWSKIT>
20:06:32 MONITR	SWSH: => FARK:<SWSKIT.HACKS>
20:06:32 MONITR	SWSKIT: => FARK:<SWSKIT>
20:06:32 MONITR	SYS: => DSK:,SYS:
20:06:32 MONITR	TAM: => TSG:<MOSER>,PS:<MOSER>
20:06:32 MONITR	TARL: => PS:<NEUSTAEDTER>
20:06:32 MONITR	TVBACK: => TSG:<ZIMA>
20:06:32 MONITR	TW: => PS:<WING>
20:06:32 MONITR	U: => PS:<UNSUPPORTED>
20:06:32 MONITR	U4: => TSG:<4-FIELD-IMAGE.UTILITIES>
20:06:32 MONITR	U41: => FARK:<4-1-FIELD-IMAGE.UTILITIES>
20:06:32 MONITR	U5: => FARK:<5-FIELD-IMAGE.UTILITIES>
20:06:32 MONITR	U6: => SNARK:<6.UTILITIES>
20:06:32 MONITR	URP: => TSG:<RP20-FIELD-IMAGE.UTILITIES>
20:06:32 MONITR	
20:06:33 MONITR	System-wide logical names:
20:06:33 MONITR	
20:06:33 MONITR	ACCOUNT: => PS:<ACCOUNTS>
20:06:33 MONITR	BLI: => PS:<BRELEASE>,PS:<BRELEASE.XPORT>,PS:<BRELEASE.BLIS16>,PS:<BLISS>
20:06:33 MONITR	CR: => CDR:
20:06:33 MONITR	D60: => PS:<DN60>
20:06:33 MONITR	DIABLO: => DCN:KL2137-TASK-DIABLO
20:06:33 MONITR	DL1: => TTY202:
20:06:33 MONITR	DL2: => TTY203:
20:06:33 MONITR	DL3: => TTY204:
20:06:33 MONITR	DMP: => DUMP:<DUMPS>
20:06:33 MONITR	DNA: => SNARK:<NETARCH>
20:06:33 MONITR	DOC: => PS:<DOC-SPECS>
20:06:33 MONITR	DS: => DSK:
20:06:33 MONITR	EDITOR: => SYS:EDIT.EXE
20:06:33 MONITR	EMACS: => PS:<EMACS>
20:06:33 MONITR	FIELDI: => PS:<FIELD-IMAGE>
20:06:33 MONITR	GAM: => PS:<GAMES>
20:06:33 MONITR	HLP: => PS:<HELP>,SYS:
20:06:33 MONITR	INFO: => PS:<INFO>
20:06:33 MONITR	JUPDS: => SNARK:<JUPITER.DESIGN-SPECS>
20:06:33 MONITR	JUPFS: => SNARK:<JUPITER.FUNCTIONAL-SPECS>
20:06:33 MONITR	LL: => LPT0:,LPT1:
20:06:33 MONITR	LOADTS: => PS:<LOADTEST>
20:06:33 MONITR	LP: => LPT:
20:06:33 MONITR	MAIL: => PS:<MAIL>
20:06:33 MONITR	MAIL-SOFTWARE: => PS:<SYSTEM>
20:06:33 MONITR	MONDOC: => SNARK:<MONITOR.DOCUMENTS>
20:06:33 MONITR	NAME-DIRECTORY: => DCN:KL2102-209
20:06:33 MONITR	NETLIB: => PS:<NETWORK-LIBRARY>
20:06:33 MONITR	NEW: => PS:<NEXT-RELEASE>,PS:<LOADTEST>
20:06:33 MONITR	NEXTRL: => PS:<NEXT-RELEASE>
20:06:33 MONITR	OLD: => PS:<FIELD-IMAGE>,PS:<UNSUPPORTED>
20:06:33 MONITR	OUR1650: => TTY142:
20:06:33 MONITR	PCL: => PS:<PCL>
20:06:33 MONITR	POST-OFFICE: => PS:<OPERATOR>
20:06:33 MONITR	PROTO: => PS:<PROTO>
20:06:33 MONITR	PS: => PS:
20:06:33 MONITR	REL: => SYS:
20:06:34 MONITR	SERR: => PS:<SYSTEM-ERROR>
20:06:34 MONITR	SY: => SYS:
20:06:34 MONITR	SYS: => LOADTS:,NEXTRL:,FIELDI:,UNSUPP:,GAM:
20:06:34 MONITR	SYSD: => NEXTRL:,FIELDI:,UNSUPP:,GAM:
20:06:34 MONITR	SYSTEM: => PS:<SYSTEM>
20:06:34 MONITR	TO: => SYS:HOST.EXE
20:06:34 MONITR	TT: => TTY:
20:06:34 MONITR	UNSUPP: => PS:<UNSUPPORTED>
20:06:34 MONITR	XPN: => DUMP:<DUMPS>
20:06:34 MONITR	@
20:06:34 COMENT	!
20:06:34 COMENT	! TAKE A CHECKSUMMED DIRECTORY OF ALL THE INPUT FILES
20:06:34 COMENT	!
20:06:34 BATCH	@VDIRECT SYS:MACRO.EXE,SYS:LINK.EXE,SYS:CREF.EXE,MONRD.MAC,
20:06:34 MONITR	@@CHECKSUM SEQ
20:06:34 MONITR	@@
20:06:34 MONITR	
20:06:34 MONITR	   TSG:<ZIMA>
20:06:36 MONITR	 MACRO.EXE.1;P777752       35 17920(36)  12-Dec-79 12:37:21 ZIMA      113320  
20:06:36 MONITR	
20:06:36 MONITR	   PS:<LOADTEST>
20:06:37 MONITR	 LINK.EXE.5;P777752       101 51712(36)   2-Mar-82 15:31:42 HARDY     052715  
20:06:37 MONITR	
20:06:37 MONITR	   PS:<NEXT-RELEASE>
20:06:40 MONITR	 CREF.EXE.1;P777752        11 5632(36)   15-Jul-80 09:33:48 PAETZOLD  763472  
20:06:40 MONITR	
20:06:40 MONITR	   FARK:<SWSKIT>
20:06:41 MONITR	 MONRD.MAC.1;P777700       25 61813(7)   10-Dec-79 22:34:57 ZIMA      742353  
20:06:41 MONITR	
20:06:41 MONITR	 Grand total of 172 pages in 4 files, Checksum = 452104
20:06:41 MONITR	@VDIRECT SYS:MONSYM.UNV,SYS:MACSYM.UNV,SYS:MACREL.REL,SYS:PA1050.EXE,
20:06:41 MONITR	@@CHECKSUM SEQ
20:06:41 MONITR	@@
20:06:41 MONITR	
20:06:41 MONITR	   PS:<NEXT-RELEASE>
20:06:43 MONITR	 MONSYM.UNV.29;P777752     46 23529(36)  22-Jan-82 17:14:21 MURPHY    404000  
20:06:44 MONITR	 MACSYM.UNV.26;P777752     13 6536(36)   22-Feb-82 17:39:30 MURPHY    542721  
20:06:44 MONITR	 MACREL.REL.26;P777752      1 465(36)    22-Feb-82 17:39:36 MURPHY    743422  
20:06:44 MONITR	 PA1050.EXE.6;P777752      29 14848(36)   4-Dec-81 11:34:14 MAYO      064430  
20:06:45 MONITR	
20:06:45 MONITR	 Total of 89 pages in 4 files, Checksum = 025604
20:06:45 MONITR	@GET SYS:MACRO
20:06:46 MONITR	@INFORMATION VERSION
20:06:46 MONITR	 KL2102 - TOPS-20 Development System, TOPS-20 Monitor 6(4723)
20:06:46 MONITR	 TOPS-20 Command processor 6(730)
20:06:47 MONITR	 Program is MACRO, version is 53.1(1152)
20:06:47 MONITR	@GET SYS:LINK
20:06:47 MONITR	@INFORMATION VERSION
20:06:47 MONITR	 KL2102 - TOPS-20 Development System, TOPS-20 Monitor 6(4723)
20:06:47 MONITR	 TOPS-20 Command processor 6(730)
20:06:47 MONITR	 Program is LINK, version is 5(1464)
20:06:48 MONITR	PDVs:	Program name LINK, version 5(1464)
20:06:48 MONITR	@GET SYS:CREF
20:06:48 MONITR	@INFORMATION VERSION
20:06:48 MONITR	 KL2102 - TOPS-20 Development System, TOPS-20 Monitor 6(4723)
20:06:49 MONITR	 TOPS-20 Command processor 6(730)
20:06:49 MONITR	 Program is CREF, version is 53.2(71)
20:06:49 MONITR	@
20:06:49 COMENT	!
20:06:49 BATCH	@COMPILE /CREF/COMPILE MONRD.MAC
20:06:52 USER	MACRO:	MONRD
20:07:26 USER	
20:07:26 USER	EXIT
20:07:26 MONITR	@
20:07:26 COMENT	!
20:07:26 BATCH	@R CREF
20:07:27 USER	*FOO:MONRD.LST=MONRD.CRF
20:07:37 USER	[CRFXKC 7K core]
20:07:37 USER	*
20:07:37 COMENT	!
20:07:37 BATCH	*^C
20:07:37 MONITR	@LOAD MONRD
20:07:39 USER	LINK:	Loading
20:07:41 USER	
20:07:41 USER	EXIT
20:07:41 MONITR	@
20:07:41 COMENT	!
20:07:41 BATCH	@SAVE MONRD
20:07:42 MONITR	 MONRD.EXE.3 Saved
20:07:42 MONITR	@INFORMATION VERSION
20:07:42 MONITR	 KL2102 - TOPS-20 Development System, TOPS-20 Monitor 6(4723)
20:07:43 MONITR	 TOPS-20 Command processor 6(730)
20:07:43 MONITR	 Program is MONRD, version is 4(114)
20:07:43 MONITR	@
20:07:43 COMENT	!
20:07:43 BATCH	@DIRECT MONRD.EXE,
20:07:43 MONITR	@@CHECKSUM SEQ
20:07:43 MONITR	@@
20:07:43 MONITR	
20:07:43 MONITR	   FARK:<SWSKIT>
20:07:43 MONITR			  Checksum
20:07:43 MONITR	
20:07:43 MONITR	 MONRD.EXE.3      404777  
20:07:43 MONITR	@
20:07:43 COMENT	!
20:07:43 BATCH	@DELETE MONRD.REL
20:07:43 MONITR	 MONRD.REL.1 [OK]
20:07:44 MONITR	@
20:07:44 BATCH	@LOGOUT
20:08:44 MONITR	Killed by OPERATOR, TTY 234
20:08:44 MONITR	Killed Job 20, User ZIMA, Account MONITOR, TTY 244,
20:08:44 MONITR	  at  5-Apr-82 20:07:45,  Used 0:00:34 in 0:02:24
 