			 5-Apr-82 20:18:09

BATCON Version	104(4665)			GLXLIB Version	1(1124)

	    Job REV Req #34 for ZIMA in stream 1

	OUTPUT:	 Nolog				TIME-LIMIT: 0:30:00
	UNIQUE:	 Yes				BATCH-LOG:  Supersede
	RESTART: Yes				ASSISTANCE: Yes
	CORE:    Default			SEQUENCE:   3082


	Control file: FARK:<SWSKIT>REV.CTL
	Log file:     FARK:<SWSKIT>REV.LOG


20:18:10 MONITR	 KL2102 - TOPS-20 Development System, TOPS-20 Monitor 6(4723)
20:18:10 MONITR	@SET TIME-LIMIT 1800
20:18:10 MONITR	@LOGIN ZIMA MONITOR
20:18:13 MONITR	 Job 20 on TTY243 5-Apr-82 20:18:13
20:18:17 MONITR	Structure TSG: mounted
20:18:17 MONITR	Structure FARK: mounted
20:18:17 MONITR	Structure SNARK: mounted
20:18:18 MONITR	@
20:18:18 MONITR	[CONNECTED TO FARK:<SWSKIT>]
20:18:18 COMENT	!
20:18:18 COMENT	! NAME: REV.CTL
20:18:18 COMENT	! DATE: 14-SEP-81
20:18:18 COMENT	!
20:18:18 COMENT	!THIS CONTROL FILE IS PROVIDED FOR INFORMATION PURPOSES ONLY.  THE
20:18:18 COMENT	!PURPOSE OF THE FILE IS TO DOCUMENT THE PROCEDURES USED TO BUILD
20:18:18 COMENT	!THE DISTRIBUTED SOFTWARE.  IT IS UNLIKELY THAT THIS CONTROL FILE
20:18:18 COMENT	!WILL BE ABLE TO BE SUBMITTED WITHOUT MODIFICATION ON CUSTOMER
20:18:18 COMENT	!SYSTEMS.
20:18:18 COMENT	!
20:18:18 COMENT	! FUNCTION:	THIS CONTROL FILE BUILDS REV FROM ITS BASIC 
20:18:18 COMENT	!		SOURCES.  THE FILES CREATED BY THIS JOB ARE:
20:18:18 COMENT	!				REV.EXE
20:18:18 COMENT	!
20:18:18 COMENT	! SUBMIT WITH THE SWITCH "/TAG:CREF" TO OBTAIN
20:18:18 COMENT	!   A CREF LISTING OF THE SOURCE FILE
20:18:18 COMENT	!
20:18:18 BATCH	DEF FOO: NUL:
20:18:18 MONITR	@
20:18:18 BATCH	@GOTO A
20:18:18 LABEL	A::
20:18:18 COMENT	!
20:18:18 BATCH	@INFORMATION LOGICAL-NAMES ALL
20:18:18 MONITR	Job-wide logical names:
20:18:18 MONITR	
20:18:18 MONITR	A4: => TSG:<4-FIELD-IMAGE.ARPA-UTILITIES>
20:18:18 MONITR	A41: => FARK:<4-1-FIELD-IMAGE.ARPA-UTILITIES>
20:18:18 MONITR	A5: => FARK:<5-FIELD-IMAGE.ARPA-UTILITIES>
20:18:18 MONITR	A6: => SNARK:<6.ARPA-UTILITIES>
20:18:18 MONITR	AA4: => FARK:<4-WORKING-SOURCES.ARPA-UTILITIES>
20:18:18 MONITR	AA41: => FARK:<4-1-WORKING-SOURCES.ARPA-UTILITIES>
20:18:19 MONITR	AA5: => FARK:<5-WORKING-SOURCES.ARPA-UTILITIES>
20:18:19 MONITR	AALU: => FARK:<ALU>
20:18:19 MONITR	ADOC: => FARK:<AUTOPATCH.T20.MONITO>
20:18:19 MONITR	ADOCE: => FARK:<AUTOPATCH.T20.EXEC>
20:18:19 MONITR	ADOCU: => FARK:<AUTOPATCH.T20.UTILITIES>
20:18:19 MONITR	AE4: => FARK:<4-WORKING-SOURCES.EXEC>
20:18:19 MONITR	AE41: => FARK:<4-1-WORKING-SOURCES.EXEC>
20:18:19 MONITR	AE5: => FARK:<5-WORKING-SOURCES.EXEC>
20:18:19 MONITR	AFE: => FARK:<4-FROZEN-SOURCES.EXEC>
20:18:19 MONITR	AFM: => FARK:<4-FROZEN-SOURCES.MONITOR>
20:18:19 MONITR	AFU: => FARK:<4-FROZEN-SOURCES.UTILITIES>
20:18:19 MONITR	AHST: => FARK:<AUTOPATCH.T20>
20:18:19 MONITR	ALIB: => FARK:<AUTOPATCH.T20BLD>
20:18:19 MONITR	ALL: => DSK*:<*>*.*.*
20:18:19 MONITR	ALU: => FARK:<ALU>
20:18:19 MONITR	AM4: => FARK:<4-WORKING-SOURCES.MONITOR>
20:18:19 MONITR	AM41: => FARK:<4-1-WORKING-SOURCES.MONITOR>
20:18:19 MONITR	AM5: => FARK:<5-WORKING-SOURCES.MONITOR>
20:18:19 MONITR	ASG: => PS:<ASG>
20:18:19 MONITR	AU4: => FARK:<4-WORKING-SOURCES.UTILITIES>
20:18:19 MONITR	AU41: => FARK:<4-1-WORKING-SOURCES.UTILITIES>
20:18:19 MONITR	AU5: => FARK:<5-WORKING-SOURCES.UTILITIES>
20:18:19 MONITR	CKS: => PS:<CSMITH>
20:18:19 MONITR	CRSH: => TSG:<ZIMA.CRASH>
20:18:19 MONITR	DA5: => SNARK:<5.ARPA-UTILITIES>
20:18:19 MONITR	DE5: => SNARK:<5.EXEC>
20:18:19 MONITR	DIB: => PS:<DBELL>,TSG:<ZIMA.DBELL>
20:18:19 MONITR	DM5: => SNARK:<5.MONITOR>
20:18:19 MONITR	DOC: => PS:<DOC-SPECS>
20:18:20 MONITR	DSK: => DSK:,JGZ:
20:18:20 MONITR	DU5: => SNARK:<5.UTILITIES>
20:18:20 MONITR	E4: => TSG:<4-FIELD-IMAGE.EXEC>
20:18:20 MONITR	E41: => FARK:<4-1-FIELD-IMAGE.EXEC>
20:18:20 MONITR	E5: => FARK:<5-FIELD-IMAGE.EXEC>
20:18:20 MONITR	E6: => SNARK:<6.EXEC>
20:18:20 MONITR	EDITOR: => SYS:TV.EXE
20:18:20 MONITR	FOLK: => PS:<FOLKLORE>
20:18:20 MONITR	FOO: => NUL:
20:18:20 MONITR	JGZ: => TSG:<ZIMA>,PS:<ZIMA>
20:18:20 MONITR	KMR: => PS:<RABIDEAU>,TSG:<RABIDEAU>
20:18:20 MONITR	KR: => TSG:<ROSENBLUH>,TSG:<ROSENBLUH*>
20:18:20 MONITR	M4: => TSG:<4-FIELD-IMAGE.MONITOR>
20:18:20 MONITR	M41: => FARK:<4-1-FIELD-IMAGE.MONITOR>
20:18:20 MONITR	M5: => FARK:<5-FIELD-IMAGE.MONITOR>
20:18:20 MONITR	M6: => SNARK:<6.MONITOR>
20:18:20 MONITR	MAC: => TSG:<ZIMA.MAC>
20:18:20 MONITR	MEM: => TSG:<ZIMA.MEMOS>
20:18:20 MONITR	MRP: => TSG:<RP20-FIELD-IMAGE.MONITOR>
20:18:20 MONITR	NOTE: => JGZ:NOTE.TXT
20:18:20 MONITR	PED: => TSG:<DONAHUE>,PS:<DONAHUE>
20:18:20 MONITR	RDH: => PS:<HOUK>
20:18:20 MONITR	RMT: => TSG:<TILLSON>,TSG:<TILLSON*>
20:18:20 MONITR	S: => SYSTEM:
20:18:20 MONITR	SAM: => TSG:<MAYO>,TSG:<MAYO*>
20:18:20 MONITR	SPR: => TSG:<ZIMA.SPR>
20:18:20 MONITR	SPRLOG: => PS:<ZIMA>SPRLOG.TXT
20:18:20 MONITR	SWS: => TSG:<ZIMA.SWSKIT>
20:18:20 MONITR	SWSH: => FARK:<SWSKIT.HACKS>
20:18:20 MONITR	SWSKIT: => FARK:<SWSKIT>
20:18:20 MONITR	SYS: => DSK:,SYS:
20:18:20 MONITR	TAM: => TSG:<MOSER>,PS:<MOSER>
20:18:20 MONITR	TARL: => PS:<NEUSTAEDTER>
20:18:20 MONITR	TVBACK: => TSG:<ZIMA>
20:18:21 MONITR	TW: => PS:<WING>
20:18:21 MONITR	U: => PS:<UNSUPPORTED>
20:18:21 MONITR	U4: => TSG:<4-FIELD-IMAGE.UTILITIES>
20:18:21 MONITR	U41: => FARK:<4-1-FIELD-IMAGE.UTILITIES>
20:18:21 MONITR	U5: => FARK:<5-FIELD-IMAGE.UTILITIES>
20:18:21 MONITR	U6: => SNARK:<6.UTILITIES>
20:18:21 MONITR	URP: => TSG:<RP20-FIELD-IMAGE.UTILITIES>
20:18:21 MONITR	
20:18:21 MONITR	System-wide logical names:
20:18:21 MONITR	
20:18:21 MONITR	ACCOUNT: => PS:<ACCOUNTS>
20:18:21 MONITR	BLI: => PS:<BRELEASE>,PS:<BRELEASE.XPORT>,PS:<BRELEASE.BLIS16>,PS:<BLISS>
20:18:21 MONITR	CR: => CDR:
20:18:21 MONITR	D60: => PS:<DN60>
20:18:21 MONITR	DIABLO: => DCN:KL2137-TASK-DIABLO
20:18:21 MONITR	DL1: => TTY202:
20:18:21 MONITR	DL2: => TTY203:
20:18:21 MONITR	DL3: => TTY204:
20:18:21 MONITR	DMP: => DUMP:<DUMPS>
20:18:21 MONITR	DNA: => SNARK:<NETARCH>
20:18:21 MONITR	DOC: => PS:<DOC-SPECS>
20:18:21 MONITR	DS: => DSK:
20:18:21 MONITR	EDITOR: => SYS:EDIT.EXE
20:18:21 MONITR	EMACS: => PS:<EMACS>
20:18:21 MONITR	FIELDI: => PS:<FIELD-IMAGE>
20:18:21 MONITR	GAM: => PS:<GAMES>
20:18:21 MONITR	HLP: => PS:<HELP>,SYS:
20:18:21 MONITR	INFO: => PS:<INFO>
20:18:21 MONITR	JUPDS: => SNARK:<JUPITER.DESIGN-SPECS>
20:18:21 MONITR	JUPFS: => SNARK:<JUPITER.FUNCTIONAL-SPECS>
20:18:21 MONITR	LL: => LPT0:,LPT1:
20:18:21 MONITR	LOADTS: => PS:<LOADTEST>
20:18:21 MONITR	LP: => LPT:
20:18:21 MONITR	MAIL: => PS:<MAIL>
20:18:21 MONITR	MAIL-SOFTWARE: => PS:<SYSTEM>
20:18:21 MONITR	MONDOC: => SNARK:<MONITOR.DOCUMENTS>
20:18:21 MONITR	NAME-DIRECTORY: => DCN:KL2102-209
20:18:21 MONITR	NETLIB: => PS:<NETWORK-LIBRARY>
20:18:22 MONITR	NEW: => PS:<NEXT-RELEASE>,PS:<LOADTEST>
20:18:22 MONITR	NEXTRL: => PS:<NEXT-RELEASE>
20:18:22 MONITR	OLD: => PS:<FIELD-IMAGE>,PS:<UNSUPPORTED>
20:18:22 MONITR	OUR1650: => TTY142:
20:18:22 MONITR	PCL: => PS:<PCL>
20:18:22 MONITR	POST-OFFICE: => PS:<OPERATOR>
20:18:22 MONITR	PROTO: => PS:<PROTO>
20:18:22 MONITR	PS: => PS:
20:18:22 MONITR	REL: => SYS:
20:18:22 MONITR	SERR: => PS:<SYSTEM-ERROR>
20:18:22 MONITR	SY: => SYS:
20:18:22 MONITR	SYS: => LOADTS:,NEXTRL:,FIELDI:,UNSUPP:,GAM:
20:18:22 MONITR	SYSD: => NEXTRL:,FIELDI:,UNSUPP:,GAM:
20:18:22 MONITR	SYSTEM: => PS:<SYSTEM>
20:18:22 MONITR	TO: => SYS:HOST.EXE
20:18:22 MONITR	TT: => TTY:
20:18:22 MONITR	UNSUPP: => PS:<UNSUPPORTED>
20:18:22 MONITR	XPN: => DUMP:<DUMPS>
20:18:22 MONITR	@
20:18:22 COMENT	!
20:18:22 COMENT	! TAKE A CHECKSUMMED DIRECTORY OF ALL THE INPUT FILES
20:18:22 COMENT	!
20:18:22 BATCH	@VDIRECT SYS:MACRO.EXE,SYS:LINK.EXE,SYS:CREF.EXE,REV.MAC,
20:18:22 MONITR	@@CHECKSUM SEQ
20:18:22 MONITR	@@
20:18:23 MONITR	
20:18:23 MONITR	   TSG:<ZIMA>
20:18:23 MONITR	 MACRO.EXE.1;P777752       35 17920(36)  12-Dec-79 12:37:21 ZIMA      113320  
20:18:24 MONITR	
20:18:24 MONITR	   PS:<LOADTEST>
20:18:25 MONITR	 LINK.EXE.5;P777752       101 51712(36)   2-Mar-82 15:31:42 HARDY     052715  
20:18:25 MONITR	
20:18:25 MONITR	   PS:<NEXT-RELEASE>
20:18:25 MONITR	 CREF.EXE.1;P777752        11 5632(36)   15-Jul-80 09:33:48 PAETZOLD  763472  
20:18:25 MONITR	
20:18:25 MONITR	   FARK:<SWSKIT>
20:18:26 MONITR	 REV.MAC.12;P777700        36 91200(7)    7-Feb-82 23:13:43 ZIMA      625576  
20:18:26 MONITR	
20:18:26 MONITR	 Grand total of 183 pages in 4 files, Checksum = 506634
20:18:26 MONITR	@VDIRECT SYS:MONSYM.UNV,SYS:MACSYM.UNV,SYS:MACREL.REL,SYS:PA1050.EXE,
20:18:26 MONITR	@@CHECKSUM SEQ
20:18:26 MONITR	@@
20:18:26 MONITR	
20:18:26 MONITR	   PS:<NEXT-RELEASE>
20:18:28 MONITR	 MONSYM.UNV.29;P777752     46 23529(36)  22-Jan-82 17:14:21 MURPHY    404000  
20:18:28 MONITR	 MACSYM.UNV.26;P777752     13 6536(36)   22-Feb-82 17:39:30 MURPHY    542721  
20:18:28 MONITR	 MACREL.REL.26;P777752      1 465(36)    22-Feb-82 17:39:36 MURPHY    743422  
20:18:29 MONITR	 PA1050.EXE.6;P777752      29 14848(36)   4-Dec-81 11:34:14 MAYO      064430  
20:18:29 MONITR	
20:18:29 MONITR	 Total of 89 pages in 4 files, Checksum = 025604
20:18:29 MONITR	@GET SYS:MACRO
20:18:29 MONITR	@INFORMATION VERSION
20:18:29 MONITR	 KL2102 - TOPS-20 Development System, TOPS-20 Monitor 6(4723)
20:18:29 MONITR	 TOPS-20 Command processor 6(730)
20:18:29 MONITR	 Program is MACRO, version is 53.1(1152)
20:18:29 MONITR	@GET SYS:LINK
20:18:30 MONITR	@INFORMATION VERSION
20:18:30 MONITR	 KL2102 - TOPS-20 Development System, TOPS-20 Monitor 6(4723)
20:18:30 MONITR	 TOPS-20 Command processor 6(730)
20:18:30 MONITR	 Program is LINK, version is 5(1464)
20:18:30 MONITR	PDVs:	Program name LINK, version 5(1464)
20:18:30 MONITR	@GET SYS:CREF
20:18:31 MONITR	@INFORMATION VERSION
20:18:31 MONITR	 KL2102 - TOPS-20 Development System, TOPS-20 Monitor 6(4723)
20:18:31 MONITR	 TOPS-20 Command processor 6(730)
20:18:31 MONITR	 Program is CREF, version is 53.2(71)
20:18:31 MONITR	@
20:18:31 COMENT	!
20:18:31 BATCH	@COMPILE /CREF/COMPILE REV.MAC
20:18:34 USER	MACRO:	REV
20:19:01 USER	
20:19:01 USER	EXIT
20:19:01 MONITR	@
20:19:01 COMENT	!
20:19:01 BATCH	@R CREF
20:19:02 USER	*FOO:REV.LST=REV.CRF
20:19:11 USER	[CRFXKC 9K core]
20:19:11 USER	*
20:19:11 COMENT	!
20:19:11 BATCH	*^C
20:19:12 MONITR	@LOAD REV
20:19:13 USER	LINK:	Loading
20:19:14 USER	
20:19:14 USER	EXIT
20:19:14 MONITR	@
20:19:14 COMENT	!
20:19:14 BATCH	@SAVE REV
20:19:15 MONITR	 REV.EXE.13 Saved
20:19:15 MONITR	@INFORMATION VERSION
20:19:15 MONITR	 KL2102 - TOPS-20 Development System, TOPS-20 Monitor 6(4723)
20:19:15 MONITR	 TOPS-20 Command processor 6(730)
20:19:15 MONITR	 Program is REV, version is 4(200)-1
20:19:16 MONITR	@
20:19:16 COMENT	!
20:19:16 BATCH	@DIRECT REV.EXE,
20:19:16 MONITR	@@CHECKSUM SEQ
20:19:16 MONITR	@@
20:19:16 MONITR	
20:19:16 MONITR	   FARK:<SWSKIT>
20:19:16 MONITR			  Checksum
20:19:16 MONITR	
20:19:16 MONITR	 REV.EXE.13       275613  
20:19:16 MONITR	@
20:19:16 COMENT	!
20:19:16 BATCH	@DELETE REV.REL
20:19:16 MONITR	 REV.REL.1 [OK]
20:19:16 MONITR	@
20:19:16 BATCH	@LOGOUT
20:20:17 MONITR	Killed by OPERATOR, TTY 234
20:20:17 MONITR	Killed Job 20, User ZIMA, Account MONITOR, TTY 243,
20:20:17 MONITR	  at  5-Apr-82 20:19:18,  Used 0:00:44 in 0:02:03
  