			 5-Apr-82 20:14:04

BATCON Version	104(4665)			GLXLIB Version	1(1124)

	    Job SWSERR Req #31 for ZIMA in stream 1

	OUTPUT:	 Nolog				TIME-LIMIT: 0:30:00
	UNIQUE:	 Yes				BATCH-LOG:  Supersede
	RESTART: Yes				ASSISTANCE: Yes
	CORE:    Default			SEQUENCE:   3080


	Control file: FARK:<SWSKIT>SWSERR.CTL
	Log file:     FARK:<SWSKIT>SWSERR.LOG


20:14:05 USER	 KL2102 - TOPS-20 Development System, TOPS-20 Monitor 6(4723)
20:14:05 MONITR	@SET TIME-LIMIT 1800
20:14:05 MONITR	@LOGIN ZIMA MONITOR
20:14:08 MONITR	 Job 20 on TTY244 5-Apr-82 20:14:08
20:14:12 MONITR	Structure TSG: mounted
20:14:12 MONITR	Structure FARK: mounted
20:14:12 MONITR	Structure SNARK: mounted
20:14:14 MONITR	@
20:14:14 MONITR	[CONNECTED TO FARK:<SWSKIT>]
20:14:14 COMENT	!
20:14:14 COMENT	! NAME: SWSERR.CTL
20:14:14 COMENT	! DATE: 14-SEP-81
20:14:14 COMENT	!
20:14:14 COMENT	!THIS CONTROL FILE IS PROVIDED FOR INFORMATION PURPOSES ONLY.  THE
20:14:14 COMENT	!PURPOSE OF THE FILE IS TO DOCUMENT THE PROCEDURES USED TO BUILD
20:14:14 COMENT	!THE DISTRIBUTED SOFTWARE.  IT IS UNLIKELY THAT THIS CONTROL FILE
20:14:14 COMENT	!WILL BE ABLE TO BE SUBMITTED WITHOUT MODIFICATION ON CUSTOMER
20:14:14 COMENT	!SYSTEMS.
20:14:14 COMENT	!
20:14:14 COMENT	! FUNCTION:	THIS CONTROL FILE BUILDS SWSERR FROM ITS BASIC 
20:14:14 COMENT	!		SOURCES.  THE FILES CREATED BY THIS JOB ARE:
20:14:14 COMENT	!				SWSERR.EXE
20:14:14 COMENT	!
20:14:14 COMENT	! SUBMIT WITH THE SWITCH "/TAG:CREF" TO OBTAIN
20:14:14 COMENT	!   A CREF LISTING OF THE SOURCE FILE
20:14:14 COMENT	!
20:14:14 BATCH	DEF FOO: NUL:
20:14:14 MONITR	@
20:14:14 BATCH	@GOTO A
20:14:14 LABEL	A::
20:14:14 COMENT	!
20:14:14 BATCH	@INFORMATION LOGICAL-NAMES ALL
20:14:18 MONITR	Job-wide logical names:
20:14:18 MONITR	
20:14:18 MONITR	A4: => TSG:<4-FIELD-IMAGE.ARPA-UTILITIES>
20:14:18 MONITR	A41: => FARK:<4-1-FIELD-IMAGE.ARPA-UTILITIES>
20:14:18 MONITR	A5: => FARK:<5-FIELD-IMAGE.ARPA-UTILITIES>
20:14:18 MONITR	A6: => SNARK:<6.ARPA-UTILITIES>
20:14:18 MONITR	AA4: => FARK:<4-WORKING-SOURCES.ARPA-UTILITIES>
20:14:18 MONITR	AA41: => FARK:<4-1-WORKING-SOURCES.ARPA-UTILITIES>
20:14:18 MONITR	AA5: => FARK:<5-WORKING-SOURCES.ARPA-UTILITIES>
20:14:18 MONITR	AALU: => FARK:<ALU>
20:14:18 MONITR	ADOC: => FARK:<AUTOPATCH.T20.MONITO>
20:14:18 MONITR	ADOCE: => FARK:<AUTOPATCH.T20.EXEC>
20:14:18 MONITR	ADOCU: => FARK:<AUTOPATCH.T20.UTILITIES>
20:14:19 MONITR	AE4: => FARK:<4-WORKING-SOURCES.EXEC>
20:14:19 MONITR	AE41: => FARK:<4-1-WORKING-SOURCES.EXEC>
20:14:19 MONITR	AE5: => FARK:<5-WORKING-SOURCES.EXEC>
20:14:19 MONITR	AFE: => FARK:<4-FROZEN-SOURCES.EXEC>
20:14:19 MONITR	AFM: => FARK:<4-FROZEN-SOURCES.MONITOR>
20:14:19 MONITR	AFU: => FARK:<4-FROZEN-SOURCES.UTILITIES>
20:14:19 MONITR	AHST: => FARK:<AUTOPATCH.T20>
20:14:19 MONITR	ALIB: => FARK:<AUTOPATCH.T20BLD>
20:14:19 MONITR	ALL: => DSK*:<*>*.*.*
20:14:19 MONITR	ALU: => FARK:<ALU>
20:14:19 MONITR	AM4: => FARK:<4-WORKING-SOURCES.MONITOR>
20:14:19 MONITR	AM41: => FARK:<4-1-WORKING-SOURCES.MONITOR>
20:14:19 MONITR	AM5: => FARK:<5-WORKING-SOURCES.MONITOR>
20:14:19 MONITR	ASG: => PS:<ASG>
20:14:19 MONITR	AU4: => FARK:<4-WORKING-SOURCES.UTILITIES>
20:14:19 MONITR	AU41: => FARK:<4-1-WORKING-SOURCES.UTILITIES>
20:14:19 MONITR	AU5: => FARK:<5-WORKING-SOURCES.UTILITIES>
20:14:19 MONITR	CKS: => PS:<CSMITH>
20:14:19 MONITR	CRSH: => TSG:<ZIMA.CRASH>
20:14:19 MONITR	DA5: => SNARK:<5.ARPA-UTILITIES>
20:14:19 MONITR	DE5: => SNARK:<5.EXEC>
20:14:19 MONITR	DIB: => PS:<DBELL>,TSG:<ZIMA.DBELL>
20:14:19 MONITR	DM5: => SNARK:<5.MONITOR>
20:14:19 MONITR	DOC: => PS:<DOC-SPECS>
20:14:19 MONITR	DSK: => DSK:,JGZ:
20:14:19 MONITR	DU5: => SNARK:<5.UTILITIES>
20:14:19 MONITR	E4: => TSG:<4-FIELD-IMAGE.EXEC>
20:14:19 MONITR	E41: => FARK:<4-1-FIELD-IMAGE.EXEC>
20:14:19 MONITR	E5: => FARK:<5-FIELD-IMAGE.EXEC>
20:14:19 MONITR	E6: => SNARK:<6.EXEC>
20:14:19 MONITR	EDITOR: => SYS:TV.EXE
20:14:19 MONITR	FOLK: => PS:<FOLKLORE>
20:14:19 MONITR	FOO: => NUL:
20:14:19 MONITR	JGZ: => TSG:<ZIMA>,PS:<ZIMA>
20:14:20 MONITR	KMR: => PS:<RABIDEAU>,TSG:<RABIDEAU>
20:14:20 MONITR	KR: => TSG:<ROSENBLUH>,TSG:<ROSENBLUH*>
20:14:20 MONITR	M4: => TSG:<4-FIELD-IMAGE.MONITOR>
20:14:20 MONITR	M41: => FARK:<4-1-FIELD-IMAGE.MONITOR>
20:14:20 MONITR	M5: => FARK:<5-FIELD-IMAGE.MONITOR>
20:14:20 MONITR	M6: => SNARK:<6.MONITOR>
20:14:20 MONITR	MAC: => TSG:<ZIMA.MAC>
20:14:20 MONITR	MEM: => TSG:<ZIMA.MEMOS>
20:14:20 MONITR	MRP: => TSG:<RP20-FIELD-IMAGE.MONITOR>
20:14:20 MONITR	NOTE: => JGZ:NOTE.TXT
20:14:20 MONITR	PED: => TSG:<DONAHUE>,PS:<DONAHUE>
20:14:20 MONITR	RDH: => PS:<HOUK>
20:14:20 MONITR	RMT: => TSG:<TILLSON>,TSG:<TILLSON*>
20:14:20 MONITR	S: => SYSTEM:
20:14:20 MONITR	SAM: => TSG:<MAYO>,TSG:<MAYO*>
20:14:20 MONITR	SPR: => TSG:<ZIMA.SPR>
20:14:20 MONITR	SPRLOG: => PS:<ZIMA>SPRLOG.TXT
20:14:20 MONITR	SWS: => TSG:<ZIMA.SWSKIT>
20:14:20 MONITR	SWSH: => FARK:<SWSKIT.HACKS>
20:14:20 MONITR	SWSKIT: => FARK:<SWSKIT>
20:14:20 MONITR	SYS: => DSK:,SYS:
20:14:20 MONITR	TAM: => TSG:<MOSER>,PS:<MOSER>
20:14:20 MONITR	TARL: => PS:<NEUSTAEDTER>
20:14:20 MONITR	TVBACK: => TSG:<ZIMA>
20:14:20 MONITR	TW: => PS:<WING>
20:14:20 MONITR	U: => PS:<UNSUPPORTED>
20:14:20 MONITR	U4: => TSG:<4-FIELD-IMAGE.UTILITIES>
20:14:20 MONITR	U41: => FARK:<4-1-FIELD-IMAGE.UTILITIES>
20:14:20 MONITR	U5: => FARK:<5-FIELD-IMAGE.UTILITIES>
20:14:20 MONITR	U6: => SNARK:<6.UTILITIES>
20:14:20 MONITR	URP: => TSG:<RP20-FIELD-IMAGE.UTILITIES>
20:14:20 MONITR	
20:14:20 MONITR	System-wide logical names:
20:14:21 MONITR	
20:14:21 MONITR	ACCOUNT: => PS:<ACCOUNTS>
20:14:21 MONITR	BLI: => PS:<BRELEASE>,PS:<BRELEASE.XPORT>,PS:<BRELEASE.BLIS16>,PS:<BLISS>
20:14:21 MONITR	CR: => CDR:
20:14:21 MONITR	D60: => PS:<DN60>
20:14:21 MONITR	DIABLO: => DCN:KL2137-TASK-DIABLO
20:14:21 MONITR	DL1: => TTY202:
20:14:21 MONITR	DL2: => TTY203:
20:14:21 MONITR	DL3: => TTY204:
20:14:21 MONITR	DMP: => DUMP:<DUMPS>
20:14:21 MONITR	DNA: => SNARK:<NETARCH>
20:14:21 MONITR	DOC: => PS:<DOC-SPECS>
20:14:21 MONITR	DS: => DSK:
20:14:21 MONITR	EDITOR: => SYS:EDIT.EXE
20:14:21 MONITR	EMACS: => PS:<EMACS>
20:14:21 MONITR	FIELDI: => PS:<FIELD-IMAGE>
20:14:21 MONITR	GAM: => PS:<GAMES>
20:14:21 MONITR	HLP: => PS:<HELP>,SYS:
20:14:21 MONITR	INFO: => PS:<INFO>
20:14:21 MONITR	JUPDS: => SNARK:<JUPITER.DESIGN-SPECS>
20:14:21 MONITR	JUPFS: => SNARK:<JUPITER.FUNCTIONAL-SPECS>
20:14:21 MONITR	LL: => LPT0:,LPT1:
20:14:21 MONITR	LOADTS: => PS:<LOADTEST>
20:14:21 MONITR	LP: => LPT:
20:14:21 MONITR	MAIL: => PS:<MAIL>
20:14:21 MONITR	MAIL-SOFTWARE: => PS:<SYSTEM>
20:14:21 MONITR	MONDOC: => SNARK:<MONITOR.DOCUMENTS>
20:14:21 MONITR	NAME-DIRECTORY: => DCN:KL2102-209
20:14:21 MONITR	NETLIB: => PS:<NETWORK-LIBRARY>
20:14:21 MONITR	NEW: => PS:<NEXT-RELEASE>,PS:<LOADTEST>
20:14:21 MONITR	NEXTRL: => PS:<NEXT-RELEASE>
20:14:21 MONITR	OLD: => PS:<FIELD-IMAGE>,PS:<UNSUPPORTED>
20:14:21 MONITR	OUR1650: => TTY142:
20:14:21 MONITR	PCL: => PS:<PCL>
20:14:21 MONITR	POST-OFFICE: => PS:<OPERATOR>
20:14:21 MONITR	PROTO: => PS:<PROTO>
20:14:21 MONITR	PS: => PS:
20:14:22 MONITR	REL: => SYS:
20:14:22 MONITR	SERR: => PS:<SYSTEM-ERROR>
20:14:22 MONITR	SY: => SYS:
20:14:22 MONITR	SYS: => LOADTS:,NEXTRL:,FIELDI:,UNSUPP:,GAM:
20:14:22 MONITR	SYSD: => NEXTRL:,FIELDI:,UNSUPP:,GAM:
20:14:22 MONITR	SYSTEM: => PS:<SYSTEM>
20:14:22 MONITR	TO: => SYS:HOST.EXE
20:14:22 MONITR	TT: => TTY:
20:14:22 MONITR	UNSUPP: => PS:<UNSUPPORTED>
20:14:22 MONITR	XPN: => DUMP:<DUMPS>
20:14:22 MONITR	@
20:14:22 COMENT	!
20:14:22 COMENT	! TAKE A CHECKSUMMED DIRECTORY OF ALL THE INPUT FILES
20:14:22 COMENT	!
20:14:22 BATCH	@VDIRECT SYS:MACRO.EXE,SYS:LINK.EXE,SYS:CREF.EXE,SWSERR.MAC,ZSUBS.UNV,ZSUBS.REL,
20:14:22 MONITR	@@CHECKSUM SEQ
20:14:23 MONITR	@@
20:14:23 MONITR	
20:14:23 MONITR	   TSG:<ZIMA>
20:14:24 MONITR	 MACRO.EXE.1;P777752       35 17920(36)  12-Dec-79 12:37:21 ZIMA      113320  
20:14:24 MONITR	
20:14:24 MONITR	   PS:<LOADTEST>
20:14:25 MONITR	 LINK.EXE.5;P777752       101 51712(36)   2-Mar-82 15:31:42 HARDY     052715  
20:14:25 MONITR	
20:14:25 MONITR	   PS:<NEXT-RELEASE>
20:14:28 MONITR	 CREF.EXE.1;P777752        11 5632(36)   15-Jul-80 09:33:48 PAETZOLD  763472  
20:14:28 MONITR	
20:14:28 MONITR	   FARK:<SWSKIT>
20:14:29 MONITR	 SWSERR.MAC.30;P777700     14 33799(7)   28-Jan-82 08:52:52 ZIMA      427516  
20:14:29 MONITR	 ZSUBS.UNV.20;P777700       1 506(36)    10-Feb-82 16:18:28 ZIMA      664072  
20:14:29 MONITR	      .21;P777700           1 506(36)     5-Apr-82 19:33:59 ZIMA      356540  
20:14:30 MONITR	 ZSUBS.REL.37;P777700       2 882(36)    10-Feb-82 16:18:36 ZIMA      470316  
20:14:30 MONITR	      .38;P777700           1 110(36)     5-Apr-82 19:33:54 ZIMA      457204  
20:14:30 MONITR	      .39;P777700           2 882(36)     5-Apr-82 19:34:05 ZIMA      470316  
20:14:30 MONITR	
20:14:30 MONITR	 Total of 21 pages in 6 files, Checksum = 374042
20:14:30 MONITR	
20:14:30 MONITR	 Grand total of 168 pages in 9 files, Checksum = 235056
20:14:31 MONITR	@VDIRECT SYS:MONSYM.UNV,SYS:MACSYM.UNV,SYS:MACREL.REL,SYS:PA1050.EXE,SERCOD.UNV,
20:14:31 MONITR	@@CHECKSUM SEQ
20:14:31 MONITR	@@
20:14:31 MONITR	
20:14:31 MONITR	   PS:<NEXT-RELEASE>
20:14:33 MONITR	 MONSYM.UNV.29;P777752     46 23529(36)  22-Jan-82 17:14:21 MURPHY    404000  
20:14:33 MONITR	 MACSYM.UNV.26;P777752     13 6536(36)   22-Feb-82 17:39:30 MURPHY    542721  
20:14:34 MONITR	 MACREL.REL.26;P777752      1 465(36)    22-Feb-82 17:39:36 MURPHY    743422  
20:14:39 MONITR	 PA1050.EXE.6;P777752      29 14848(36)   4-Dec-81 11:34:14 MAYO      064430  
20:14:39 MONITR	
20:14:39 MONITR	 Total of 89 pages in 4 files, Checksum = 025604
20:14:39 MONITR	
20:14:39 MONITR	   FARK:<SWSKIT>
20:14:39 MONITR	 SERCOD.UNV.1;P777700       2 517(36)    25-Jul-80 17:20:36 ZIMA      770053  
20:14:39 MONITR	
20:14:39 MONITR	 Grand total of 91 pages in 5 files, Checksum = 742517
20:14:39 MONITR	@GET SYS:MACRO
20:14:40 MONITR	@INFORMATION VERSION
20:14:40 MONITR	 KL2102 - TOPS-20 Development System, TOPS-20 Monitor 6(4723)
20:14:40 MONITR	 TOPS-20 Command processor 6(730)
20:14:40 MONITR	 Program is MACRO, version is 53.1(1152)
20:14:40 MONITR	@GET SYS:LINK
20:14:41 MONITR	@INFORMATION VERSION
20:14:41 MONITR	 KL2102 - TOPS-20 Development System, TOPS-20 Monitor 6(4723)
20:14:41 MONITR	 TOPS-20 Command processor 6(730)
20:14:41 MONITR	 Program is LINK, version is 5(1464)
20:14:41 MONITR	PDVs:	Program name LINK, version 5(1464)
20:14:41 MONITR	@GET SYS:CREF
20:14:42 MONITR	@INFORMATION VERSION
20:14:42 MONITR	 KL2102 - TOPS-20 Development System, TOPS-20 Monitor 6(4723)
20:14:42 MONITR	 TOPS-20 Command processor 6(730)
20:14:42 MONITR	 Program is CREF, version is 53.2(71)
20:14:42 MONITR	@
20:14:42 COMENT	!
20:14:42 BATCH	@COMPILE /CREF/COMPILE SWSERR.MAC
20:14:45 USER	MACRO:	SWSERR
20:15:07 USER	
20:15:07 USER	EXIT
20:15:07 MONITR	@
20:15:07 COMENT	!
20:15:07 BATCH	@R CREF
20:15:08 USER	*FOO:SWSERR.LST=SWSERR.CRF
20:15:12 USER	[CRFXKC 6K core]
20:15:12 USER	*
20:15:12 COMENT	!
20:15:12 BATCH	*^C
20:15:12 MONITR	@LOAD SWSERR
20:15:14 USER	LINK:	Loading
20:15:15 USER	
20:15:15 USER	EXIT
20:15:15 MONITR	@
20:15:15 COMENT	!
20:15:15 BATCH	@SAVE SWSERR
20:15:16 MONITR	 SWSERR.EXE.27 Saved
20:15:16 MONITR	@INFORMATION VERSION
20:15:16 MONITR	 KL2102 - TOPS-20 Development System, TOPS-20 Monitor 6(4723)
20:15:17 MONITR	 TOPS-20 Command processor 6(730)
20:15:17 MONITR	 Program is SWSERR, version is 1(33)
20:15:17 MONITR	@
20:15:17 COMENT	!
20:15:17 BATCH	@DIRECT SWSERR.EXE,
20:15:17 MONITR	@@CHECKSUM SEQ
20:15:17 MONITR	@@
20:15:17 MONITR	
20:15:17 MONITR	   FARK:<SWSKIT>
20:15:17 MONITR			  Checksum
20:15:17 MONITR	
20:15:17 MONITR	 SWSERR.EXE.26,27 530710  
20:15:18 MONITR	
20:15:18 MONITR	 Total of 2 files, Checksum = 131450
20:15:18 MONITR	@
20:15:18 COMENT	!
20:15:18 BATCH	@DELETE SWSERR.REL
20:15:18 MONITR	 SWSERR.REL.1 [OK]
20:15:18 MONITR	@
20:15:18 BATCH	@LOGOUT
20:16:24 MONITR	Killed by OPERATOR, TTY 234
20:16:24 MONITR	Killed Job 20, User ZIMA, Account MONITOR, TTY 244,
20:16:24 MONITR	  at  5-Apr-82 20:15:20,  Used 0:00:26 in 0:02:16
   