			 5-Apr-82 20:16:26

BATCON Version	104(4665)			GLXLIB Version	1(1124)

	    Job TYPVF7 Req #33 for ZIMA in stream 1

	OUTPUT:	 Nolog				TIME-LIMIT: 0:30:00
	UNIQUE:	 Yes				BATCH-LOG:  Supersede
	RESTART: Yes				ASSISTANCE: Yes
	CORE:    Default			SEQUENCE:   3081


	Control file: FARK:<SWSKIT>TYPVF7.CTL
	Log file:     FARK:<SWSKIT>TYPVF7.LOG


20:16:27 USER	 KL2102 - TOPS-20 Development System, TOPS-20 Monitor 6(4723)
20:16:27 MONITR	@SET TIME-LIMIT 1800
20:16:27 MONITR	@LOGIN ZIMA MONITOR
20:16:30 MONITR	 Job 20 on TTY244 5-Apr-82 20:16:30
20:16:34 MONITR	Structure TSG: mounted
20:16:34 MONITR	Structure FARK: mounted
20:16:34 MONITR	Structure SNARK: mounted
20:16:36 MONITR	@
20:16:36 MONITR	[CONNECTED TO FARK:<SWSKIT>]
20:16:36 COMENT	!
20:16:36 COMENT	! NAME: TYPVF7.CTL
20:16:36 COMENT	! DATE: 14-SEP-81
20:16:36 COMENT	!
20:16:36 COMENT	!THIS CONTROL FILE IS PROVIDED FOR INFORMATION PURPOSES ONLY.  THE
20:16:36 COMENT	!PURPOSE OF THE FILE IS TO DOCUMENT THE PROCEDURES USED TO BUILD
20:16:36 COMENT	!THE DISTRIBUTED SOFTWARE.  IT IS UNLIKELY THAT THIS CONTROL FILE
20:16:36 COMENT	!WILL BE ABLE TO BE SUBMITTED WITHOUT MODIFICATION ON CUSTOMER
20:16:36 COMENT	!SYSTEMS.
20:16:36 COMENT	!
20:16:36 COMENT	! FUNCTION:	THIS CONTROL FILE BUILDS TYPVF7 FROM ITS BASIC 
20:16:36 COMENT	!		SOURCES.  THE FILES CREATED BY THIS JOB ARE:
20:16:36 COMENT	!				TYPVF7.EXE
20:16:36 COMENT	!
20:16:36 COMENT	! SUBMIT WITH THE SWITCH "/TAG:CREF" TO OBTAIN
20:16:36 COMENT	!   A CREF LISTING OF THE SOURCE FILE
20:16:36 COMENT	!
20:16:36 BATCH	DEF FOO: NUL:
20:16:36 MONITR	@
20:16:36 BATCH	@GOTO A
20:16:36 LABEL	A::
20:16:36 COMENT	!
20:16:36 BATCH	@INFORMATION LOGICAL-NAMES ALL
20:16:36 MONITR	Job-wide logical names:
20:16:36 MONITR	
20:16:36 MONITR	A4: => TSG:<4-FIELD-IMAGE.ARPA-UTILITIES>
20:16:36 MONITR	A41: => FARK:<4-1-FIELD-IMAGE.ARPA-UTILITIES>
20:16:36 MONITR	A5: => FARK:<5-FIELD-IMAGE.ARPA-UTILITIES>
20:16:36 MONITR	A6: => SNARK:<6.ARPA-UTILITIES>
20:16:36 MONITR	AA4: => FARK:<4-WORKING-SOURCES.ARPA-UTILITIES>
20:16:36 MONITR	AA41: => FARK:<4-1-WORKING-SOURCES.ARPA-UTILITIES>
20:16:37 MONITR	AA5: => FARK:<5-WORKING-SOURCES.ARPA-UTILITIES>
20:16:37 MONITR	AALU: => FARK:<ALU>
20:16:37 MONITR	ADOC: => FARK:<AUTOPATCH.T20.MONITO>
20:16:37 MONITR	ADOCE: => FARK:<AUTOPATCH.T20.EXEC>
20:16:37 MONITR	ADOCU: => FARK:<AUTOPATCH.T20.UTILITIES>
20:16:37 MONITR	AE4: => FARK:<4-WORKING-SOURCES.EXEC>
20:16:37 MONITR	AE41: => FARK:<4-1-WORKING-SOURCES.EXEC>
20:16:37 MONITR	AE5: => FARK:<5-WORKING-SOURCES.EXEC>
20:16:37 MONITR	AFE: => FARK:<4-FROZEN-SOURCES.EXEC>
20:16:37 MONITR	AFM: => FARK:<4-FROZEN-SOURCES.MONITOR>
20:16:37 MONITR	AFU: => FARK:<4-FROZEN-SOURCES.UTILITIES>
20:16:37 MONITR	AHST: => FARK:<AUTOPATCH.T20>
20:16:37 MONITR	ALIB: => FARK:<AUTOPATCH.T20BLD>
20:16:37 MONITR	ALL: => DSK*:<*>*.*.*
20:16:37 MONITR	ALU: => FARK:<ALU>
20:16:37 MONITR	AM4: => FARK:<4-WORKING-SOURCES.MONITOR>
20:16:37 MONITR	AM41: => FARK:<4-1-WORKING-SOURCES.MONITOR>
20:16:37 MONITR	AM5: => FARK:<5-WORKING-SOURCES.MONITOR>
20:16:37 MONITR	ASG: => PS:<ASG>
20:16:37 MONITR	AU4: => FARK:<4-WORKING-SOURCES.UTILITIES>
20:16:37 MONITR	AU41: => FARK:<4-1-WORKING-SOURCES.UTILITIES>
20:16:37 MONITR	AU5: => FARK:<5-WORKING-SOURCES.UTILITIES>
20:16:37 MONITR	CKS: => PS:<CSMITH>
20:16:37 MONITR	CRSH: => TSG:<ZIMA.CRASH>
20:16:37 MONITR	DA5: => SNARK:<5.ARPA-UTILITIES>
20:16:37 MONITR	DE5: => SNARK:<5.EXEC>
20:16:37 MONITR	DIB: => PS:<DBELL>,TSG:<ZIMA.DBELL>
20:16:37 MONITR	DM5: => SNARK:<5.MONITOR>
20:16:37 MONITR	DOC: => PS:<DOC-SPECS>
20:16:37 MONITR	DSK: => DSK:,JGZ:
20:16:37 MONITR	DU5: => SNARK:<5.UTILITIES>
20:16:37 MONITR	E4: => TSG:<4-FIELD-IMAGE.EXEC>
20:16:37 MONITR	E41: => FARK:<4-1-FIELD-IMAGE.EXEC>
20:16:37 MONITR	E5: => FARK:<5-FIELD-IMAGE.EXEC>
20:16:37 MONITR	E6: => SNARK:<6.EXEC>
20:16:37 MONITR	EDITOR: => SYS:TV.EXE
20:16:38 MONITR	FOLK: => PS:<FOLKLORE>
20:16:38 MONITR	FOO: => NUL:
20:16:38 MONITR	JGZ: => TSG:<ZIMA>,PS:<ZIMA>
20:16:38 MONITR	KMR: => PS:<RABIDEAU>,TSG:<RABIDEAU>
20:16:38 MONITR	KR: => TSG:<ROSENBLUH>,TSG:<ROSENBLUH*>
20:16:38 MONITR	M4: => TSG:<4-FIELD-IMAGE.MONITOR>
20:16:38 MONITR	M41: => FARK:<4-1-FIELD-IMAGE.MONITOR>
20:16:38 MONITR	M5: => FARK:<5-FIELD-IMAGE.MONITOR>
20:16:38 MONITR	M6: => SNARK:<6.MONITOR>
20:16:38 MONITR	MAC: => TSG:<ZIMA.MAC>
20:16:38 MONITR	MEM: => TSG:<ZIMA.MEMOS>
20:16:38 MONITR	MRP: => TSG:<RP20-FIELD-IMAGE.MONITOR>
20:16:38 MONITR	NOTE: => JGZ:NOTE.TXT
20:16:38 MONITR	PED: => TSG:<DONAHUE>,PS:<DONAHUE>
20:16:38 MONITR	RDH: => PS:<HOUK>
20:16:38 MONITR	RMT: => TSG:<TILLSON>,TSG:<TILLSON*>
20:16:38 MONITR	S: => SYSTEM:
20:16:38 MONITR	SAM: => TSG:<MAYO>,TSG:<MAYO*>
20:16:38 MONITR	SPR: => TSG:<ZIMA.SPR>
20:16:38 MONITR	SPRLOG: => PS:<ZIMA>SPRLOG.TXT
20:16:38 MONITR	SWS: => TSG:<ZIMA.SWSKIT>
20:16:38 MONITR	SWSH: => FARK:<SWSKIT.HACKS>
20:16:38 MONITR	SWSKIT: => FARK:<SWSKIT>
20:16:38 MONITR	SYS: => DSK:,SYS:
20:16:38 MONITR	TAM: => TSG:<MOSER>,PS:<MOSER>
20:16:38 MONITR	TARL: => PS:<NEUSTAEDTER>
20:16:38 MONITR	TVBACK: => TSG:<ZIMA>
20:16:38 MONITR	TW: => PS:<WING>
20:16:38 MONITR	U: => PS:<UNSUPPORTED>
20:16:38 MONITR	U4: => TSG:<4-FIELD-IMAGE.UTILITIES>
20:16:39 MONITR	U41: => FARK:<4-1-FIELD-IMAGE.UTILITIES>
20:16:39 MONITR	U5: => FARK:<5-FIELD-IMAGE.UTILITIES>
20:16:39 MONITR	U6: => SNARK:<6.UTILITIES>
20:16:39 MONITR	URP: => TSG:<RP20-FIELD-IMAGE.UTILITIES>
20:16:39 MONITR	
20:16:39 MONITR	System-wide logical names:
20:16:39 MONITR	
20:16:39 MONITR	ACCOUNT: => PS:<ACCOUNTS>
20:16:39 MONITR	BLI: => PS:<BRELEASE>,PS:<BRELEASE.XPORT>,PS:<BRELEASE.BLIS16>,PS:<BLISS>
20:16:39 MONITR	CR: => CDR:
20:16:39 MONITR	D60: => PS:<DN60>
20:16:39 MONITR	DIABLO: => DCN:KL2137-TASK-DIABLO
20:16:39 MONITR	DL1: => TTY202:
20:16:39 MONITR	DL2: => TTY203:
20:16:39 MONITR	DL3: => TTY204:
20:16:39 MONITR	DMP: => DUMP:<DUMPS>
20:16:39 MONITR	DNA: => SNARK:<NETARCH>
20:16:39 MONITR	DOC: => PS:<DOC-SPECS>
20:16:39 MONITR	DS: => DSK:
20:16:39 MONITR	EDITOR: => SYS:EDIT.EXE
20:16:39 MONITR	EMACS: => PS:<EMACS>
20:16:39 MONITR	FIELDI: => PS:<FIELD-IMAGE>
20:16:39 MONITR	GAM: => PS:<GAMES>
20:16:39 MONITR	HLP: => PS:<HELP>,SYS:
20:16:39 MONITR	INFO: => PS:<INFO>
20:16:39 MONITR	JUPDS: => SNARK:<JUPITER.DESIGN-SPECS>
20:16:39 MONITR	JUPFS: => SNARK:<JUPITER.FUNCTIONAL-SPECS>
20:16:39 MONITR	LL: => LPT0:,LPT1:
20:16:39 MONITR	LOADTS: => PS:<LOADTEST>
20:16:39 MONITR	LP: => LPT:
20:16:39 MONITR	MAIL: => PS:<MAIL>
20:16:39 MONITR	MAIL-SOFTWARE: => PS:<SYSTEM>
20:16:39 MONITR	MONDOC: => SNARK:<MONITOR.DOCUMENTS>
20:16:39 MONITR	NAME-DIRECTORY: => DCN:KL2102-209
20:16:39 MONITR	NETLIB: => PS:<NETWORK-LIBRARY>
20:16:39 MONITR	NEW: => PS:<NEXT-RELEASE>,PS:<LOADTEST>
20:16:40 MONITR	NEXTRL: => PS:<NEXT-RELEASE>
20:16:40 MONITR	OLD: => PS:<FIELD-IMAGE>,PS:<UNSUPPORTED>
20:16:40 MONITR	OUR1650: => TTY142:
20:16:40 MONITR	PCL: => PS:<PCL>
20:16:40 MONITR	POST-OFFICE: => PS:<OPERATOR>
20:16:40 MONITR	PROTO: => PS:<PROTO>
20:16:40 MONITR	PS: => PS:
20:16:40 MONITR	REL: => SYS:
20:16:40 MONITR	SERR: => PS:<SYSTEM-ERROR>
20:16:40 MONITR	SY: => SYS:
20:16:40 MONITR	SYS: => LOADTS:,NEXTRL:,FIELDI:,UNSUPP:,GAM:
20:16:40 MONITR	SYSD: => NEXTRL:,FIELDI:,UNSUPP:,GAM:
20:16:40 MONITR	SYSTEM: => PS:<SYSTEM>
20:16:40 MONITR	TO: => SYS:HOST.EXE
20:16:40 MONITR	TT: => TTY:
20:16:40 MONITR	UNSUPP: => PS:<UNSUPPORTED>
20:16:40 MONITR	XPN: => DUMP:<DUMPS>
20:16:40 MONITR	@
20:16:40 COMENT	!
20:16:40 COMENT	! TAKE A CHECKSUMMED DIRECTORY OF ALL THE INPUT FILES
20:16:40 COMENT	!
20:16:40 BATCH	@VDIRECT SYS:MACRO.EXE,SYS:LINK.EXE,SYS:CREF.EXE,TYPVF7.MAC,
20:16:40 MONITR	@@CHECKSUM SEQ
20:16:40 MONITR	@@
20:16:40 MONITR	
20:16:40 MONITR	   TSG:<ZIMA>
20:16:42 MONITR	 MACRO.EXE.1;P777752       35 17920(36)  12-Dec-79 12:37:21 ZIMA      113320  
20:16:42 MONITR	
20:16:42 MONITR	   PS:<LOADTEST>
20:16:44 MONITR	 LINK.EXE.5;P777752       101 51712(36)   2-Mar-82 15:31:42 HARDY     052715  
20:16:44 MONITR	
20:16:44 MONITR	   PS:<NEXT-RELEASE>
20:16:45 MONITR	 CREF.EXE.1;P777752        11 5632(36)   15-Jul-80 09:33:48 PAETZOLD  763472  
20:16:45 MONITR	
20:16:45 MONITR	   FARK:<SWSKIT>
20:16:45 MONITR	 TYPVF7.MAC.2;P777700       2 4206(7)    26-Nov-81 02:09:51 ZIMA      302065  
20:16:45 MONITR	
20:16:45 MONITR	 Grand total of 149 pages in 4 files, Checksum = 646343
20:16:45 MONITR	@VDIRECT SYS:MONSYM.UNV,SYS:MACSYM.UNV,SYS:MACREL.REL,SYS:PA1050.EXE,
20:16:46 MONITR	@@CHECKSUM SEQ
20:16:46 MONITR	@@
20:16:46 MONITR	
20:16:46 MONITR	   PS:<NEXT-RELEASE>
20:16:47 MONITR	 MONSYM.UNV.29;P777752     46 23529(36)  22-Jan-82 17:14:21 MURPHY    404000  
20:16:48 MONITR	 MACSYM.UNV.26;P777752     13 6536(36)   22-Feb-82 17:39:30 MURPHY    542721  
20:16:48 MONITR	 MACREL.REL.26;P777752      1 465(36)    22-Feb-82 17:39:36 MURPHY    743422  
20:16:49 MONITR	 PA1050.EXE.6;P777752      29 14848(36)   4-Dec-81 11:34:14 MAYO      064430  
20:16:49 MONITR	
20:16:49 MONITR	 Total of 89 pages in 4 files, Checksum = 025604
20:16:49 MONITR	@GET SYS:MACRO
20:16:49 MONITR	@INFORMATION VERSION
20:16:49 MONITR	 KL2102 - TOPS-20 Development System, TOPS-20 Monitor 6(4723)
20:16:49 MONITR	 TOPS-20 Command processor 6(730)
20:16:50 MONITR	 Program is MACRO, version is 53.1(1152)
20:16:50 MONITR	@GET SYS:LINK
20:16:51 MONITR	@INFORMATION VERSION
20:16:51 MONITR	 KL2102 - TOPS-20 Development System, TOPS-20 Monitor 6(4723)
20:16:51 MONITR	 TOPS-20 Command processor 6(730)
20:16:51 MONITR	 Program is LINK, version is 5(1464)
20:16:51 MONITR	PDVs:	Program name LINK, version 5(1464)
20:16:51 MONITR	@GET SYS:CREF
20:16:53 MONITR	@INFORMATION VERSION
20:16:53 MONITR	 KL2102 - TOPS-20 Development System, TOPS-20 Monitor 6(4723)
20:16:53 MONITR	 TOPS-20 Command processor 6(730)
20:16:53 MONITR	 Program is CREF, version is 53.2(71)
20:16:53 MONITR	@
20:16:53 COMENT	!
20:16:53 BATCH	@COMPILE /CREF/COMPILE TYPVF7.MAC
20:16:56 USER	MACRO:	TYPVF7
20:17:00 USER	
20:17:00 USER	EXIT
20:17:00 MONITR	@
20:17:00 COMENT	!
20:17:00 BATCH	@R CREF
20:17:01 USER	*FOO:TYPVF7.LST=TYPVF7.CRF
20:17:02 USER	[CRFXKC 4K core]
20:17:02 USER	*
20:17:02 COMENT	!
20:17:02 BATCH	*^C
20:17:02 MONITR	@LOAD TYPVF7
20:17:04 USER	LINK:	Loading
20:17:05 USER	
20:17:05 USER	EXIT
20:17:05 MONITR	@
20:17:05 COMENT	!
20:17:05 BATCH	@SAVE TYPVF7
20:17:06 MONITR	 TYPVF7.EXE.4 Saved
20:17:06 MONITR	@INFORMATION VERSION
20:17:06 MONITR	 KL2102 - TOPS-20 Development System, TOPS-20 Monitor 6(4723)
20:17:06 MONITR	 TOPS-20 Command processor 6(730)
20:17:06 MONITR	 Program is TYPVF7
20:17:06 MONITR	@
20:17:06 COMENT	!
20:17:06 BATCH	@DIRECT TYPVF7.EXE,
20:17:06 MONITR	@@CHECKSUM SEQ
20:17:06 MONITR	@@
20:17:06 MONITR	
20:17:06 MONITR	   FARK:<SWSKIT>
20:17:06 MONITR			  Checksum
20:17:06 MONITR	
20:17:06 MONITR	 TYPVF7.EXE.4     217771  
20:17:06 MONITR	@
20:17:06 COMENT	!
20:17:06 BATCH	@DELETE TYPVF7.REL
20:17:07 MONITR	 TYPVF7.REL.1 [OK]
20:17:07 MONITR	@
20:17:07 BATCH	@LOGOUT
20:18:08 MONITR	Killed by OPERATOR, TTY 234
20:18:08 MONITR	Killed Job 20, User ZIMA, Account MONITOR, TTY 244,
20:18:08 MONITR	  at  5-Apr-82 20:17:08,  Used 0:00:15 in 0:01:37
  