			 5-Apr-82 20:20:19

BATCON Version	104(4665)			GLXLIB Version	1(1124)

	    Job UNITS Req #35 for ZIMA in stream 1

	OUTPUT:	 Nolog				TIME-LIMIT: 0:30:00
	UNIQUE:	 Yes				BATCH-LOG:  Supersede
	RESTART: Yes				ASSISTANCE: Yes
	CORE:    Default			SEQUENCE:   3083


	Control file: FARK:<SWSKIT>UNITS.CTL
	Log file:     FARK:<SWSKIT>UNITS.LOG


20:20:19 USER	 KL2102 - TOPS-20 Development System, TOPS-20 Monitor 6(4723)
20:20:19 MONITR	@SET TIME-LIMIT 1800
20:20:19 MONITR	@LOGIN ZIMA MONITOR
20:20:22 MONITR	 Job 20 on TTY243 5-Apr-82 20:20:23
20:20:26 MONITR	Structure TSG: mounted
20:20:26 MONITR	Structure FARK: mounted
20:20:27 MONITR	Structure SNARK: mounted
20:20:28 MONITR	@
20:20:28 MONITR	[CONNECTED TO FARK:<SWSKIT>]
20:20:28 COMENT	!
20:20:28 COMENT	! NAME: UNITS.CTL
20:20:28 COMENT	! DATE: 14-SEP-81
20:20:28 COMENT	!
20:20:28 COMENT	!THIS CONTROL FILE IS PROVIDED FOR INFORMATION PURPOSES ONLY.  THE
20:20:28 COMENT	!PURPOSE OF THE FILE IS TO DOCUMENT THE PROCEDURES USED TO BUILD
20:20:28 COMENT	!THE DISTRIBUTED SOFTWARE.  IT IS UNLIKELY THAT THIS CONTROL FILE
20:20:28 COMENT	!WILL BE ABLE TO BE SUBMITTED WITHOUT MODIFICATION ON CUSTOMER
20:20:28 COMENT	!SYSTEMS.
20:20:28 COMENT	!
20:20:28 COMENT	! FUNCTION:	THIS CONTROL FILE BUILDS UNITS FROM ITS BASIC 
20:20:28 COMENT	!		SOURCES.  THE FILES CREATED BY THIS JOB ARE:
20:20:28 COMENT	!				UNITS.EXE
20:20:28 COMENT	!
20:20:28 COMENT	! SUBMIT WITH THE SWITCH "/TAG:CREF" TO OBTAIN
20:20:28 COMENT	!   A CREF LISTING OF THE SOURCE FILE
20:20:28 COMENT	!
20:20:28 BATCH	DEF FOO: NUL:
20:20:29 MONITR	@
20:20:29 BATCH	@GOTO A
20:20:29 LABEL	A::
20:20:29 COMENT	!
20:20:29 BATCH	@INFORMATION LOGICAL-NAMES ALL
20:20:29 MONITR	Job-wide logical names:
20:20:29 MONITR	
20:20:29 MONITR	A4: => TSG:<4-FIELD-IMAGE.ARPA-UTILITIES>
20:20:29 MONITR	A41: => FARK:<4-1-FIELD-IMAGE.ARPA-UTILITIES>
20:20:29 MONITR	A5: => FARK:<5-FIELD-IMAGE.ARPA-UTILITIES>
20:20:29 MONITR	A6: => SNARK:<6.ARPA-UTILITIES>
20:20:29 MONITR	AA4: => FARK:<4-WORKING-SOURCES.ARPA-UTILITIES>
20:20:29 MONITR	AA41: => FARK:<4-1-WORKING-SOURCES.ARPA-UTILITIES>
20:20:29 MONITR	AA5: => FARK:<5-WORKING-SOURCES.ARPA-UTILITIES>
20:20:29 MONITR	AALU: => FARK:<ALU>
20:20:29 MONITR	ADOC: => FARK:<AUTOPATCH.T20.MONITO>
20:20:29 MONITR	ADOCE: => FARK:<AUTOPATCH.T20.EXEC>
20:20:30 MONITR	ADOCU: => FARK:<AUTOPATCH.T20.UTILITIES>
20:20:30 MONITR	AE4: => FARK:<4-WORKING-SOURCES.EXEC>
20:20:30 MONITR	AE41: => FARK:<4-1-WORKING-SOURCES.EXEC>
20:20:30 MONITR	AE5: => FARK:<5-WORKING-SOURCES.EXEC>
20:20:30 MONITR	AFE: => FARK:<4-FROZEN-SOURCES.EXEC>
20:20:30 MONITR	AFM: => FARK:<4-FROZEN-SOURCES.MONITOR>
20:20:30 MONITR	AFU: => FARK:<4-FROZEN-SOURCES.UTILITIES>
20:20:30 MONITR	AHST: => FARK:<AUTOPATCH.T20>
20:20:30 MONITR	ALIB: => FARK:<AUTOPATCH.T20BLD>
20:20:30 MONITR	ALL: => DSK*:<*>*.*.*
20:20:30 MONITR	ALU: => FARK:<ALU>
20:20:30 MONITR	AM4: => FARK:<4-WORKING-SOURCES.MONITOR>
20:20:30 MONITR	AM41: => FARK:<4-1-WORKING-SOURCES.MONITOR>
20:20:30 MONITR	AM5: => FARK:<5-WORKING-SOURCES.MONITOR>
20:20:30 MONITR	ASG: => PS:<ASG>
20:20:30 MONITR	AU4: => FARK:<4-WORKING-SOURCES.UTILITIES>
20:20:30 MONITR	AU41: => FARK:<4-1-WORKING-SOURCES.UTILITIES>
20:20:30 MONITR	AU5: => FARK:<5-WORKING-SOURCES.UTILITIES>
20:20:30 MONITR	CKS: => PS:<CSMITH>
20:20:30 MONITR	CRSH: => TSG:<ZIMA.CRASH>
20:20:30 MONITR	DA5: => SNARK:<5.ARPA-UTILITIES>
20:20:30 MONITR	DE5: => SNARK:<5.EXEC>
20:20:30 MONITR	DIB: => PS:<DBELL>,TSG:<ZIMA.DBELL>
20:20:30 MONITR	DM5: => SNARK:<5.MONITOR>
20:20:30 MONITR	DOC: => PS:<DOC-SPECS>
20:20:30 MONITR	DSK: => DSK:,JGZ:
20:20:30 MONITR	DU5: => SNARK:<5.UTILITIES>
20:20:30 MONITR	E4: => TSG:<4-FIELD-IMAGE.EXEC>
20:20:30 MONITR	E41: => FARK:<4-1-FIELD-IMAGE.EXEC>
20:20:30 MONITR	E5: => FARK:<5-FIELD-IMAGE.EXEC>
20:20:30 MONITR	E6: => SNARK:<6.EXEC>
20:20:30 MONITR	EDITOR: => SYS:TV.EXE
20:20:30 MONITR	FOLK: => PS:<FOLKLORE>
20:20:31 MONITR	FOO: => NUL:
20:20:31 MONITR	JGZ: => TSG:<ZIMA>,PS:<ZIMA>
20:20:31 MONITR	KMR: => PS:<RABIDEAU>,TSG:<RABIDEAU>
20:20:31 MONITR	KR: => TSG:<ROSENBLUH>,TSG:<ROSENBLUH*>
20:20:31 MONITR	M4: => TSG:<4-FIELD-IMAGE.MONITOR>
20:20:31 MONITR	M41: => FARK:<4-1-FIELD-IMAGE.MONITOR>
20:20:31 MONITR	M5: => FARK:<5-FIELD-IMAGE.MONITOR>
20:20:31 MONITR	M6: => SNARK:<6.MONITOR>
20:20:31 MONITR	MAC: => TSG:<ZIMA.MAC>
20:20:31 MONITR	MEM: => TSG:<ZIMA.MEMOS>
20:20:31 MONITR	MRP: => TSG:<RP20-FIELD-IMAGE.MONITOR>
20:20:31 MONITR	NOTE: => JGZ:NOTE.TXT
20:20:31 MONITR	PED: => TSG:<DONAHUE>,PS:<DONAHUE>
20:20:31 MONITR	RDH: => PS:<HOUK>
20:20:31 MONITR	RMT: => TSG:<TILLSON>,TSG:<TILLSON*>
20:20:31 MONITR	S: => SYSTEM:
20:20:31 MONITR	SAM: => TSG:<MAYO>,TSG:<MAYO*>
20:20:31 MONITR	SPR: => TSG:<ZIMA.SPR>
20:20:31 MONITR	SPRLOG: => PS:<ZIMA>SPRLOG.TXT
20:20:31 MONITR	SWS: => TSG:<ZIMA.SWSKIT>
20:20:31 MONITR	SWSH: => FARK:<SWSKIT.HACKS>
20:20:31 MONITR	SWSKIT: => FARK:<SWSKIT>
20:20:31 MONITR	SYS: => DSK:,SYS:
20:20:31 MONITR	TAM: => TSG:<MOSER>,PS:<MOSER>
20:20:31 MONITR	TARL: => PS:<NEUSTAEDTER>
20:20:31 MONITR	TVBACK: => TSG:<ZIMA>
20:20:31 MONITR	TW: => PS:<WING>
20:20:31 MONITR	U: => PS:<UNSUPPORTED>
20:20:31 MONITR	U4: => TSG:<4-FIELD-IMAGE.UTILITIES>
20:20:31 MONITR	U41: => FARK:<4-1-FIELD-IMAGE.UTILITIES>
20:20:31 MONITR	U5: => FARK:<5-FIELD-IMAGE.UTILITIES>
20:20:31 MONITR	U6: => SNARK:<6.UTILITIES>
20:20:31 MONITR	URP: => TSG:<RP20-FIELD-IMAGE.UTILITIES>
20:20:31 MONITR	
20:20:31 MONITR	System-wide logical names:
20:20:31 MONITR	
20:20:31 MONITR	ACCOUNT: => PS:<ACCOUNTS>
20:20:31 MONITR	BLI: => PS:<BRELEASE>,PS:<BRELEASE.XPORT>,PS:<BRELEASE.BLIS16>,PS:<BLISS>
20:20:31 MONITR	CR: => CDR:
20:20:32 MONITR	D60: => PS:<DN60>
20:20:32 MONITR	DIABLO: => DCN:KL2137-TASK-DIABLO
20:20:32 MONITR	DL1: => TTY202:
20:20:32 MONITR	DL2: => TTY203:
20:20:32 MONITR	DL3: => TTY204:
20:20:32 MONITR	DMP: => DUMP:<DUMPS>
20:20:32 MONITR	DNA: => SNARK:<NETARCH>
20:20:32 MONITR	DOC: => PS:<DOC-SPECS>
20:20:32 MONITR	DS: => DSK:
20:20:32 MONITR	EDITOR: => SYS:EDIT.EXE
20:20:32 MONITR	EMACS: => PS:<EMACS>
20:20:32 MONITR	FIELDI: => PS:<FIELD-IMAGE>
20:20:33 MONITR	GAM: => PS:<GAMES>
20:20:33 MONITR	HLP: => PS:<HELP>,SYS:
20:20:33 MONITR	INFO: => PS:<INFO>
20:20:33 MONITR	JUPDS: => SNARK:<JUPITER.DESIGN-SPECS>
20:20:33 MONITR	JUPFS: => SNARK:<JUPITER.FUNCTIONAL-SPECS>
20:20:33 MONITR	LL: => LPT0:,LPT1:
20:20:33 MONITR	LOADTS: => PS:<LOADTEST>
20:20:33 MONITR	LP: => LPT:
20:20:33 MONITR	MAIL: => PS:<MAIL>
20:20:33 MONITR	MAIL-SOFTWARE: => PS:<SYSTEM>
20:20:33 MONITR	MONDOC: => SNARK:<MONITOR.DOCUMENTS>
20:20:33 MONITR	NAME-DIRECTORY: => DCN:KL2102-209
20:20:33 MONITR	NETLIB: => PS:<NETWORK-LIBRARY>
20:20:33 MONITR	NEW: => PS:<NEXT-RELEASE>,PS:<LOADTEST>
20:20:33 MONITR	NEXTRL: => PS:<NEXT-RELEASE>
20:20:33 MONITR	OLD: => PS:<FIELD-IMAGE>,PS:<UNSUPPORTED>
20:20:33 MONITR	OUR1650: => TTY142:
20:20:33 MONITR	PCL: => PS:<PCL>
20:20:33 MONITR	POST-OFFICE: => PS:<OPERATOR>
20:20:33 MONITR	PROTO: => PS:<PROTO>
20:20:33 MONITR	PS: => PS:
20:20:33 MONITR	REL: => SYS:
20:20:33 MONITR	SERR: => PS:<SYSTEM-ERROR>
20:20:33 MONITR	SY: => SYS:
20:20:33 MONITR	SYS: => LOADTS:,NEXTRL:,FIELDI:,UNSUPP:,GAM:
20:20:33 MONITR	SYSD: => NEXTRL:,FIELDI:,UNSUPP:,GAM:
20:20:33 MONITR	SYSTEM: => PS:<SYSTEM>
20:20:33 MONITR	TO: => SYS:HOST.EXE
20:20:34 MONITR	TT: => TTY:
20:20:34 MONITR	UNSUPP: => PS:<UNSUPPORTED>
20:20:34 MONITR	XPN: => DUMP:<DUMPS>
20:20:34 MONITR	@
20:20:34 COMENT	!
20:20:34 COMENT	! TAKE A CHECKSUMMED DIRECTORY OF ALL THE INPUT FILES
20:20:34 COMENT	!
20:20:34 BATCH	@VDIRECT SYS:MACRO.EXE,SYS:LINK.EXE,SYS:CREF.EXE,UNITS.MAC,
20:20:34 MONITR	@@CHECKSUM SEQ
20:20:34 MONITR	@@
20:20:34 MONITR	
20:20:34 MONITR	   TSG:<ZIMA>
20:20:37 MONITR	 MACRO.EXE.1;P777752       35 17920(36)  12-Dec-79 12:37:21 ZIMA      113320  
20:20:37 MONITR	
20:20:37 MONITR	   PS:<LOADTEST>
20:20:37 MONITR	 LINK.EXE.5;P777752       101 51712(36)   2-Mar-82 15:31:42 HARDY     052715  
20:20:37 MONITR	
20:20:37 MONITR	   PS:<NEXT-RELEASE>
20:20:39 MONITR	 CREF.EXE.1;P777752        11 5632(36)   15-Jul-80 09:33:48 PAETZOLD  763472  
20:20:39 MONITR	
20:20:39 MONITR	   FARK:<SWSKIT>
20:20:39 MONITR	 UNITS.MAC.2;P777700        3 7035(7)    30-Apr-80 13:02:45 ZIMA      563623  
20:20:39 MONITR	
20:20:39 MONITR	 Grand total of 150 pages in 4 files, Checksum = 212107
20:20:39 MONITR	@VDIRECT SYS:MONSYM.UNV,SYS:MACSYM.UNV,SYS:MACREL.REL,SYS:PA1050.EXE,
20:20:40 MONITR	@@CHECKSUM SEQ
20:20:40 MONITR	@@
20:20:40 MONITR	
20:20:40 MONITR	   PS:<NEXT-RELEASE>
20:20:41 MONITR	 MONSYM.UNV.29;P777752     46 23529(36)  22-Jan-82 17:14:21 MURPHY    404000  
20:20:42 MONITR	 MACSYM.UNV.26;P777752     13 6536(36)   22-Feb-82 17:39:30 MURPHY    542721  
20:20:42 MONITR	 MACREL.REL.26;P777752      1 465(36)    22-Feb-82 17:39:36 MURPHY    743422  
20:20:42 MONITR	 PA1050.EXE.6;P777752      29 14848(36)   4-Dec-81 11:34:14 MAYO      064430  
20:20:42 MONITR	
20:20:42 MONITR	 Total of 89 pages in 4 files, Checksum = 025604
20:20:42 MONITR	@GET SYS:MACRO
20:20:43 MONITR	@INFORMATION VERSION
20:20:43 MONITR	 KL2102 - TOPS-20 Development System, TOPS-20 Monitor 6(4723)
20:20:43 MONITR	 TOPS-20 Command processor 6(730)
20:20:43 MONITR	 Program is MACRO, version is 53.1(1152)
20:20:43 MONITR	@GET SYS:LINK
20:20:44 MONITR	@INFORMATION VERSION
20:20:44 MONITR	 KL2102 - TOPS-20 Development System, TOPS-20 Monitor 6(4723)
20:20:44 MONITR	 TOPS-20 Command processor 6(730)
20:20:44 MONITR	 Program is LINK, version is 5(1464)
20:20:44 MONITR	PDVs:	Program name LINK, version 5(1464)
20:20:44 MONITR	@GET SYS:CREF
20:20:45 MONITR	@INFORMATION VERSION
20:20:45 MONITR	 KL2102 - TOPS-20 Development System, TOPS-20 Monitor 6(4723)
20:20:45 MONITR	 TOPS-20 Command processor 6(730)
20:20:45 MONITR	 Program is CREF, version is 53.2(71)
20:20:45 MONITR	@
20:20:45 COMENT	!
20:20:45 BATCH	@COMPILE /CREF/COMPILE UNITS.MAC
20:20:48 USER	MACRO:	UNITS
20:20:52 USER	
20:20:52 USER	EXIT
20:20:52 MONITR	@
20:20:52 COMENT	!
20:20:52 BATCH	@R CREF
20:20:54 USER	*FOO:UNITS.LST=UNITS.CRF
20:20:55 USER	[CRFXKC 4K core]
20:20:55 USER	*
20:20:55 COMENT	!
20:20:55 BATCH	*^C
20:20:55 MONITR	@LOAD UNITS
20:20:56 USER	LINK:	Loading
20:20:57 USER	
20:20:57 USER	EXIT
20:20:58 MONITR	@
20:20:58 COMENT	!
20:20:58 BATCH	@SAVE UNITS
20:20:59 MONITR	 UNITS.EXE.4 Saved
20:20:59 MONITR	@INFORMATION VERSION
20:20:59 MONITR	 KL2102 - TOPS-20 Development System, TOPS-20 Monitor 6(4723)
20:20:59 MONITR	 TOPS-20 Command processor 6(730)
20:20:59 MONITR	 Program is UNITS, version is 1(7)
20:20:59 MONITR	@
20:20:59 COMENT	!
20:20:59 BATCH	@DIRECT UNITS.EXE,
20:20:59 MONITR	@@CHECKSUM SEQ
20:20:59 MONITR	@@
20:20:59 MONITR	
20:20:59 MONITR	   FARK:<SWSKIT>
20:20:59 MONITR			  Checksum
20:20:59 MONITR	
20:20:59 MONITR	 UNITS.EXE.4      205111  
20:20:59 MONITR	@
20:20:59 COMENT	!
20:20:59 BATCH	@DELETE UNITS.REL
20:20:59 MONITR	 UNITS.REL.1 [OK]
20:21:00 MONITR	@
20:21:00 BATCH	@LOGOUT
20:22:00 MONITR	Killed by OPERATOR, TTY 234
20:22:00 MONITR	Killed Job 20, User ZIMA, Account MONITOR, TTY 243,
20:22:00 MONITR	  at  5-Apr-82 20:21:01,  Used 0:00:16 in 0:01:37
   