			 5-Apr-82 19:33:19

BATCON Version	104(4665)			GLXLIB Version	1(1124)

	    Job ZSUBS Req #12 for ZIMA in stream 1

	OUTPUT:	 Nolog				TIME-LIMIT: 0:30:00
	UNIQUE:	 Yes				BATCH-LOG:  Supersede
	RESTART: Yes				ASSISTANCE: Yes
	CORE:    Default			SEQUENCE:   2998


	Control file: FARK:<SWSKIT>ZSUBS.CTL
	Log file:     FARK:<SWSKIT>ZSUBS.LOG


19:33:20 MONITR	 KL2102 - TOPS-20 Development System, TOPS-20 Monitor 6(4723)
19:33:20 MONITR	@SET TIME-LIMIT 1800
19:33:20 MONITR	@LOGIN ZIMA MONITOR
19:33:23 MONITR	 Job 20 on TTY244 5-Apr-82 19:33:23
19:33:27 MONITR	Structure TSG: mounted
19:33:27 MONITR	Structure FARK: mounted
19:33:27 MONITR	Structure SNARK: mounted
19:33:29 MONITR	@
19:33:29 MONITR	[CONNECTED TO FARK:<SWSKIT>]
19:33:29 COMENT	!
19:33:29 COMENT	! NAME: ZSUBS.CTL
19:33:29 COMENT	! DATE: 14-SEP-81
19:33:29 COMENT	!
19:33:29 COMENT	!THIS CONTROL FILE IS PROVIDED FOR INFORMATION PURPOSES ONLY.  THE
19:33:29 COMENT	!PURPOSE OF THE FILE IS TO DOCUMENT THE PROCEDURES USED TO BUILD
19:33:29 COMENT	!THE DISTRIBUTED SOFTWARE.  IT IS UNLIKELY THAT THIS CONTROL FILE
19:33:29 COMENT	!WILL BE ABLE TO BE SUBMITTED WITHOUT MODIFICATION ON CUSTOMER
19:33:29 COMENT	!SYSTEMS.
19:33:29 COMENT	!
19:33:29 COMENT	! FUNCTION:	THIS CONTROL FILE BUILDS ZSUBS FROM ITS BASIC 
19:33:29 COMENT	!		SOURCES.  THE FILES CREATED BY THIS JOB ARE:
19:33:29 COMENT	!				ZSUBS.UNV
19:33:29 COMENT	!				ZSUBS.REL
19:33:29 COMENT	!
19:33:29 COMENT	! SUBMIT WITH THE SWITCH "/TAG:CREF" TO OBTAIN
19:33:29 COMENT	!   A CREF LISTING OF THE SOURCE FILE
19:33:29 COMENT	!
19:33:29 BATCH	DEF FOO: NUL:
19:33:30 MONITR	@
19:33:30 BATCH	@GOTO A
19:33:30 LABEL	A::
19:33:30 COMENT	!
19:33:30 BATCH	@INFORMATION LOGICAL-NAMES ALL
19:33:30 MONITR	Job-wide logical names:
19:33:30 MONITR	
19:33:30 MONITR	A4: => TSG:<4-FIELD-IMAGE.ARPA-UTILITIES>
19:33:30 MONITR	A41: => FARK:<4-1-FIELD-IMAGE.ARPA-UTILITIES>
19:33:30 MONITR	A5: => FARK:<5-FIELD-IMAGE.ARPA-UTILITIES>
19:33:30 MONITR	A6: => SNARK:<6.ARPA-UTILITIES>
19:33:30 MONITR	AA4: => FARK:<4-WORKING-SOURCES.ARPA-UTILITIES>
19:33:30 MONITR	AA41: => FARK:<4-1-WORKING-SOURCES.ARPA-UTILITIES>
19:33:30 MONITR	AA5: => FARK:<5-WORKING-SOURCES.ARPA-UTILITIES>
19:33:31 MONITR	AALU: => FARK:<ALU>
19:33:31 MONITR	ADOC: => FARK:<AUTOPATCH.T20.MONITO>
19:33:31 MONITR	ADOCE: => FARK:<AUTOPATCH.T20.EXEC>
19:33:31 MONITR	ADOCU: => FARK:<AUTOPATCH.T20.UTILITIES>
19:33:31 MONITR	AE4: => FARK:<4-WORKING-SOURCES.EXEC>
19:33:31 MONITR	AE41: => FARK:<4-1-WORKING-SOURCES.EXEC>
19:33:31 MONITR	AE5: => FARK:<5-WORKING-SOURCES.EXEC>
19:33:31 MONITR	AFE: => FARK:<4-FROZEN-SOURCES.EXEC>
19:33:31 MONITR	AFM: => FARK:<4-FROZEN-SOURCES.MONITOR>
19:33:31 MONITR	AFU: => FARK:<4-FROZEN-SOURCES.UTILITIES>
19:33:31 MONITR	AHST: => FARK:<AUTOPATCH.T20>
19:33:31 MONITR	ALIB: => FARK:<AUTOPATCH.T20BLD>
19:33:31 MONITR	ALL: => DSK*:<*>*.*.*
19:33:31 MONITR	ALU: => FARK:<ALU>
19:33:31 MONITR	AM4: => FARK:<4-WORKING-SOURCES.MONITOR>
19:33:31 MONITR	AM41: => FARK:<4-1-WORKING-SOURCES.MONITOR>
19:33:31 MONITR	AM5: => FARK:<5-WORKING-SOURCES.MONITOR>
19:33:31 MONITR	ASG: => PS:<ASG>
19:33:31 MONITR	AU4: => FARK:<4-WORKING-SOURCES.UTILITIES>
19:33:31 MONITR	AU41: => FARK:<4-1-WORKING-SOURCES.UTILITIES>
19:33:31 MONITR	AU5: => FARK:<5-WORKING-SOURCES.UTILITIES>
19:33:31 MONITR	CKS: => PS:<CSMITH>
19:33:31 MONITR	CRSH: => TSG:<ZIMA.CRASH>
19:33:31 MONITR	DA5: => SNARK:<5.ARPA-UTILITIES>
19:33:31 MONITR	DE5: => SNARK:<5.EXEC>
19:33:31 MONITR	DIB: => PS:<DBELL>,TSG:<ZIMA.DBELL>
19:33:31 MONITR	DM5: => SNARK:<5.MONITOR>
19:33:31 MONITR	DOC: => PS:<DOC-SPECS>
19:33:31 MONITR	DSK: => DSK:,JGZ:
19:33:31 MONITR	DU5: => SNARK:<5.UTILITIES>
19:33:31 MONITR	E4: => TSG:<4-FIELD-IMAGE.EXEC>
19:33:31 MONITR	E41: => FARK:<4-1-FIELD-IMAGE.EXEC>
19:33:32 MONITR	E5: => FARK:<5-FIELD-IMAGE.EXEC>
19:33:32 MONITR	E6: => SNARK:<6.EXEC>
19:33:32 MONITR	EDITOR: => SYS:TV.EXE
19:33:32 MONITR	FOLK: => PS:<FOLKLORE>
19:33:32 MONITR	FOO: => NUL:
19:33:32 MONITR	JGZ: => TSG:<ZIMA>,PS:<ZIMA>
19:33:32 MONITR	KMR: => PS:<RABIDEAU>,TSG:<RABIDEAU>
19:33:32 MONITR	KR: => TSG:<ROSENBLUH>,TSG:<ROSENBLUH*>
19:33:32 MONITR	M4: => TSG:<4-FIELD-IMAGE.MONITOR>
19:33:32 MONITR	M41: => FARK:<4-1-FIELD-IMAGE.MONITOR>
19:33:32 MONITR	M5: => FARK:<5-FIELD-IMAGE.MONITOR>
19:33:32 MONITR	M6: => SNARK:<6.MONITOR>
19:33:32 MONITR	MAC: => TSG:<ZIMA.MAC>
19:33:32 MONITR	MEM: => TSG:<ZIMA.MEMOS>
19:33:32 MONITR	MRP: => TSG:<RP20-FIELD-IMAGE.MONITOR>
19:33:32 MONITR	NOTE: => JGZ:NOTE.TXT
19:33:32 MONITR	PED: => TSG:<DONAHUE>,PS:<DONAHUE>
19:33:32 MONITR	RDH: => PS:<HOUK>
19:33:32 MONITR	RMT: => TSG:<TILLSON>,TSG:<TILLSON*>
19:33:32 MONITR	S: => SYSTEM:
19:33:32 MONITR	SAM: => TSG:<MAYO>,TSG:<MAYO*>
19:33:32 MONITR	SPR: => TSG:<ZIMA.SPR>
19:33:32 MONITR	SPRLOG: => PS:<ZIMA>SPRLOG.TXT
19:33:32 MONITR	SWS: => TSG:<ZIMA.SWSKIT>
19:33:32 MONITR	SWSH: => FARK:<SWSKIT.HACKS>
19:33:32 MONITR	SWSKIT: => FARK:<SWSKIT>
19:33:32 MONITR	SYS: => DSK:,SYS:
19:33:32 MONITR	TAM: => TSG:<MOSER>,PS:<MOSER>
19:33:32 MONITR	TARL: => PS:<NEUSTAEDTER>
19:33:32 MONITR	TVBACK: => TSG:<ZIMA>
19:33:32 MONITR	TW: => PS:<WING>
19:33:32 MONITR	U: => PS:<UNSUPPORTED>
19:33:32 MONITR	U4: => TSG:<4-FIELD-IMAGE.UTILITIES>
19:33:32 MONITR	U41: => FARK:<4-1-FIELD-IMAGE.UTILITIES>
19:33:33 MONITR	U5: => FARK:<5-FIELD-IMAGE.UTILITIES>
19:33:33 MONITR	U6: => SNARK:<6.UTILITIES>
19:33:33 MONITR	URP: => TSG:<RP20-FIELD-IMAGE.UTILITIES>
19:33:33 MONITR	
19:33:33 MONITR	System-wide logical names:
19:33:33 MONITR	
19:33:33 MONITR	ACCOUNT: => PS:<ACCOUNTS>
19:33:33 MONITR	BLI: => PS:<BRELEASE>,PS:<BRELEASE.XPORT>,PS:<BRELEASE.BLIS16>,PS:<BLISS>
19:33:33 MONITR	CR: => CDR:
19:33:33 MONITR	D60: => PS:<DN60>
19:33:33 MONITR	DIABLO: => DCN:KL2137-TASK-DIABLO
19:33:33 MONITR	DL1: => TTY202:
19:33:33 MONITR	DL2: => TTY203:
19:33:33 MONITR	DL3: => TTY204:
19:33:33 MONITR	DMP: => DUMP:<DUMPS>
19:33:33 MONITR	DNA: => SNARK:<NETARCH>
19:33:33 MONITR	DOC: => PS:<DOC-SPECS>
19:33:33 MONITR	DS: => DSK:
19:33:33 MONITR	EDITOR: => SYS:EDIT.EXE
19:33:33 MONITR	EMACS: => PS:<EMACS>
19:33:33 MONITR	FIELDI: => PS:<FIELD-IMAGE>
19:33:33 MONITR	GAM: => PS:<GAMES>
19:33:33 MONITR	HLP: => PS:<HELP>,SYS:
19:33:33 MONITR	INFO: => PS:<INFO>
19:33:33 MONITR	JUPDS: => SNARK:<JUPITER.DESIGN-SPECS>
19:33:33 MONITR	JUPFS: => SNARK:<JUPITER.FUNCTIONAL-SPECS>
19:33:33 MONITR	LL: => LPT0:,LPT1:
19:33:33 MONITR	LOADTS: => PS:<LOADTEST>
19:33:33 MONITR	LP: => LPT:
19:33:33 MONITR	MAIL: => PS:<MAIL>
19:33:33 MONITR	MAIL-SOFTWARE: => PS:<SYSTEM>
19:33:33 MONITR	MONDOC: => SNARK:<MONITOR.DOCUMENTS>
19:33:33 MONITR	NAME-DIRECTORY: => DCN:KL2102-209
19:33:33 MONITR	NETLIB: => PS:<NETWORK-LIBRARY>
19:33:33 MONITR	NEW: => PS:<NEXT-RELEASE>,PS:<LOADTEST>
19:33:33 MONITR	NEXTRL: => PS:<NEXT-RELEASE>
19:33:33 MONITR	OLD: => PS:<FIELD-IMAGE>,PS:<UNSUPPORTED>
19:33:33 MONITR	OUR1650: => TTY142:
19:33:33 MONITR	PCL: => PS:<PCL>
19:33:33 MONITR	POST-OFFICE: => PS:<OPERATOR>
19:33:33 MONITR	PROTO: => PS:<PROTO>
19:33:33 MONITR	PS: => PS:
19:33:33 MONITR	REL: => SYS:
19:33:34 MONITR	SERR: => PS:<SYSTEM-ERROR>
19:33:34 MONITR	SY: => SYS:
19:33:34 MONITR	SYS: => LOADTS:,NEXTRL:,FIELDI:,UNSUPP:,GAM:
19:33:34 MONITR	SYSD: => NEXTRL:,FIELDI:,UNSUPP:,GAM:
19:33:34 MONITR	SYSTEM: => PS:<SYSTEM>
19:33:34 MONITR	TO: => SYS:HOST.EXE
19:33:34 MONITR	TT: => TTY:
19:33:34 MONITR	UNSUPP: => PS:<UNSUPPORTED>
19:33:34 MONITR	XPN: => DUMP:<DUMPS>
19:33:34 MONITR	@
19:33:34 COMENT	!
19:33:34 COMENT	! TAKE A CHECKSUMMED DIRECTORY OF ALL THE INPUT FILES
19:33:34 COMENT	!
19:33:34 BATCH	@VDIRECT SYS:MACRO.EXE,SYS:LINK.EXE,SYS:CREF.EXE,ZSUBS.MAC,REL1.MAC,
19:33:34 MONITR	@@CHECKSUM SEQ
19:33:34 MONITR	@@
19:33:35 MONITR	
19:33:35 MONITR	   TSG:<ZIMA>
19:33:36 MONITR	 MACRO.EXE.1;P777752       35 17920(36)  12-Dec-79 12:37:21 ZIMA      113320  
19:33:36 MONITR	
19:33:36 MONITR	   PS:<LOADTEST>
19:33:41 MONITR	 LINK.EXE.5;P777752       101 51712(36)   2-Mar-82 15:31:42 HARDY     052715  
19:33:41 MONITR	
19:33:41 MONITR	   PS:<NEXT-RELEASE>
19:33:42 MONITR	 CREF.EXE.1;P777752        11 5632(36)   15-Jul-80 09:33:48 PAETZOLD  763472  
19:33:42 MONITR	
19:33:42 MONITR	   FARK:<SWSKIT>
19:33:42 MONITR	 ZSUBS.MAC.18;P777700       9 21793(7)   10-Feb-82 16:15:45 ZIMA      012333  
19:33:42 MONITR	 REL1.MAC.1;P777700         1 8(7)       21-Mar-81 21:13:14 ZIMA      026172  
19:33:42 MONITR	
19:33:42 MONITR	 Total of 10 pages in 2 files, Checksum = 077743
19:33:43 MONITR	
19:33:43 MONITR	 Grand total of 157 pages in 5 files, Checksum = 334024
19:33:43 MONITR	@VDIRECT SYS:MONSYM.UNV,SYS:MACSYM.UNV,SYS:MACREL.REL,SYS:PA1050.EXE,
19:33:43 MONITR	@@CHECKSUM SEQ
19:33:43 MONITR	@@
19:33:44 MONITR	
19:33:44 MONITR	   PS:<NEXT-RELEASE>
19:33:46 MONITR	 MONSYM.UNV.29;P777752     46 23529(36)  22-Jan-82 17:14:21 MURPHY    404000  
19:33:46 MONITR	 MACSYM.UNV.26;P777752     13 6536(36)   22-Feb-82 17:39:30 MURPHY    542721  
19:33:47 MONITR	 MACREL.REL.26;P777752      1 465(36)    22-Feb-82 17:39:36 MURPHY    743422  
19:33:48 MONITR	 PA1050.EXE.6;P777752      29 14848(36)   4-Dec-81 11:34:14 MAYO      064430  
19:33:48 MONITR	
19:33:48 MONITR	 Total of 89 pages in 4 files, Checksum = 025604
19:33:48 MONITR	@GET SYS:MACRO
19:33:48 MONITR	@INFORMATION VERSION
19:33:48 MONITR	 KL2102 - TOPS-20 Development System, TOPS-20 Monitor 6(4723)
19:33:49 MONITR	 TOPS-20 Command processor 6(730)
19:33:49 MONITR	 Program is MACRO, version is 53.1(1152)
19:33:49 MONITR	@GET SYS:LINK
19:33:49 MONITR	@INFORMATION VERSION
19:33:49 MONITR	 KL2102 - TOPS-20 Development System, TOPS-20 Monitor 6(4723)
19:33:50 MONITR	 TOPS-20 Command processor 6(730)
19:33:50 MONITR	 Program is LINK, version is 5(1464)
19:33:50 MONITR	PDVs:	Program name LINK, version 5(1464)
19:33:50 MONITR	@GET SYS:CREF
19:33:50 MONITR	@INFORMATION VERSION
19:33:51 MONITR	 KL2102 - TOPS-20 Development System, TOPS-20 Monitor 6(4723)
19:33:51 MONITR	 TOPS-20 Command processor 6(730)
19:33:51 MONITR	 Program is CREF, version is 53.2(71)
19:33:51 MONITR	@
19:33:51 COMENT	!
19:33:51 COMENT	!BUILD THE UNIVERSAL
19:33:51 COMENT	!
19:33:51 BATCH	@COMPILE /COMPILE ZSUBS.MAC
19:33:54 USER	MACRO:	ZSUBS
19:33:59 USER	
19:33:59 USER	EXIT
19:34:00 MONITR	@
19:34:02 COMENT	!
19:34:02 COMENT	!BUILD THE REL FILE
19:34:02 COMENT	!
19:34:02 BATCH	@COMPILE /CREF/COMPILE REL1.MAC+ZSUBS.MAC
19:34:05 USER	MACRO:	ZSUBS
19:34:13 USER	
19:34:13 USER	EXIT
19:34:13 MONITR	@
19:34:13 COMENT	!
19:34:13 BATCH	@R CREF
19:34:15 USER	*FOO:ZSUBS.LST=ZSUBS.CRF
19:34:17 USER	[CRFXKC 5K core]
19:34:17 USER	*
19:34:17 COMENT	!
19:34:17 COMENT	!
19:34:17 BATCH	*^C
19:34:17 MONITR	@DIRECT ZSUBS.REL,ZSUBS.UNV,
19:34:17 MONITR	@@CHECKSUM SEQ
19:34:17 MONITR	@@
19:34:17 MONITR	
19:34:17 MONITR	   FARK:<SWSKIT>
19:34:17 MONITR			  Checksum
19:34:17 MONITR	
19:34:17 MONITR	 ZSUBS.REL.37     470316  
19:34:18 MONITR	      .38         457204  
19:34:18 MONITR	      .39         470316  
19:34:18 MONITR	 ZSUBS.UNV.20     664072  
19:34:18 MONITR	      .21         356540  
19:34:18 MONITR	
19:34:18 MONITR	 Total of 5 files, Checksum = 421425
19:34:18 MONITR	@
19:34:18 COMENT	!
19:34:18 BATCH	@
19:34:18 BATCH	@LOGOUT
19:35:20 MONITR	Killed by OPERATOR, TTY 234
19:35:20 MONITR	Killed Job 20, User ZIMA, Account MONITOR, TTY 244,
19:35:20 MONITR	  at  5-Apr-82 19:34:21,  Used 0:00:21 in 0:01:56
   