
[PHOTO:  Recording initiated  Fri 4-Dec-87 1:40pm]

 End of PS:<KLH>COMAND.CMD.4
@v buga2.exe.1

   SS:<C.KCC.CC>
 BUGA2.EXE.1;P777700       34 17408(36)   4-Dec-87 13:29:19 KLH       

 Total of 34 pages in 1 file
@; note @ren buga2.exe.1 (TO BE) bugddt.exe
 BUGA2.EXE.1 => BUGDDT.EXE.1 [OK]
@v bugddt

   SS:<C.KCC.CC>
 BUGDDT.EXE.1;P777700      34 17408(36)   4-Dec-87 13:29:19 KLH       

 Total of 34 pages in 1 file
@iddt
Extended IDDT 3.0(9)-2, type ^_^_ for help.

;yank file: bugddt.EXE.1

main 35/  PUSHJ 17,STRCPY   .$b   $g

$1B>>MAIN+35/  PUSHJ 17,STRCPY   $^N

ILL:MAIN+35/  PUSHJ 17,STRCPY   $./  PUSHJ 17,STRCPY   $^N
MAIN+36/  BPT      ^C
@pop

[PHOTO:  Recording terminated Fri 4-Dec-87 1:42pm]
