
[PHOTO:  Recording initiated  Tue 26-Apr-88 4:30pm]

 End of <KLH>COMAND.CMD.4
@take <c.lib>-dirs-.cmd
@cd <c.lib>
 PS:<C.KCC.CC> Over permanent storage allocation by 9083 page(s).
@kcc:compcc
Gobbling files from -MAKE-.CMD...
Applying [ cc ncc msrccom] to files:
        bsearc cpu crt abort atoi clock ctermi ctime ctype getcwd
        getenv getlog getopt jsys ljerr malloc memstr onexit psigna qsort
        setjmp ssigna strerr string strung system ttynam
Executing: kcc:ncc -S -x=macro -IC: bsearc cpu crt abort atoi clock ctermi ctim
e ctype getcwd getenv getlog getopt jsys ljerr malloc memstr onexit psigna qsor
t setjmp ssigna strerr string strung system ttynam
KCC:    bsearc
KCC:    cpu
KCC:    crt
KCC:    abort
KCC:    atoi
KCC:    clock
KCC:    ctermi
KCC:    ctime
KCC:    ctype
KCC:    getcwd
KCC:    getenv
KCC:    getlog
KCC:    getopt
KCC:    jsys
KCC:    ljerr
KCC:    malloc
KCC:    memstr
KCC:    onexit
KCC:    psigna
KCC:    qsort
KCC:    setjmp
KCC:    ssigna
KCC:    strerr
KCC:    string
KCC:    strung
KCC:    system
KCC:    ttynam
Comparing bsearc.mac.-2 and bsearc.mac.0: OK
Comparing cpu.mac.-2 and cpu.mac.0: OK
Comparing crt.mac.-2 and crt.mac.0: OK
Comparing abort.mac.-2 and abort.mac.0: OK
Comparing atoi.mac.-2 and atoi.mac.0: OK
Comparing clock.mac.-2 and clock.mac.0: OK
Comparing ctermi.mac.-2 and ctermi.mac.0: OK
Comparing ctime.mac.-2 and ctime.mac.0: OK
Comparing ctype.mac.-2 and ctype.mac.0: OK
Comparing getcwd.mac.-2 and getcwd.mac.0: OK
Comparing getenv.mac.-2 and getenv.mac.0: OK
Comparing getlog.mac.-2 and getlog.mac.0: OK
Comparing getopt.mac.-2 and getopt.mac.0: OK
Comparing jsys.mac.-2 and jsys.mac.0: OK
Comparing ljerr.mac.-2 and ljerr.mac.0: OK
Comparing malloc.mac.-2 and malloc.mac.0: OK
Comparing memstr.mac.-2 and memstr.mac.0: OK
Comparing onexit.mac.-2 and onexit.mac.0: OK
Comparing psigna.mac.-2 and psigna.mac.0: OK
Comparing qsort.mac.-2 and qsort.mac.0: OK
Comparing setjmp.mac.-2 and setjmp.mac.0: OK
Comparing ssigna.mac.-2 and ssigna.mac.0: OK
Comparing strerr.mac.-2 and strerr.mac.0: OK
Comparing string.mac.-2 and string.mac.0: OK
Comparing strung.mac.-2 and strung.mac.0: OK
Comparing system.mac.-2 and system.mac.0: OK
Comparing ttynam.mac.-2 and ttynam.mac.0: OK
@cd <c.lib.stdio>
@kcc:compcc
Gobbling files from -MAKE-.CMD...
Applying [ cc ncc msrccom] to files:
        cleanu fclose fdopen fflush fgetc fgets fopen fputc fputs fread
        freope fseek ftell fwrite gets getw mktemp perror printf puts
        putw remove rename rewind scanf setbuf sopen tmpfil tmpnam ungetc
        vprint
Executing: kcc:ncc -S -x=macro -IC: cleanu fclose fdopen fflush fgetc fgets fop
en fputc fputs fread freope fseek ftell fwrite gets getw mktemp perror printf p
uts putw remove rename rewind scanf setbuf sopen tmpfil tmpnam ungetc vprint
KCC:    cleanu
KCC:    fclose
KCC:    fdopen
KCC:    fflush
KCC:    fgetc
KCC:    fgets
KCC:    fopen
KCC:    fputc
KCC:    fputs
KCC:    fread
KCC:    freope
KCC:    fseek
KCC:    ftell
KCC:    fwrite
KCC:    gets
KCC:    getw
KCC:    mktemp
KCC:    perror
KCC:    printf
KCC:    puts
KCC:    putw
KCC:    remove
KCC:    rename
KCC:    rewind
KCC:    scanf
KCC:    setbuf
KCC:    sopen
KCC:    tmpfil
KCC:    tmpnam
KCC:    ungetc
KCC:    vprint
Comparing cleanu.mac.-2 and cleanu.mac.0: OK
Comparing fclose.mac.-2 and fclose.mac.0: OK
Comparing fdopen.mac.-2 and fdopen.mac.0: OK
Comparing fflush.mac.-2 and fflush.mac.0: OK
Comparing fgetc.mac.-2 and fgetc.mac.0: OK
Comparing fgets.mac.-2 and fgets.mac.0: OK
Comparing fopen.mac.-2 and fopen.mac.0: OK
Comparing fputc.mac.-2 and fputc.mac.0: OK
Comparing fputs.mac.-2 and fputs.mac.0: OK
Comparing fread.mac.-2 and fread.mac.0: OK
Comparing freope.mac.-2 and freope.mac.0: OK
Comparing fseek.mac.-2 and fseek.mac.0: OK
Comparing ftell.mac.-2 and ftell.mac.0: OK
Comparing fwrite.mac.-2 and fwrite.mac.0: OK
Comparing gets.mac.-2 and gets.mac.0: OK
Comparing getw.mac.-2 and getw.mac.0: OK
Comparing mktemp.mac.-2 and mktemp.mac.0: OK
Comparing perror.mac.-2 and perror.mac.0: OK
Comparing printf.mac.-2 and printf.mac.0: OK
Comparing puts.mac.-2 and puts.mac.0: OK
Comparing putw.mac.-2 and putw.mac.0: OK
Comparing remove.mac.-2 and remove.mac.0: OK
Comparing rename.mac.-2 and rename.mac.0: OK
Comparing rewind.mac.-2 and rewind.mac.0: OK
Comparing scanf.mac.-2 and scanf.mac.0: OK
Comparing setbuf.mac.-2 and setbuf.mac.0: OK
Comparing sopen.mac.-2 and sopen.mac.0: OK
Comparing tmpfil.mac.-2 and tmpfil.mac.0: OK
Comparing tmpnam.mac.-2 and tmpnam.mac.0: OK
Comparing ungetc.mac.-2 and ungetc.mac.0: OK
Comparing vprint.mac.-2 and vprint.mac.0: OK
@cd <c.lib.usys>
 PS:<C.LIB.USYS> Over permanent storage allocation by 1169 page(s).
@kcc:compcc
Gobbling files from -MAKE-.CMD...
Applying [ cc ncc msrccom] to files:
        access alarm bufpos chdir chmod chown close dup exit fcntl
        forkex getpid getuid ioctl lseek open pause pipe read rename
        sbrk sgtty sigdat signal sigvec sleep stat time times uiodat
        unlink urt urtsud utime wait write
Executing: kcc:ncc -S -x=macro -IC: access alarm bufpos chdir chmod chown close
 dup exit fcntl forkex getpid getuid ioctl lseek open pause pipe read rename sb
rk sgtty sigdat signal sigvec sleep stat time times uiodat unlink urt urtsud ut
ime wait write
KCC:    access
KCC:    alarm
KCC:    bufpos
KCC:    chdir
KCC:    chmod
KCC:    chown
KCC:    close
KCC:    dup
KCC:    exit
KCC:    fcntl
KCC:    forkex
KCC:    getpid
KCC:    getuid
KCC:    ioctl
KCC:    lseek
KCC:    open
KCC:    pause
KCC:    pipe
KCC:    read
KCC:    rename
KCC:    sbrk
KCC:    sgtty
KCC:    sigdat
KCC:    signal
KCC:    sigvec
KCC:    sleep
KCC:    stat
KCC:    time
KCC:    times
KCC:    uiodat
KCC:    unlink
KCC:    urt
KCC:    urtsud
KCC:    utime
KCC:    wait
KCC:    write
Comparing access.mac.-2 and access.mac.0: OK
Comparing alarm.mac.-2 and alarm.mac.0: OK
Comparing bufpos.mac.-2 and bufpos.mac.0: OK
Comparing chdir.mac.-2 and chdir.mac.0: OK
Comparing chmod.mac.-2 and chmod.mac.0: OK
Comparing chown.mac.-2 and chown.mac.0: OK
Comparing close.mac.-2 and close.mac.0: OK
Comparing dup.mac.-2 and dup.mac.0: OK
Comparing exit.mac.-2 and exit.mac.0: OK
Comparing fcntl.mac.-2 and fcntl.mac.0: OK
Comparing forkex.mac.-2 and forkex.mac.0: OK
Comparing getpid.mac.-2 and getpid.mac.0: OK
Comparing getuid.mac.-2 and getuid.mac.0: OK
Comparing ioctl.mac.-2 and ioctl.mac.0: OK
Comparing lseek.mac.-2 and lseek.mac.0: OK
Comparing open.mac.-2 and open.mac.0: OK
Comparing pause.mac.-2 and pause.mac.0: OK
Comparing pipe.mac.-2 and pipe.mac.0: OK
Comparing read.mac.-2 and read.mac.0: OK
Comparing rename.mac.-2 and rename.mac.0: OK
Comparing sbrk.mac.-2 and sbrk.mac.0: OK
Comparing sgtty.mac.-2 and sgtty.mac.0: OK
Comparing sigdat.mac.-2 and sigdat.mac.0: OK
Comparing signal.mac.-2 and signal.mac.0: OK
Comparing sigvec.mac.-2 and sigvec.mac.0: OK
Comparing sleep.mac.-2 and sleep.mac.0: OK
Comparing stat.mac.-2 and stat.mac.0: OK
Comparing time.mac.-2 and time.mac.0: OK
Comparing times.mac.-2 and times.mac.0: OK
Comparing uiodat.mac.-2 and uiodat.mac.0: OK
Comparing unlink.mac.-2 and unlink.mac.0: OK
Comparing urt.mac.-2 and urt.mac.0: OK
Comparing urtsud.mac.-2 and urtsud.mac.0: OK
Comparing utime.mac.-2 and utime.mac.0: OK
Comparing wait.mac.-2 and wait.mac.0: OK
Comparing write.mac.-2 and write.mac.0: OK
@cd <c.lib.math>
 PS:<C.LIB.USYS> Over permanent storage allocation by 1301 page(s).
@kcc:compcc
Gobbling files from -MAKE-.CMD...
Applying [ cc ncc msrccom] to files:
        abs acos asin atan atan2 ceil cos cosh div exp
        fabs floor fmod frexp labs ldexp log log10 modf pow
        rand sin sinh sqrt tan tanh sign xmant poly xexp
Executing: kcc:ncc -S -x=macro -IC: abs acos asin atan atan2 ceil cos cosh div 
exp fabs floor fmod frexp labs ldexp log log10 modf pow rand sin sinh sqrt tan 
tanh sign xmant poly xexp
KCC:    abs
KCC:    acos
KCC:    asin
KCC:    atan
KCC:    atan2
KCC:    ceil
KCC:    cos
KCC:    cosh
KCC:    div
KCC:    exp
KCC:    fabs
KCC:    floor
KCC:    fmod
KCC:    frexp
KCC:    labs
KCC:    ldexp
KCC:    log
KCC:    log10
KCC:    modf
KCC:    pow
KCC:    rand
KCC:    sin
KCC:    sinh
KCC:    sqrt
KCC:    tan
KCC:    tanh
KCC:    sign
KCC:    xmant
KCC:    poly
KCC:    xexp
Comparing abs.mac.-2 and abs.mac.0: OK
Comparing acos.mac.-2 and acos.mac.0: OK
Comparing asin.mac.-2 and asin.mac.0: OK
Comparing atan.mac.-2 and atan.mac.0: OK
Comparing atan2.mac.-2 and atan2.mac.0: OK
Comparing ceil.mac.-2 and ceil.mac.0: OK
Comparing cos.mac.-2 and cos.mac.0: OK
Comparing cosh.mac.-2 and cosh.mac.0: OK
Comparing div.mac.-2 and div.mac.0: OK
Comparing exp.mac.-2 and exp.mac.0: OK
Comparing fabs.mac.-2 and fabs.mac.0: OK
Comparing floor.mac.-2 and floor.mac.0: OK
Comparing fmod.mac.-2 and fmod.mac.0: OK
Comparing frexp.mac.-2 and frexp.mac.0: OK
Comparing labs.mac.-2 and labs.mac.0: OK
Comparing ldexp.mac.-2 and ldexp.mac.0: OK
Comparing log.mac.-2 and log.mac.0: OK
Comparing log10.mac.-2 and log10.mac.0: OK
Comparing modf.mac.-2 and modf.mac.0: OK
Comparing pow.mac.-2 and pow.mac.0: OK
Comparing rand.mac.-2 and rand.mac.0: OK
Comparing sin.mac.-2 and sin.mac.0: OK
Comparing sinh.mac.-2 and sinh.mac.0: OK
Comparing sqrt.mac.-2 and sqrt.mac.0: OK
Comparing tan.mac.-2 and tan.mac.0: OK
Comparing tanh.mac.-2 and tanh.mac.0: OK
Comparing sign.mac.-2 and sign.mac.0: OK
Comparing xmant.mac.-2 and xmant.mac.0: OK
Comparing poly.mac.-2 and poly.mac.0: OK
Comparing xexp.mac.-2 and xexp.mac.0: OK
@cd <c.lib.network>
@kcc:compcc
Gobbling files from -MAKE-.CMD...
Applying [ cc ncc msrccom] to files:
        gethst
Executing: kcc:ncc -S -x=macro -IC: gethst
KCC:    gethst
Comparing gethst.mac.-2 and gethst.mac.0: OK
@cd kcc:
 PS:<C.KCC.CC> Over permanent storage allocation by 9087 page(s).
@pop

[PHOTO:  Recording terminated Tue 26-Apr-88 4:43pm]
