
[PHOTO:  Recording initiated  Fri 30-Jun-89 12:13pm]

 End of PS:<KLH>COMAND.CMD.4
@MSRCCOM CC.FAI

;COMPARISON OF FS:<C.KCC.CC>CC.FAI.8 AND FS:<C.KCC.CC>CC.FAI.10
;OPTIONS ARE    /3

NO DIFFERENCES ENCOUNTERED
@MSRCCOM CCASMB.FAI

;COMPARISON OF FS:<C.KCC.CC>CCASMB.FAI.8 AND FS:<C.KCC.CC>CCASMB.FAI.10
;OPTIONS ARE    /3

NO DIFFERENCES ENCOUNTERED
@MSRCCOM CCCODE.FAI

;COMPARISON OF FS:<C.KCC.CC>CCCODE.FAI.8 AND FS:<C.KCC.CC>CCCODE.FAI.10
;OPTIONS ARE    /3

NO DIFFERENCES ENCOUNTERED
@MSRCCOM CCCREG.FAI

;COMPARISON OF FS:<C.KCC.CC>CCCREG.FAI.8 AND FS:<C.KCC.CC>CCCREG.FAI.10
;OPTIONS ARE    /3

NO DIFFERENCES ENCOUNTERED
@MSRCCOM CCCSE.FAI

;COMPARISON OF FS:<C.KCC.CC>CCCSE.FAI.7 AND FS:<C.KCC.CC>CCCSE.FAI.9
;OPTIONS ARE    /3

NO DIFFERENCES ENCOUNTERED
@MSRCCOM CCDATA.FAI

;COMPARISON OF FS:<C.KCC.CC>CCDATA.FAI.7 AND FS:<C.KCC.CC>CCDATA.FAI.9
;OPTIONS ARE    /3

NO DIFFERENCES ENCOUNTERED
@MSRCCOM CCDECL.FAI

;COMPARISON OF FS:<C.KCC.CC>CCDECL.FAI.7 AND FS:<C.KCC.CC>CCDECL.FAI.9
;OPTIONS ARE    /3

NO DIFFERENCES ENCOUNTERED
@MSRCCOM CCDUMP.FAI

;COMPARISON OF FS:<C.KCC.CC>CCDUMP.FAI.7 AND FS:<C.KCC.CC>CCDUMP.FAI.9
;OPTIONS ARE    /3

NO DIFFERENCES ENCOUNTERED
@MSRCCOM CCERR.FAI

;COMPARISON OF FS:<C.KCC.CC>CCERR.FAI.7 AND FS:<C.KCC.CC>CCERR.FAI.9
;OPTIONS ARE    /3

NO DIFFERENCES ENCOUNTERED
@MSRCCOM CCEVAL.FAI

;COMPARISON OF FS:<C.KCC.CC>CCEVAL.FAI.7 AND FS:<C.KCC.CC>CCEVAL.FAI.9
;OPTIONS ARE    /3

NO DIFFERENCES ENCOUNTERED
@MSRCCOM CCFOLD.FAI

;COMPARISON OF FS:<C.KCC.CC>CCFOLD.FAI.8 AND FS:<C.KCC.CC>CCFOLD.FAI.10
;OPTIONS ARE    /3

NO DIFFERENCES ENCOUNTERED
@MSRCCOM CCGEN.FAI

;COMPARISON OF FS:<C.KCC.CC>CCGEN.FAI.8 AND FS:<C.KCC.CC>CCGEN.FAI.10
;OPTIONS ARE    /3

NO DIFFERENCES ENCOUNTERED
@MSRCCOM CCGEN1.FAI

;COMPARISON OF FS:<C.KCC.CC>CCGEN1.FAI.7 AND FS:<C.KCC.CC>CCGEN1.FAI.9
;OPTIONS ARE    /3

NO DIFFERENCES ENCOUNTERED
@MSRCCOM CCGEN2.FAI

;COMPARISON OF FS:<C.KCC.CC>CCGEN2.FAI.9 AND FS:<C.KCC.CC>CCGEN2.FAI.11
;OPTIONS ARE    /3

NO DIFFERENCES ENCOUNTERED
@MSRCCOM CCGSWI.FAI

;COMPARISON OF FS:<C.KCC.CC>CCGSWI.FAI.7 AND FS:<C.KCC.CC>CCGSWI.FAI.9
;OPTIONS ARE    /3

NO DIFFERENCES ENCOUNTERED
@MSRCCOM CCINP.FAI

;COMPARISON OF FS:<C.KCC.CC>CCINP.FAI.7 AND FS:<C.KCC.CC>CCINP.FAI.9
;OPTIONS ARE    /3

NO DIFFERENCES ENCOUNTERED
@MSRCCOM CCJSKP.FAI

;COMPARISON OF FS:<C.KCC.CC>CCJSKP.FAI.7 AND FS:<C.KCC.CC>CCJSKP.FAI.9
;OPTIONS ARE    /3

NO DIFFERENCES ENCOUNTERED
@MSRCCOM CCLEX.FAI

;COMPARISON OF FS:<C.KCC.CC>CCLEX.FAI.7 AND FS:<C.KCC.CC>CCLEX.FAI.9
;OPTIONS ARE    /3

NO DIFFERENCES ENCOUNTERED
@MSRCCOM CCOPT.FAI

;COMPARISON OF FS:<C.KCC.CC>CCOPT.FAI.7 AND FS:<C.KCC.CC>CCOPT.FAI.10
;OPTIONS ARE    /3

**** FILE FS:<C.KCC.CC>CCOPT.FAI.7, 1-2088 (27690)
        MOVE 6,-4(17)
        MOVE 3,0(6)
        ANDI 3,17
        CAIE 3,3
         JRST $198
        MOVE 4,5(6)
        MOVE 7,-5(17)
        CAME 4,2(7)
         JRST $198
**** FILE FS:<C.KCC.CC>CCOPT.FAI.10, 1-2088 (27690)
        MOVE 4,-5(17)
        PUSH 17,2(4)
        PUSH 17,-5(17)
        PUSHJ 17,rinadd
        ADJSP 17,-2
        JUMPE 1,$198
***************

@MSRCCOM CCOUT.FAI

;COMPARISON OF FS:<C.KCC.CC>CCOUT.FAI.7 AND FS:<C.KCC.CC>CCOUT.FAI.9
;OPTIONS ARE    /3

NO DIFFERENCES ENCOUNTERED
@MSRCCOM CCREG.FAI

;COMPARISON OF FS:<C.KCC.CC>CCREG.FAI.7 AND FS:<C.KCC.CC>CCREG.FAI.9
;OPTIONS ARE    /3

NO DIFFERENCES ENCOUNTERED
@MSRCCOM CCSTMT.FAI

;COMPARISON OF FS:<C.KCC.CC>CCSTMT.FAI.7 AND FS:<C.KCC.CC>CCSTMT.FAI.9
;OPTIONS ARE    /3

NO DIFFERENCES ENCOUNTERED
@MSRCCOM CCSYM.FAI

;COMPARISON OF FS:<C.KCC.CC>CCSYM.FAI.7 AND FS:<C.KCC.CC>CCSYM.FAI.9
;OPTIONS ARE    /3

NO DIFFERENCES ENCOUNTERED
@MSRCCOM CCTYPE.FAI

;COMPARISON OF FS:<C.KCC.CC>CCTYPE.FAI.7 AND FS:<C.KCC.CC>CCTYPE.FAI.9
;OPTIONS ARE    /3

NO DIFFERENCES ENCOUNTERED
@pop

[PHOTO:  Recording terminated Fri 30-Jun-89 12:16pm]
