
[PHOTO:  Recording initiated  Fri 27-Feb-87 12:41pm]

 End of PS:<KLH>COMAND.CMD.4
@parith
Checking 6-bit BP, LH=0360600, MULI r,014, ASH r+1,-1.
  0-0  =      0,,     0 *14=>  0. ?      0,,     0 +       0,,     0 = 0
  0-1  =  60000,,     0 *14=>  2. ?  40000,,     0 + - 40000,,     1 = -1
  0-2  = 140000,,     0 *14=>  4. ? 100000,,     0 + -100000,,     2 = -2
  0-3  = 220000,,     0 *14=>  6. ? 140000,,     0 + -140000,,     3 = -3
  0-4  = 300000,,     0 *14=>  9. ?      0,,     0 + -     0,,     4 = -4
  0-5  = 360000,,     0 *14=> 11. ?  40000,,     0 + - 40000,,     5 = -5
        ------
  0-6  = 777777,,777777 *14=> -1. ? 777777,,777772 +       0,,     0 = -6
  0-7  =  57777,,777777 *14=>  2. ?  37777,,777772 + - 40000,,     1 = -7
  0-8  = 137777,,777777 *14=>  4. ?  77777,,777772 + -100000,,     2 = -8
  0-9  = 217777,,777777 *14=>  6. ? 137777,,777772 + -140000,,     3 = -9
  0-10 = 277777,,777777 *14=>  8. ? 177777,,777772 + -200000,,     4 = -10
  0-11 = 357777,,777777 *14=> 11. ?  37777,,777772 + - 40000,,     5 = -11
        ------
  5-5  =      0,,     0 *14=>  0. ?      0,,     0 +       0,,     0 = 0
  5-4  = 720000,,     0 *14=> -3. ? 740000,,     0 +   40000,,     1 = 1
  5-3  = 640000,,     0 *14=> -5. ? 700000,,     0 +  100000,,     2 = 2
  5-2  = 560000,,     0 *14=> -7. ? 640000,,     0 +  140000,,     3 = 3
  5-1  = 500000,,     0 *14=> -9. ? 600000,,     0 +  200000,,     4 = 4
  5-0  = 420000,,     0 *14=>-12. ? 740000,,     0 +   40000,,     5 = 5
        ------
  5-11 = 777777,,777777 *14=> -1. ? 777777,,777772 +       0,,     0 = -6
  5-10 = 717777,,777777 *14=> -3. ? 737777,,777772 +   40000,,     1 = -5
  5-9  = 637777,,777777 *14=> -5. ? 677777,,777772 +  100000,,     2 = -4
  5-8  = 557777,,777777 *14=> -7. ? 637777,,777772 +  140000,,     3 = -3
  5-7  = 477777,,777777 *14=>-10. ? 777777,,777772 +       0,,     4 = -2
  5-6  = 417777,,777777 *14=>-12. ? 737777,,777772 +   40000,,     5 = -1
Looks good, no conflicting indices!  Testing...
CORRECT - all tests passed!

Checking 7-bit BP, LH=0350700, MULI r,012, ASH r+1,-1.
  0-0  =      0,,     0 *12=>  0. ?      0,,     0 +       0,,     0 = 0
  0-1  =  70000,,     0 *12=>  2. ?  30000,,     0 + - 30000,,     1 = -1
  0-2  = 160000,,     0 *12=>  4. ?  60000,,     0 + - 60000,,     2 = -2
  0-3  = 250000,,     0 *12=>  6. ? 110000,,     0 + -110000,,     3 = -3
  0-4  = 340000,,     0 *12=>  8. ? 140000,,     0 + -140000,,     4 = -4
        ------
  0-5  = 777777,,777777 *12=> -1. ? 777777,,777773 +       0,,     0 = -5
  0-6  =  67777,,777777 *12=>  2. ?  27777,,777773 + - 30000,,     1 = -6
  0-7  = 157777,,777777 *12=>  4. ?  57777,,777773 + - 60000,,     2 = -7
  0-8  = 247777,,777777 *12=>  6. ? 107777,,777773 + -110000,,     3 = -8
  0-9  = 337777,,777777 *12=>  8. ? 137777,,777773 + -140000,,     4 = -9
        ------
  4-4  =      0,,     0 *12=>  0. ?      0,,     0 +       0,,     0 = 0
  4-3  = 710000,,     0 *12=> -3. ? 750000,,     0 +   30000,,     1 = 1
  4-2  = 620000,,     0 *12=> -5. ? 720000,,     0 +   60000,,     2 = 2
  4-1  = 530000,,     0 *12=> -7. ? 670000,,     0 +  110000,,     3 = 3
  4-0  = 440000,,     0 *12=> -9. ? 640000,,     0 +  140000,,     4 = 4
        ------
  4-9  = 777777,,777777 *12=> -1. ? 777777,,777773 +       0,,     0 = -5
  4-8  = 707777,,777777 *12=> -3. ? 747777,,777773 +   30000,,     1 = -4
  4-7  = 617777,,777777 *12=> -5. ? 717777,,777773 +   60000,,     2 = -3
  4-6  = 527777,,777777 *12=> -7. ? 667777,,777773 +  110000,,     3 = -2
  4-5  = 437777,,777777 *12=> -9. ? 637777,,777773 +  140000,,     4 = -1
Looks good, no conflicting indices!  Testing...
CORRECT - all tests passed!

Checking 8-bit BP, LH=0341000, MULI r,010, ASH r+1,-1.
  0-0  =      0,,     0 *10=>  0. ?      0,,     0 +       0,,     0 = 0
  0-1  = 100000,,     0 *10=>  2. ?      0,,     0 + -     0,,     1 = -1
  0-2  = 200000,,     0 *10=>  4. ?      0,,     0 + -     0,,     2 = -2
  0-3  = 300000,,     0 *10=>  6. ?      0,,     0 + -     0,,     3 = -3
        ------
  0-4  = 777777,,777777 *10=> -1. ? 777777,,777774 +       0,,     0 = -4
  0-5  =  77777,,777777 *10=>  1. ? 177777,,777774 + -200000,,     1 = -5
  0-6  = 177777,,777777 *10=>  3. ? 177777,,777774 + -200000,,     2 = -6
  0-7  = 277777,,777777 *10=>  5. ? 177777,,777774 + -200000,,     3 = -7
        ------
  3-3  =      0,,     0 *10=>  0. ?      0,,     0 +       0,,     0 = 0
  3-2  = 700000,,     0 *10=> -2. ? 600000,,     0 +  200000,,     1 = 1
  3-1  = 600000,,     0 *10=> -4. ? 600000,,     0 +  200000,,     2 = 2
  3-0  = 500000,,     0 *10=> -6. ? 600000,,     0 +  200000,,     3 = 3
        ------
  3-7  = 777777,,777777 *10=> -1. ? 777777,,777774 +       0,,     0 = -4
  3-6  = 677777,,777777 *10=> -3. ? 777777,,777774 +       0,,     1 = -3
  3-5  = 577777,,777777 *10=> -5. ? 777777,,777774 +       0,,     2 = -2
  3-4  = 477777,,777777 *10=> -7. ? 777777,,777774 +       0,,     3 = -1
Looks good, no conflicting indices!  Testing...
CORRECT - all tests passed!

Checking 9-bit BP, LH=0331100, MULI r,010, ASH r+1,-1.
  0-0  =      0,,     0 *10=>  0. ?      0,,     0 +       0,,     0 = 0
  0-1  = 110000,,     0 *10=>  2. ?  40000,,     0 + - 40000,,     1 = -1
  0-2  = 220000,,     0 *10=>  4. ? 100000,,     0 + -100000,,     2 = -2
  0-3  = 330000,,     0 *10=>  6. ? 140000,,     0 + -140000,,     3 = -3
        ------
  0-4  = 777777,,777777 *10=> -1. ? 777777,,777774 +       0,,     0 = -4
  0-5  = 107777,,777777 *10=>  2. ?  37777,,777774 + - 40000,,     1 = -5
  0-6  = 217777,,777777 *10=>  4. ?  77777,,777774 + -100000,,     2 = -6
  0-7  = 327777,,777777 *10=>  6. ? 137777,,777774 + -140000,,     3 = -7
        ------
  3-3  =      0,,     0 *10=>  0. ?      0,,     0 +       0,,     0 = 0
  3-2  = 670000,,     0 *10=> -3. ? 740000,,     0 +   40000,,     1 = 1
  3-1  = 560000,,     0 *10=> -5. ? 700000,,     0 +  100000,,     2 = 2
  3-0  = 450000,,     0 *10=> -7. ? 640000,,     0 +  140000,,     3 = 3
        ------
  3-7  = 777777,,777777 *10=> -1. ? 777777,,777774 +       0,,     0 = -4
  3-6  = 667777,,777777 *10=> -3. ? 737777,,777774 +   40000,,     1 = -3
  3-5  = 557777,,777777 *10=> -5. ? 677777,,777774 +  100000,,     2 = -2
  3-4  = 447777,,777777 *10=> -7. ? 637777,,777774 +  140000,,     3 = -1
Looks good, no conflicting indices!  Testing...
CORRECT - all tests passed!

Checking 18-bit BP, LH=0222200, MULI r,04, ASH r+1,-1.
  0-0  =      0,,     0 *4 =>  0. ?      0,,     0 +       0,,     0 = 0
  0-1  = 220000,,     0 *4 =>  2. ?  40000,,     0 + - 40000,,     1 = -1
        ------
  0-2  = 777777,,777777 *4 => -1. ? 777777,,777776 +       0,,     0 = -2
  0-3  = 217777,,777777 *4 =>  2. ?  37777,,777776 + - 40000,,     1 = -3
        ------
  1-1  =      0,,     0 *4 =>  0. ?      0,,     0 +       0,,     0 = 0
  1-0  = 560000,,     0 *4 => -3. ? 740000,,     0 +   40000,,     1 = 1
        ------
  1-3  = 777777,,777777 *4 => -1. ? 777777,,777776 +       0,,     0 = -2
  1-2  = 557777,,777777 *4 => -3. ? 737777,,777776 +   40000,,     1 = -1
Looks good, no conflicting indices!  Testing...
CORRECT - all tests passed!

Checking 6-bit BP, LH=0460000, MULI r,0300, ASH r+1,-5.
  0-0  =      0,,     0 *300=>  0. ?      0,,     0 +       0,,     0 = 0
  0-1  = 770000,,     0 *300=> -6. ? 770000,,     0 + -770000,,     1 = -1
  0-2  = 760000,,     0 *300=>-12. ? 770000,,     0 + -770000,,     2 = -2
  0-3  = 750000,,     0 *300=>-18. ? 770000,,     0 + -770000,,     3 = -3
  0-4  = 740000,,     0 *300=>-24. ? 770000,,     0 + -770000,,     4 = -4
  0-5  = 730000,,     0 *300=>-30. ? 770000,,     0 + -770000,,     5 = -5
        ------
  0-6  = 777777,,777777 *300=> -1. ? 777777,,777772 +       0,,     0 = -6
  0-7  = 767777,,777777 *300=> -7. ? 777777,,777772 + -     0,,     1 = -7
  0-8  = 757777,,777777 *300=>-13. ? 777777,,777772 + -     0,,     2 = -8
  0-9  = 747777,,777777 *300=>-19. ? 777777,,777772 + -     0,,     3 = -9
  0-10 = 737777,,777777 *300=>-25. ? 777777,,777772 + -     0,,     4 = -10
  0-11 = 727777,,777777 *300=>-31. ? 777777,,777772 + -     0,,     5 = -11
        ------
  5-5  =      0,,     0 *300=>  0. ?      0,,     0 +       0,,     0 = 0
  5-4  =  10000,,     0 *300=>  6. ?      0,,     0 +       0,,     1 = 1
  5-3  =  20000,,     0 *300=> 12. ?      0,,     0 +       0,,     2 = 2
  5-2  =  30000,,     0 *300=> 18. ?      0,,     0 +       0,,     3 = 3
  5-1  =  40000,,     0 *300=> 24. ?      0,,     0 +       0,,     4 = 4
  5-0  =  50000,,     0 *300=> 30. ?      0,,     0 +       0,,     5 = 5
        ------
  5-11 = 777777,,777777 *300=> -1. ? 777777,,777772 +       0,,     0 = -6
  5-10 =   7777,,777777 *300=>  5. ?   7777,,777772 +  770000,,     1 = -5
  5-9  =  17777,,777777 *300=> 11. ?   7777,,777772 +  770000,,     2 = -4
  5-8  =  27777,,777777 *300=> 17. ?   7777,,777772 +  770000,,     3 = -3
  5-7  =  37777,,777777 *300=> 23. ?   7777,,777772 +  770000,,     4 = -2
  5-6  =  47777,,777777 *300=> 29. ?   7777,,777772 +  770000,,     5 = -1
Looks good, no conflicting indices!  Testing...
CORRECT - all tests passed!

Checking 7-bit BP, LH=0620000, MULI r,0240, ASH r+1,-5.
  0-0  =      0,,     0 *240=>  0. ?      0,,     0 +       0,,     0 = 0
  0-1  = 770000,,     0 *240=> -5. ? 770000,,     0 + -770000,,     1 = -1
  0-2  = 760000,,     0 *240=>-10. ? 770000,,     0 + -770000,,     2 = -2
  0-3  = 750000,,     0 *240=>-15. ? 770000,,     0 + -770000,,     3 = -3
  0-4  = 740000,,     0 *240=>-20. ? 770000,,     0 + -770000,,     4 = -4
        ------
  0-5  = 777777,,777777 *240=> -1. ? 777777,,777773 +       0,,     0 = -5
  0-6  = 767777,,777777 *240=> -6. ? 777777,,777773 + -     0,,     1 = -6
  0-7  = 757777,,777777 *240=>-11. ? 777777,,777773 + -     0,,     2 = -7
  0-8  = 747777,,777777 *240=>-16. ? 777777,,777773 + -     0,,     3 = -8
  0-9  = 737777,,777777 *240=>-21. ? 777777,,777773 + -     0,,     4 = -9
        ------
  4-4  =      0,,     0 *240=>  0. ?      0,,     0 +       0,,     0 = 0
  4-3  =  10000,,     0 *240=>  5. ?      0,,     0 +       0,,     1 = 1
  4-2  =  20000,,     0 *240=> 10. ?      0,,     0 +       0,,     2 = 2
  4-1  =  30000,,     0 *240=> 15. ?      0,,     0 +       0,,     3 = 3
  4-0  =  40000,,     0 *240=> 20. ?      0,,     0 +       0,,     4 = 4
        ------
  4-9  = 777777,,777777 *240=> -1. ? 777777,,777773 +       0,,     0 = -5
  4-8  =   7777,,777777 *240=>  4. ?   7777,,777773 +  770000,,     1 = -4
  4-7  =  17777,,777777 *240=>  9. ?   7777,,777773 +  770000,,     2 = -3
  4-6  =  27777,,777777 *240=> 14. ?   7777,,777773 +  770000,,     3 = -2
  4-5  =  37777,,777777 *240=> 19. ?   7777,,777773 +  770000,,     4 = -1
Looks good, no conflicting indices!  Testing...
CORRECT - all tests passed!

Checking 8-bit BP, LH=0550000, MULI r,0200, ASH r+1,-5.
  0-0  =      0,,     0 *200=>  0. ?      0,,     0 +       0,,     0 = 0
  0-1  = 770000,,     0 *200=> -4. ? 770000,,     0 + -770000,,     1 = -1
  0-2  = 760000,,     0 *200=> -8. ? 770000,,     0 + -770000,,     2 = -2
  0-3  = 750000,,     0 *200=>-12. ? 770000,,     0 + -770000,,     3 = -3
        ------
  0-4  = 777777,,777777 *200=> -1. ? 777777,,777774 +       0,,     0 = -4
  0-5  = 767777,,777777 *200=> -5. ? 777777,,777774 + -     0,,     1 = -5
  0-6  = 757777,,777777 *200=> -9. ? 777777,,777774 + -     0,,     2 = -6
  0-7  = 747777,,777777 *200=>-13. ? 777777,,777774 + -     0,,     3 = -7
        ------
  3-3  =      0,,     0 *200=>  0. ?      0,,     0 +       0,,     0 = 0
  3-2  =  10000,,     0 *200=>  4. ?      0,,     0 +       0,,     1 = 1
  3-1  =  20000,,     0 *200=>  8. ?      0,,     0 +       0,,     2 = 2
  3-0  =  30000,,     0 *200=> 12. ?      0,,     0 +       0,,     3 = 3
        ------
  3-7  = 777777,,777777 *200=> -1. ? 777777,,777774 +       0,,     0 = -4
  3-6  =   7777,,777777 *200=>  3. ?   7777,,777774 +  770000,,     1 = -3
  3-5  =  17777,,777777 *200=>  7. ?   7777,,777774 +  770000,,     2 = -2
  3-4  =  27777,,777777 *200=> 11. ?   7777,,777774 +  770000,,     3 = -1
Looks good, no conflicting indices!  Testing...
CORRECT - all tests passed!

Checking 9-bit BP, LH=0700000, MULI r,0200, ASH r+1,-5.
  0-0  =      0,,     0 *200=>  0. ?      0,,     0 +       0,,     0 = 0
  0-1  = 770000,,     0 *200=> -4. ? 770000,,     0 + -770000,,     1 = -1
  0-2  = 760000,,     0 *200=> -8. ? 770000,,     0 + -770000,,     2 = -2
  0-3  = 750000,,     0 *200=>-12. ? 770000,,     0 + -770000,,     3 = -3
        ------
  0-4  = 777777,,777777 *200=> -1. ? 777777,,777774 +       0,,     0 = -4
  0-5  = 767777,,777777 *200=> -5. ? 777777,,777774 + -     0,,     1 = -5
  0-6  = 757777,,777777 *200=> -9. ? 777777,,777774 + -     0,,     2 = -6
  0-7  = 747777,,777777 *200=>-13. ? 777777,,777774 + -     0,,     3 = -7
        ------
  3-3  =      0,,     0 *200=>  0. ?      0,,     0 +       0,,     0 = 0
  3-2  =  10000,,     0 *200=>  4. ?      0,,     0 +       0,,     1 = 1
  3-1  =  20000,,     0 *200=>  8. ?      0,,     0 +       0,,     2 = 2
  3-0  =  30000,,     0 *200=> 12. ?      0,,     0 +       0,,     3 = 3
        ------
  3-7  = 777777,,777777 *200=> -1. ? 777777,,777774 +       0,,     0 = -4
  3-6  =   7777,,777777 *200=>  3. ?   7777,,777774 +  770000,,     1 = -3
  3-5  =  17777,,777777 *200=>  7. ?   7777,,777774 +  770000,,     2 = -2
  3-4  =  27777,,777777 *200=> 11. ?   7777,,777774 +  770000,,     3 = -1
Looks good, no conflicting indices!  Testing...
CORRECT - all tests passed!

Checking 18-bit BP, LH=0750000, MULI r,0100, ASH r+1,-5.
  0-0  =      0,,     0 *100=>  0. ?      0,,     0 +       0,,     0 = 0
  0-1  = 770000,,     0 *100=> -2. ? 770000,,     0 + -770000,,     1 = -1
        ------
  0-2  = 777777,,777777 *100=> -1. ? 777777,,777776 +       0,,     0 = -2
  0-3  = 767777,,777777 *100=> -3. ? 777777,,777776 + -     0,,     1 = -3
        ------
  1-1  =      0,,     0 *100=>  0. ?      0,,     0 +       0,,     0 = 0
  1-0  =  10000,,     0 *100=>  2. ?      0,,     0 +       0,,     1 = 1
        ------
  1-3  = 777777,,777777 *100=> -1. ? 777777,,777776 +       0,,     0 = -2
  1-2  =   7777,,777777 *100=>  1. ?   7777,,777776 +  770000,,     1 = -1
Looks good, no conflicting indices!  Testing...
CORRECT - all tests passed!

        /*  6-bit local-format P_SUBBP fixup table */

        <40000,,5>      ; -12.
        0 ;unused       ; -11.
        <0,,4>  ; -10.
        <200000,,4>     ; -9.
        0 ;unused       ; -8.
        <140000,,3>     ; -7.
        0 ;unused       ; -6.
        <100000,,2>     ; -5.
        0 ;unused       ; -4.
        <40000,,1>      ; -3.
        0 ;unused       ; -2.
        0 ;unused       ; -1.
        0 ;unused       ; 0.
        0 ;unused       ; 1.
        -<40000,,1>     ; 2.
        0 ;unused       ; 3.
        -<100000,,2>    ; 4.
        0 ;unused       ; 5.
        -<140000,,3>    ; 6.
        0 ;unused       ; 7.
        -<200000,,4>    ; 8.
        -<0,,4> ; 9.
        0 ;unused       ; 10.
        -<40000,,5>     ; 11.


        /*  7-bit local-format P_SUBBP fixup table */

        <140000,,4>     ; -9.
        0 ;unused       ; -8.
        <110000,,3>     ; -7.
        0 ;unused       ; -6.
        <60000,,2>      ; -5.
        0 ;unused       ; -4.
        <30000,,1>      ; -3.
        0 ;unused       ; -2.
        0 ;unused       ; -1.
        0 ;unused       ; 0.
        0 ;unused       ; 1.
        -<30000,,1>     ; 2.
        0 ;unused       ; 3.
        -<60000,,2>     ; 4.
        0 ;unused       ; 5.
        -<110000,,3>    ; 6.
        0 ;unused       ; 7.
        -<140000,,4>    ; 8.


        /*  8-bit local-format P_SUBBP fixup table */

        <0,,3>  ; -7.
        <200000,,3>     ; -6.
        <0,,2>  ; -5.
        <200000,,2>     ; -4.
        <0,,1>  ; -3.
        <200000,,1>     ; -2.
        0 ;unused       ; -1.
        0 ;unused       ; 0.
        -<200000,,1>    ; 1.
        -<0,,1> ; 2.
        -<200000,,2>    ; 3.
        -<0,,2> ; 4.
        -<200000,,3>    ; 5.
        -<0,,3> ; 6.


        /*  9-bit local-format P_SUBBP fixup table */

        <140000,,3>     ; -7.
        0 ;unused       ; -6.
        <100000,,2>     ; -5.
        0 ;unused       ; -4.
        <40000,,1>      ; -3.
        0 ;unused       ; -2.
        0 ;unused       ; -1.
        0 ;unused       ; 0.
        0 ;unused       ; 1.
        -<40000,,1>     ; 2.
        0 ;unused       ; 3.
        -<100000,,2>    ; 4.
        0 ;unused       ; 5.
        -<140000,,3>    ; 6.


        /* 18-bit local-format P_SUBBP fixup table */

        <40000,,1>      ; -3.
        0 ;unused       ; -2.
        0 ;unused       ; -1.
        0 ;unused       ; 0.
        0 ;unused       ; 1.
        -<40000,,1>     ; 2.


        /*  6-bit OWGBP-format P_SUBBP fixup table */

        -<0,,5> ; -31.
        -<770000,,5>    ; -30.
        0 ;unused       ; -29.
        0 ;unused       ; -28.
        0 ;unused       ; -27.
        0 ;unused       ; -26.
        -<0,,4> ; -25.
        -<770000,,4>    ; -24.
        0 ;unused       ; -23.
        0 ;unused       ; -22.
        0 ;unused       ; -21.
        0 ;unused       ; -20.
        -<0,,3> ; -19.
        -<770000,,3>    ; -18.
        0 ;unused       ; -17.
        0 ;unused       ; -16.
        0 ;unused       ; -15.
        0 ;unused       ; -14.
        -<0,,2> ; -13.
        -<770000,,2>    ; -12.
        0 ;unused       ; -11.
        0 ;unused       ; -10.
        0 ;unused       ; -9.
        0 ;unused       ; -8.
        -<0,,1> ; -7.
        -<770000,,1>    ; -6.
        0 ;unused       ; -5.
        0 ;unused       ; -4.
        0 ;unused       ; -3.
        0 ;unused       ; -2.
        0 ;unused       ; -1.
        0 ;unused       ; 0.
        0 ;unused       ; 1.
        0 ;unused       ; 2.
        0 ;unused       ; 3.
        0 ;unused       ; 4.
        <770000,,1>     ; 5.
        <0,,1>  ; 6.
        0 ;unused       ; 7.
        0 ;unused       ; 8.
        0 ;unused       ; 9.
        0 ;unused       ; 10.
        <770000,,2>     ; 11.
        <0,,2>  ; 12.
        0 ;unused       ; 13.
        0 ;unused       ; 14.
        0 ;unused       ; 15.
        0 ;unused       ; 16.
        <770000,,3>     ; 17.
        <0,,3>  ; 18.
        0 ;unused       ; 19.
        0 ;unused       ; 20.
        0 ;unused       ; 21.
        0 ;unused       ; 22.
        <770000,,4>     ; 23.
        <0,,4>  ; 24.
        0 ;unused       ; 25.
        0 ;unused       ; 26.
        0 ;unused       ; 27.
        0 ;unused       ; 28.
        <770000,,5>     ; 29.
        <0,,5>  ; 30.


        /*  7-bit OWGBP-format P_SUBBP fixup table */

        -<0,,4> ; -21.
        -<770000,,4>    ; -20.
        0 ;unused       ; -19.
        0 ;unused       ; -18.
        0 ;unused       ; -17.
        -<0,,3> ; -16.
        -<770000,,3>    ; -15.
        0 ;unused       ; -14.
        0 ;unused       ; -13.
        0 ;unused       ; -12.
        -<0,,2> ; -11.
        -<770000,,2>    ; -10.
        0 ;unused       ; -9.
        0 ;unused       ; -8.
        0 ;unused       ; -7.
        -<0,,1> ; -6.
        -<770000,,1>    ; -5.
        0 ;unused       ; -4.
        0 ;unused       ; -3.
        0 ;unused       ; -2.
        0 ;unused       ; -1.
        0 ;unused       ; 0.
        0 ;unused       ; 1.
        0 ;unused       ; 2.
        0 ;unused       ; 3.
        <770000,,1>     ; 4.
        <0,,1>  ; 5.
        0 ;unused       ; 6.
        0 ;unused       ; 7.
        0 ;unused       ; 8.
        <770000,,2>     ; 9.
        <0,,2>  ; 10.
        0 ;unused       ; 11.
        0 ;unused       ; 12.
        0 ;unused       ; 13.
        <770000,,3>     ; 14.
        <0,,3>  ; 15.
        0 ;unused       ; 16.
        0 ;unused       ; 17.
        0 ;unused       ; 18.
        <770000,,4>     ; 19.
        <0,,4>  ; 20.


        /*  8-bit OWGBP-format P_SUBBP fixup table */

        -<0,,3> ; -13.
        -<770000,,3>    ; -12.
        0 ;unused       ; -11.
        0 ;unused       ; -10.
        -<0,,2> ; -9.
        -<770000,,2>    ; -8.
        0 ;unused       ; -7.
        0 ;unused       ; -6.
        -<0,,1> ; -5.
        -<770000,,1>    ; -4.
        0 ;unused       ; -3.
        0 ;unused       ; -2.
        0 ;unused       ; -1.
        0 ;unused       ; 0.
        0 ;unused       ; 1.
        0 ;unused       ; 2.
        <770000,,1>     ; 3.
        <0,,1>  ; 4.
        0 ;unused       ; 5.
        0 ;unused       ; 6.
        <770000,,2>     ; 7.
        <0,,2>  ; 8.
        0 ;unused       ; 9.
        0 ;unused       ; 10.
        <770000,,3>     ; 11.
        <0,,3>  ; 12.


        /*  9-bit OWGBP-format P_SUBBP fixup table */

        -<0,,3> ; -13.
        -<770000,,3>    ; -12.
        0 ;unused       ; -11.
        0 ;unused       ; -10.
        -<0,,2> ; -9.
        -<770000,,2>    ; -8.
        0 ;unused       ; -7.
        0 ;unused       ; -6.
        -<0,,1> ; -5.
        -<770000,,1>    ; -4.
        0 ;unused       ; -3.
        0 ;unused       ; -2.
        0 ;unused       ; -1.
        0 ;unused       ; 0.
        0 ;unused       ; 1.
        0 ;unused       ; 2.
        <770000,,1>     ; 3.
        <0,,1>  ; 4.
        0 ;unused       ; 5.
        0 ;unused       ; 6.
        <770000,,2>     ; 7.
        <0,,2>  ; 8.
        0 ;unused       ; 9.
        0 ;unused       ; 10.
        <770000,,3>     ; 11.
        <0,,3>  ; 12.


        /* 18-bit OWGBP-format P_SUBBP fixup table */

        -<0,,1> ; -3.
        -<770000,,1>    ; -2.
        0 ;unused       ; -1.
        0 ;unused       ; 0.
        <770000,,1>     ; 1.
        <0,,1>  ; 2.


@pop

[PHOTO:  Recording terminated Fri 27-Feb-87 12:43pm]
