23-Feb-87 20:20:51 [AUDCHK] Contact broken
23-Feb-87 20:30:57 [AUDCHK] Contact broken
23-Feb-87 20:41:01 [AUDCHK] Contact broken
23-Feb-87 20:51:07 [AUDCHK] Contact broken
23-Feb-87 21:01:12 [AUDCHK] Contact broken
23-Feb-87 21:11:18 [AUDCHK] Contact broken
23-Feb-87 21:21:22 [AUDCHK] Contact broken
23-Feb-87 21:31:26 [AUDCHK] Contact broken
23-Feb-87 21:36:27 [AUDCHK] Contact reestablished
24-Feb-87 06:43:10 [AUDCHK] Contact broken
24-Feb-87 06:48:30 [AUDCHK] Contact reestablished
25-Feb-87 06:01:26 [AUDCHK] Contact broken
25-Feb-87 12:02:04 [AUDCHK] Contact reestablished
 1-Mar-87 23:00:50 [AUDCHK] Contact broken
 1-Mar-87 23:05:52 [AUDCHK] Contact reestablished
 5-Mar-87 00:58:12 [AUDCHK] Contact broken
 5-Mar-87 01:03:15 [AUDCHK] Contact reestablished
 7-Mar-87 07:30:27 [AUDCHK] Contact broken
 8-Mar-87 01:35:40 [AUDCHK] Contact broken
 8-Mar-87 01:40:43 [AUDCHK] Contact reestablished
 8-Mar-87 04:36:25 [AUDCHK] Contact broken
 8-Mar-87 04:41:28 [AUDCHK] Contact reestablished
 8-Mar-87 22:23:45 [AUDCHK] Contact broken
 8-Mar-87 22:28:48 [AUDCHK] Contact reestablished
10-Mar-87 11:48:06 [AUDCHK] Contact broken
10-Mar-87 11:53:09 [AUDCHK] Contact reestablished
10-Mar-87 14:23:38 [AUDCHK] Contact broken
10-Mar-87 14:28:41 [AUDCHK] Contact reestablished
10-Mar-87 17:49:21 [AUDCHK] Contact broken
10-Mar-87 18:04:33 [AUDCHK] Contact reestablished
10-Mar-87 22:46:59 [AUDCHK] Contact broken
10-Mar-87 22:52:03 [AUDCHK] Contact reestablished
11-Mar-87 10:53:24 [AUDCHK] Contact broken
11-Mar-87 10:58:29 [AUDCHK] Contact reestablished
11-Mar-87 16:50:58 [AUDCHK] Contact broken
11-Mar-87 17:36:51 [AUDCHK] Contact reestablished
12-Mar-87 07:37:48 [AUDCHK] Contact broken
12-Mar-87 07:42:54 [AUDCHK] Contact reestablished
12-Mar-87 14:45:52 [AUDCHK] Contact broken
12-Mar-87 14:50:55 [AUDCHK] Contact reestablished
12-Mar-87 15:16:11 [AUDCHK] Contact broken
12-Mar-87 15:21:16 [AUDCHK] Contact reestablished
12-Mar-87 15:31:31 [AUDCHK] Contact broken
12-Mar-87 15:36:36 [AUDCHK] Contact reestablished
12-Mar-87 16:01:49 [AUDCHK] Contact broken
12-Mar-87 16:06:53 [AUDCHK] Contact reestablished
12-Mar-87 16:52:22 [AUDCHK] Contact broken
12-Mar-87 16:57:26 [AUDCHK] Contact reestablished
17-Mar-87 16:52:31 [AUDCHK] Contact broken
17-Mar-87 16:57:33 [AUDCHK] Contact reestablished
17-Mar-87 18:52:59 [AUDCHK] Contact broken
17-Mar-87 18:58:02 [AUDCHK] Contact reestablished
18-Mar-87 00:48:45 [AUDCHK] Contact broken
20-Mar-87 10:42:27 [AUDCHK] Contact broken
20-Mar-87 11:38:32 [AUDCHK] Contact reestablished
20-Mar-87 14:10:13 [AUDCHK] Contact broken
20-Mar-87 14:15:17 [AUDCHK] Contact reestablished
22-Mar-87 08:50:36 [AUDCHK] Contact broken
22-Mar-87 08:55:40 [AUDCHK] Contact reestablished
22-Mar-87 19:41:44 [AUDCHK] Contact broken
22-Mar-87 19:46:48 [AUDCHK] Contact reestablished
23-Mar-87 07:53:24 [AUDCHK] Contact broken
23-Mar-87 07:58:37 [AUDCHK] Contact reestablished
25-Mar-87 03:49:35 [AUDCHK] Contact broken
25-Mar-87 03:54:38 [AUDCHK] Contact reestablished
27-Mar-87 06:58:25 [AUDCHK] Contact broken
27-Mar-87 07:03:28 [AUDCHK] Contact reestablished
27-Mar-87 12:08:52 [AUDCHK] Contact broken
27-Mar-87 12:17:05 [AUDCHK] Contact reestablished
 1-Apr-87 07:06:20 [AUDCHK] Contact broken
 1-Apr-87 07:31:43 [AUDCHK] Contact reestablished
 2-Apr-87 00:22:56 [AUDCHK] Contact broken
 2-Apr-87 00:27:59 [AUDCHK] Contact reestablished
 2-Apr-87 23:53:33 [AUDCHK] Contact broken
 2-Apr-87 23:58:37 [AUDCHK] Contact reestablished
 3-Apr-87 11:58:58 [AUDCHK] Contact broken
 3-Apr-87 12:04:01 [AUDCHK] Contact reestablished
 3-Apr-87 21:42:53 [AUDCHK] Contact broken
 3-Apr-87 21:47:56 [AUDCHK] Contact reestablished
 4-Apr-87 00:08:29 [AUDCHK] Contact broken
 4-Apr-87 00:13:33 [AUDCHK] Contact reestablished
 5-Apr-87 18:23:48 [AUDCHK] Contact broken
 5-Apr-87 18:28:50 [AUDCHK] Contact reestablished
 6-Apr-87 08:36:15 [AUDCHK] Contact broken
 6-Apr-87 11:13:41 [AUDCHK] Contact reestablished
 6-Apr-87 14:59:39 [AUDCHK] Contact broken
 6-Apr-87 15:25:09 [AUDCHK] Contact reestablished
 6-Apr-87 17:55:38 [AUDCHK] Contact broken
 6-Apr-87 18:00:42 [AUDCHK] Contact reestablished
 6-Apr-87 18:21:17 [AUDCHK] Contact broken
 6-Apr-87 19:57:37 [AUDCHK] Contact reestablished
 7-Apr-87 04:08:59 [AUDCHK] Contact broken
 7-Apr-87 04:14:02 [AUDCHK] Contact reestablished
 7-Apr-87 09:11:19 [AUDCHK] Contact broken
 7-Apr-87 10:07:05 [AUDCHK] Contact reestablished
 7-Apr-87 17:24:21 [AUDCHK] Contact broken
 7-Apr-87 17:29:25 [AUDCHK] Contact reestablished
 7-Apr-87 17:44:35 [AUDCHK] Contact broken
 7-Apr-87 18:10:03 [AUDCHK] Contact reestablished
 7-Apr-87 19:05:27 [AUDCHK] Contact broken
 7-Apr-87 19:10:30 [AUDCHK] Contact reestablished
 8-Apr-87 10:29:32 [AUDCHK] Contact broken
 8-Apr-87 10:34:36 [AUDCHK] Contact reestablished
 8-Apr-87 18:01:20 [AUDCHK] Contact broken
 8-Apr-87 18:06:23 [AUDCHK] Contact reestablished
11-Apr-87 19:16:26 [AUDCHK] Contact broken
11-Apr-87 19:21:30 [AUDCHK] Contact reestablished
23-Apr-87 06:15:40 [AUDCHK] Contact broken
23-Apr-87 06:20:44 [AUDCHK] Contact reestablished
23-Apr-87 13:45:42 [AUDCHK] Contact broken
23-Apr-87 14:31:31 [AUDCHK] Contact reestablished
24-Apr-87 06:07:58 [AUDCHK] Contact broken
24-Apr-87 06:13:05 [AUDCHK] Contact reestablished
25-Apr-87 14:01:52 [AUDCHK] Contact broken
25-Apr-87 14:06:56 [AUDCHK] Contact reestablished
28-Apr-87 09:07:45 [AUDCHK] Contact broken
28-Apr-87 09:12:48 [AUDCHK] Contact reestablished
28-Apr-87 20:20:02 [AUDCHK] Contact broken
28-Apr-87 20:25:04 [AUDCHK] Contact reestablished
29-Apr-87 21:01:10 [AUDCHK] Contact broken
29-Apr-87 21:06:12 [AUDCHK] Contact reestablished
30-Apr-87 12:57:56 [AUDCHK] Contact broken
30-Apr-87 13:03:01 [AUDCHK] Contact reestablished
 5-May-87 05:06:56 [AUDCHK] Contact broken
 5-May-87 05:11:59 [AUDCHK] Contact reestablished
 5-May-87 05:59:12 [AUDCHK] Contact broken
 5-May-87 06:04:17 [AUDCHK] Contact reestablished
 8-May-87 18:43:45 [AUDCHK] Contact broken
 8-May-87 19:09:10 [AUDCHK] Contact reestablished
11-May-87 22:20:09 [AUDCHK] Contact broken
11-May-87 22:25:13 [AUDCHK] Contact reestablished
12-May-87 04:51:22 [AUDCHK] Contact broken
13-May-87 15:04:17 [AUDCHK] Contact broken
13-May-87 15:29:43 [AUDCHK] Contact reestablished
14-May-87 07:01:35 [AUDCHK] Contact broken
14-May-87 07:08:13 [AUDCHK] Contact reestablished
14-May-87 07:23:43 [AUDCHK] Contact broken
14-May-87 07:30:38 [AUDCHK] Contact reestablished
17-May-87 10:00:48 [AUDCHK] Contact broken
17-May-87 10:06:28 [AUDCHK] Contact reestablished
17-May-87 10:22:35 [AUDCHK] Contact broken
17-May-87 10:28:24 [AUDCHK] Contact reestablished
18-May-87 11:22:37 [AUDCHK] Contact broken
18-May-87 11:27:40 [AUDCHK] Contact reestablished
19-May-87 06:02:32 [AUDCHK] Contact broken
19-May-87 06:07:35 [AUDCHK] Contact reestablished
19-May-87 10:02:22 [AUDCHK] Contact broken
19-May-87 10:07:25 [AUDCHK] Contact reestablished
20-May-87 07:34:16 [AUDCHK] Contact broken
20-May-87 08:50:08 [AUDCHK] Contact reestablished
22-May-87 07:38:05 [AUDCHK] Contact broken
22-May-87 07:44:37 [AUDCHK] Contact reestablished
30-May-87 06:57:01 [AUDCHK] Contact broken
30-May-87 07:02:04 [AUDCHK] Contact reestablished
 1-Jun-87 04:46:34 [AUDCHK] Contact broken
 1-Jun-87 04:51:37 [AUDCHK] Contact reestablished
 1-Jun-87 19:22:36 [AUDCHK] Contact broken
 1-Jun-87 19:27:40 [AUDCHK] Contact reestablished
 3-Jun-87 08:00:21 [AUDCHK] Contact broken
 3-Jun-87 08:46:24 [AUDCHK] Contact reestablished
 3-Jun-87 08:56:37 [AUDCHK] Contact broken
 3-Jun-87 10:02:59 [AUDCHK] Contact reestablished
 5-Jun-87 19:27:09 [AUDCHK] Contact broken
 5-Jun-87 19:32:12 [AUDCHK] Contact reestablished
 5-Jun-87 19:47:17 [AUDCHK] Contact broken
 5-Jun-87 20:32:43 [AUDCHK] Contact reestablished
 7-Jun-87 16:46:01 [AUDCHK] Contact broken
 7-Jun-87 16:51:04 [AUDCHK] Contact reestablished
10-Jun-87 03:54:55 [AUDCHK] Contact broken
10-Jun-87 03:59:58 [AUDCHK] Contact reestablished
10-Jun-87 06:45:41 [AUDCHK] Contact broken
10-Jun-87 06:50:45 [AUDCHK] Contact reestablished
10-Jun-87 20:59:10 [AUDCHK] Contact broken
10-Jun-87 21:04:14 [AUDCHK] Contact reestablished
11-Jun-87 09:48:59 [AUDCHK] Contact broken
11-Jun-87 09:54:03 [AUDCHK] Contact reestablished
11-Jun-87 11:39:37 [AUDCHK] Contact broken
11-Jun-87 11:44:41 [AUDCHK] Contact reestablished
15-Jun-87 12:39:14 [AUDCHK] Contact broken
15-Jun-87 13:04:44 [AUDCHK] Contact reestablished
17-Jun-87 08:26:16 [AUDCHK] Contact broken
17-Jun-87 10:23:39 [AUDCHK] Contact reestablished
22-Jun-87 09:36:06 [AUDCHK] Contact broken
22-Jun-87 09:41:09 [AUDCHK] Contact reestablished
28-Jun-87 12:27:06 [AUDCHK] Contact broken
28-Jun-87 12:32:10 [AUDCHK] Contact reestablished
28-Jun-87 19:08:22 [AUDCHK] Contact broken
28-Jun-87 19:13:25 [AUDCHK] Contact reestablished
30-Jun-87 16:59:23 [AUDCHK] Contact broken
30-Jun-87 21:28:11 [AUDCHK] Contact reestablished
 1-Jul-87 19:08:42 [AUDCHK] Contact broken
 1-Jul-87 19:24:02 [AUDCHK] Contact reestablished
 1-Jul-87 23:20:00 [AUDCHK] Contact broken
 1-Jul-87 23:25:03 [AUDCHK] Contact reestablished
 2-Jul-87 07:26:56 [AUDCHK] Contact broken
 2-Jul-87 07:31:59 [AUDCHK] Contact reestablished
 2-Jul-87 08:13:29 [AUDCHK] Contact broken
 2-Jul-87 08:18:32 [AUDCHK] Contact reestablished
 2-Jul-87 18:06:12 [AUDCHK] Contact broken
 2-Jul-87 18:41:47 [AUDCHK] Contact reestablished
 4-Jul-87 08:19:59 [AUDCHK] Contact broken
 4-Jul-87 08:25:02 [AUDCHK] Contact reestablished
 6-Jul-87 05:15:02 [AUDCHK] Contact broken
 6-Jul-87 05:20:05 [AUDCHK] Contact reestablished
 7-Jul-87 07:16:43 [AUDCHK] Contact broken
 7-Jul-87 07:21:47 [AUDCHK] Contact reestablished
 7-Jul-87 11:33:25 [AUDCHK] Contact broken
 7-Jul-87 11:39:04 [AUDCHK] Contact reestablished
 7-Jul-87 11:59:16 [AUDCHK] Contact broken
 7-Jul-87 12:04:19 [AUDCHK] Contact reestablished
 8-Jul-87 11:06:45 [AUDCHK] Contact broken
 8-Jul-87 11:11:49 [AUDCHK] Contact reestablished
 9-Jul-87 14:33:48 [AUDCHK] Contact broken
 9-Jul-87 14:38:53 [AUDCHK] Contact reestablished
10-Jul-87 14:28:29 [AUDCHK] Contact broken
10-Jul-87 14:33:33 [AUDCHK] Contact reestablished
10-Jul-87 14:48:46 [AUDCHK] Contact broken
10-Jul-87 14:53:49 [AUDCHK] Contact reestablished
10-Jul-87 15:09:11 [AUDCHK] Contact broken
10-Jul-87 15:14:15 [AUDCHK] Contact reestablished
13-Jul-87 12:01:55 [AUDCHK] Contact broken
13-Jul-87 23:36:45 [AUDCHK] Contact broken
13-Jul-87 23:41:49 [AUDCHK] Contact reestablished
16-Jul-87 12:25:50 [AUDCHK] Contact broken
16-Jul-87 13:31:59 [AUDCHK] Contact reestablished
16-Jul-87 15:07:24 [AUDCHK] Contact broken
16-Jul-87 16:03:22 [AUDCHK] Contact reestablished
17-Jul-87 07:54:42 [AUDCHK] Contact broken
17-Jul-87 08:20:12 [AUDCHK] Contact reestablished
17-Jul-87 09:05:29 [AUDCHK] Contact broken
17-Jul-87 09:20:43 [AUDCHK] Contact reestablished
17-Jul-87 15:11:58 [AUDCHK] Contact broken
17-Jul-87 16:07:47 [AUDCHK] Contact reestablished
17-Jul-87 16:23:01 [AUDCHK] Contact broken
17-Jul-87 16:28:04 [AUDCHK] Contact reestablished
18-Jul-87 07:10:16 [AUDCHK] Contact broken
18-Jul-87 10:28:45 [AUDCHK] Contact reestablished
18-Jul-87 10:53:57 [AUDCHK] Contact broken
18-Jul-87 11:09:12 [AUDCHK] Contact reestablished
20-Jul-87 10:30:33 [AUDCHK] Contact broken
20-Jul-87 10:45:53 [AUDCHK] Contact reestablished
24-Jul-87 14:15:02 [AUDCHK] Contact broken
24-Jul-87 14:20:06 [AUDCHK] Contact reestablished
26-Jul-87 10:34:54 [AUDCHK] Contact broken
26-Jul-87 10:39:58 [AUDCHK] Contact reestablished
30-Jul-87 12:49:00 [AUDCHK] Contact broken
30-Jul-87 13:04:13 [AUDCHK] Contact reestablished
 4-Aug-87 14:56:56 [AUDCHK] Contact broken
 4-Aug-87 15:02:00 [AUDCHK] Contact reestablished
 6-Aug-87 17:01:53 [AUDCHK] Contact broken
 6-Aug-87 17:06:57 [AUDCHK] Contact reestablished
 7-Aug-87 19:06:13 [AUDCHK] Contact broken
11-Aug-87 16:50:18 [AUDCHK] Contact broken
11-Aug-87 21:32:42 [AUDCHK] Contact reestablished
12-Aug-87 08:19:45 [AUDCHK] Contact broken
12-Aug-87 08:24:48 [AUDCHK] Contact reestablished
13-Aug-87 12:44:09 [AUDCHK] Contact broken
13-Aug-87 12:49:13 [AUDCHK] Contact reestablished
17-Aug-87 11:47:11 [AUDCHK] Contact broken
17-Aug-87 11:52:15 [AUDCHK] Contact reestablished
20-Aug-87 10:13:05 [AUDCHK] Contact broken
20-Aug-87 10:18:08 [AUDCHK] Contact reestablished
20-Aug-87 11:58:37 [AUDCHK] Contact broken
20-Aug-87 12:03:42 [AUDCHK] Contact reestablished
24-Aug-87 07:44:35 [AUDCHK] Contact broken
24-Aug-87 07:49:37 [AUDCHK] Contact reestablished
24-Aug-87 10:05:03 [AUDCHK] Contact broken
24-Aug-87 10:21:48 [AUDCHK] Contact reestablished
24-Aug-87 10:31:58 [AUDCHK] Contact broken
24-Aug-87 11:00:46 [AUDCHK] Contact reestablished
24-Aug-87 11:11:01 [AUDCHK] Contact broken
24-Aug-87 12:21:47 [AUDCHK] Contact reestablished
24-Aug-87 12:32:00 [AUDCHK] Contact broken
24-Aug-87 12:47:19 [AUDCHK] Contact reestablished
25-Aug-87 05:48:41 [AUDCHK] Contact broken
25-Aug-87 06:54:36 [AUDCHK] Contact reestablished
25-Aug-87 07:26:33 [AUDCHK] Contact broken
25-Aug-87 08:02:11 [AUDCHK] Contact reestablished
25-Aug-87 09:10:07 [AUDCHK] Contact broken
25-Aug-87 09:15:20 [AUDCHK] Contact reestablished
25-Aug-87 09:25:26 [AUDCHK] Contact broken
25-Aug-87 09:30:30 [AUDCHK] Contact reestablished
25-Aug-87 09:45:44 [AUDCHK] Contact broken
25-Aug-87 09:54:53 [AUDCHK] Contact reestablished
25-Aug-87 12:51:16 [AUDCHK] Contact broken
25-Aug-87 13:17:13 [AUDCHK] Contact reestablished
25-Aug-87 13:27:26 [AUDCHK] Contact broken
25-Aug-87 13:56:26 [AUDCHK] Contact reestablished
25-Aug-87 14:06:40 [AUDCHK] Contact broken
25-Aug-87 14:11:44 [AUDCHK] Contact reestablished
25-Aug-87 14:21:57 [AUDCHK] Contact broken
25-Aug-87 14:27:01 [AUDCHK] Contact reestablished
25-Aug-87 14:37:13 [AUDCHK] Contact broken
25-Aug-87 14:57:31 [AUDCHK] Contact reestablished
25-Aug-87 15:07:44 [AUDCHK] Contact broken
25-Aug-87 15:13:37 [AUDCHK] Contact reestablished
25-Aug-87 15:28:59 [AUDCHK] Contact broken
25-Aug-87 16:24:50 [AUDCHK] Contact reestablished
26-Aug-87 08:04:54 [AUDCHK] Contact broken
26-Aug-87 08:33:02 [AUDCHK] Contact reestablished
26-Aug-87 08:43:08 [AUDCHK] Contact broken
26-Aug-87 09:13:28 [AUDCHK] Contact reestablished
26-Aug-87 09:23:39 [AUDCHK] Contact broken
26-Aug-87 09:59:14 [AUDCHK] Contact reestablished
26-Aug-87 10:27:41 [AUDCHK] Contact broken
26-Aug-87 10:44:36 [AUDCHK] Contact reestablished
26-Aug-87 10:54:46 [AUDCHK] Contact broken
26-Aug-87 11:54:52 [AUDCHK] Contact reestablished
26-Aug-87 12:05:04 [AUDCHK] Contact broken
26-Aug-87 12:30:25 [AUDCHK] Contact reestablished
26-Aug-87 13:03:03 [AUDCHK] Contact broken
26-Aug-87 13:10:23 [AUDCHK] Contact reestablished
27-Aug-87 05:37:46 [AUDCHK] Contact broken
27-Aug-87 06:23:39 [AUDCHK] Contact reestablished
27-Aug-87 06:33:51 [AUDCHK] Contact broken
27-Aug-87 07:03:46 [AUDCHK] Contact reestablished
27-Aug-87 07:18:58 [AUDCHK] Contact broken
27-Aug-87 15:53:02 [AUDCHK] Contact reestablished
28-Aug-87 08:07:50 [AUDCHK] Contact broken
28-Aug-87 08:26:43 [AUDCHK] Contact reestablished
28-Aug-87 08:36:55 [AUDCHK] Contact broken
28-Aug-87 09:22:55 [AUDCHK] Contact reestablished
28-Aug-87 10:11:01 [AUDCHK] Contact broken
28-Aug-87 10:56:52 [AUDCHK] Contact reestablished
28-Aug-87 11:07:04 [AUDCHK] Contact broken
28-Aug-87 13:14:48 [AUDCHK] Contact reestablished
28-Aug-87 13:32:34 [AUDCHK] Contact broken
28-Aug-87 14:12:58 [AUDCHK] Contact reestablished
28-Aug-87 14:23:12 [AUDCHK] Contact broken
28-Aug-87 14:40:32 [AUDCHK] Contact reestablished
28-Aug-87 14:50:49 [AUDCHK] Contact broken
28-Aug-87 15:16:17 [AUDCHK] Contact reestablished
 2-Sep-87 16:18:00 [AUDCHK] Contact broken
 2-Sep-87 16:23:03 [AUDCHK] Contact reestablished
 2-Sep-87 22:49:23 [AUDCHK] Contact broken
 2-Sep-87 22:54:26 [AUDCHK] Contact reestablished
10-Sep-87 18:17:33 [AUDCHK] Contact broken
10-Sep-87 18:22:36 [AUDCHK] Contact reestablished
19-Sep-87 09:23:18 [AUDCHK] Contact broken
19-Sep-87 09:28:22 [AUDCHK] Contact reestablished
23-Sep-87 06:47:26 [AUDCHK] Contact broken
23-Sep-87 17:27:50 [AUDCHK] Contact broken
23-Sep-87 17:32:55 [AUDCHK] Contact reestablished
25-Sep-87 06:34:23 [AUDCHK] Contact broken
25-Sep-87 07:43:26 [AUDCHK] Contact reestablished
25-Sep-87 07:53:35 [AUDCHK] Contact broken
25-Sep-87 08:59:26 [AUDCHK] Contact reestablished
30-Sep-87 08:08:18 [AUDCHK] Contact broken
30-Sep-87 08:13:21 [AUDCHK] Contact reestablished
11-Oct-87 08:29:00 [AUDCHK] Contact broken
11-Oct-87 08:34:03 [AUDCHK] Contact reestablished
16-Oct-87 17:19:35 [AUDCHK] Contact broken
17-Oct-87 10:45:24 [AUDCHK] Contact broken
17-Oct-87 10:50:28 [AUDCHK] Contact reestablished
19-Oct-87 14:26:13 [AUDCHK] Contact broken
19-Oct-87 15:12:26 [AUDCHK] Contact reestablished
19-Oct-87 21:18:35 [AUDCHK] Contact broken
19-Oct-87 21:43:52 [AUDCHK] Contact reestablished
20-Oct-87 07:10:45 [AUDCHK] Contact broken
20-Oct-87 08:06:38 [AUDCHK] Contact reestablished
20-Oct-87 11:42:47 [AUDCHK] Contact broken
20-Oct-87 17:11:16 [AUDCHK] Contact reestablished
21-Oct-87 05:48:41 [AUDCHK] Contact broken
21-Oct-87 06:24:06 [AUDCHK] Contact reestablished
21-Oct-87 06:39:15 [AUDCHK] Contact broken
21-Oct-87 07:35:05 [AUDCHK] Contact reestablished
21-Oct-87 08:20:31 [AUDCHK] Contact broken
21-Oct-87 08:25:33 [AUDCHK] Contact reestablished
21-Oct-87 08:40:57 [AUDCHK] Contact broken
21-Oct-87 08:56:24 [AUDCHK] Contact reestablished
21-Oct-87 09:11:49 [AUDCHK] Contact broken
21-Oct-87 09:16:53 [AUDCHK] Contact reestablished
21-Oct-87 09:37:15 [AUDCHK] Contact broken
21-Oct-87 09:42:17 [AUDCHK] Contact reestablished
21-Oct-87 09:58:03 [AUDCHK] Contact broken
21-Oct-87 10:03:06 [AUDCHK] Contact reestablished
21-Oct-87 10:38:38 [AUDCHK] Contact broken
21-Oct-87 10:43:41 [AUDCHK] Contact reestablished
21-Oct-87 11:04:07 [AUDCHK] Contact broken
21-Oct-87 11:09:12 [AUDCHK] Contact reestablished
21-Oct-87 12:04:05 [AUDCHK] Contact broken
21-Oct-87 12:09:07 [AUDCHK] Contact reestablished
21-Oct-87 12:29:44 [AUDCHK] Contact broken
21-Oct-87 12:34:50 [AUDCHK] Contact reestablished
21-Oct-87 13:20:42 [AUDCHK] Contact broken
21-Oct-87 13:25:47 [AUDCHK] Contact reestablished
24-Oct-87 16:43:46 [AUDCHK] Contact broken
24-Oct-87 16:48:49 [AUDCHK] Contact reestablished
28-Oct-87 15:02:21 [AUDCHK] Contact broken
28-Oct-87 15:07:25 [AUDCHK] Contact reestablished
28-Oct-87 18:18:20 [AUDCHK] Contact broken
28-Oct-87 18:23:30 [AUDCHK] Contact reestablished
29-Oct-87 07:19:58 [AUDCHK] Contact broken
29-Oct-87 07:27:48 [AUDCHK] Contact reestablished
29-Oct-87 07:38:15 [AUDCHK] Contact broken
29-Oct-87 07:43:19 [AUDCHK] Contact reestablished
29-Oct-87 15:26:06 [AUDCHK] Contact broken
29-Oct-87 15:51:29 [AUDCHK] Contact reestablished
 2-Nov-87 04:26:45 [AUDCHK] Contact broken
 2-Nov-87 04:31:48 [AUDCHK] Contact reestablished
 2-Nov-87 09:27:46 [AUDCHK] Contact broken
 2-Nov-87 10:05:17 [AUDCHK] Contact broken
 2-Nov-87 10:10:18 [AUDCHK] Contact reestablished
 4-Nov-87 11:46:28 [AUDCHK] Contact broken
 4-Nov-87 12:20:19 [AUDCHK] Contact broken
 4-Nov-87 12:25:22 [AUDCHK] Contact reestablished
 4-Nov-87 12:45:46 [AUDCHK] Contact broken
 5-Nov-87 05:04:27 [AUDCHK] Contact broken
 5-Nov-87 05:09:32 [AUDCHK] Contact reestablished
 5-Nov-87 10:55:58 [AUDCHK] Contact broken
 5-Nov-87 21:48:37 [AUDCHK] Contact broken
13-Nov-87 08:20:33 [AUDCHK] Contact broken
13-Nov-87 08:25:35 [AUDCHK] Contact reestablished
17-Nov-87 08:29:10 [AUDCHK] Contact broken
17-Nov-87 09:15:38 [AUDCHK] Contact reestablished
17-Nov-87 11:38:13 [AUDCHK] Contact broken
17-Nov-87 13:41:14 [AUDCHK] Contact broken
17-Nov-87 14:07:05 [AUDCHK] Contact reestablished
17-Nov-87 18:28:20 [AUDCHK] Contact broken
17-Nov-87 23:46:01 [AUDCHK] Contact broken
18-Nov-87 06:39:31 [AUDCHK] Contact reestablished
18-Nov-87 11:37:45 [AUDCHK] Contact broken
18-Nov-87 12:34:35 [AUDCHK] Contact reestablished
18-Nov-87 16:36:39 [AUDCHK] Contact broken
18-Nov-87 16:51:53 [AUDCHK] Contact reestablished
18-Nov-87 17:12:16 [AUDCHK] Contact broken
18-Nov-87 18:23:09 [AUDCHK] Contact broken
18-Nov-87 18:28:17 [AUDCHK] Contact reestablished
19-Nov-87 03:10:40 [AUDCHK] Contact broken
19-Nov-87 06:31:16 [AUDCHK] Contact reestablished
24-Nov-87 10:00:18 [AUDCHK] Contact broken
24-Nov-87 10:26:05 [AUDCHK] Contact reestablished
24-Nov-87 22:54:37 [AUDCHK] Contact broken
24-Nov-87 22:59:40 [AUDCHK] Contact reestablished
25-Nov-87 10:16:25 [AUDCHK] Contact broken
25-Nov-87 13:16:12 [AUDCHK] Contact reestablished
26-Nov-87 06:24:14 [AUDCHK] Contact broken
26-Nov-87 06:39:24 [AUDCHK] Contact reestablished
26-Nov-87 17:55:07 [AUDCHK] Contact broken
27-Nov-87 08:14:14 [AUDCHK] Contact reestablished
27-Nov-87 13:15:25 [AUDCHK] Contact broken
27-Nov-87 13:20:29 [AUDCHK] Contact reestablished
29-Nov-87 20:02:41 [AUDCHK] Contact broken
29-Nov-87 20:07:48 [AUDCHK] Contact reestablished
 2-Dec-87 09:22:51 [AUDCHK] Contact broken
 2-Dec-87 11:03:23 [AUDCHK] Contact reestablished
 3-Dec-87 21:10:06 [AUDCHK] Contact broken
 3-Dec-87 21:15:10 [AUDCHK] Contact reestablished
10-Dec-87 01:05:10 [AUDCHK] Contact broken
10-Dec-87 12:32:11 [AUDCHK] Contact reestablished
10-Dec-87 13:33:07 [AUDCHK] Contact broken
10-Dec-87 14:20:12 [AUDCHK] Contact reestablished
11-Dec-87 09:08:51 [AUDCHK] Contact broken
11-Dec-87 09:13:54 [AUDCHK] Contact reestablished
14-Dec-87 12:23:13 [AUDCHK] Contact broken
14-Dec-87 12:52:19 [AUDCHK] Contact broken
15-Dec-87 12:55:42 [AUDCHK] Contact broken
15-Dec-87 17:17:19 [AUDCHK] Contact reestablished
15-Dec-87 17:57:45 [AUDCHK] Contact broken
15-Dec-87 19:26:37 [AUDCHK] Contact reestablished
17-Dec-87 13:45:39 [AUDCHK] Contact broken
17-Dec-87 13:50:41 [AUDCHK] Contact reestablished
17-Dec-87 14:06:04 [AUDCHK] Contact broken
17-Dec-87 14:11:05 [AUDCHK] Contact reestablished
17-Dec-87 14:26:28 [AUDCHK] Contact broken
17-Dec-87 14:31:31 [AUDCHK] Contact reestablished
17-Dec-87 14:41:56 [AUDCHK] Contact broken
17-Dec-87 14:57:25 [AUDCHK] Contact reestablished
19-Dec-87 08:35:51 [AUDCHK] Contact broken
19-Dec-87 08:40:53 [AUDCHK] Contact reestablished
22-Dec-87 12:19:24 [AUDCHK] Contact broken
22-Dec-87 12:24:28 [AUDCHK] Contact reestablished
24-Dec-87 06:26:31 [AUDCHK] Contact broken
24-Dec-87 06:31:34 [AUDCHK] Contact reestablished
25-Dec-87 09:58:42 [AUDCHK] Contact broken
26-Dec-87 14:55:16 [AUDCHK] Contact broken
26-Dec-87 15:20:48 [AUDCHK] Contact reestablished
30-Dec-87 01:15:23 [AUDCHK] Contact broken
30-Dec-87 01:20:29 [AUDCHK] Contact reestablished
30-Dec-87 12:32:24 [AUDCHK] Contact broken
30-Dec-87 18:45:19 [AUDCHK] Contact reestablished
30-Dec-87 23:26:13 [AUDCHK] Contact broken
30-Dec-87 23:31:16 [AUDCHK] Contact reestablished
31-Dec-87 09:07:46 [AUDCHK] Contact broken
31-Dec-87 09:43:25 [AUDCHK] Contact reestablished
31-Dec-87 14:44:03 [AUDCHK] Contact broken
31-Dec-87 14:49:04 [AUDCHK] Contact reestablished
 6-Jan-88 13:31:34 [AUDCHK] Contact broken
 6-Jan-88 13:36:38 [AUDCHK] Contact reestablished
 7-Jan-88 06:40:37 [AUDCHK] Contact broken
 7-Jan-88 06:45:42 [AUDCHK] Contact reestablished
 7-Jan-88 15:43:38 [AUDCHK] Contact broken
 7-Jan-88 15:48:42 [AUDCHK] Contact reestablished
 7-Jan-88 17:04:25 [AUDCHK] Contact broken
 7-Jan-88 17:09:31 [AUDCHK] Contact reestablished
 7-Jan-88 17:29:59 [AUDCHK] Contact broken
 7-Jan-88 17:35:01 [AUDCHK] Contact reestablished
 8-Jan-88 07:12:08 [AUDCHK] Contact broken
 8-Jan-88 07:17:10 [AUDCHK] Contact reestablished
 8-Jan-88 08:12:33 [AUDCHK] Contact broken
 8-Jan-88 08:38:01 [AUDCHK] Contact reestablished
 8-Jan-88 15:05:24 [AUDCHK] Contact broken
 8-Jan-88 15:10:26 [AUDCHK] Contact reestablished
 9-Jan-88 10:23:06 [AUDCHK] Contact broken
 9-Jan-88 10:28:08 [AUDCHK] Contact reestablished
12-Jan-88 01:42:11 [AUDCHK] Contact broken
12-Jan-88 01:47:12 [AUDCHK] Contact reestablished
13-Jan-88 06:20:26 [AUDCHK] Contact broken
13-Jan-88 06:25:28 [AUDCHK] Contact reestablished
13-Jan-88 12:27:42 [AUDCHK] Contact broken
13-Jan-88 12:32:45 [AUDCHK] Contact reestablished
14-Jan-88 08:00:17 [AUDCHK] Contact broken
14-Jan-88 08:46:57 [AUDCHK] Contact reestablished
14-Jan-88 09:52:34 [AUDCHK] Contact broken
14-Jan-88 10:08:01 [AUDCHK] Contact reestablished
14-Jan-88 12:09:06 [AUDCHK] Contact broken
14-Jan-88 13:18:36 [AUDCHK] Contact reestablished
15-Jan-88 09:13:38 [AUDCHK] Contact broken
15-Jan-88 10:33:29 [AUDCHK] Contact reestablished
15-Jan-88 10:59:02 [AUDCHK] Contact broken
15-Jan-88 11:14:33 [AUDCHK] Contact reestablished
16-Jan-88 23:34:37 [AUDCHK] Contact broken
16-Jan-88 23:39:41 [AUDCHK] Contact reestablished
17-Jan-88 03:05:15 [AUDCHK] Contact broken
17-Jan-88 03:10:17 [AUDCHK] Contact reestablished
17-Jan-88 03:50:37 [AUDCHK] Contact broken
17-Jan-88 03:55:40 [AUDCHK] Contact reestablished
17-Jan-88 04:45:45 [AUDCHK] Contact broken
17-Jan-88 05:00:54 [AUDCHK] Contact reestablished
17-Jan-88 05:10:59 [AUDCHK] Contact broken
17-Jan-88 05:16:02 [AUDCHK] Contact reestablished
18-Jan-88 10:49:23 [AUDCHK] Contact broken
18-Jan-88 11:05:10 [AUDCHK] Contact reestablished
19-Jan-88 07:49:25 [AUDCHK] Contact broken
19-Jan-88 07:54:28 [AUDCHK] Contact reestablished
19-Jan-88 12:15:57 [AUDCHK] Contact broken
19-Jan-88 12:21:01 [AUDCHK] Contact reestablished
20-Jan-88 01:59:01 [AUDCHK] Contact broken
20-Jan-88 02:04:04 [AUDCHK] Contact reestablished
21-Jan-88 09:23:33 [AUDCHK] Contact broken
21-Jan-88 09:28:35 [AUDCHK] Contact reestablished
21-Jan-88 13:14:57 [AUDCHK] Contact broken
21-Jan-88 13:41:22 [AUDCHK] Contact reestablished
22-Jan-88 14:15:40 [AUDCHK] Contact broken
22-Jan-88 14:20:44 [AUDCHK] Contact reestablished
24-Jan-88 09:19:48 [AUDCHK] Contact broken
24-Jan-88 09:24:52 [AUDCHK] Contact reestablished
24-Jan-88 18:30:28 [AUDCHK] Contact broken
24-Jan-88 18:35:30 [AUDCHK] Contact reestablished
26-Jan-88 13:11:26 [AUDCHK] Contact broken
26-Jan-88 13:16:28 [AUDCHK] Contact reestablished
26-Jan-88 15:22:23 [AUDCHK] Contact broken
26-Jan-88 15:27:28 [AUDCHK] Contact reestablished
 1-Feb-88 07:02:00 [AUDCHK] Contact broken
 1-Feb-88 07:07:06 [AUDCHK] Contact reestablished
 1-Feb-88 14:49:21 [AUDCHK] Contact broken
 1-Feb-88 14:54:23 [AUDCHK] Contact reestablished
 2-Feb-88 05:57:32 [AUDCHK] Contact broken
 2-Feb-88 06:02:35 [AUDCHK] Contact reestablished
 3-Feb-88 17:45:51 [AUDCHK] Contact broken
 3-Feb-88 18:31:33 [AUDCHK] Contact reestablished
 3-Feb-88 18:41:43 [AUDCHK] Contact broken
 3-Feb-88 20:11:41 [AUDCHK] Contact reestablished
 4-Feb-88 16:51:10 [AUDCHK] Contact broken
 4-Feb-88 17:16:49 [AUDCHK] Contact reestablished
 4-Feb-88 18:07:04 [AUDCHK] Contact broken
 4-Feb-88 20:27:57 [AUDCHK] Contact reestablished
 5-Feb-88 15:47:33 [AUDCHK] Contact broken
 5-Feb-88 15:52:35 [AUDCHK] Contact reestablished
 7-Feb-88 18:25:31 [AUDCHK] Contact broken
 7-Feb-88 18:30:33 [AUDCHK] Contact reestablished
 8-Feb-88 10:22:43 [AUDCHK] Contact broken
 8-Feb-88 10:27:46 [AUDCHK] Contact reestablished
 9-Feb-88 12:53:31 [AUDCHK] Contact broken
 9-Feb-88 16:20:41 [AUDCHK] Contact broken
 9-Feb-88 17:06:19 [AUDCHK] Contact reestablished
11-Feb-88 14:10:47 [AUDCHK] Contact broken
11-Feb-88 14:26:24 [AUDCHK] Contact reestablished
13-Feb-88 17:00:09 [AUDCHK] Contact broken
13-Feb-88 17:15:24 [AUDCHK] Contact reestablished
14-Feb-88 00:25:19 [AUDCHK] Contact broken
14-Feb-88 00:30:21 [AUDCHK] Contact reestablished
14-Feb-88 22:02:53 [AUDCHK] Contact broken
14-Feb-88 22:07:54 [AUDCHK] Contact reestablished
16-Feb-88 08:01:31 [AUDCHK] Contact broken
16-Feb-88 08:27:09 [AUDCHK] Contact reestablished
16-Feb-88 14:27:16 [AUDCHK] Contact broken
16-Feb-88 14:42:31 [AUDCHK] Contact reestablished
17-Feb-88 15:24:18 [AUDCHK] Contact broken
17-Feb-88 15:29:20 [AUDCHK] Contact reestablished
19-Feb-88 15:33:54 [AUDCHK] Contact broken
19-Feb-88 15:38:57 [AUDCHK] Contact reestablished
21-Feb-88 05:47:37 [AUDCHK] Contact broken
21-Feb-88 05:52:38 [AUDCHK] Contact reestablished
21-Feb-88 07:22:44 [AUDCHK] Contact broken
21-Feb-88 07:27:46 [AUDCHK] Contact reestablished
21-Feb-88 08:27:53 [AUDCHK] Contact broken
21-Feb-88 08:32:53 [AUDCHK] Contact reestablished
21-Feb-88 09:53:15 [AUDCHK] Contact broken
21-Feb-88 09:58:16 [AUDCHK] Contact reestablished
21-Feb-88 10:33:24 [AUDCHK] Contact broken
21-Feb-88 10:38:25 [AUDCHK] Contact reestablished
21-Feb-88 12:38:38 [AUDCHK] Contact broken
21-Feb-88 12:43:39 [AUDCHK] Contact reestablished
21-Feb-88 13:13:45 [AUDCHK] Contact broken
21-Feb-88 13:18:47 [AUDCHK] Contact reestablished
21-Feb-88 13:43:52 [AUDCHK] Contact broken
21-Feb-88 13:48:54 [AUDCHK] Contact reestablished
24-Feb-88 05:26:26 [AUDCHK] Contact broken
24-Feb-88 06:22:45 [AUDCHK] Contact reestablished
24-Feb-88 07:09:18 [AUDCHK] Contact broken
24-Feb-88 07:35:26 [AUDCHK] Contact reestablished
25-Feb-88 06:26:05 [AUDCHK] Contact broken
25-Feb-88 06:31:07 [AUDCHK] Contact reestablished
26-Feb-88 06:06:46 [AUDCHK] Contact broken
26-Feb-88 06:11:48 [AUDCHK] Contact reestablished
29-Feb-88 20:03:59 [AUDCHK] Contact broken
29-Feb-88 20:09:00 [AUDCHK] Contact reestablished
 3-Mar-88 00:05:46 [AUDCHK] Contact broken
 3-Mar-88 06:28:12 [AUDCHK] Contact reestablished
 4-Mar-88 07:14:47 [AUDCHK] Contact broken
 4-Mar-88 07:19:48 [AUDCHK] Contact reestablished
 6-Mar-88 09:07:01 [AUDCHK] Contact broken
 6-Mar-88 09:12:04 [AUDCHK] Contact reestablished
 9-Mar-88 10:23:59 [AUDCHK] Contact broken
 9-Mar-88 10:29:02 [AUDCHK] Contact reestablished
 9-Mar-88 11:54:54 [AUDCHK] Contact broken
 9-Mar-88 12:31:52 [AUDCHK] Contact reestablished
 9-Mar-88 17:03:36 [AUDCHK] Contact broken
 9-Mar-88 17:08:40 [AUDCHK] Contact reestablished
10-Mar-88 06:36:53 [AUDCHK] Contact broken
10-Mar-88 06:52:29 [AUDCHK] Contact reestablished
10-Mar-88 07:43:25 [AUDCHK] Contact broken
10-Mar-88 07:48:26 [AUDCHK] Contact reestablished
10-Mar-88 17:36:29 [AUDCHK] Contact broken
10-Mar-88 17:41:30 [AUDCHK] Contact reestablished
10-Mar-88 22:52:12 [AUDCHK] Contact broken
10-Mar-88 23:07:46 [AUDCHK] Contact reestablished
10-Mar-88 23:28:37 [AUDCHK] Contact broken
11-Mar-88 00:34:17 [AUDCHK] Contact broken
11-Mar-88 00:39:19 [AUDCHK] Contact reestablished
11-Mar-88 00:59:42 [AUDCHK] Contact broken
11-Mar-88 01:04:44 [AUDCHK] Contact reestablished
11-Mar-88 01:24:52 [AUDCHK] Contact broken
11-Mar-88 02:00:31 [AUDCHK] Contact reestablished
11-Mar-88 02:10:42 [AUDCHK] Contact broken
11-Mar-88 02:15:46 [AUDCHK] Contact reestablished
11-Mar-88 02:26:00 [AUDCHK] Contact broken
11-Mar-88 02:31:06 [AUDCHK] Contact reestablished
11-Mar-88 02:48:34 [AUDCHK] Contact broken
11-Mar-88 02:53:54 [AUDCHK] Contact reestablished
11-Mar-88 03:05:21 [AUDCHK] Contact broken
11-Mar-88 03:10:22 [AUDCHK] Contact reestablished
11-Mar-88 03:40:34 [AUDCHK] Contact broken
11-Mar-88 03:45:41 [AUDCHK] Contact reestablished
11-Mar-88 03:55:49 [AUDCHK] Contact broken
11-Mar-88 05:12:12 [AUDCHK] Contact reestablished
11-Mar-88 05:27:31 [AUDCHK] Contact broken
11-Mar-88 05:32:33 [AUDCHK] Contact reestablished
11-Mar-88 05:47:49 [AUDCHK] Contact broken
11-Mar-88 05:52:52 [AUDCHK] Contact reestablished
11-Mar-88 06:03:09 [AUDCHK] Contact broken
11-Mar-88 06:08:10 [AUDCHK] Contact reestablished
11-Mar-88 06:18:39 [AUDCHK] Contact broken
11-Mar-88 06:34:08 [AUDCHK] Contact reestablished
11-Mar-88 07:14:57 [AUDCHK] Contact broken
11-Mar-88 07:30:33 [AUDCHK] Contact reestablished
11-Mar-88 07:51:03 [AUDCHK] Contact broken
11-Mar-88 07:56:05 [AUDCHK] Contact reestablished
11-Mar-88 08:36:59 [AUDCHK] Contact broken
11-Mar-88 08:42:02 [AUDCHK] Contact reestablished
11-Mar-88 09:02:29 [AUDCHK] Contact broken
11-Mar-88 09:07:30 [AUDCHK] Contact reestablished
11-Mar-88 09:28:04 [AUDCHK] Contact broken
11-Mar-88 09:33:09 [AUDCHK] Contact reestablished
11-Mar-88 10:03:58 [AUDCHK] Contact broken
11-Mar-88 10:19:41 [AUDCHK] Contact reestablished
11-Mar-88 10:45:27 [AUDCHK] Contact broken
11-Mar-88 10:50:50 [AUDCHK] Contact reestablished
11-Mar-88 11:01:23 [AUDCHK] Contact broken
11-Mar-88 11:06:28 [AUDCHK] Contact reestablished
11-Mar-88 11:37:16 [AUDCHK] Contact broken
11-Mar-88 11:42:20 [AUDCHK] Contact reestablished
11-Mar-88 12:19:01 [AUDCHK] Contact broken
11-Mar-88 12:34:41 [AUDCHK] Contact reestablished
11-Mar-88 13:00:29 [AUDCHK] Contact broken
11-Mar-88 13:05:31 [AUDCHK] Contact reestablished
12-Mar-88 02:15:44 [AUDCHK] Contact broken
12-Mar-88 02:20:48 [AUDCHK] Contact reestablished
14-Mar-88 07:07:31 [AUDCHK] Contact broken
14-Mar-88 07:12:32 [AUDCHK] Contact reestablished
15-Mar-88 06:43:30 [AUDCHK] Contact broken
15-Mar-88 06:48:31 [AUDCHK] Contact reestablished
16-Mar-88 17:57:28 [AUDCHK] Contact broken
16-Mar-88 18:02:32 [AUDCHK] Contact reestablished
16-Mar-88 18:38:05 [AUDCHK] Contact broken
16-Mar-88 18:43:06 [AUDCHK] Contact reestablished
17-Mar-88 13:02:12 [AUDCHK] Contact broken
17-Mar-88 13:07:13 [AUDCHK] Contact reestablished
20-Mar-88 13:57:02 [AUDCHK] Contact broken
21-Mar-88 01:02:52 [AUDCHK] Contact broken
21-Mar-88 01:07:56 [AUDCHK] Contact reestablished
21-Mar-88 07:49:32 [AUDCHK] Contact broken
21-Mar-88 07:54:33 [AUDCHK] Contact reestablished
21-Mar-88 17:37:15 [AUDCHK] Contact broken
21-Mar-88 17:42:17 [AUDCHK] Contact reestablished
22-Mar-88 14:07:30 [AUDCHK] Contact broken
22-Mar-88 14:12:38 [AUDCHK] Contact reestablished
23-Mar-88 07:31:47 [AUDCHK] Contact broken
23-Mar-88 07:36:52 [AUDCHK] Contact reestablished
23-Mar-88 09:17:46 [AUDCHK] Contact broken
23-Mar-88 09:22:51 [AUDCHK] Contact reestablished
25-Mar-88 04:33:29 [AUDCHK] Contact broken
25-Mar-88 04:38:31 [AUDCHK] Contact reestablished
26-Mar-88 00:11:03 [AUDCHK] Contact broken
29-Mar-88 23:04:10 [AUDCHK] Contact broken
29-Mar-88 23:09:11 [AUDCHK] Contact reestablished
 4-Apr-88 03:52:53 [AUDCHK] Contact broken
 4-Apr-88 03:57:55 [AUDCHK] Contact reestablished
 4-Apr-88 06:23:31 [AUDCHK] Contact broken
 4-Apr-88 06:28:32 [AUDCHK] Contact reestablished
 4-Apr-88 17:36:17 [AUDCHK] Contact broken
 4-Apr-88 17:41:20 [AUDCHK] Contact reestablished
 5-Apr-88 09:09:36 [AUDCHK] Contact broken
 5-Apr-88 09:14:37 [AUDCHK] Contact reestablished
 6-Apr-88 03:27:51 [AUDCHK] Contact broken
 6-Apr-88 03:32:54 [AUDCHK] Contact reestablished
 7-Apr-88 07:34:34 [AUDCHK] Contact broken
 7-Apr-88 07:39:36 [AUDCHK] Contact reestablished
 7-Apr-88 08:10:03 [AUDCHK] Contact broken
 7-Apr-88 08:15:04 [AUDCHK] Contact reestablished
 7-Apr-88 12:57:07 [AUDCHK] Contact broken
 7-Apr-88 13:02:11 [AUDCHK] Contact reestablished
 8-Apr-88 09:02:28 [AUDCHK] Contact broken
 8-Apr-88 09:07:32 [AUDCHK] Contact reestablished
 8-Apr-88 12:48:54 [AUDCHK] Contact broken
 8-Apr-88 12:53:58 [AUDCHK] Contact reestablished
 9-Apr-88 22:44:20 [AUDCHK] Contact broken
 9-Apr-88 22:49:21 [AUDCHK] Contact reestablished
10-Apr-88 18:35:53 [AUDCHK] Contact broken
10-Apr-88 18:40:55 [AUDCHK] Contact reestablished
11-Apr-88 07:42:15 [AUDCHK] Contact broken
11-Apr-88 07:47:16 [AUDCHK] Contact reestablished
13-Apr-88 05:29:41 [AUDCHK] Contact broken
13-Apr-88 05:34:46 [AUDCHK] Contact reestablished
13-Apr-88 07:56:50 [AUDCHK] Contact broken
13-Apr-88 08:01:55 [AUDCHK] Contact reestablished
13-Apr-88 08:32:32 [AUDCHK] Contact broken
13-Apr-88 08:37:33 [AUDCHK] Contact reestablished
13-Apr-88 10:03:17 [AUDCHK] Contact broken
13-Apr-88 10:18:53 [AUDCHK] Contact reestablished
13-Apr-88 11:04:29 [AUDCHK] Contact broken
13-Apr-88 11:09:31 [AUDCHK] Contact reestablished
13-Apr-88 11:29:59 [AUDCHK] Contact broken
13-Apr-88 11:35:07 [AUDCHK] Contact reestablished
13-Apr-88 11:45:35 [AUDCHK] Contact broken
13-Apr-88 11:50:38 [AUDCHK] Contact reestablished
13-Apr-88 12:06:05 [AUDCHK] Contact broken
13-Apr-88 12:21:56 [AUDCHK] Contact reestablished
17-Apr-88 19:36:56 [AUDCHK] Contact broken
17-Apr-88 20:39:51 [AUDCHK] Contact reestablished
20-Apr-88 10:12:26 [AUDCHK] Contact broken
20-Apr-88 10:17:28 [AUDCHK] Contact reestablished
21-Apr-88 03:22:47 [AUDCHK] Contact broken
21-Apr-88 03:27:48 [AUDCHK] Contact reestablished
22-Apr-88 02:33:48 [AUDCHK] Contact broken
22-Apr-88 02:38:51 [AUDCHK] Contact reestablished
22-Apr-88 03:14:41 [AUDCHK] Contact broken
22-Apr-88 03:19:45 [AUDCHK] Contact reestablished
22-Apr-88 07:11:52 [AUDCHK] Contact broken
22-Apr-88 07:16:54 [AUDCHK] Contact reestablished
23-Apr-88 03:16:01 [AUDCHK] Contact broken
23-Apr-88 03:21:02 [AUDCHK] Contact reestablished
23-Apr-88 19:53:22 [AUDCHK] Contact broken
23-Apr-88 19:58:24 [AUDCHK] Contact reestablished
24-Apr-88 02:03:54 [AUDCHK] Contact broken
24-Apr-88 02:08:55 [AUDCHK] Contact reestablished
24-Apr-88 05:54:04 [AUDCHK] Contact broken
24-Apr-88 05:59:04 [AUDCHK] Contact reestablished
24-Apr-88 06:44:09 [AUDCHK] Contact broken
24-Apr-88 06:49:10 [AUDCHK] Contact reestablished
24-Apr-88 09:34:23 [AUDCHK] Contact broken
24-Apr-88 11:21:57 [AUDCHK] Contact reestablished
24-Apr-88 11:52:02 [AUDCHK] Contact broken
24-Apr-88 12:07:11 [AUDCHK] Contact reestablished
24-Apr-88 12:32:27 [AUDCHK] Contact broken
24-Apr-88 12:37:28 [AUDCHK] Contact reestablished
24-Apr-88 13:52:55 [AUDCHK] Contact broken
24-Apr-88 13:57:56 [AUDCHK] Contact reestablished
24-Apr-88 16:43:28 [AUDCHK] Contact broken
24-Apr-88 16:48:29 [AUDCHK] Contact reestablished
24-Apr-88 19:09:26 [AUDCHK] Contact broken
24-Apr-88 19:14:27 [AUDCHK] Contact reestablished
24-Apr-88 21:14:41 [AUDCHK] Contact broken
24-Apr-88 21:19:43 [AUDCHK] Contact reestablished
25-Apr-88 00:41:49 [AUDCHK] Contact broken
25-Apr-88 00:47:00 [AUDCHK] Contact reestablished
25-Apr-88 01:02:06 [AUDCHK] Contact broken
25-Apr-88 01:07:18 [AUDCHK] Contact reestablished
25-Apr-88 01:17:23 [AUDCHK] Contact broken
25-Apr-88 01:32:31 [AUDCHK] Contact reestablished
25-Apr-88 01:42:37 [AUDCHK] Contact broken
25-Apr-88 01:47:38 [AUDCHK] Contact reestablished
25-Apr-88 02:02:46 [AUDCHK] Contact broken
25-Apr-88 02:07:49 [AUDCHK] Contact reestablished
25-Apr-88 02:32:58 [AUDCHK] Contact broken
25-Apr-88 02:38:00 [AUDCHK] Contact reestablished
25-Apr-88 03:18:29 [AUDCHK] Contact broken
25-Apr-88 03:23:30 [AUDCHK] Contact reestablished
25-Apr-88 04:19:05 [AUDCHK] Contact broken
25-Apr-88 04:24:05 [AUDCHK] Contact reestablished
25-Apr-88 04:44:13 [AUDCHK] Contact broken
25-Apr-88 04:49:14 [AUDCHK] Contact reestablished
25-Apr-88 05:04:24 [AUDCHK] Contact broken
25-Apr-88 05:09:30 [AUDCHK] Contact reestablished
25-Apr-88 05:55:05 [AUDCHK] Contact broken
25-Apr-88 06:00:06 [AUDCHK] Contact reestablished
25-Apr-88 06:10:18 [AUDCHK] Contact broken
25-Apr-88 06:15:18 [AUDCHK] Contact reestablished
25-Apr-88 07:00:47 [AUDCHK] Contact broken
25-Apr-88 07:05:48 [AUDCHK] Contact reestablished
25-Apr-88 07:31:02 [AUDCHK] Contact broken
25-Apr-88 09:59:48 [AUDCHK] Contact reestablished
25-Apr-88 10:15:30 [AUDCHK] Contact broken
25-Apr-88 10:20:33 [AUDCHK] Contact reestablished
25-Apr-88 10:51:26 [AUDCHK] Contact broken
25-Apr-88 10:56:30 [AUDCHK] Contact reestablished
25-Apr-88 11:12:13 [AUDCHK] Contact broken
25-Apr-88 11:17:16 [AUDCHK] Contact reestablished
25-Apr-88 11:32:45 [AUDCHK] Contact broken
25-Apr-88 11:37:48 [AUDCHK] Contact reestablished
25-Apr-88 12:08:24 [AUDCHK] Contact broken
25-Apr-88 12:23:46 [AUDCHK] Contact reestablished
25-Apr-88 12:54:28 [AUDCHK] Contact broken
25-Apr-88 12:59:32 [AUDCHK] Contact reestablished
25-Apr-88 13:15:01 [AUDCHK] Contact broken
25-Apr-88 13:20:04 [AUDCHK] Contact reestablished
25-Apr-88 13:35:41 [AUDCHK] Contact broken
25-Apr-88 13:40:44 [AUDCHK] Contact reestablished
25-Apr-88 14:26:20 [AUDCHK] Contact broken
25-Apr-88 14:41:48 [AUDCHK] Contact reestablished
25-Apr-88 15:02:22 [AUDCHK] Contact broken
25-Apr-88 15:07:27 [AUDCHK] Contact reestablished
25-Apr-88 16:03:00 [AUDCHK] Contact broken
25-Apr-88 16:08:02 [AUDCHK] Contact reestablished
25-Apr-88 16:53:30 [AUDCHK] Contact broken
25-Apr-88 16:58:32 [AUDCHK] Contact reestablished
25-Apr-88 17:13:50 [AUDCHK] Contact broken
25-Apr-88 17:18:53 [AUDCHK] Contact reestablished
25-Apr-88 17:29:16 [AUDCHK] Contact broken
25-Apr-88 17:34:19 [AUDCHK] Contact reestablished
25-Apr-88 18:04:48 [AUDCHK] Contact broken
25-Apr-88 18:09:50 [AUDCHK] Contact reestablished
27-Apr-88 09:25:55 [AUDCHK] Contact broken
27-Apr-88 09:30:57 [AUDCHK] Contact reestablished
27-Apr-88 14:12:51 [AUDCHK] Contact broken
27-Apr-88 14:17:53 [AUDCHK] Contact reestablished
27-Apr-88 15:33:27 [AUDCHK] Contact broken
27-Apr-88 15:38:28 [AUDCHK] Contact reestablished
27-Apr-88 17:54:25 [AUDCHK] Contact broken
27-Apr-88 17:59:26 [AUDCHK] Contact reestablished
28-Apr-88 12:39:20 [AUDCHK] Contact broken
28-Apr-88 12:44:24 [AUDCHK] Contact reestablished
29-Apr-88 12:05:11 [AUDCHK] Contact broken
29-Apr-88 12:10:13 [AUDCHK] Contact reestablished
29-Apr-88 18:37:30 [AUDCHK] Contact broken
29-Apr-88 18:42:31 [AUDCHK] Contact reestablished
30-Apr-88 08:44:11 [AUDCHK] Contact broken
30-Apr-88 08:49:13 [AUDCHK] Contact reestablished
 1-May-88 18:16:54 [AUDCHK] Contact broken
 1-May-88 18:21:55 [AUDCHK] Contact reestablished
 2-May-88 06:22:32 [AUDCHK] Contact broken
 2-May-88 06:27:50 [AUDCHK] Contact reestablished
 2-May-88 07:44:16 [AUDCHK] Contact broken
 2-May-88 07:49:21 [AUDCHK] Contact reestablished
 3-May-88 21:56:24 [AUDCHK] Contact broken
 3-May-88 22:01:26 [AUDCHK] Contact reestablished
 4-May-88 00:57:28 [AUDCHK] Contact broken
 4-May-88 01:02:32 [AUDCHK] Contact reestablished
 4-May-88 06:45:03 [AUDCHK] Contact broken
 4-May-88 06:50:04 [AUDCHK] Contact reestablished
 4-May-88 07:20:37 [AUDCHK] Contact broken
 4-May-88 07:25:43 [AUDCHK] Contact reestablished
 5-May-88 12:39:13 [AUDCHK] Contact broken
 5-May-88 12:54:54 [AUDCHK] Contact reestablished
 8-May-88 17:08:55 [AUDCHK] Contact broken
 8-May-88 17:13:56 [AUDCHK] Contact reestablished
 9-May-88 11:52:49 [AUDCHK] Contact broken
 9-May-88 11:57:54 [AUDCHK] Contact reestablished
 9-May-88 12:58:53 [AUDCHK] Contact broken
 9-May-88 13:03:57 [AUDCHK] Contact reestablished
 9-May-88 13:31:15 [AUDCHK] Contact broken
 9-May-88 13:36:18 [AUDCHK] Contact reestablished
10-May-88 16:58:58 [AUDCHK] Contact broken
10-May-88 17:04:00 [AUDCHK] Contact reestablished
10-May-88 17:14:26 [AUDCHK] Contact broken
10-May-88 17:19:27 [AUDCHK] Contact reestablished
10-May-88 18:35:04 [AUDCHK] Contact broken
10-May-88 18:40:06 [AUDCHK] Contact reestablished
10-May-88 20:20:49 [AUDCHK] Contact broken
10-May-88 20:25:50 [AUDCHK] Contact reestablished
10-May-88 22:28:11 [AUDCHK] Contact broken
10-May-88 22:33:12 [AUDCHK] Contact reestablished
10-May-88 22:48:33 [AUDCHK] Contact broken
10-May-88 22:53:34 [AUDCHK] Contact reestablished
10-May-88 23:13:55 [AUDCHK] Contact broken
10-May-88 23:18:56 [AUDCHK] Contact reestablished
10-May-88 23:29:14 [AUDCHK] Contact broken
10-May-88 23:44:35 [AUDCHK] Contact reestablished
11-May-88 03:32:24 [AUDCHK] Contact broken
11-May-88 03:47:43 [AUDCHK] Contact reestablished
11-May-88 04:13:05 [AUDCHK] Contact broken
11-May-88 04:18:06 [AUDCHK] Contact reestablished
11-May-88 04:38:24 [AUDCHK] Contact broken
11-May-88 04:43:25 [AUDCHK] Contact reestablished
11-May-88 05:19:06 [AUDCHK] Contact broken
11-May-88 05:34:28 [AUDCHK] Contact reestablished
11-May-88 05:49:47 [AUDCHK] Contact broken
11-May-88 05:54:48 [AUDCHK] Contact reestablished
11-May-88 06:05:10 [AUDCHK] Contact broken
11-May-88 06:10:11 [AUDCHK] Contact reestablished
11-May-88 06:20:35 [AUDCHK] Contact broken
11-May-88 06:25:37 [AUDCHK] Contact reestablished
11-May-88 06:46:11 [AUDCHK] Contact broken
11-May-88 06:51:56 [AUDCHK] Contact reestablished
11-May-88 07:02:21 [AUDCHK] Contact broken
11-May-88 07:07:23 [AUDCHK] Contact reestablished
11-May-88 07:43:11 [AUDCHK] Contact broken
11-May-88 07:58:55 [AUDCHK] Contact reestablished
11-May-88 08:19:20 [AUDCHK] Contact broken
11-May-88 08:24:23 [AUDCHK] Contact reestablished
11-May-88 08:59:57 [AUDCHK] Contact broken
11-May-88 09:05:00 [AUDCHK] Contact reestablished
11-May-88 09:35:49 [AUDCHK] Contact broken
11-May-88 09:51:25 [AUDCHK] Contact reestablished
11-May-88 10:12:02 [AUDCHK] Contact broken
11-May-88 10:17:06 [AUDCHK] Contact reestablished
11-May-88 10:47:57 [AUDCHK] Contact broken
11-May-88 10:53:09 [AUDCHK] Contact reestablished
11-May-88 12:04:02 [AUDCHK] Contact broken
11-May-88 12:09:05 [AUDCHK] Contact reestablished
11-May-88 12:29:39 [AUDCHK] Contact broken
11-May-88 12:34:42 [AUDCHK] Contact reestablished
11-May-88 12:45:20 [AUDCHK] Contact broken
11-May-88 12:50:21 [AUDCHK] Contact reestablished
11-May-88 13:10:48 [AUDCHK] Contact broken
11-May-88 13:15:55 [AUDCHK] Contact reestablished
11-May-88 13:26:27 [AUDCHK] Contact broken
11-May-88 13:31:31 [AUDCHK] Contact reestablished
11-May-88 13:52:02 [AUDCHK] Contact broken
11-May-88 13:57:04 [AUDCHK] Contact reestablished
11-May-88 14:22:36 [AUDCHK] Contact broken
11-May-88 14:27:43 [AUDCHK] Contact reestablished
11-May-88 14:48:06 [AUDCHK] Contact broken
11-May-88 14:53:07 [AUDCHK] Contact reestablished
11-May-88 15:03:35 [AUDCHK] Contact broken
11-May-88 15:29:35 [AUDCHK] Contact reestablished
11-May-88 16:10:13 [AUDCHK] Contact broken
11-May-88 16:15:14 [AUDCHK] Contact reestablished
11-May-88 17:10:49 [AUDCHK] Contact broken
11-May-88 17:15:50 [AUDCHK] Contact reestablished
11-May-88 17:26:16 [AUDCHK] Contact broken
11-May-88 17:31:20 [AUDCHK] Contact reestablished
11-May-88 18:26:55 [AUDCHK] Contact broken
11-May-88 18:32:04 [AUDCHK] Contact reestablished
11-May-88 19:17:41 [AUDCHK] Contact broken
11-May-88 19:22:43 [AUDCHK] Contact reestablished
11-May-88 21:48:25 [AUDCHK] Contact broken
11-May-88 21:53:26 [AUDCHK] Contact reestablished
12-May-88 00:49:40 [AUDCHK] Contact broken
12-May-88 00:54:42 [AUDCHK] Contact reestablished
12-May-88 02:35:35 [AUDCHK] Contact broken
12-May-88 02:50:47 [AUDCHK] Contact reestablished
12-May-88 03:00:58 [AUDCHK] Contact broken
12-May-88 03:26:36 [AUDCHK] Contact reestablished
12-May-88 03:48:05 [AUDCHK] Contact broken
12-May-88 03:53:07 [AUDCHK] Contact reestablished
12-May-88 04:08:12 [AUDCHK] Contact broken
12-May-88 04:13:18 [AUDCHK] Contact reestablished
12-May-88 04:33:28 [AUDCHK] Contact broken
12-May-88 04:48:35 [AUDCHK] Contact reestablished
12-May-88 04:58:43 [AUDCHK] Contact broken
12-May-88 05:13:52 [AUDCHK] Contact reestablished
12-May-88 05:34:58 [AUDCHK] Contact broken
12-May-88 10:40:11 [AUDCHK] Contact broken
12-May-88 15:55:02 [AUDCHK] Contact reestablished
12-May-88 17:51:01 [AUDCHK] Contact broken
12-May-88 17:56:05 [AUDCHK] Contact reestablished
12-May-88 19:41:46 [AUDCHK] Contact broken
12-May-88 19:46:48 [AUDCHK] Contact reestablished
12-May-88 19:57:23 [AUDCHK] Contact broken
12-May-88 20:02:27 [AUDCHK] Contact reestablished
12-May-88 21:17:54 [AUDCHK] Contact broken
12-May-88 21:33:14 [AUDCHK] Contact reestablished
12-May-88 21:43:31 [AUDCHK] Contact broken
12-May-88 21:48:33 [AUDCHK] Contact reestablished
12-May-88 23:57:04 [AUDCHK] Contact broken
13-May-88 00:02:06 [AUDCHK] Contact reestablished
13-May-88 00:27:28 [AUDCHK] Contact broken
13-May-88 00:32:29 [AUDCHK] Contact reestablished
13-May-88 02:33:04 [AUDCHK] Contact broken
13-May-88 02:38:06 [AUDCHK] Contact reestablished
13-May-88 02:53:20 [AUDCHK] Contact broken
13-May-88 02:58:22 [AUDCHK] Contact reestablished
13-May-88 03:18:41 [AUDCHK] Contact broken
13-May-88 03:23:44 [AUDCHK] Contact reestablished
13-May-88 03:49:04 [AUDCHK] Contact broken
13-May-88 04:04:54 [AUDCHK] Contact reestablished
13-May-88 04:15:14 [AUDCHK] Contact broken
13-May-88 04:40:51 [AUDCHK] Contact reestablished
13-May-88 05:01:34 [AUDCHK] Contact broken
13-May-88 05:17:54 [AUDCHK] Contact reestablished
13-May-88 05:28:13 [AUDCHK] Contact broken
13-May-88 18:17:22 [AUDCHK] Contact reestablished
13-May-88 18:27:33 [AUDCHK] Contact broken
13-May-88 18:42:52 [AUDCHK] Contact reestablished
13-May-88 19:08:38 [AUDCHK] Contact broken
13-May-88 19:13:40 [AUDCHK] Contact reestablished
13-May-88 19:39:15 [AUDCHK] Contact broken
13-May-88 19:44:17 [AUDCHK] Contact reestablished
13-May-88 20:49:30 [AUDCHK] Contact broken
13-May-88 20:54:32 [AUDCHK] Contact reestablished
13-May-88 21:34:45 [AUDCHK] Contact broken
13-May-88 21:39:48 [AUDCHK] Contact reestablished
13-May-88 23:25:04 [AUDCHK] Contact broken
13-May-88 23:30:05 [AUDCHK] Contact reestablished
14-May-88 02:50:29 [AUDCHK] Contact broken
14-May-88 02:55:30 [AUDCHK] Contact reestablished
14-May-88 05:46:07 [AUDCHK] Contact broken
14-May-88 06:01:18 [AUDCHK] Contact reestablished
14-May-88 10:02:02 [AUDCHK] Contact broken
14-May-88 10:07:03 [AUDCHK] Contact reestablished
14-May-88 11:37:42 [AUDCHK] Contact broken
14-May-88 11:42:43 [AUDCHK] Contact reestablished
14-May-88 13:23:24 [AUDCHK] Contact broken
14-May-88 13:28:25 [AUDCHK] Contact reestablished
14-May-88 14:13:45 [AUDCHK] Contact broken
14-May-88 14:28:54 [AUDCHK] Contact reestablished
14-May-88 21:15:00 [AUDCHK] Contact broken
14-May-88 21:20:06 [AUDCHK] Contact reestablished
15-May-88 00:15:40 [AUDCHK] Contact broken
15-May-88 00:20:43 [AUDCHK] Contact reestablished
15-May-88 01:41:00 [AUDCHK] Contact broken
15-May-88 01:46:01 [AUDCHK] Contact reestablished
15-May-88 01:56:09 [AUDCHK] Contact broken
15-May-88 02:21:24 [AUDCHK] Contact reestablished
15-May-88 03:21:33 [AUDCHK] Contact broken
15-May-88 03:26:34 [AUDCHK] Contact reestablished
15-May-88 08:52:24 [AUDCHK] Contact broken
15-May-88 08:57:29 [AUDCHK] Contact reestablished
15-May-88 10:37:51 [AUDCHK] Contact broken
15-May-88 10:42:52 [AUDCHK] Contact reestablished
15-May-88 11:03:01 [AUDCHK] Contact broken
15-May-88 11:08:03 [AUDCHK] Contact reestablished
15-May-88 11:43:17 [AUDCHK] Contact broken
15-May-88 11:48:18 [AUDCHK] Contact reestablished
15-May-88 13:48:36 [AUDCHK] Contact broken
15-May-88 13:53:36 [AUDCHK] Contact reestablished
15-May-88 14:28:52 [AUDCHK] Contact broken
15-May-88 14:33:53 [AUDCHK] Contact reestablished
15-May-88 15:24:11 [AUDCHK] Contact broken
16-May-88 00:17:24 [AUDCHK] Contact broken
16-May-88 00:22:25 [AUDCHK] Contact reestablished
16-May-88 03:23:17 [AUDCHK] Contact broken
16-May-88 03:28:21 [AUDCHK] Contact reestablished
16-May-88 03:58:51 [AUDCHK] Contact broken
16-May-88 04:03:55 [AUDCHK] Contact reestablished
16-May-88 04:14:19 [AUDCHK] Contact broken
16-May-88 04:19:20 [AUDCHK] Contact reestablished
16-May-88 04:29:46 [AUDCHK] Contact broken
16-May-88 04:34:47 [AUDCHK] Contact reestablished
16-May-88 04:45:13 [AUDCHK] Contact broken
16-May-88 04:50:15 [AUDCHK] Contact reestablished
16-May-88 05:00:38 [AUDCHK] Contact broken
16-May-88 05:05:39 [AUDCHK] Contact reestablished
16-May-88 05:21:06 [AUDCHK] Contact broken
16-May-88 05:26:08 [AUDCHK] Contact reestablished
16-May-88 05:46:40 [AUDCHK] Contact broken
16-May-88 06:02:10 [AUDCHK] Contact reestablished
16-May-88 06:17:37 [AUDCHK] Contact broken
16-May-88 06:33:17 [AUDCHK] Contact reestablished
16-May-88 07:24:23 [AUDCHK] Contact broken
16-May-88 07:29:26 [AUDCHK] Contact reestablished
16-May-88 08:20:12 [AUDCHK] Contact broken
16-May-88 08:25:14 [AUDCHK] Contact reestablished
16-May-88 08:55:53 [AUDCHK] Contact broken
16-May-88 09:11:53 [AUDCHK] Contact reestablished
16-May-88 09:37:26 [AUDCHK] Contact broken
16-May-88 09:42:29 [AUDCHK] Contact reestablished
16-May-88 09:53:02 [AUDCHK] Contact broken
16-May-88 09:58:06 [AUDCHK] Contact reestablished
16-May-88 10:13:43 [AUDCHK] Contact broken
16-May-88 10:19:05 [AUDCHK] Contact reestablished
16-May-88 10:34:45 [AUDCHK] Contact broken
16-May-88 10:50:28 [AUDCHK] Contact reestablished
16-May-88 11:06:08 [AUDCHK] Contact broken
16-May-88 11:11:13 [AUDCHK] Contact reestablished
16-May-88 11:32:12 [AUDCHK] Contact broken
16-May-88 11:37:14 [AUDCHK] Contact reestablished
16-May-88 12:22:55 [AUDCHK] Contact broken
16-May-88 12:38:43 [AUDCHK] Contact reestablished
16-May-88 13:19:33 [AUDCHK] Contact broken
16-May-88 13:24:37 [AUDCHK] Contact reestablished
17-May-88 08:20:09 [AUDCHK] Contact broken
17-May-88 08:25:13 [AUDCHK] Contact reestablished
17-May-88 23:04:17 [AUDCHK] Contact broken
18-May-88 00:59:27 [AUDCHK] Contact broken
18-May-88 01:04:34 [AUDCHK] Contact reestablished
18-May-88 08:27:52 [AUDCHK] Contact broken
18-May-88 08:32:54 [AUDCHK] Contact reestablished
18-May-88 09:34:00 [AUDCHK] Contact broken
18-May-88 09:39:05 [AUDCHK] Contact reestablished
18-May-88 11:30:59 [AUDCHK] Contact broken
18-May-88 11:36:02 [AUDCHK] Contact reestablished
18-May-88 16:23:45 [AUDCHK] Contact broken
18-May-88 16:28:50 [AUDCHK] Contact reestablished
18-May-88 16:39:16 [AUDCHK] Contact broken
18-May-88 16:44:18 [AUDCHK] Contact reestablished
18-May-88 16:59:36 [AUDCHK] Contact broken
18-May-88 17:04:41 [AUDCHK] Contact reestablished
18-May-88 17:30:02 [AUDCHK] Contact broken
18-May-88 17:35:02 [AUDCHK] Contact reestablished
18-May-88 18:21:06 [AUDCHK] Contact broken
18-May-88 18:26:12 [AUDCHK] Contact reestablished
18-May-88 18:46:31 [AUDCHK] Contact broken
18-May-88 18:51:33 [AUDCHK] Contact reestablished
18-May-88 19:22:25 [AUDCHK] Contact broken
18-May-88 19:27:27 [AUDCHK] Contact reestablished
18-May-88 19:47:55 [AUDCHK] Contact broken
18-May-88 19:52:56 [AUDCHK] Contact reestablished
18-May-88 21:03:38 [AUDCHK] Contact broken
18-May-88 21:08:40 [AUDCHK] Contact reestablished
18-May-88 22:14:55 [AUDCHK] Contact broken
18-May-88 22:19:56 [AUDCHK] Contact reestablished
18-May-88 23:00:16 [AUDCHK] Contact broken
18-May-88 23:05:21 [AUDCHK] Contact reestablished
19-May-88 07:35:13 [AUDCHK] Contact broken
19-May-88 07:40:14 [AUDCHK] Contact reestablished
19-May-88 08:05:39 [AUDCHK] Contact broken
19-May-88 08:21:00 [AUDCHK] Contact reestablished
19-May-88 08:41:28 [AUDCHK] Contact broken
19-May-88 08:46:31 [AUDCHK] Contact reestablished
19-May-88 09:37:17 [AUDCHK] Contact broken
19-May-88 09:52:54 [AUDCHK] Contact reestablished
19-May-88 10:03:22 [AUDCHK] Contact broken
19-May-88 14:50:14 [AUDCHK] Contact reestablished
20-May-88 09:10:46 [AUDCHK] Contact broken
20-May-88 09:15:48 [AUDCHK] Contact reestablished
20-May-88 11:27:08 [AUDCHK] Contact broken
20-May-88 11:32:11 [AUDCHK] Contact reestablished
20-May-88 13:32:59 [AUDCHK] Contact broken
20-May-88 17:45:19 [AUDCHK] Contact reestablished
21-May-88 01:07:47 [AUDCHK] Contact broken
21-May-88 01:12:49 [AUDCHK] Contact reestablished
24-May-88 06:56:11 [AUDCHK] Contact broken
24-May-88 07:01:13 [AUDCHK] Contact reestablished
24-May-88 08:37:02 [AUDCHK] Contact broken
24-May-88 09:02:40 [AUDCHK] Contact reestablished
24-May-88 09:38:12 [AUDCHK] Contact broken
24-May-88 09:43:16 [AUDCHK] Contact reestablished
24-May-88 10:18:48 [AUDCHK] Contact broken
24-May-88 15:19:22 [AUDCHK] Contact broken
24-May-88 19:24:46 [AUDCHK] Contact broken
31-May-88 23:54:22 [AUDCHK] Contact broken
 1-Jun-88 10:14:55 [AUDCHK] Contact broken
 1-Jun-88 23:12:28 [AUDCHK] Contact broken
 1-Jun-88 23:17:29 [AUDCHK] Contact reestablished
 2-Jun-88 05:54:32 [AUDCHK] Contact broken
 2-Jun-88 05:59:33 [AUDCHK] Contact reestablished
 2-Jun-88 12:11:25 [AUDCHK] Contact broken
 2-Jun-88 12:37:04 [AUDCHK] Contact reestablished
 2-Jun-88 12:52:27 [AUDCHK] Contact broken
 2-Jun-88 12:57:28 [AUDCHK] Contact reestablished
 2-Jun-88 13:07:54 [AUDCHK] Contact broken
 2-Jun-88 13:12:55 [AUDCHK] Contact reestablished
 2-Jun-88 17:29:30 [AUDCHK] Contact broken
 2-Jun-88 17:34:33 [AUDCHK] Contact reestablished
 3-Jun-88 02:01:30 [AUDCHK] Contact broken
 3-Jun-88 11:15:32 [AUDCHK] Contact broken
 4-Jun-88 19:45:27 [AUDCHK] Contact broken
 6-Jun-88 11:18:15 [AUDCHK] Contact broken
 8-Jun-88 13:30:45 [AUDCHK] Contact broken
 9-Jun-88 18:55:24 [AUDCHK] Contact broken
13-Jun-88 18:00:19 [AUDCHK] Contact broken
13-Jun-88 21:24:22 [AUDCHK] Contact broken
14-Jun-88 10:47:25 [AUDCHK] Contact broken
15-Jun-88 18:10:27 [AUDCHK] Contact broken
16-Jun-88 20:50:37 [AUDCHK] Contact broken
17-Jun-88 08:40:21 [AUDCHK] Contact broken
20-Jun-88 17:13:31 [AUDCHK] Contact broken
20-Jun-88 19:42:02 [AUDCHK] Contact broken
23-Jun-88 19:03:35 [AUDCHK] Contact broken
23-Jun-88 19:30:07 [AUDCHK] Contact reestablished
24-Jun-88 10:49:37 [AUDCHK] Contact broken
24-Jun-88 13:31:58 [AUDCHK] Contact broken
27-Jun-88 11:23:48 [AUDCHK] Contact broken
27-Jun-88 11:28:51 [AUDCHK] Contact reestablished
27-Jun-88 13:49:47 [AUDCHK] Contact broken
27-Jun-88 13:54:53 [AUDCHK] Contact reestablished
27-Jun-88 14:05:20 [AUDCHK] Contact broken
27-Jun-88 14:10:24 [AUDCHK] Contact reestablished
27-Jun-88 15:11:01 [AUDCHK] Contact broken
27-Jun-88 15:16:04 [AUDCHK] Contact reestablished
28-Jun-88 10:56:47 [AUDCHK] Contact broken
28-Jun-88 11:01:50 [AUDCHK] Contact reestablished
 1-Jul-88 11:36:47 [AUDCHK] Contact broken
 1-Jul-88 11:44:54 [AUDCHK] Contact reestablished
 3-Jul-88 15:08:41 [AUDCHK] Contact broken
 3-Jul-88 15:13:43 [AUDCHK] Contact reestablished
 8-Jul-88 08:14:32 [AUDCHK] Contact broken
 8-Jul-88 09:22:38 [AUDCHK] Contact reestablished
11-Jul-88 06:46:15 [AUDCHK] Contact broken
11-Jul-88 06:51:16 [AUDCHK] Contact reestablished
11-Jul-88 07:46:56 [AUDCHK] Contact broken
13-Jul-88 02:34:52 [AUDCHK] Contact broken
13-Jul-88 02:39:54 [AUDCHK] Contact reestablished
13-Jul-88 10:23:26 [AUDCHK] Contact broken
13-Jul-88 10:28:30 [AUDCHK] Contact reestablished
15-Jul-88 16:07:07 [AUDCHK] Contact broken
15-Jul-88 16:12:11 [AUDCHK] Contact reestablished
16-Jul-88 03:13:33 [AUDCHK] Contact broken
16-Jul-88 03:18:34 [AUDCHK] Contact reestablished
16-Jul-88 18:14:41 [AUDCHK] Contact broken
16-Jul-88 18:19:42 [AUDCHK] Contact reestablished
17-Jul-88 13:25:33 [AUDCHK] Contact broken
17-Jul-88 13:30:34 [AUDCHK] Contact reestablished
20-Jul-88 10:45:25 [AUDCHK] Contact broken
20-Jul-88 10:50:28 [AUDCHK] Contact reestablished
20-Jul-88 11:20:54 [AUDCHK] Contact broken
20-Jul-88 11:25:57 [AUDCHK] Contact reestablished
20-Jul-88 11:36:13 [AUDCHK] Contact broken
20-Jul-88 12:53:15 [AUDCHK] Contact reestablished
20-Jul-88 14:14:17 [AUDCHK] Contact broken
20-Jul-88 14:19:23 [AUDCHK] Contact reestablished
20-Jul-88 16:05:30 [AUDCHK] Contact broken
20-Jul-88 16:10:31 [AUDCHK] Contact reestablished
20-Jul-88 17:06:48 [AUDCHK] Contact broken
20-Jul-88 17:11:59 [AUDCHK] Contact reestablished
20-Jul-88 17:58:32 [AUDCHK] Contact broken
20-Jul-88 18:35:00 [AUDCHK] Contact reestablished
20-Jul-88 19:00:20 [AUDCHK] Contact broken
20-Jul-88 19:05:22 [AUDCHK] Contact reestablished
20-Jul-88 19:15:58 [AUDCHK] Contact broken
20-Jul-88 19:20:59 [AUDCHK] Contact reestablished
20-Jul-88 19:31:36 [AUDCHK] Contact broken
20-Jul-88 19:36:38 [AUDCHK] Contact reestablished
20-Jul-88 20:07:10 [AUDCHK] Contact broken
20-Jul-88 20:12:12 [AUDCHK] Contact reestablished
20-Jul-88 20:33:01 [AUDCHK] Contact broken
20-Jul-88 20:38:02 [AUDCHK] Contact reestablished
20-Jul-88 21:59:36 [AUDCHK] Contact broken
20-Jul-88 22:04:38 [AUDCHK] Contact reestablished
20-Jul-88 23:45:27 [AUDCHK] Contact broken
21-Jul-88 00:00:39 [AUDCHK] Contact reestablished
21-Jul-88 00:15:48 [AUDCHK] Contact broken
21-Jul-88 00:20:49 [AUDCHK] Contact reestablished
21-Jul-88 01:11:01 [AUDCHK] Contact broken
21-Jul-88 01:16:04 [AUDCHK] Contact reestablished
21-Jul-88 02:07:30 [AUDCHK] Contact broken
21-Jul-88 02:12:31 [AUDCHK] Contact reestablished
21-Jul-88 02:27:36 [AUDCHK] Contact broken
21-Jul-88 02:32:37 [AUDCHK] Contact reestablished
21-Jul-88 02:52:45 [AUDCHK] Contact broken
21-Jul-88 02:57:47 [AUDCHK] Contact reestablished
21-Jul-88 06:13:21 [AUDCHK] Contact broken
21-Jul-88 06:18:22 [AUDCHK] Contact reestablished
21-Jul-88 07:30:20 [AUDCHK] Contact broken
21-Jul-88 07:35:21 [AUDCHK] Contact reestablished
21-Jul-88 07:45:28 [AUDCHK] Contact broken
21-Jul-88 07:50:30 [AUDCHK] Contact reestablished
21-Jul-88 08:57:19 [AUDCHK] Contact broken
21-Jul-88 09:02:20 [AUDCHK] Contact reestablished
21-Jul-88 09:17:33 [AUDCHK] Contact broken
21-Jul-88 09:22:35 [AUDCHK] Contact reestablished
21-Jul-88 09:42:51 [AUDCHK] Contact broken
21-Jul-88 17:39:06 [AUDCHK] Contact reestablished
22-Jul-88 20:17:03 [AUDCHK] Contact broken
22-Jul-88 20:22:04 [AUDCHK] Contact reestablished
23-Jul-88 00:32:45 [AUDCHK] Contact broken
23-Jul-88 00:37:46 [AUDCHK] Contact reestablished
23-Jul-88 01:47:59 [AUDCHK] Contact broken
23-Jul-88 01:53:01 [AUDCHK] Contact reestablished
25-Jul-88 01:06:25 [AUDCHK] Contact broken
25-Jul-88 01:11:26 [AUDCHK] Contact reestablished
28-Jul-88 05:18:23 [AUDCHK] Contact broken
29-Jul-88 02:54:46 [AUDCHK] Contact broken
29-Jul-88 02:59:48 [AUDCHK] Contact reestablished
30-Jul-88 00:34:58 [AUDCHK] Contact broken
30-Jul-88 00:39:59 [AUDCHK] Contact reestablished
 1-Aug-88 11:56:43 [AUDCHK] Contact broken
 1-Aug-88 12:01:46 [AUDCHK] Contact reestablished
 2-Aug-88 00:55:46 [AUDCHK] Contact broken
 2-Aug-88 01:00:47 [AUDCHK] Contact reestablished
 2-Aug-88 01:35:58 [AUDCHK] Contact broken
 2-Aug-88 01:40:59 [AUDCHK] Contact reestablished
 2-Aug-88 02:11:11 [AUDCHK] Contact broken
 2-Aug-88 02:16:13 [AUDCHK] Contact reestablished
 2-Aug-88 22:02:35 [AUDCHK] Contact broken
 2-Aug-88 22:07:40 [AUDCHK] Contact reestablished
 3-Aug-88 08:21:29 [AUDCHK] Contact broken
 3-Aug-88 08:26:33 [AUDCHK] Contact reestablished
 3-Aug-88 15:38:48 [AUDCHK] Contact broken
 3-Aug-88 15:43:51 [AUDCHK] Contact reestablished
 4-Aug-88 09:22:53 [AUDCHK] Contact broken
 4-Aug-88 09:27:55 [AUDCHK] Contact reestablished
 4-Aug-88 09:43:26 [AUDCHK] Contact broken
 4-Aug-88 09:48:30 [AUDCHK] Contact reestablished
 5-Aug-88 15:47:54 [AUDCHK] Contact broken
 5-Aug-88 15:52:57 [AUDCHK] Contact reestablished
 7-Aug-88 06:21:58 [AUDCHK] Contact broken
 7-Aug-88 10:08:40 [AUDCHK] Contact reestablished
10-Aug-88 06:07:08 [AUDCHK] Contact broken
10-Aug-88 06:12:10 [AUDCHK] Contact reestablished
11-Aug-88 12:04:39 [AUDCHK] Contact broken
11-Aug-88 12:09:40 [AUDCHK] Contact reestablished
11-Aug-88 13:26:05 [AUDCHK] Contact broken
11-Aug-88 13:31:10 [AUDCHK] Contact reestablished
11-Aug-88 14:02:39 [AUDCHK] Contact broken
11-Aug-88 14:07:40 [AUDCHK] Contact reestablished
11-Aug-88 14:38:40 [AUDCHK] Contact broken
11-Aug-88 14:53:53 [AUDCHK] Contact reestablished
11-Aug-88 15:19:10 [AUDCHK] Contact broken
11-Aug-88 15:24:13 [AUDCHK] Contact reestablished
11-Aug-88 18:00:53 [AUDCHK] Contact broken
11-Aug-88 18:05:54 [AUDCHK] Contact reestablished
11-Aug-88 21:12:59 [AUDCHK] Contact broken
11-Aug-88 21:18:01 [AUDCHK] Contact reestablished
11-Aug-88 22:53:49 [AUDCHK] Contact broken
11-Aug-88 22:58:52 [AUDCHK] Contact reestablished
11-Aug-88 23:39:22 [AUDCHK] Contact broken
11-Aug-88 23:44:26 [AUDCHK] Contact reestablished
12-Aug-88 01:40:17 [AUDCHK] Contact broken
12-Aug-88 01:45:19 [AUDCHK] Contact reestablished
12-Aug-88 02:46:57 [AUDCHK] Contact broken
12-Aug-88 02:51:58 [AUDCHK] Contact reestablished
12-Aug-88 04:43:39 [AUDCHK] Contact broken
12-Aug-88 04:58:46 [AUDCHK] Contact reestablished
12-Aug-88 05:33:51 [AUDCHK] Contact broken
12-Aug-88 05:38:51 [AUDCHK] Contact reestablished
12-Aug-88 05:59:19 [AUDCHK] Contact broken
12-Aug-88 06:04:20 [AUDCHK] Contact reestablished
12-Aug-88 06:44:27 [AUDCHK] Contact broken
12-Aug-88 06:49:29 [AUDCHK] Contact reestablished
12-Aug-88 07:05:08 [AUDCHK] Contact broken
15-Aug-88 12:37:24 [AUDCHK] Contact broken
15-Aug-88 12:42:59 [AUDCHK] Contact reestablished
17-Aug-88 00:40:51 [AUDCHK] Contact broken
17-Aug-88 00:45:52 [AUDCHK] Contact reestablished
17-Aug-88 01:16:20 [AUDCHK] Contact broken
17-Aug-88 01:21:22 [AUDCHK] Contact reestablished
17-Aug-88 06:18:23 [AUDCHK] Contact broken
17-Aug-88 06:23:27 [AUDCHK] Contact reestablished
21-Aug-88 16:38:37 [AUDCHK] Contact broken
21-Aug-88 16:43:39 [AUDCHK] Contact reestablished
23-Aug-88 00:47:36 [AUDCHK] Contact broken
23-Aug-88 00:52:38 [AUDCHK] Contact reestablished
23-Aug-88 05:23:52 [AUDCHK] Contact broken
23-Aug-88 05:28:54 [AUDCHK] Contact reestablished
24-Aug-88 06:15:28 [AUDCHK] Contact broken
24-Aug-88 06:20:30 [AUDCHK] Contact reestablished
24-Aug-88 20:00:30 [AUDCHK] Contact broken
24-Aug-88 20:05:33 [AUDCHK] Contact reestablished
25-Aug-88 12:50:37 [AUDCHK] Contact broken
25-Aug-88 12:55:40 [AUDCHK] Contact reestablished
25-Aug-88 13:56:22 [AUDCHK] Contact broken
25-Aug-88 14:01:24 [AUDCHK] Contact reestablished
26-Aug-88 12:01:41 [AUDCHK] Contact broken
26-Aug-88 12:06:45 [AUDCHK] Contact reestablished
30-Aug-88 21:33:53 [AUDCHK] Contact broken
30-Aug-88 21:38:56 [AUDCHK] Contact reestablished
31-Aug-88 09:23:14 [AUDCHK] Contact broken
31-Aug-88 09:28:17 [AUDCHK] Contact reestablished
 1-Sep-88 22:10:04 [AUDCHK] Contact broken
 1-Sep-88 22:15:06 [AUDCHK] Contact reestablished
 2-Sep-88 15:05:24 [AUDCHK] Contact broken
 2-Sep-88 15:10:26 [AUDCHK] Contact reestablished
 2-Sep-88 19:36:51 [AUDCHK] Contact broken
 2-Sep-88 19:41:56 [AUDCHK] Contact reestablished
 3-Sep-88 09:19:52 [AUDCHK] Contact broken
 3-Sep-88 09:24:53 [AUDCHK] Contact reestablished
12-Sep-88 00:00:25 [AUDCHK] Contact broken
12-Sep-88 00:05:28 [AUDCHK] Contact reestablished
12-Sep-88 09:48:06 [AUDCHK] Contact broken
12-Sep-88 09:53:08 [AUDCHK] Contact reestablished
15-Sep-88 08:16:29 [AUDCHK] Contact broken
15-Sep-88 08:21:35 [AUDCHK] Contact reestablished
18-Sep-88 21:01:24 [AUDCHK] Contact broken
18-Sep-88 21:16:41 [AUDCHK] Contact reestablished
19-Sep-88 02:22:48 [AUDCHK] Contact broken
19-Sep-88 02:27:50 [AUDCHK] Contact reestablished
19-Sep-88 04:58:05 [AUDCHK] Contact broken
19-Sep-88 05:03:06 [AUDCHK] Contact reestablished
19-Sep-88 07:13:51 [AUDCHK] Contact broken
19-Sep-88 07:18:55 [AUDCHK] Contact reestablished
19-Sep-88 16:31:39 [AUDCHK] Contact broken
19-Sep-88 16:36:41 [AUDCHK] Contact reestablished
20-Sep-88 09:11:21 [AUDCHK] Contact broken
20-Sep-88 09:16:25 [AUDCHK] Contact reestablished
20-Sep-88 11:42:51 [AUDCHK] Contact broken
20-Sep-88 11:47:53 [AUDCHK] Contact reestablished
20-Sep-88 13:19:09 [AUDCHK] Contact broken
20-Sep-88 13:24:14 [AUDCHK] Contact reestablished
21-Sep-88 14:14:56 [AUDCHK] Contact broken
21-Sep-88 14:19:58 [AUDCHK] Contact reestablished
21-Sep-88 22:18:26 [AUDCHK] Contact broken
21-Sep-88 22:44:14 [AUDCHK] Contact reestablished
26-Sep-88 07:04:02 [AUDCHK] Contact broken
26-Sep-88 07:09:05 [AUDCHK] Contact reestablished
26-Sep-88 07:34:25 [AUDCHK] Contact broken
26-Sep-88 07:39:28 [AUDCHK] Contact reestablished
27-Sep-88 10:56:44 [AUDCHK] Contact broken
27-Sep-88 11:01:46 [AUDCHK] Contact reestablished
27-Sep-88 14:38:09 [AUDCHK] Contact broken
27-Sep-88 14:43:13 [AUDCHK] Contact reestablished
28-Sep-88 13:12:51 [AUDCHK] Contact broken
28-Sep-88 13:17:54 [AUDCHK] Contact reestablished
29-Sep-88 05:31:08 [AUDCHK] Contact broken
29-Sep-88 08:00:15 [AUDCHK] Contact reestablished
30-Sep-88 10:57:21 [AUDCHK] Contact broken
30-Sep-88 11:02:22 [AUDCHK] Contact reestablished
 4-Oct-88 18:39:39 [AUDCHK] Contact broken
 4-Oct-88 18:44:40 [AUDCHK] Contact reestablished
 4-Oct-88 19:05:18 [AUDCHK] Contact broken
 4-Oct-88 19:10:19 [AUDCHK] Contact reestablished
 4-Oct-88 23:01:27 [AUDCHK] Contact broken
 4-Oct-88 23:06:28 [AUDCHK] Contact reestablished
 5-Oct-88 14:39:43 [AUDCHK] Contact broken
 5-Oct-88 14:44:49 [AUDCHK] Contact reestablished
 8-Oct-88 10:28:12 [AUDCHK] Contact broken
 8-Oct-88 10:33:14 [AUDCHK] Contact reestablished
12-Oct-88 14:29:11 [AUDCHK] Contact broken
12-Oct-88 14:34:12 [AUDCHK] Contact reestablished
13-Oct-88 04:46:50 [AUDCHK] Contact broken
16-Oct-88 10:27:14 [AUDCHK] Contact broken
16-Oct-88 18:12:20 [AUDCHK] Contact reestablished
18-Oct-88 15:06:17 [AUDCHK] Contact broken
18-Oct-88 15:11:20 [AUDCHK] Contact reestablished
19-Oct-88 06:23:03 [AUDCHK] Contact broken
23-Oct-88 11:36:44 [AUDCHK] Contact broken
23-Oct-88 11:41:45 [AUDCHK] Contact reestablished
26-Oct-88 09:12:17 [AUDCHK] Contact broken
26-Oct-88 09:17:20 [AUDCHK] Contact reestablished
28-Oct-88 08:52:23 [AUDCHK] Contact broken
28-Oct-88 08:57:25 [AUDCHK] Contact reestablished
28-Oct-88 10:53:59 [AUDCHK] Contact broken
28-Oct-88 10:59:04 [AUDCHK] Contact reestablished
29-Oct-88 18:48:36 [AUDCHK] Contact broken
30-Oct-88 00:29:13 [AUDCHK] Contact reestablished
 1-Nov-88 20:45:56 [AUDCHK] Contact broken
 1-Nov-88 20:51:00 [AUDCHK] Contact reestablished
 9-Nov-88 16:09:58 [AUDCHK] Contact broken
 9-Nov-88 16:14:59 [AUDCHK] Contact reestablished
11-Nov-88 21:56:15 [AUDCHK] Contact broken
11-Nov-88 22:01:16 [AUDCHK] Contact reestablished
14-Nov-88 14:15:46 [AUDCHK] Contact broken
14-Nov-88 14:20:48 [AUDCHK] Contact reestablished
16-Nov-88 10:06:15 [AUDCHK] Contact broken
16-Nov-88 10:11:20 [AUDCHK] Contact reestablished
18-Nov-88 09:25:46 [AUDCHK] Contact broken
18-Nov-88 13:05:52 [AUDCHK] Contact reestablished
19-Nov-88 06:47:12 [AUDCHK] Contact broken
19-Nov-88 11:32:40 [AUDCHK] Contact reestablished
 2-Dec-88 11:09:23 [AUDCHK] Contact broken
 2-Dec-88 11:14:28 [AUDCHK] Contact reestablished
 3-Dec-88 23:48:52 [AUDCHK] Contact broken
 3-Dec-88 23:53:54 [AUDCHK] Contact reestablished
 5-Dec-88 07:37:48 [AUDCHK] Contact broken
 5-Dec-88 07:42:50 [AUDCHK] Contact reestablished
 6-Dec-88 05:21:48 [AUDCHK] Contact broken
 6-Dec-88 05:26:52 [AUDCHK] Contact reestablished
 6-Dec-88 05:52:13 [AUDCHK] Contact broken
 6-Dec-88 05:57:14 [AUDCHK] Contact reestablished
 6-Dec-88 07:43:00 [AUDCHK] Contact broken
 6-Dec-88 07:48:03 [AUDCHK] Contact reestablished
 6-Dec-88 09:54:14 [AUDCHK] Contact broken
 6-Dec-88 09:59:17 [AUDCHK] Contact reestablished
 7-Dec-88 22:50:18 [AUDCHK] Contact broken
 7-Dec-88 22:55:19 [AUDCHK] Contact reestablished
 7-Dec-88 23:10:28 [AUDCHK] Contact broken
 7-Dec-88 23:15:30 [AUDCHK] Contact reestablished
 9-Dec-88 13:36:05 [AUDCHK] Contact broken
 9-Dec-88 13:41:09 [AUDCHK] Contact reestablished
