14:10:09 start
14:10:09 waiting for connection...
14:54:30 started fork 0
14:54:30 waiting for connection...
14:54:34 inferior fork termination interrupt
14:54:35 fork check
f0 rfsts 2 nuke
14:54:44 started fork 1
14:54:44 waiting for connection...
14:59:41 clock tick (5 min timer)
14:59:41 fork check
f0 
f1 rfsts 1 hst BBN.COM conn 7,,7 bcnt 36456002341 lcnt 0 +
f2 
f3 
f4 
f5 
f6 
f7 
f10 
f11 
f12 
f13 
f14 
f15 
f16 
f17 
f20 
f21 
f22 
f23 
15:00:03 started fork 0
15:00:03 waiting for connection...
15:04:59 clock tick (5 min timer)
15:04:59 fork check
f0 rfsts 1 hst USAREUR-EM.ARPA conn 7,,7 bcnt 37747071101 lcnt 0 +
f1 rfsts 0 hst BBN.COM conn 7,,7 bcnt 36456715541 lcnt 36456002341 +
f2 
f3 
f4 
f5 
f6 
f7 
f10 
f11 
f12 
f13 
f14 
f15 
f16 
f17 
f20 
f21 
f22 
f23 
15:06:38 inferior fork termination interrupt
15:06:39 fork check
f0 rfsts 1 hst USAREUR-EM.ARPA conn 7,,7 bcnt 37747156401 lcnt 37747071101 +
f1 rfsts 2 nuke
f2 
f3 
f4 
f5 
f6 
f7 
f10 
f11 
f12 
f13 
f14 
f15 
f16 
f17 
f20 
f21 
f22 
f23 
15:10:30 clock tick (5 min timer)
15:10:31 fork check
f0 rfsts 1 hst USAREUR-EM.ARPA conn 7,,7 bcnt 37747606041 lcnt 37747156401 +
f1 
f2 
f3 
f4 
f5 
f6 
f7 
f10 
f11 
f12 
f13 
f14 
f15 
f16 
f17 
f20 
f21 
f22 
f23 
15:15:28 clock tick (5 min timer)
15:15:28 fork check
f0 rfsts 1 hst USAREUR-EM.ARPA conn 7,,7 bcnt 37750341101 lcnt 37747606041 +
f1 
f2 
f3 
f4 
f5 
f6 
f7 
f10 
f11 
f12 
f13 
f14 
f15 
f16 
f17 
f20 
f21 
f22 
f23 
15:16:33 inferior fork termination interrupt
15:16:37 fork check
f0 rfsts 2 nuke
15:16:45 started fork 2
15:16:45 waiting for connection...
15:16:52 inferior fork termination interrupt
15:16:52 fork check
f0 
f1 
f2 rfsts 2 nuke
15:16:58 started fork 0
15:16:58 waiting for connection...
15:21:55 clock tick (5 min timer)
15:21:56 fork check
f0 rfsts 1 hst BBNCC-EUR.ARPA conn 7,,0 bcnt 4411625745 lcnt 0 +
f1 
f2 
f3 
f4 
f5 
f6 
f7 
f10 
f11 
f12 
f13 
f14 
f15 
f16 
f17 
f20 
f21 
f22 
f23 
15:26:53 clock tick (5 min timer)
15:26:53 fork check
f0 rfsts 1 hst BBNCC-EUR.ARPA conn 7,,0 bcnt 4412413411 lcnt 4411625745 +
f1 
f2 
f3 
f4 
f5 
f6 
f7 
f10 
f11 
f12 
f13 
f14 
f15 
f16 
f17 
f20 
f21 
f22 
f23 
15:31:13 inferior fork termination interrupt
15:31:13 fork check
f0 rfsts 2 nuke
15:42:21 started fork 1
15:42:22 waiting for connection...
15:42:36 inferior fork termination interrupt
15:42:37 fork check
f0 
f1 rfsts 2 nuke
15:53:09 started fork 0
15:53:09 waiting for connection...
15:53:16 inferior fork termination interrupt
15:53:16 fork check
f0 rfsts 2 nuke
16:38:17 started fork 1
16:38:17 waiting for connection...
16:43:15 clock tick (5 min timer)
16:43:15 fork check
f0 
f1 rfsts 1 hst MULTIMAX.ARPA conn 7,,7 bcnt 32144210301 lcnt 0 +
f2 
f3 
f4 
f5 
f6 
f7 
f10 
f11 
f12 
f13 
f14 
f15 
f16 
f17 
f20 
f21 
f22 
f23 
16:48:18 clock tick (5 min timer)
16:48:18 fork check
f0 
f1 rfsts 1 hst MULTIMAX.ARPA conn 7,,7 bcnt 32144571101 lcnt 32144210301 +
f2 
f3 
f4 
f5 
f6 
f7 
f10 
f11 
f12 
f13 
f14 
f15 
f16 
f17 
f20 
f21 
f22 
f23 
16:53:16 clock tick (5 min timer)
16:53:16 fork check
f0 
f1 rfsts 1 hst MULTIMAX.ARPA conn 7,,7 bcnt 32145233445 lcnt 32144571101 +
f2 
f3 
f4 
f5 
f6 
f7 
f10 
f11 
f12 
f13 
f14 
f15 
f16 
f17 
f20 
f21 
f22 
f23 
16:57:23 inferior fork termination interrupt
16:57:23 fork check
f0 
f1 rfsts 2 nuke
17:23:13 started fork 0
17:23:13 waiting for connection...
17:23:14 inferior fork termination interrupt
17:23:14 fork check
f0 rfsts 2 nuke
17:28:56 started fork 1
17:28:56 waiting for connection...
17:31:53 inferior fork termination interrupt
17:31:54 fork check
f0 
f1 rfsts 2 nuke
18:29:51 started fork 0
18:29:51 waiting for connection...
18:34:27 inferior fork termination interrupt
18:34:27 fork check
f0 rfsts 2 nuke
19:04:05 started fork 1
19:04:05 waiting for connection...
19:09:02 clock tick (5 min timer)
19:09:02 fork check
f0 
f1 rfsts 1 hst DAVA1.ARPA conn 7,,7 bcnt 1046302441 lcnt 0 +
f2 
f3 
f4 
f5 
f6 
f7 
f10 
f11 
f12 
f13 
f14 
f15 
f16 
f17 
f20 
f21 
f22 
f23 
19:14:01 clock tick (5 min timer)
19:14:01 fork check
f0 
f1 rfsts 1 hst DAVA1.ARPA conn 7,,7 bcnt 1046673141 lcnt 1046302441 +
f2 
f3 
f4 
f5 
f6 
f7 
f10 
f11 
f12 
f13 
f14 
f15 
f16 
f17 
f20 
f21 
f22 
f23 
19:18:06 inferior fork termination interrupt
19:18:06 fork check
f0 
f1 rfsts 2 nuke
19:35:27 started fork 0
19:35:27 waiting for connection...
19:37:33 inferior fork termination interrupt
19:37:33 fork check
f0 rfsts 2 nuke
21:00:42 started fork 1
21:00:42 waiting for connection...
21:01:28 started fork 0
21:01:28 waiting for connection...
21:01:33 inferior fork termination interrupt
21:01:33 fork check
f0 rfsts 2 nuke
f1 rfsts 1 hst BINGVAXU.CC.BINGHAMTON.EDU conn 7,,7 bcnt 37637434640 lcnt 0 +
f2 
f3 
f4 
f5 
f6 
f7 
f10 
f11 
f12 
f13 
f14 
f15 
f16 
f17 
f20 
f21 
f22 
f23 
21:01:39 started fork 2
21:01:39 waiting for connection...
21:05:38 clock tick (5 min timer)
21:05:39 fork check
f0 
f1 rfsts 1 hst BINGVAXU.CC.BINGHAMTON.EDU conn 7,,7 bcnt 37637630342 lcnt 37637434640 +
f2 rfsts 1 hst DDN2.ARPA conn 7,,7 bcnt 340402575 lcnt 0 +
f3 
f4 
f5 
f6 
f7 
f10 
f11 
f12 
f13 
f14 
f15 
f16 
f17 
f20 
f21 
f22 
f23 
21:10:41 clock tick (5 min timer)
21:10:41 fork check
f0 
f1 rfsts 1 hst BINGVAXU.CC.BINGHAMTON.EDU conn 7,,7 bcnt 37640003436 lcnt 37637630342 +
f2 rfsts 1 hst DDN2.ARPA conn 7,,7 bcnt 341313601 lcnt 340402575 +
f3 
f4 
f5 
f6 
f7 
f10 
f11 
f12 
f13 
f14 
f15 
f16 
f17 
f20 
f21 
f22 
f23 
21:11:47 inferior fork termination interrupt
21:11:47 fork check
f0 
f1 rfsts 1 hst BINGVAXU.CC.BINGHAMTON.EDU conn 7,,7 bcnt 37640042642 lcnt 37640003436 +
f2 rfsts 2 nuke
f3 
f4 
f5 
f6 
f7 
f10 
f11 
f12 
f13 
f14 
f15 
f16 
f17 
f20 
f21 
f22 
f23 
21:14:00 started fork 0
21:14:00 waiting for connection...
21:14:04 inferior fork termination interrupt
21:14:04 fork check
f0 rfsts 2 nuke
f1 rfsts 1 hst BINGVAXU.CC.BINGHAMTON.EDU conn 7,,7 bcnt 37640152642 lcnt 37640042642 +
f2 
f3 
f4 
f5 
f6 
f7 
f10 
f11 
f12 
f13 
f14 
f15 
f16 
f17 
f20 
f21 
f22 
f23 
21:14:18 started fork 2
21:14:18 waiting for connection...
21:15:38 clock tick (5 min timer)
21:15:38 fork check
f0 
f1 rfsts 1 hst BINGVAXU.CC.BINGHAMTON.EDU conn 7,,7 bcnt 37640255142 lcnt 37640152642 +
f2 rfsts 0 hst NSWC-OAS.ARPA conn 7,,7 bcnt 3636661441 lcnt 0 +
f3 
f4 
f5 
f6 
f7 
f10 
f11 
f12 
f13 
f14 
f15 
f16 
f17 
f20 
f21 
f22 
f23 
21:18:21 inferior fork termination interrupt
21:18:21 fork check
f0 
f1 rfsts 1 hst BINGVAXU.CC.BINGHAMTON.EDU conn 7,,7 bcnt 37640325102 lcnt 37640255142 +
f2 rfsts 2 nuke
f3 
f4 
f5 
f6 
f7 
f10 
f11 
f12 
f13 
f14 
f15 
f16 
f17 
f20 
f21 
f22 
f23 
21:20:36 clock tick (5 min timer)
21:20:36 fork check
f0 
f1 rfsts 1 hst BINGVAXU.CC.BINGHAMTON.EDU conn 7,,7 bcnt 37640447642 lcnt 37640325102 +
f2 
f3 
f4 
f5 
f6 
f7 
f10 
f11 
f12 
f13 
f14 
f15 
f16 
f17 
f20 
f21 
f22 
f23 
21:25:33 clock tick (5 min timer)
21:25:33 fork check
f0 
f1 rfsts 1 hst BINGVAXU.CC.BINGHAMTON.EDU conn 7,,7 bcnt 37640662240 lcnt 37640447642 +
f2 
f3 
f4 
f5 
f6 
f7 
f10 
f11 
f12 
f13 
f14 
f15 
f16 
f17 
f20 
f21 
f22 
f23 
21:30:29 clock tick (5 min timer)
21:30:29 fork check
f0 
f1 rfsts 1 hst BINGVAXU.CC.BINGHAMTON.EDU conn 7,,7 bcnt 37641201240 lcnt 37640662240 +
f2 
f3 
f4 
f5 
f6 
f7 
f10 
f11 
f12 
f13 
f14 
f15 
f16 
f17 
f20 
f21 
f22 
f23 
21:32:29 inferior fork termination interrupt
21:32:29 fork check
f0 
f1 rfsts 2 nuke
21:40:40 started fork 0
21:40:40 waiting for connection...
21:40:45 inferior fork termination interrupt
21:40:45 fork check
f0 rfsts 2 nuke
21:40:52 started fork 1
21:40:52 waiting for connection...
21:45:15 inferior fork termination interrupt
21:45:15 fork check
f0 
f1 rfsts 2 nuke
21:55:11 started fork 0
21:55:11 waiting for connection...
22:00:08 clock tick (5 min timer)
22:00:08 fork check
f0 rfsts 0 hst 20036202001 conn 7,,7 bcnt 16546456241 lcnt 0 +
f1 
f2 
f3 
f4 
f5 
f6 
f7 
f10 
f11 
f12 
f13 
f14 
f15 
f16 
f17 
f20 
f21 
f22 
f23 
22:00:34 started fork 1
22:00:34 waiting for connection...
22:00:50 started fork 2
22:00:50 waiting for connection...
22:04:51 started fork 3
22:04:51 waiting for connection...
22:05:08 inferior fork termination interrupt
22:05:09 fork check
f0 rfsts 1 hst JVNCA.CSC.ORG conn 7,,7 bcnt 16547146211 lcnt 16546456241 +
f1 rfsts 0 hst APLVAX.ARPA conn 7,,7 bcnt 20113213301 lcnt 0 +
f2 rfsts 2 nuke
f3 rfsts 1 hst CS.UCL.AC.UK conn 7,,7 bcnt 21176005751 lcnt 0 +
f4 
f5 
f6 
f7 
f10 
f11 
f12 
f13 
f14 
f15 
f16 
f17 
f20 
f21 
f22 
f23 
22:05:24 clock tick (5 min timer)
22:05:25 fork check
f0 rfsts 1 hst JVNCA.CSC.ORG conn 7,,7 bcnt 16547151631 lcnt 16547146211 +
f1 rfsts 1 hst APLVAX.ARPA conn 7,,7 bcnt 20113241701 lcnt 20113213301 +
f2 
f3 rfsts 1 hst CS.UCL.AC.UK conn 7,,7 bcnt 21176005751 lcnt 21176005751 -..
f4 
f5 
f6 
f7 
f10 
f11 
f12 
f13 
f14 
f15 
f16 
f17 
f20 
f21 
f22 
f23 
22:06:16 inferior fork termination interrupt
22:06:17 fork check
f0 rfsts 1 hst JVNCA.CSC.ORG conn 7,,7 bcnt 16547175441 lcnt 16547151631 +
f1 rfsts 2 nuke
f2 
f3 rfsts 1 hst CS.UCL.AC.UK conn 7,,7 bcnt 21176007171 lcnt 21176005751 +
f4 
f5 
f6 
f7 
f10 
f11 
f12 
f13 
f14 
f15 
f16 
f17 
f20 
f21 
f22 
f23 
22:08:23 started fork 4
22:08:23 waiting for connection...
22:08:26 inferior fork termination interrupt
22:08:26 fork check
f0 rfsts 1 hst JVNCA.CSC.ORG conn 7,,7 bcnt 16547250171 lcnt 16547175441 +
f1 
f2 
f3 rfsts 1 hst CS.UCL.AC.UK conn 7,,7 bcnt 21176014301 lcnt 21176007171 +
f4 rfsts 2 nuke
f5 
f6 
f7 
f10 
f11 
f12 
f13 
f14 
f15 
f16 
f17 
f20 
f21 
f22 
f23 
22:09:02 started fork 1
22:09:02 waiting for connection...
22:10:21 clock tick (5 min timer)
22:10:21 fork check
f0 rfsts 1 hst JVNCA.CSC.ORG conn 7,,7 bcnt 16547337221 lcnt 16547250171 +
f1 rfsts 1 hst XN.LL.MIT.EDU conn 7,,7 bcnt 22266452141 lcnt 0 +
f2 
f3 rfsts 1 hst CS.UCL.AC.UK conn 7,,7 bcnt 21176036671 lcnt 21176014301 +
f4 
f5 
f6 
f7 
f10 
f11 
f12 
f13 
f14 
f15 
f16 
f17 
f20 
f21 
f22 
f23 
22:12:09 inferior fork termination interrupt
22:12:09 fork check
f0 rfsts 2 nuke
f1 rfsts 1 hst XN.LL.MIT.EDU conn 7,,7 bcnt 22266601475 lcnt 22266452141 +
f2 
f3 rfsts 1 hst CS.UCL.AC.UK conn 7,,7 bcnt 21176051361 lcnt 21176036671 +
f4 
f5 
f6 
f7 
f10 
f11 
f12 
f13 
f14 
f15 
f16 
f17 
f20 
f21 
f22 
f23 
22:13:34 started fork 2
22:13:34 waiting for connection...
22:15:20 clock tick (5 min timer)
22:15:20 fork check
f0 
f1 rfsts 5 hst XN.LL.MIT.EDU conn 7,,7 bcnt 22267370733 lcnt 22266601475 +
f2 rfsts 1 hst JVNCA.CSC.ORG conn 7,,7 bcnt 23443616171 lcnt 0 +
f3 rfsts 1 hst CS.UCL.AC.UK conn 7,,7 bcnt 21176113671 lcnt 21176051361 +
f4 
f5 
f6 
f7 
f10 
f11 
f12 
f13 
f14 
f15 
f16 
f17 
f20 
f21 
f22 
f23 
22:20:18 clock tick (5 min timer)
22:20:18 fork check
f0 
f1 rfsts 1 hst XN.LL.MIT.EDU conn 7,,7 bcnt 22270220377 lcnt 22267370733 +
f2 rfsts 1 hst JVNCA.CSC.ORG conn 7,,7 bcnt 23444326131 lcnt 23443616171 +
f3 rfsts 1 hst CS.UCL.AC.UK conn 7,,7 bcnt 21176264572 lcnt 21176113671 +
f4 
f5 
f6 
f7 
f10 
f11 
f12 
f13 
f14 
f15 
f16 
f17 
f20 
f21 
f22 
f23 
22:20:38 inferior fork termination interrupt
22:20:38 fork check
f0 
f1 rfsts 2 nuke
f2 rfsts 1 hst JVNCA.CSC.ORG conn 7,,7 bcnt 23444354601 lcnt 23444326131 +
f3 rfsts 1 hst CS.UCL.AC.UK conn 7,,7 bcnt 21176265622 lcnt 21176264572 +
f4 
f5 
f6 
f7 
f10 
f11 
f12 
f13 
f14 
f15 
f16 
f17 
f20 
f21 
f22 
f23 
22:23:35 started fork 0
22:23:35 waiting for connection...
22:23:38 inferior fork termination interrupt
22:23:38 fork check
f0 rfsts 2 nuke
f1 
f2 rfsts 1 hst JVNCA.CSC.ORG conn 7,,7 bcnt 23445151441 lcnt 23444354601 +
f3 rfsts 1 hst CS.UCL.AC.UK conn 7,,7 bcnt 21176350171 lcnt 21176265622 +
f4 
f5 
f6 
f7 
f10 
f11 
f12 
f13 
f14 
f15 
f16 
f17 
f20 
f21 
f22 
f23 
22:23:48 started fork 1
22:23:48 waiting for connection...
22:24:14 inferior fork termination interrupt
22:24:14 fork check
f0 
f1 rfsts 1 hst GATECH.GATECH.EDU conn 7,,7 bcnt 26247610301 lcnt 0 +
f2 rfsts 2 nuke
f3 rfsts 1 hst CS.UCL.AC.UK conn 7,,7 bcnt 21176352441 lcnt 21176350171 +
f4 
f5 
f6 
f7 
f10 
f11 
f12 
f13 
f14 
f15 
f16 
f17 
f20 
f21 
f22 
f23 
22:25:14 clock tick (5 min timer)
22:25:14 fork check
f0 
f1 rfsts 1 hst gatech.edu conn 7,,7 bcnt 26247623031 lcnt 26247610301 +
f2 
f3 rfsts 1 hst CS.UCL.AC.UK conn 7,,7 bcnt 21176376131 lcnt 21176352441 +
f4 
f5 
f6 
f7 
f10 
f11 
f12 
f13 
f14 
f15 
f16 
f17 
f20 
f21 
f22 
f23 
22:25:24 started fork 0
22:25:24 waiting for connection...
22:27:06 started fork 2
22:27:06 waiting for connection...
22:27:07 inferior fork termination interrupt
22:27:07 fork check
f0 rfsts 1 hst JVNCA.CSC.ORG conn 7,,7 bcnt 26611707101 lcnt 0 +
f1 rfsts 1 hst gatech.edu conn 7,,7 bcnt 26247721001 lcnt 26247623031 +
f2 rfsts 2 nuke
f3 rfsts 1 hst CS.UCL.AC.UK conn 7,,7 bcnt 21176415271 lcnt 21176376131 +
f4 
f5 
f6 
f7 
f10 
f11 
f12 
f13 
f14 
f15 
f16 
f17 
f20 
f21 
f22 
f23 
22:27:12 started fork 4
22:27:12 waiting for connection...
22:30:19 clock tick (5 min timer)
22:30:19 fork check
f0 rfsts 1 hst JVNCA.CSC.ORG conn 7,,7 bcnt 26612310531 lcnt 26611707101 +
f1 rfsts 1 hst gatech.edu conn 7,,7 bcnt 26250241541 lcnt 26247721001 +
f2 
f3 rfsts 1 hst CS.UCL.AC.UK conn 7,,7 bcnt 21176450221 lcnt 21176415271 +
f4 rfsts 1 hst Argus.Stanford.EDU conn 7,,7 bcnt 27177302701 lcnt 0 +
f5 
f6 
f7 
f10 
f11 
f12 
f13 
f14 
f15 
f16 
f17 
f20 
f21 
f22 
f23 
22:34:53 inferior fork termination interrupt
22:34:53 fork check
f0 rfsts 1 hst JVNCA.CSC.ORG conn 7,,7 bcnt 26612700641 lcnt 26612310531 +
f1 rfsts 1 hst gatech.edu conn 7,,7 bcnt 26250636571 lcnt 26250241541 +
f2 
f3 rfsts 1 hst CS.UCL.AC.UK conn 7,,7 bcnt 21176450221 lcnt 21176450221 -..
f4 rfsts 2 nuke
f5 
f6 
f7 
f10 
f11 
f12 
f13 
f14 
f15 
f16 
f17 
f20 
f21 
f22 
f23 
22:34:56 started fork 2
22:34:56 waiting for connection...
22:34:57 inferior fork termination interrupt
22:34:57 fork check
f0 rfsts 1 hst JVNCA.CSC.ORG conn 7,,7 bcnt 26612700641 lcnt 26612700641 -..
f1 rfsts 1 hst gatech.edu conn 7,,7 bcnt 26250644731 lcnt 26250636571 +
f2 rfsts 2 nuke
f3 rfsts 1 hst CS.UCL.AC.UK conn 7,,7 bcnt 21176450221 lcnt 21176450221 -..
f4 
f5 
f6 
f7 
f10 
f11 
f12 
f13 
f14 
f15 
f16 
f17 
f20 
f21 
f22 
f23 
22:35:01 started fork 4
22:35:01 waiting for connection...
22:35:23 clock tick (5 min timer)
22:35:23 fork check
f0 rfsts 1 hst JVNCA.CSC.ORG conn 7,,7 bcnt 26612700641 lcnt 26612700641 -..
f1 rfsts 1 hst gatech.edu conn 7,,7 bcnt 26250675071 lcnt 26250644731 +
f2 
f3 rfsts 1 hst CS.UCL.AC.UK conn 7,,7 bcnt 21176450221 lcnt 21176450221 -..
f4 rfsts 1 hst NGP.UTEXAS.EDU conn 7,,7 bcnt 31252141241 lcnt 0 +
f5 
f6 
f7 
f10 
f11 
f12 
f13 
f14 
f15 
f16 
f17 
f20 
f21 
f22 
f23 
22:36:42 inferior fork termination interrupt
22:36:42 fork check
f0 rfsts 1 hst JVNCA.CSC.ORG conn 7,,7 bcnt 26612700641 lcnt 26612700641 -..
f1 rfsts 1 hst gatech.edu conn 7,,7 bcnt 26251012061 lcnt 26250675071 +
f2 
f3 rfsts 2 nuke
f4 rfsts 1 hst NGP.UTEXAS.EDU conn 7,,7 bcnt 31252703101 lcnt 31252141241 +
f5 
f6 
f7 
f10 
f11 
f12 
f13 
f14 
f15 
f16 
f17 
f20 
f21 
f22 
f23 
22:39:00 inferior fork termination interrupt
22:39:01 fork check
f0 rfsts 1 hst JVNCA.CSC.ORG conn 7,,7 bcnt 26613005731 lcnt 26612700641 +
f1 rfsts 1 hst gatech.edu conn 7,,7 bcnt 26251021061 lcnt 26251012061 +
f2 
f3 
f4 rfsts 2 nuke
f5 
f6 
f7 
f10 
f11 
f12 
f13 
f14 
f15 
f16 
f17 
f20 
f21 
f22 
f23 
22:39:55 inferior fork termination interrupt
22:39:55 fork check
f0 rfsts 2 nuke
f1 rfsts 1 hst gatech.edu conn 7,,7 bcnt 26251064221 lcnt 26251021061 +
f2 
f3 
f4 
f5 
f6 
f7 
f10 
f11 
f12 
f13 
f14 
f15 
f16 
f17 
f20 
f21 
f22 
f23 
22:40:20 clock tick (5 min timer)
22:40:20 fork check
f0 
f1 rfsts 1 hst gatech.edu conn 7,,7 bcnt 26251103121 lcnt 26251064221 +
f2 
f3 
f4 
f5 
f6 
f7 
f10 
f11 
f12 
f13 
f14 
f15 
f16 
f17 
f20 
f21 
f22 
f23 
22:40:59 started fork 2
22:40:59 waiting for connection...
22:45:17 clock tick (5 min timer)
22:45:17 fork check
f0 
f1 rfsts 1 hst gatech.edu conn 7,,7 bcnt 26251174421 lcnt 26251103121 +
f2 rfsts 1 hst JVNCA.CSC.ORG conn 7,,7 bcnt 32731045061 lcnt 0 +
f3 
f4 
f5 
f6 
f7 
f10 
f11 
f12 
f13 
f14 
f15 
f16 
f17 
f20 
f21 
f22 
f23 
22:45:56 started fork 0
22:45:56 waiting for connection...
22:46:01 inferior fork termination interrupt
22:46:02 fork check
f0 rfsts 2 nuke
f1 rfsts 1 hst gatech.edu conn 7,,7 bcnt 26251216341 lcnt 26251174421 +
f2 rfsts 1 hst JVNCA.CSC.ORG conn 7,,7 bcnt 32731147041 lcnt 32731045061 +
f3 
f4 
f5 
f6 
f7 
f10 
f11 
f12 
f13 
f14 
f15 
f16 
f17 
f20 
f21 
f22 
f23 
22:47:10 inferior fork termination interrupt
22:47:11 fork check
f0 
f1 rfsts 1 hst gatech.edu conn 7,,7 bcnt 26251314511 lcnt 26251216341 +
f2 rfsts 2 nuke
f3 
f4 
f5 
f6 
f7 
f10 
f11 
f12 
f13 
f14 
f15 
f16 
f17 
f20 
f21 
f22 
f23 
22:47:59 inferior fork termination interrupt
22:47:59 fork check
f0 
f1 rfsts 2 nuke
22:48:16 started fork 3
22:48:17 waiting for connection...
22:53:13 clock tick (5 min timer)
22:53:13 fork check
f0 
f1 
f2 
f3 rfsts 1 hst JVNCA.CSC.ORG conn 7,,7 bcnt 34224127242 lcnt 0 +
f4 
f5 
f6 
f7 
f10 
f11 
f12 
f13 
f14 
f15 
f16 
f17 
f20 
f21 
f22 
f23 
22:54:28 inferior fork termination interrupt
22:54:28 fork check
f0 
f1 
f2 
f3 rfsts 2 nuke
22:57:26 started fork 0
22:57:26 waiting for connection...
22:59:37 started fork 1
22:59:37 waiting for connection...
23:02:23 clock tick (5 min timer)
23:02:23 fork check
f0 rfsts 1 hst HOPKINS-EECS-ALPHA.ARPA conn 7,,7 bcnt 37237376721 lcnt 0 +
f1 rfsts 1 hst HOPKINS-EECS-BRAVO.ARPA conn 7,,7 bcnt 37705632101 lcnt 0 +
f2 
f3 
f4 
f5 
f6 
f7 
f10 
f11 
f12 
f13 
f14 
f15 
f16 
f17 
f20 
f21 
f22 
f23 
23:07:24 clock tick (5 min timer)
23:07:24 fork check
f0 rfsts 1 hst HOPKINS-EECS-ALPHA.ARPA conn 7,,7 bcnt 37240003771 lcnt 37237376721 +
f1 rfsts 0 hst HOPKINS-EECS-BRAVO.ARPA conn 7,,7 bcnt 37706234241 lcnt 37705632101 +
f2 
f3 
f4 
f5 
f6 
f7 
f10 
f11 
f12 
f13 
f14 
f15 
f16 
f17 
f20 
f21 
f22 
f23 
23:12:21 clock tick (5 min timer)
23:12:21 fork check
f0 rfsts 1 hst HOPKINS-EECS-ALPHA.ARPA conn 7,,7 bcnt 37240421771 lcnt 37240003771 +
f1 rfsts 0 hst HOPKINS-EECS-BRAVO.ARPA conn 7,,7 bcnt 37706653341 lcnt 37706234241 +
f2 
f3 
f4 
f5 
f6 
f7 
f10 
f11 
f12 
f13 
f14 
f15 
f16 
f17 
f20 
f21 
f22 
f23 
23:12:41 started fork 2
23:12:41 waiting for connection...
23:12:42 inferior fork termination interrupt
23:12:43 fork check
f0 rfsts 1 hst HOPKINS-EECS-ALPHA.ARPA conn 7,,7 bcnt 37240445601 lcnt 37240421771 +
f1 rfsts 1 hst HOPKINS-EECS-BRAVO.ARPA conn 7,,7 bcnt 37706677101 lcnt 37706653341 +
f2 rfsts 2 nuke
f3 
f4 
f5 
f6 
f7 
f10 
f11 
f12 
f13 
f14 
f15 
f16 
f17 
f20 
f21 
f22 
f23 
23:12:47 started fork 3
23:12:47 waiting for connection...
23:12:48 inferior fork termination interrupt
23:12:48 fork check
f0 rfsts 2 nuke
f1 rfsts 1 hst HOPKINS-EECS-BRAVO.ARPA conn 7,,7 bcnt 37706711201 lcnt 37706677101 +
f2 
f3 rfsts 0 hst LL-SST.ARPA conn 7,,7 bcnt 3316205333 lcnt 0 +
f4 
f5 
f6 
f7 
f10 
f11 
f12 
f13 
f14 
f15 
f16 
f17 
f20 
f21 
f22 
f23 
23:15:00 inferior fork termination interrupt
23:15:01 fork check
f0 
f1 rfsts 2 nuke
f2 
f3 rfsts 1 hst LL-SST.ARPA conn 7,,7 bcnt 3317160541 lcnt 3316205333 +
f4 
f5 
f6 
f7 
f10 
f11 
f12 
f13 
f14 
f15 
f16 
f17 
f20 
f21 
f22 
f23 
23:17:14 inferior fork termination interrupt
23:17:14 fork check
f0 
f1 
f2 
f3 rfsts 2 nuke
23:19:48 started fork 2
23:19:48 waiting for connection...
23:19:52 inferior fork termination interrupt
23:19:52 fork check
f0 
f1 
f2 rfsts 2 nuke
23:20:04 started fork 0
23:20:04 waiting for connection...
23:23:26 inferior fork termination interrupt
23:23:26 fork check
f0 rfsts 2 nuke
23:33:02 started fork 1
23:33:02 waiting for connection...
23:33:06 inferior fork termination interrupt
23:33:06 fork check
f0 
f1 rfsts 2 nuke
23:48:53 started fork 0
23:48:53 waiting for connection...
23:53:49 clock tick (5 min timer)
23:53:50 fork check
f0 rfsts 1 hst NRL-ACOUSTICS.ARPA conn 7,,7 bcnt 15017300241 lcnt 0 +
f1 
f2 
f3 
f4 
f5 
f6 
f7 
f10 
f11 
f12 
f13 
f14 
f15 
f16 
f17 
f20 
f21 
f22 
f23 
23:58:50 clock tick (5 min timer)
23:58:51 fork check
f0 rfsts 1 hst NRL-ACOUSTICS.ARPA conn 7,,7 bcnt 15020201601 lcnt 15017300241 +
f1 
f2 
f3 
f4 
f5 
f6 
f7 
f10 
f11 
f12 
f13 
f14 
f15 
f16 
f17 
f20 
f21 
f22 
f23 
23:59:27 inferior fork termination interrupt
23:59:27 fork check
f0 rfsts 2 nuke
00:00:00 started fork 1
00:00:00 waiting for connection...
00:00:01 inferior fork termination interrupt
00:00:01 fork check
f0 
f1 rfsts 2 nuke
00:00:08 started fork 0
00:00:08 waiting for connection...
00:05:05 clock tick (5 min timer)
00:05:05 fork check
f0 rfsts 1 hst LL-VLSI.ARPA conn 7,,7 bcnt 20016477741 lcnt 0 +
f1 
f2 
f3 
f4 
f5 
f6 
f7 
f10 
f11 
f12 
f13 
f14 
f15 
f16 
f17 
f20 
f21 
f22 
f23 
00:05:53 inferior fork termination interrupt
00:05:54 fork check
f0 rfsts 2 nuke
00:14:24 started fork 1
00:14:24 waiting for connection...
00:14:26 inferior fork termination interrupt
00:14:26 fork check
f0 
f1 rfsts 2 nuke
00:14:30 started fork 0
00:14:30 waiting for connection...
00:16:19 started fork 1
00:16:19 waiting for connection...
00:16:20 inferior fork termination interrupt
00:16:20 fork check
f0 rfsts 1 hst UNIX2.MACC.WISC.EDU conn 7,,7 bcnt 23673500533 lcnt 0 +
f1 rfsts 2 nuke
f2 
f3 
f4 
f5 
f6 
f7 
f10 
f11 
f12 
f13 
f14 
f15 
f16 
f17 
f20 
f21 
f22 
f23 
00:16:45 started fork 2
00:16:45 waiting for connection...
00:17:01 started fork 1
00:17:01 waiting for connection...
00:19:27 clock tick (5 min timer)
00:19:27 fork check
f0 rfsts 1 hst UNIX2.MACC.WISC.EDU conn 7,,7 bcnt 23674102037 lcnt 23673500533 +
f1 rfsts 1 hst NRAO.ARPA conn 7,,7 bcnt 24416225701 lcnt 0 +
f2 rfsts 0 hst ICS.UCI.EDU conn 7,,7 bcnt 24327630601 lcnt 0 +
f3 
f4 
f5 
f6 
f7 
f10 
f11 
f12 
f13 
f14 
f15 
f16 
f17 
f20 
f21 
f22 
f23 
00:19:54 started fork 3
00:19:54 waiting for connection...
00:20:25 started fork 4
00:20:25 waiting for connection...
00:20:26 inferior fork termination interrupt
00:20:27 fork check
f0 rfsts 1 hst UNIX2.MACC.WISC.EDU conn 7,,7 bcnt 23674236677 lcnt 23674102037 +
f1 rfsts 1 hst NRAO.ARPA conn 7,,7 bcnt 24416401701 lcnt 24416225701 +
f2 rfsts 1 hst ICS.UCI.EDU conn 7,,7 bcnt 24327654121 lcnt 24327630601 +
f3 rfsts 1 hst ETL.ARPA conn 7,,7 bcnt 25233472601 lcnt 0 +
f4 rfsts 2 nuke
f5 
f6 
f7 
f10 
f11 
f12 
f13 
f14 
f15 
f16 
f17 
f20 
f21 
f22 
f23 
00:20:50 started fork 5
00:20:50 waiting for connection...
00:21:35 inferior fork termination interrupt
00:21:36 fork check
f0 rfsts 2 nuke
f1 rfsts 1 hst NRAO.ARPA conn 7,,7 bcnt 24416601441 lcnt 24416401701 +
f2 rfsts 1 hst ICS.UCI.EDU conn 7,,7 bcnt 24327713301 lcnt 24327654121 +
f3 rfsts 1 hst ETL.ARPA conn 7,,7 bcnt 25234116301 lcnt 25233472601 +
f4 
f5 rfsts 1 hst DEVVAX.TN.CORNELL.EDU conn 7,,7 bcnt 25430505071 lcnt 0 +
f6 
f7 
f10 
f11 
f12 
f13 
f14 
f15 
f16 
f17 
f20 
f21 
f22 
f23 
00:23:37 inferior fork termination interrupt
00:23:37 fork check
f0 
f1 rfsts 1 hst NRAO.ARPA conn 7,,7 bcnt 24417076441 lcnt 24416601441 +
f2 rfsts 1 hst ICS.UCI.EDU conn 7,,7 bcnt 24330032321 lcnt 24327713301 +
f3 rfsts 2 nuke
f4 
f5 rfsts 1 hst DEVVAX.TN.CORNELL.EDU conn 7,,7 bcnt 25430755161 lcnt 25430505071 +
f6 
f7 
f10 
f11 
f12 
f13 
f14 
f15 
f16 
f17 
f20 
f21 
f22 
f23 
00:24:09 started fork 4
00:24:09 waiting for connection...
00:24:10 inferior fork termination interrupt
00:24:10 fork check
f0 
f1 rfsts 0 hst NRAO.ARPA conn 7,,7 bcnt 24417170401 lcnt 24417076441 +
f2 rfsts 1 hst ICS.UCI.EDU conn 7,,7 bcnt 24330045521 lcnt 24330032321 +
f3 
f4 rfsts 2 nuke
f5 rfsts 1 hst DEVVAX.TN.CORNELL.EDU conn 7,,7 bcnt 25431030031 lcnt 25430755161 +
f6 
f7 
f10 
f11 
f12 
f13 
f14 
f15 
f16 
f17 
f20 
f21 
f22 
f23 
00:24:19 started fork 0
00:24:19 waiting for connection...
00:24:36 clock tick (5 min timer)
00:24:36 fork check
f0 rfsts 1 hst NRL-AIC.ARPA conn 7,,7 bcnt 26366243173 lcnt 0 +
f1 rfsts 1 hst NRAO.ARPA conn 7,,7 bcnt 24417220101 lcnt 24417170401 +
f2 rfsts 1 hst ICS.UCI.EDU conn 7,,7 bcnt 24330066421 lcnt 24330045521 +
f3 
f4 
f5 rfsts 1 hst DEVVAX.TN.CORNELL.EDU conn 7,,7 bcnt 25431116031 lcnt 25431030031 +
f6 
f7 
f10 
f11 
f12 
f13 
f14 
f15 
f16 
f17 
f20 
f21 
f22 
f23 
00:28:13 inferior fork termination interrupt
00:28:13 fork check
f0 rfsts 1 hst NRL-AIC.ARPA conn 7,,7 bcnt 26367074035 lcnt 26366243173 +
f1 rfsts 2 nuke
f2 rfsts 1 hst ICS.UCI.EDU conn 7,,7 bcnt 24330327761 lcnt 24330066421 +
f3 
f4 
f5 rfsts 1 hst DEVVAX.TN.CORNELL.EDU conn 7,,7 bcnt 25431524131 lcnt 25431116031 +
f6 
f7 
f10 
f11 
f12 
f13 
f14 
f15 
f16 
f17 
f20 
f21 
f22 
f23 
00:29:50 clock tick (5 min timer)
00:29:50 fork check
f0 rfsts 1 hst NRL-AIC.ARPA conn 7,,7 bcnt 26367331701 lcnt 26367074035 +
f1 
f2 rfsts 1 hst ICS.UCI.EDU conn 7,,7 bcnt 24330412461 lcnt 24330327761 +
f3 
f4 
f5 rfsts 1 hst DEVVAX.TN.CORNELL.EDU conn 7,,7 bcnt 25431700641 lcnt 25431524131 +
f6 
f7 
f10 
f11 
f12 
f13 
f14 
f15 
f16 
f17 
f20 
f21 
f22 
f23 
00:30:05 started fork 3
00:30:05 waiting for connection...
00:30:13 inferior fork termination interrupt
00:30:13 fork check
f0 rfsts 1 hst NRL-AIC.ARPA conn 7,,7 bcnt 26367366273 lcnt 26367331701 +
f1 
f2 rfsts 1 hst ICS.UCI.EDU conn 7,,7 bcnt 24330435341 lcnt 24330412461 +
f3 rfsts 2 nuke
f4 
f5 rfsts 1 hst DEVVAX.TN.CORNELL.EDU conn 7,,7 bcnt 25431746331 lcnt 25431700641 +
f6 
f7 
f10 
f11 
f12 
f13 
f14 
f15 
f16 
f17 
f20 
f21 
f22 
f23 
00:30:27 started fork 1
00:30:27 waiting for connection...
00:30:56 started fork 3
00:30:56 waiting for connection...
00:30:57 inferior fork termination interrupt
00:30:57 fork check
f0 rfsts 1 hst NRL-AIC.ARPA conn 7,,7 bcnt 26367467737 lcnt 26367366273 +
f1 rfsts 1 hst delta.lanl.gov conn 7,,7 bcnt 30057256231 lcnt 0 +
f2 rfsts 1 hst ICS.UCI.EDU conn 7,,7 bcnt 24330503321 lcnt 24330435341 +
f3 rfsts 2 nuke
f4 
f5 rfsts 1 hst DEVVAX.TN.CORNELL.EDU conn 7,,7 bcnt 25432035501 lcnt 25431746331 +
f6 
f7 
f10 
f11 
f12 
f13 
f14 
f15 
f16 
f17 
f20 
f21 
f22 
f23 
00:31:10 started fork 4
00:31:10 waiting for connection...
00:31:30 started fork 3
00:31:30 waiting for connection...
00:31:30 inferior fork termination interrupt
00:31:31 fork check
f0 rfsts 1 hst NRL-AIC.ARPA conn 7,,7 bcnt 26367541535 lcnt 26367467737 +
f1 rfsts 1 hst delta.lanl.gov conn 7,,7 bcnt 30057332251 lcnt 30057256231 +
f2 rfsts 1 hst ICS.UCI.EDU conn 7,,7 bcnt 24330540301 lcnt 24330503321 +
f3 rfsts 2 nuke
f4 rfsts 1 hst R20.UTEXAS.EDU conn 7,,7 bcnt 30234661331 lcnt 0 +
f5 rfsts 1 hst DEVVAX.TN.CORNELL.EDU conn 7,,7 bcnt 25432103701 lcnt 25432035501 +
f6 
f7 
f10 
f11 
f12 
f13 
f14 
f15 
f16 
f17 
f20 
f21 
f22 
f23 
00:31:45 started fork 6
00:31:45 waiting for connection...
00:33:25 inferior fork termination interrupt
00:33:25 fork check
f0 rfsts 2 nuke
f1 rfsts 1 hst delta.lanl.gov conn 7,,7 bcnt 30057521331 lcnt 30057332251 +
f2 rfsts 1 hst ICS.UCI.EDU conn 7,,7 bcnt 24330675361 lcnt 24330540301 +
f3 
f4 rfsts 1 hst R20.UTEXAS.EDU conn 7,,7 bcnt 30235154131 lcnt 30234661331 +
f5 rfsts 2 nuke
f6 rfsts 1 hst brl-smoke.arpa conn 7,,7 bcnt 30341544515 lcnt 0 +
f7 
f10 
f11 
f12 
f13 
f14 
f15 
f16 
f17 
f20 
f21 
f22 
f23 
00:33:42 inferior fork termination interrupt
00:33:43 fork check
f0 
f1 rfsts 1 hst delta.lanl.gov conn 7,,7 bcnt 30057546041 lcnt 30057521331 +
f2 rfsts 1 hst ICS.UCI.EDU conn 7,,7 bcnt 24330702641 lcnt 24330675361 +
f3 
f4 rfsts 1 hst R20.UTEXAS.EDU conn 7,,7 bcnt 30235177301 lcnt 30235154131 +
f5 
f6 rfsts 0 hst brl-smoke.arpa conn 7,,7 bcnt 30341544515 lcnt 30341544515 -..
f7 
f10 
f11 
f12 
f13 
f14 
f15 
f16 
f17 
f20 
f21 
f22 
f23 
00:34:46 clock tick (5 min timer)
00:34:46 fork check
f0 
f1 rfsts 1 hst delta.lanl.gov conn 7,,7 bcnt 30057724631 lcnt 30057546041 +
f2 rfsts 1 hst ICS.UCI.EDU conn 7,,7 bcnt 24330730601 lcnt 24330702641 +
f3 
f4 rfsts 1 hst R20.UTEXAS.EDU conn 7,,7 bcnt 30235441741 lcnt 30235177301 +
f5 
f6 rfsts 0 hst brl-smoke.arpa conn 7,,7 bcnt 30342252551 lcnt 30341544515 +
f7 
f10 
f11 
f12 
f13 
f14 
f15 
f16 
f17 
f20 
f21 
f22 
f23 
00:35:33 inferior fork termination interrupt
00:35:33 fork check
f0 
f1 rfsts 1 hst delta.lanl.gov conn 7,,7 bcnt 30060037471 lcnt 30057724631 +
f2 rfsts 1 hst ICS.UCI.EDU conn 7,,7 bcnt 24330757421 lcnt 24330730601 +
f3 
f4 rfsts 1 hst R20.UTEXAS.EDU conn 7,,7 bcnt 30235566701 lcnt 30235441741 +
f5 
f6 rfsts 2 nuke
f7 
f10 
f11 
f12 
f13 
f14 
f15 
f16 
f17 
f20 
f21 
f22 
f23 
00:37:08 inferior fork termination interrupt
00:37:08 fork check
f0 
f1 rfsts 2 nuke
f2 rfsts 1 hst ICS.UCI.EDU conn 7,,7 bcnt 24331070741 lcnt 24330757421 +
f3 
f4 rfsts 1 hst R20.UTEXAS.EDU conn 7,,7 bcnt 30236155061 lcnt 30235566701 +
f5 
f6 
f7 
f10 
f11 
f12 
f13 
f14 
f15 
f16 
f17 
f20 
f21 
f22 
f23 
00:38:34 inferior fork termination interrupt
00:38:34 fork check
f0 
f1 
f2 rfsts 1 hst ICS.UCI.EDU conn 7,,7 bcnt 24331202261 lcnt 24331070741 +
f3 
f4 rfsts 2 nuke
f5 
f6 
f7 
f10 
f11 
f12 
f13 
f14 
f15 
f16 
f17 
f20 
f21 
f22 
f23 
00:39:43 clock tick (5 min timer)
00:39:43 fork check
f0 
f1 
f2 rfsts 1 hst ICS.UCI.EDU conn 7,,7 bcnt 24331244061 lcnt 24331202261 +
f3 
f4 
f5 
f6 
f7 
f10 
f11 
f12 
f13 
f14 
f15 
f16 
f17 
f20 
f21 
f22 
f23 
00:40:22 started fork 3
00:40:22 waiting for connection...
00:40:25 inferior fork termination interrupt
00:40:25 fork check
f0 
f1 
f2 rfsts 1 hst ICS.UCI.EDU conn 7,,7 bcnt 24331256621 lcnt 24331244061 +
f3 rfsts 2 nuke
f4 
f5 
f6 
f7 
f10 
f11 
f12 
f13 
f14 
f15 
f16 
f17 
f20 
f21 
f22 
f23 
00:40:26 started fork 0
00:40:26 waiting for connection...
00:43:15 inferior fork termination interrupt
00:43:15 fork check
f0 rfsts 2 nuke
f1 
f2 rfsts 1 hst ICS.UCI.EDU conn 7,,7 bcnt 24331340441 lcnt 24331256621 +
f3 
f4 
f5 
f6 
f7 
f10 
f11 
f12 
f13 
f14 
f15 
f16 
f17 
f20 
f21 
f22 
f23 
00:44:40 clock tick (5 min timer)
00:44:40 fork check
f0 
f1 
f2 rfsts 1 hst ICS.UCI.EDU conn 7,,7 bcnt 24331407301 lcnt 24331340441 +
f3 
f4 
f5 
f6 
f7 
f10 
f11 
f12 
f13 
f14 
f15 
f16 
f17 
f20 
f21 
f22 
f23 
00:45:18 inferior fork termination interrupt
00:45:18 fork check
f0 
f1 
f2 rfsts 2 nuke
00:49:55 started fork 1
00:49:55 waiting for connection...
00:49:58 inferior fork termination interrupt
00:49:58 fork check
f0 
f1 rfsts 2 nuke
00:50:05 started fork 0
00:50:05 waiting for connection...
00:53:45 started fork 1
00:53:45 waiting for connection...
00:53:46 inferior fork termination interrupt
00:53:47 fork check
f0 rfsts 1 hst CU-ARPA.CS.CORNELL.EDU conn 7,,7 bcnt 35264352201 lcnt 0 +
f1 rfsts 2 nuke
f2 
f3 
f4 
f5 
f6 
f7 
f10 
f11 
f12 
f13 
f14 
f15 
f16 
f17 
f20 
f21 
f22 
f23 
00:54:03 started fork 2
00:54:03 waiting for connection...
00:55:02 clock tick (5 min timer)
00:55:02 fork check
f0 rfsts 1 hst CU-ARPA.CS.CORNELL.EDU conn 7,,7 bcnt 35264565141 lcnt 35264352201 +
f1 
f2 rfsts 1 hst 30001226425 conn 7,,7 bcnt 36312463601 lcnt 0 +
f3 
f4 
f5 
f6 
f7 
f10 
f11 
f12 
f13 
f14 
f15 
f16 
f17 
f20 
f21 
f22 
f23 
00:58:52 started fork 1
00:58:52 waiting for connection...
00:58:53 inferior fork termination interrupt
00:58:53 fork check
f0 rfsts 1 hst CU-ARPA.CS.CORNELL.EDU conn 7,,7 bcnt 35265370601 lcnt 35264565141 +
f1 rfsts 2 nuke
f2 rfsts 1 hst 30001226425 conn 7,,7 bcnt 36313376601 lcnt 36312463601 +
f3 
f4 
f5 
f6 
f7 
f10 
f11 
f12 
f13 
f14 
f15 
f16 
f17 
f20 
f21 
f22 
f23 
00:59:02 started fork 3
00:59:02 waiting for connection...
00:59:47 inferior fork termination interrupt
00:59:47 fork check
f0 rfsts 2 nuke
f1 
f2 rfsts 1 hst 30001226425 conn 7,,7 bcnt 36313442431 lcnt 36313376601 +
f3 rfsts 1 hst A.CS.UIUC.EDU conn 7,,7 bcnt 37557035737 lcnt 0 +
f4 
f5 
f6 
f7 
f10 
f11 
f12 
f13 
f14 
f15 
f16 
f17 
f20 
f21 
f22 
f23 
01:00:01 clock tick (5 min timer)
01:00:02 fork check
f0 
f1 
f2 rfsts 1 hst 30001226425 conn 7,,7 bcnt 36313445441 lcnt 36313442431 +
f3 rfsts 1 hst A.CS.UIUC.EDU conn 7,,7 bcnt 37557035737 lcnt 37557035737 -..
f4 
f5 
f6 
f7 
f10 
f11 
f12 
f13 
f14 
f15 
f16 
f17 
f20 
f21 
f22 
f23 
01:00:03 started fork 1
01:00:03 waiting for connection...
01:00:17 started fork 0
01:00:17 waiting for connection...
01:00:17 inferior fork termination interrupt
01:00:17 fork check
f0 rfsts 2 nuke
f1 rfsts 1 hst CRDEC-PADEA.ARPA conn 7,,7 bcnt 37755675701 lcnt 0 +
f2 rfsts 1 hst 30001226425 conn 7,,7 bcnt 36313532341 lcnt 36313445441 +
f3 rfsts 1 hst A.CS.UIUC.EDU conn 7,,7 bcnt 37557065341 lcnt 37557035737 +
f4 
f5 
f6 
f7 
f10 
f11 
f12 
f13 
f14 
f15 
f16 
f17 
f20 
f21 
f22 
f23 
01:00:26 started fork 4
01:00:26 waiting for connection...
01:00:33 started fork 0
01:00:33 waiting for connection...
01:04:29 inferior fork termination interrupt
01:04:29 fork check
f0 rfsts 1 hst XX.LCS.MIT.EDU conn 7,,7 bcnt 110064441 lcnt 0 +
f1 rfsts 1 hst CRDEC-PADEA.ARPA conn 7,,7 bcnt 37756740041 lcnt 37755675701 +
f2 rfsts 1 hst 30001226425 conn 7,,7 bcnt 36314146431 lcnt 36313532341 +
f3 rfsts 1 hst A.CS.UIUC.EDU conn 7,,7 bcnt 37557423137 lcnt 37557065341 +
f4 rfsts 2 nuke
f5 
f6 
f7 
f10 
f11 
f12 
f13 
f14 
f15 
f16 
f17 
f20 
f21 
f22 
f23 
01:04:59 clock tick (5 min timer)
01:05:00 fork check
f0 rfsts 1 hst XX.LCS.MIT.EDU conn 7,,7 bcnt 110075001 lcnt 110064441 +
f1 rfsts 1 hst CRDEC-PADEA.ARPA conn 7,,7 bcnt 37757073601 lcnt 37756740041 +
f2 rfsts 1 hst 30001226425 conn 7,,7 bcnt 36314165301 lcnt 36314146431 +
f3 rfsts 1 hst A.CS.UIUC.EDU conn 7,,7 bcnt 37557456501 lcnt 37557423137 +
f4 
f5 
f6 
f7 
f10 
f11 
f12 
f13 
f14 
f15 
f16 
f17 
f20 
f21 
f22 
f23 
01:05:51 inferior fork termination interrupt
01:05:51 fork check
f0 rfsts 1 hst XX.LCS.MIT.EDU conn 7,,7 bcnt 110126241 lcnt 110075001 +
f1 rfsts 0 hst CRDEC-PADEA.ARPA conn 7,,7 bcnt 37757324601 lcnt 37757073601 +
f2 rfsts 2 nuke
f3 rfsts 1 hst A.CS.UIUC.EDU conn 7,,7 bcnt 37557526001 lcnt 37557456501 +
f4 
f5 
f6 
f7 
f10 
f11 
f12 
f13 
f14 
f15 
f16 
f17 
f20 
f21 
f22 
f23 
01:06:19 inferior fork termination interrupt
01:06:20 fork check
f0 rfsts 1 hst XX.LCS.MIT.EDU conn 7,,7 bcnt 110147141 lcnt 110126241 +
f1 rfsts 2 nuke
f2 
f3 rfsts 1 hst A.CS.UIUC.EDU conn 7,,7 bcnt 37557564741 lcnt 37557526001 +
f4 
f5 
f6 
f7 
f10 
f11 
f12 
f13 
f14 
f15 
f16 
f17 
f20 
f21 
f22 
f23 
01:09:58 clock tick (5 min timer)
01:09:58 fork check
f0 rfsts 1 hst XX.LCS.MIT.EDU conn 7,,7 bcnt 110454501 lcnt 110147141 +
f1 
f2 
f3 rfsts 1 hst A.CS.UIUC.EDU conn 7,,7 bcnt 37560064141 lcnt 37557564741 +
f4 
f5 
f6 
f7 
f10 
f11 
f12 
f13 
f14 
f15 
f16 
f17 
f20 
f21 
f22 
f23 
01:14:55 clock tick (5 min timer)
01:14:55 fork check
f0 rfsts 1 hst XX.LCS.MIT.EDU conn 7,,7 bcnt 111046741 lcnt 110454501 +
f1 
f2 
f3 rfsts 1 hst A.CS.UIUC.EDU conn 7,,7 bcnt 37560506637 lcnt 37560064141 +
f4 
f5 
f6 
f7 
f10 
f11 
f12 
f13 
f14 
f15 
f16 
f17 
f20 
f21 
f22 
f23 
01:16:50 inferior fork termination interrupt
01:16:50 fork check
f0 rfsts 1 hst XX.LCS.MIT.EDU conn 7,,7 bcnt 111231245 lcnt 111046741 +
f1 
f2 
f3 rfsts 2 nuke
f4 
f5 
f6 
f7 
f10 
f11 
f12 
f13 
f14 
f15 
f16 
f17 
f20 
f21 
f22 
f23 
01:18:38 inferior fork termination interrupt
01:18:38 fork check
f0 rfsts 2 nuke
01:26:11 started fork 5
01:26:11 waiting for connection...
01:29:43 started fork 0
01:29:43 waiting for connection...
01:30:31 inferior fork termination interrupt
01:30:31 fork check
f0 rfsts 1 hst CRDEC-VAX4.ARPA conn 7,,7 bcnt 7730004071 lcnt 0 +
f1 
f2 
f3 
f4 
f5 rfsts 2 nuke
f6 
f7 
f10 
f11 
f12 
f13 
f14 
f15 
f16 
f17 
f20 
f21 
f22 
f23 
01:31:08 clock tick (5 min timer)
01:31:08 fork check
f0 rfsts 1 hst CRDEC-VAX4.ARPA conn 7,,7 bcnt 7730165641 lcnt 7730004071 +
f1 
f2 
f3 
f4 
f5 
f6 
f7 
f10 
f11 
f12 
f13 
f14 
f15 
f16 
f17 
f20 
f21 
f22 
f23 
01:35:05 inferior fork termination interrupt
01:35:06 fork check
f0 rfsts 2 nuke
01:35:18 started fork 1
01:35:18 waiting for connection...
01:37:02 started fork 0
01:37:02 waiting for connection...
01:37:11 started fork 2
01:37:11 waiting for connection...
01:39:21 started fork 3
01:39:21 waiting for connection...
01:39:54 inferior fork termination interrupt
01:39:54 fork check
f0 rfsts 1 hst ARDEC-AC2.ARPA conn 7,,7 bcnt 11675176141 lcnt 0 +
f1 rfsts 2 nuke
f2 rfsts 1 hst ARDEC.ARPA conn 7,,7 bcnt 11714473241 lcnt 0 +
f3 rfsts 1 hst ARDEC-RETAP.ARPA conn 7,,7 bcnt 12366645305 lcnt 0 +
f4 
f5 
f6 
f7 
f10 
f11 
f12 
f13 
f14 
f15 
f16 
f17 
f20 
f21 
f22 
f23 
01:40:15 clock tick (5 min timer)
01:40:15 fork check
f0 rfsts 0 hst ARDEC-AC2.ARPA conn 7,,7 bcnt 11675277461 lcnt 11675176141 +
f1 
f2 rfsts 1 hst ARDEC.ARPA conn 7,,7 bcnt 11714525601 lcnt 11714473241 +
f3 rfsts 0 hst ARDEC-RETAP.ARPA conn 7,,7 bcnt 12366701201 lcnt 12366645305 +
f4 
f5 
f6 
f7 
f10 
f11 
f12 
f13 
f14 
f15 
f16 
f17 
f20 
f21 
f22 
f23 
01:43:42 inferior fork termination interrupt
01:43:42 fork check
f0 rfsts 2 nuke
f1 
f2 rfsts 0 hst ARDEC.ARPA conn 7,,7 bcnt 11715140741 lcnt 11714525601 +
f3 rfsts 1 hst ARDEC-RETAP.ARPA conn 7,,7 bcnt 12367307741 lcnt 12366701201 +
f4 
f5 
f6 
f7 
f10 
f11 
f12 
f13 
f14 
f15 
f16 
f17 
f20 
f21 
f22 
f23 
01:45:12 clock tick (5 min timer)
01:45:12 fork check
f0 
f1 
f2 rfsts 1 hst ARDEC.ARPA conn 7,,7 bcnt 11715451601 lcnt 11715140741 +
f3 rfsts 1 hst ARDEC-RETAP.ARPA conn 7,,7 bcnt 12367622401 lcnt 12367307741 +
f4 
f5 
f6 
f7 
f10 
f11 
f12 
f13 
f14 
f15 
f16 
f17 
f20 
f21 
f22 
f23 
01:46:58 inferior fork termination interrupt
01:46:58 fork check
f0 
f1 
f2 rfsts 2 nuke
f3 rfsts 1 hst ARDEC-RETAP.ARPA conn 7,,7 bcnt 12370243701 lcnt 12367622401 +
f4 
f5 
f6 
f7 
f10 
f11 
f12 
f13 
f14 
f15 
f16 
f17 
f20 
f21 
f22 
f23 
01:47:45 inferior fork termination interrupt
01:47:45 fork check
f0 
f1 
f2 
f3 rfsts 2 nuke
01:47:56 started fork 4
01:47:56 waiting for connection...
01:49:48 started fork 0
01:49:48 waiting for connection...
01:49:49 inferior fork termination interrupt
01:49:49 fork check
f0 rfsts 2 nuke
f1 
f2 
f3 
f4 rfsts 1 hst sesun.jpl.nasa.gov conn 7,,7 bcnt 14613445041 lcnt 0 +
f5 
f6 
f7 
f10 
f11 
f12 
f13 
f14 
f15 
f16 
f17 
f20 
f21 
f22 
f23 
01:52:34 started fork 1
01:52:34 waiting for connection...
01:52:37 inferior fork termination interrupt
01:52:37 fork check
f0 
f1 rfsts 2 nuke
f2 
f3 
f4 rfsts 1 hst sesun.jpl.nasa.gov conn 7,,7 bcnt 14614604501 lcnt 14613445041 +
f5 
f6 
f7 
f10 
f11 
f12 
f13 
f14 
f15 
f16 
f17 
f20 
f21 
f22 
f23 
01:52:44 started fork 0
01:52:44 waiting for connection...
01:52:51 inferior fork termination interrupt
01:52:51 fork check
f0 rfsts 0 hst 01:53:55 inferior fork termination interrupt
01:53:55 fork check
f0 rfsts 2 nuke
f1 
f2 
f3 
f4 rfsts 2 nuke
01:56:39 started fork 1
01:56:39 waiting for connection...
01:56:43 inferior fork termination interrupt
01:56:43 fork check
f0 
f1 rfsts 2 nuke
01:56:57 started fork 0
01:56:57 waiting for connection...
01:58:19 started fork 1
01:58:19 waiting for connection...
01:58:20 inferior fork termination interrupt
01:58:20 fork check
f0 rfsts 1 hst INMET.INMET.COM conn 7,,7 bcnt 17137037177 lcnt 0 +
f1 rfsts 2 nuke
f2 
f3 
f4 
f5 
f6 
f7 
f10 
f11 
f12 
f13 
f14 
f15 
f16 
f17 
f20 
f21 
f22 
f23 
01:58:31 started fork 2
01:58:31 waiting for connection...
01:59:24 started fork 1
01:59:24 waiting for connection...
01:59:25 inferior fork termination interrupt
01:59:25 fork check
f0 rfsts 0 hst INMET.INMET.COM conn 7,,7 bcnt 17137314301 lcnt 17137037177 +
f1 rfsts 2 nuke
f2 rfsts 1 hst BBNCC-EUR.ARPA conn 7,,7 bcnt 17461042241 lcnt 0 +
f3 
f4 
f5 
f6 
f7 
f10 
f11 
f12 
f13 
f14 
f15 
f16 
f17 
f20 
f21 
f22 
f23 
01:59:29 started fork 3
01:59:29 waiting for connection...
02:01:25 inferior fork termination interrupt
02:01:25 fork check
f0 rfsts 2 nuke
f1 
f2 rfsts 1 hst BBNCC-EUR.ARPA conn 7,,7 bcnt 17461155211 lcnt 17461042241 +
f3 rfsts 1 hst ASC.CC.PURDUE.EDU conn 7,,7 bcnt 17666065637 lcnt 0 +
f4 
f5 
f6 
f7 
f10 
f11 
f12 
f13 
f14 
f15 
f16 
f17 
f20 
f21 
f22 
f23 
02:01:44 started fork 1
02:01:44 waiting for connection...
02:01:53 clock tick (5 min timer)
02:01:53 fork check
f0 
f1 rfsts 1 hst NMFECC.ARPA conn 7,,7 bcnt 20354256177 lcnt 0 +
f2 rfsts 1 hst BBNCC-EUR.ARPA conn 7,,7 bcnt 17461202401 lcnt 17461155211 +
f3 rfsts 1 hst ASC.CC.PURDUE.EDU conn 7,,7 bcnt 17666133301 lcnt 17666065637 +
f4 
f5 
f6 
f7 
f10 
f11 
f12 
f13 
f14 
f15 
f16 
f17 
f20 
f21 
f22 
f23 
02:04:29 inferior fork termination interrupt
02:04:29 fork check
f0 
f1 rfsts 2 nuke
f2 rfsts 1 hst BBNCC-EUR.ARPA conn 7,,7 bcnt 17461336711 lcnt 17461202401 +
f3 rfsts 1 hst ASC.CC.PURDUE.EDU conn 7,,7 bcnt 17666516741 lcnt 17666133301 +
f4 
f5 
f6 
f7 
f10 
f11 
f12 
f13 
f14 
f15 
f16 
f17 
f20 
f21 
f22 
f23 
02:06:40 started fork 0
02:06:40 waiting for connection...
02:06:45 inferior fork termination interrupt
02:06:45 fork check
f0 rfsts 2 nuke
f1 
f2 rfsts 1 hst BBNCC-EUR.ARPA conn 7,,7 bcnt 17461500041 lcnt 17461336711 +
f3 rfsts 1 hst ASC.CC.PURDUE.EDU conn 7,,7 bcnt 17667073141 lcnt 17666516741 +
f4 
f5 
f6 
f7 
f10 
f11 
f12 
f13 
f14 
f15 
f16 
f17 
f20 
f21 
f22 
f23 
02:06:53 started fork 1
02:06:53 waiting for connection...
02:06:55 clock tick (5 min timer)
02:06:55 fork check
f0 
f1 rfsts 1 hst SUPER.UPENN.EDU conn 7,,7 bcnt 21645000001 lcnt 0 +
f2 rfsts 1 hst BBNCC-EUR.ARPA conn 7,,7 bcnt 17461507301 lcnt 17461500041 +
f3 rfsts 1 hst ASC.CC.PURDUE.EDU conn 7,,7 bcnt 17667115601 lcnt 17667073141 +
f4 
f5 
f6 
f7 
f10 
f11 
f12 
f13 
f14 
f15 
f16 
f17 
f20 
f21 
f22 
f23 
02:08:41 inferior fork termination interrupt
02:08:41 fork check
f0 
f1 rfsts 1 hst SUPER.UPENN.EDU conn 7,,7 bcnt 21645173141 lcnt 21645000001 +
f2 rfsts 1 hst BBNCC-EUR.ARPA conn 7,,7 bcnt 17461637211 lcnt 17461507301 +
f3 rfsts 2 nuke
f4 
f5 
f6 
f7 
f10 
f11 
f12 
f13 
f14 
f15 
f16 
f17 
f20 
f21 
f22 
f23 
02:11:52 clock tick (5 min timer)
02:11:52 fork check
f0 
f1 rfsts 1 hst SUPER.UPENN.EDU conn 7,,7 bcnt 21645531231 lcnt 21645173141 +
f2 rfsts 1 hst BBNCC-EUR.ARPA conn 7,,7 bcnt 17462063501 lcnt 17461637211 +
f3 
f4 
f5 
f6 
f7 
f10 
f11 
f12 
f13 
f14 
f15 
f16 
f17 
f20 
f21 
f22 
f23 
02:14:24 started fork 0
02:14:24 waiting for connection...
02:14:26 inferior fork termination interrupt
02:14:26 fork check
f0 rfsts 2 nuke
f1 rfsts 1 hst SUPER.UPENN.EDU conn 7,,7 bcnt 21645565071 lcnt 21645531231 +
f2 rfsts 1 hst BBNCC-EUR.ARPA conn 7,,7 bcnt 17462304251 lcnt 17462063501 +
f3 
f4 
f5 
f6 
f7 
f10 
f11 
f12 
f13 
f14 
f15 
f16 
f17 
f20 
f21 
f22 
f23 
02:14:55 started fork 3
02:14:55 waiting for connection...
02:14:55 inferior fork termination interrupt
02:14:55 fork check
f0 
f1 rfsts 1 hst SUPER.UPENN.EDU conn 7,,7 bcnt 21645611021 lcnt 21645565071 +
f2 rfsts 1 hst BBNCC-EUR.ARPA conn 7,,7 bcnt 17462335005 lcnt 17462304251 +
f3 rfsts 2 nuke
f4 
f5 
f6 
f7 
f10 
f11 
f12 
f13 
f14 
f15 
f16 
f17 
f20 
f21 
f22 
f23 
02:14:59 started fork 0
02:14:59 waiting for connection...
02:15:45 started fork 3
02:15:45 waiting for connection...
02:15:45 inferior fork termination interrupt
02:15:46 fork check
f0 rfsts 1 hst LLL-TIS.ARPA conn 7,,7 bcnt 23772303401 lcnt 0 +
f1 rfsts 1 hst SUPER.UPENN.EDU conn 7,,7 bcnt 21645651131 lcnt 21645611021 +
f2 rfsts 1 hst BBNCC-EUR.ARPA conn 7,,7 bcnt 17462416341 lcnt 17462335005 +
f3 rfsts 2 nuke
f4 
f5 
f6 
f7 
f10 
f11 
f12 
f13 
f14 
f15 
f16 
f17 
f20 
f21 
f22 
f23 
02:15:59 started fork 4
02:15:59 waiting for connection...
02:16:18 started fork 3
02:16:18 waiting for connection...
02:16:50 clock tick (5 min timer)
02:16:50 fork check
f0 rfsts 1 hst LLL-TIS.ARPA conn 7,,7 bcnt 23772434301 lcnt 23772303401 +
f1 rfsts 1 hst SUPER.UPENN.EDU conn 7,,7 bcnt 21645663621 lcnt 21645651131 +
f2 rfsts 1 hst BBNCC-EUR.ARPA conn 7,,7 bcnt 17462513711 lcnt 17462416341 +
f3 rfsts 1 hst 20030023411 conn 7,,7 bcnt 24233406221 lcnt 0 +
f4 rfsts 1 hst hydra.riacs.edu conn 7,,7 bcnt 24205262701 lcnt 0 +
f5 
f6 
f7 
f10 
f11 
f12 
f13 
f14 
f15 
f16 
f17 
f20 
f21 
f22 
f23 
02:18:27 inferior fork termination interrupt
02:18:27 fork check
f0 rfsts 1 hst LLL-TIS.ARPA conn 7,,7 bcnt 23772660701 lcnt 23772434301 +
f1 rfsts 1 hst SUPER.UPENN.EDU conn 7,,7 bcnt 21645671571 lcnt 21645663621 +
f2 rfsts 2 nuke
f3 rfsts 1 hst 20030023411 conn 7,,7 bcnt 24233423101 lcnt 24233406221 +
f4 rfsts 0 hst hydra.riacs.edu conn 7,,7 bcnt 24205777551 lcnt 24205262701 +
f5 
f6 
f7 
f10 
f11 
f12 
f13 
f14 
f15 
f16 
f17 
f20 
f21 
f22 
f23 
02:19:03 started fork 5
02:19:03 waiting for connection...
02:20:01 inferior fork termination interrupt
02:20:01 fork check
f0 rfsts 1 hst LLL-TIS.ARPA conn 7,,7 bcnt 23773117401 lcnt 23772660701 +
f1 rfsts 1 hst SUPER.UPENN.EDU conn 7,,7 bcnt 21646003521 lcnt 21645671571 +
f2 
f3 rfsts 1 hst 20030023411 conn 7,,7 bcnt 24233460621 lcnt 24233423101 +
f4 rfsts 2 nuke
f5 rfsts 1 hst CS.UCL.AC.UK conn 7,,7 bcnt 25040707271 lcnt 0 +
f6 
f7 
f10 
f11 
f12 
f13 
f14 
f15 
f16 
f17 
f20 
f21 
f22 
f23 
02:21:52 clock tick (5 min timer)
02:21:52 fork check
f0 rfsts 1 hst LLL-TIS.ARPA conn 7,,7 bcnt 23773406241 lcnt 23773117401 +
f1 rfsts 1 hst SUPER.UPENN.EDU conn 7,,7 bcnt 21646060571 lcnt 21646003521 +
f2 
f3 rfsts 1 hst 20030023411 conn 7,,7 bcnt 24233541241 lcnt 24233460621 +
f4 
f5 rfsts 1 hst CS.UCL.AC.UK conn 7,,7 bcnt 25041026141 lcnt 25040707271 +
f6 
f7 
f10 
f11 
f12 
f13 
f14 
f15 
f16 
f17 
f20 
f21 
f22 
f23 
02:24:58 inferior fork termination interrupt
02:24:58 fork check
f0 rfsts 2 nuke
f1 rfsts 1 hst SUPER.UPENN.EDU conn 7,,7 bcnt 21646160111 lcnt 21646060571 +
f2 
f3 rfsts 1 hst 20030023411 conn 7,,7 bcnt 24233571331 lcnt 24233541241 +
f4 
f5 rfsts 1 hst CS.UCL.AC.UK conn 7,,7 bcnt 25041127471 lcnt 25041026141 +
f6 
f7 
f10 
f11 
f12 
f13 
f14 
f15 
f16 
f17 
f20 
f21 
f22 
f23 
02:26:51 clock tick (5 min timer)
02:26:51 fork check
f0 
f1 rfsts 1 hst SUPER.UPENN.EDU conn 7,,7 bcnt 21646173431 lcnt 21646160111 +
f2 
f3 rfsts 1 hst 20030023411 conn 7,,7 bcnt 24233634301 lcnt 24233571331 +
f4 
f5 rfsts 1 hst CS.UCL.AC.UK conn 7,,7 bcnt 25041165011 lcnt 25041127471 +
f6 
f7 
f10 
f11 
f12 
f13 
f14 
f15 
f16 
f17 
f20 
f21 
f22 
f23 
02:30:03 started fork 2
02:30:03 waiting for connection...
02:30:05 inferior fork termination interrupt
02:30:06 fork check
f0 
f1 rfsts 1 hst SUPER.UPENN.EDU conn 7,,7 bcnt 21646274631 lcnt 21646173431 +
f2 rfsts 2 nuke
f3 rfsts 1 hst 20030023411 conn 7,,7 bcnt 24233741371 lcnt 24233634301 +
f4 
f5 rfsts 1 hst CS.UCL.AC.UK conn 7,,7 bcnt 25041254231 lcnt 25041165011 +
f6 
f7 
f10 
f11 
f12 
f13 
f14 
f15 
f16 
f17 
f20 
f21 
f22 
f23 
02:31:49 clock tick (5 min timer)
02:31:49 fork check
f0 
f1 rfsts 1 hst SUPER.UPENN.EDU conn 7,,7 bcnt 21646315271 lcnt 21646274631 +
f2 
f3 rfsts 1 hst 20030023411 conn 7,,7 bcnt 24234010741 lcnt 24233741371 +
f4 
f5 rfsts 1 hst CS.UCL.AC.UK conn 7,,7 bcnt 25041414371 lcnt 25041254231 +
f6 
f7 
f10 
f11 
f12 
f13 
f14 
f15 
f16 
f17 
f20 
f21 
f22 
f23 
02:36:48 clock tick (5 min timer)
02:36:48 fork check
f0 
f1 rfsts 0 hst SUPER.UPENN.EDU conn 7,,7 bcnt 21646564061 lcnt 21646315271 +
f2 
f3 rfsts 1 hst 20030023411 conn 7,,7 bcnt 24234301341 lcnt 24234010741 +
f4 
f5 rfsts 1 hst CS.UCL.AC.UK conn 7,,7 bcnt 25041635301 lcnt 25041414371 +
f6 
f7 
f10 
f11 
f12 
f13 
f14 
f15 
f16 
f17 
f20 
f21 
f22 
f23 
02:37:34 inferior fork termination interrupt
02:37:35 fork check
f0 
f1 rfsts 2 nuke
f2 
f3 rfsts 0 hst 20030023411 conn 7,,7 bcnt 24234342431 lcnt 24234301341 +
f4 
f5 rfsts 1 hst CS.UCL.AC.UK conn 7,,7 bcnt 25041635301 lcnt 25041635301 -..
f6 
f7 
f10 
f11 
f12 
f13 
f14 
f15 
f16 
f17 
f20 
f21 
f22 
f23 
02:41:49 clock tick (5 min timer)
02:41:49 fork check
f0 
f1 
f2 
f3 rfsts 1 hst 20030023411 conn 7,,7 bcnt 24234561141 lcnt 24234342431 +
f4 
f5 rfsts 1 hst CS.UCL.AC.UK conn 7,,7 bcnt 25042043371 lcnt 25041635301 +
f6 
f7 
f10 
f11 
f12 
f13 
f14 
f15 
f16 
f17 
f20 
f21 
f22 
f23 
02:45:21 started fork 0
02:45:21 waiting for connection...
02:45:24 inferior fork termination interrupt
02:45:24 fork check
f0 rfsts 2 nuke
f1 
f2 
f3 rfsts 1 hst 20030023411 conn 7,,7 bcnt 24234657231 lcnt 24234561141 +
f4 
f5 rfsts 1 hst CS.UCL.AC.UK conn 7,,7 bcnt 25042077541 lcnt 25042043371 +
f6 
f7 
f10 
f11 
f12 
f13 
f14 
f15 
f16 
f17 
f20 
f21 
f22 
f23 
02:45:27 started fork 1
02:45:27 waiting for connection...
02:46:46 clock tick (5 min timer)
02:46:46 fork check
f0 
f1 rfsts 1 hst F4.CSL.SRI.COM conn 7,,7 bcnt 34072176131 lcnt 0 +
f2 
f3 rfsts 1 hst 20030023411 conn 7,,7 bcnt 24234657231 lcnt 24234657231 -..
f4 
f5 rfsts 1 hst CS.UCL.AC.UK conn 7,,7 bcnt 25042077541 lcnt 25042077541 -..
f6 
f7 
f10 
f11 
f12 
f13 
f14 
f15 
f16 
f17 
f20 
f21 
f22 
f23 
02:50:08 inferior fork termination interrupt
02:50:08 fork check
f0 
f1 rfsts 2 nuke
f2 
f3 rfsts 1 hst 20030023411 conn 7,,7 bcnt 24234660261 lcnt 24234657231 +
f4 
f5 rfsts 1 hst CS.UCL.AC.UK conn 7,,7 bcnt 25042077541 lcnt 25042077541 -..
f6 
f7 
f10 
f11 
f12 
f13 
f14 
f15 
f16 
f17 
f20 
f21 
f22 
f23 
02:50:32 inferior fork termination interrupt
02:50:32 fork check
f0 
f1 
f2 
f3 rfsts 1 hst 20030023411 conn 7,,7 bcnt 24234662341 lcnt 24234660261 +
f4 
f5 rfsts 2 nuke
f6 
f7 
f10 
f11 
f12 
f13 
f14 
f15 
f16 
f17 
f20 
f21 
f22 
f23 
02:51:43 clock tick (5 min timer)
02:51:43 fork check
f0 
f1 
f2 
f3 rfsts 0 hst 20030023411 conn 7,,7 bcnt 24234741661 lcnt 24234662341 +
f4 
f5 
f6 
f7 
f10 
f11 
f12 
f13 
f14 
f15 
f16 
f17 
f20 
f21 
f22 
f23 
02:55:16 started fork 0
02:55:16 waiting for connection...
02:55:19 inferior fork termination interrupt
02:55:19 fork check
f0 rfsts 2 nuke
f1 
f2 
f3 rfsts 1 hst 20030023411 conn 7,,7 bcnt 24235073271 lcnt 24234741661 +
f4 
f5 
f6 
f7 
f10 
f11 
f12 
f13 
f14 
f15 
f16 
f17 
f20 
f21 
f22 
f23 
02:55:22 started fork 1
02:55:22 waiting for connection...
02:56:40 clock tick (5 min timer)
02:56:40 fork check
f0 
f1 rfsts 1 hst SALLY.UTEXAS.EDU conn 7,,7 bcnt 36610126641 lcnt 0 +
f2 
f3 rfsts 1 hst 20030023411 conn 7,,7 bcnt 24235140201 lcnt 24235073271 +
f4 
f5 
f6 
f7 
f10 
f11 
f12 
f13 
f14 
f15 
f16 
f17 
f20 
f21 
f22 
f23 
02:57:57 started fork 0
02:57:57 waiting for connection...
02:58:05 inferior fork termination interrupt
02:58:05 fork check
f0 rfsts 1 hst CS.UCL.AC.UK conn 7,,7 bcnt 37332201031 lcnt 0 +
f1 rfsts 2 nuke
f2 
f3 rfsts 1 hst 20030023411 conn 7,,7 bcnt 24235163231 lcnt 24235140201 +
f4 
f5 
f6 
f7 
f10 
f11 
f12 
f13 
f14 
f15 
f16 
f17 
f20 
f21 
f22 
f23 
02:58:34 started fork 2
02:58:34 waiting for connection...
02:58:35 inferior fork termination interrupt
02:58:35 fork check
f0 rfsts 1 hst CS.UCL.AC.UK conn 7,,7 bcnt 37332230601 lcnt 37332201031 +
f1 
f2 rfsts 2 nuke
f3 rfsts 1 hst 20030023411 conn 7,,7 bcnt 24235165311 lcnt 24235163231 +
f4 
f5 
f6 
f7 
f10 
f11 
f12 
f13 
f14 
f15 
f16 
f17 
f20 
f21 
f22 
f23 
02:58:37 started fork 1
02:58:37 waiting for connection...
03:00:29 inferior fork termination interrupt
03:00:29 fork check
f0 rfsts 0 hst CS.UCL.AC.UK conn 7,,7 bcnt 37332506001 lcnt 37332230601 +
f1 rfsts 1 hst AI.CEL.FMC.COM conn 7,,7 bcnt 37504102411 lcnt 0 +
f2 
f3 rfsts 2 nuke
f4 
f5 
f6 
f7 
f10 
f11 
f12 
f13 
f14 
f15 
f16 
f17 
f20 
f21 
f22 
f23 
03:00:37 started fork 2
03:00:37 waiting for connection...
03:01:39 clock tick (5 min timer)
03:01:40 fork check
f0 rfsts 1 hst CS.UCL.AC.UK conn 7,,7 bcnt 37332625511 lcnt 37332506001 +
f1 rfsts 1 hst AI.CEL.FMC.COM conn 7,,7 bcnt 37504440601 lcnt 37504102411 +
f2 rfsts 0 hst LBL-CSAM.ARPA conn 7,,7 bcnt 120504201 lcnt 0 +
f3 
f4 
f5 
f6 
f7 
f10 
f11 
f12 
f13 
f14 
f15 
f16 
f17 
f20 
f21 
f22 
f23 
03:02:33 inferior fork termination interrupt
03:02:33 fork check
f0 rfsts 1 hst CS.UCL.AC.UK conn 7,,7 bcnt 37332720231 lcnt 37332625511 +
f1 rfsts 2 nuke
f2 rfsts 1 hst LBL-CSAM.ARPA conn 7,,7 bcnt 121250777 lcnt 120504201 +
f3 
f4 
f5 
f6 
f7 
f10 
f11 
f12 
f13 
f14 
f15 
f16 
f17 
f20 
f21 
f22 
f23 
03:02:52 inferior fork termination interrupt
03:02:52 fork check
f0 rfsts 1 hst CS.UCL.AC.UK conn 7,,7 bcnt 37332742231 lcnt 37332720231 +
f1 
f2 rfsts 2 nuke
f3 
f4 
f5 
f6 
f7 
f10 
f11 
f12 
f13 
f14 
f15 
f16 
f17 
f20 
f21 
f22 
f23 
03:06:39 clock tick (5 min timer)
03:06:39 fork check
f0 rfsts 1 hst CS.UCL.AC.UK conn 7,,7 bcnt 37333177251 lcnt 37332742231 +
f1 
f2 
f3 
f4 
f5 
f6 
f7 
f10 
f11 
f12 
f13 
f14 
f15 
f16 
f17 
f20 
f21 
f22 
f23 
03:11:36 clock tick (5 min timer)
03:11:36 fork check
f0 rfsts 1 hst CS.UCL.AC.UK conn 7,,7 bcnt 37333376731 lcnt 37333177251 +
f1 
f2 
f3 
f4 
f5 
f6 
f7 
f10 
f11 
f12 
f13 
f14 
f15 
f16 
f17 
f20 
f21 
f22 
f23 
03:14:34 started fork 3
03:14:34 waiting for connection...
03:14:36 inferior fork termination interrupt
03:14:36 fork check
f0 rfsts 1 hst CS.UCL.AC.UK conn 7,,7 bcnt 37333532161 lcnt 37333376731 +
f1 
f2 
f3 rfsts 2 nuke
f4 
f5 
f6 
f7 
f10 
f11 
f12 
f13 
f14 
f15 
f16 
f17 
f20 
f21 
f22 
f23 
03:14:39 started fork 1
03:14:39 waiting for connection...
03:14:39 inferior fork termination interrupt
03:14:39 fork check
f0 rfsts 1 hst CS.UCL.AC.UK conn 7,,7 bcnt 37333537141 lcnt 37333532161 +
f1 rfsts 2 nuke
f2 
f3 
f4 
f5 
f6 
f7 
f10 
f11 
f12 
f13 
f14 
f15 
f16 
f17 
f20 
f21 
f22 
f23 
03:14:41 started fork 2
03:14:41 waiting for connection...
03:16:33 clock tick (5 min timer)
03:16:33 fork check
f0 rfsts 1 hst CS.UCL.AC.UK conn 7,,7 bcnt 37333561141 lcnt 37333537141 +
f1 
f2 rfsts 5 hst CS.UTAH.EDU conn 7,,7 bcnt 3725472501 lcnt 0 +
f3 
f4 
f5 
f6 
f7 
f10 
f11 
f12 
f13 
f14 
f15 
f16 
f17 
f20 
f21 
f22 
f23 
03:17:09 inferior fork termination interrupt
03:17:09 fork check
f0 rfsts 1 hst CS.UCL.AC.UK conn 7,,7 bcnt 37333562171 lcnt 37333561141 +
f1 
f2 rfsts 2 nuke
f3 
f4 
f5 
f6 
f7 
f10 
f11 
f12 
f13 
f14 
f15 
f16 
f17 
f20 
f21 
f22 
f23 
03:17:16 started fork 1
03:17:16 waiting for connection...
03:17:16 inferior fork termination interrupt
03:17:17 fork check
f0 rfsts 1 hst CS.UCL.AC.UK conn 7,,7 bcnt 37333566061 lcnt 37333562171 +
f1 rfsts 2 nuke
f2 
f3 
f4 
f5 
f6 
f7 
f10 
f11 
f12 
f13 
f14 
f15 
f16 
f17 
f20 
f21 
f22 
f23 
03:17:24 started fork 2
03:17:24 waiting for connection...
03:21:16 inferior fork termination interrupt
03:21:16 fork check
f0 rfsts 2 nuke
f1 
f2 rfsts 1 hst THINK.COM conn 7,,7 bcnt 4507421737 lcnt 0 +
f3 
f4 
f5 
f6 
f7 
f10 
f11 
f12 
f13 
f14 
f15 
f16 
f17 
f20 
f21 
f22 
f23 
03:21:32 clock tick (5 min timer)
03:21:32 fork check
f0 
f1 
f2 rfsts 1 hst THINK.COM conn 7,,7 bcnt 4507436601 lcnt 4507421737 +
f3 
f4 
f5 
f6 
f7 
f10 
f11 
f12 
f13 
f14 
f15 
f16 
f17 
f20 
f21 
f22 
f23 
03:22:19 inferior fork termination interrupt
03:22:19 fork check
f0 
f1 
f2 rfsts 2 nuke
03:29:28 started fork 1
03:29:28 waiting for connection...
03:29:32 inferior fork termination interrupt
03:29:32 fork check
f0 
f1 rfsts 2 nuke
03:29:35 started fork 0
03:29:36 waiting for connection...
03:31:21 inferior fork termination interrupt
03:31:21 fork check
f0 rfsts 2 nuke
03:53:05 started fork 1
03:53:05 waiting for connection...
03:53:09 inferior fork termination interrupt
03:53:09 fork check
f0 
f1 rfsts 2 nuke
03:53:26 started fork 0
03:53:26 waiting for connection...
03:58:23 clock tick (5 min timer)
03:58:23 fork check
f0 rfsts 1 hst beno.CSS.GOV conn 7,,7 bcnt 16176650121 lcnt 0 +
f1 
f2 
f3 
f4 
f5 
f6 
f7 
f10 
f11 
f12 
f13 
f14 
f15 
f16 
f17 
f20 
f21 
f22 
f23 
03:58:38 started fork 1
03:58:38 waiting for connection...
03:58:42 inferior fork termination interrupt
03:58:42 fork check
f0 rfsts 1 hst beno.CSS.GOV conn 7,,7 bcnt 16176725561 lcnt 16176650121 +
f1 rfsts 2 nuke
f2 
f3 
f4 
f5 
f6 
f7 
f10 
f11 
f12 
f13 
f14 
f15 
f16 
f17 
f20 
f21 
f22 
f23 
03:58:52 started fork 2
03:58:52 waiting for connection...
04:00:42 inferior fork termination interrupt
04:00:42 fork check
f0 rfsts 2 nuke
f1 
f2 rfsts 1 hst LOGICON.ARPA conn 7,,7 bcnt 17544757061 lcnt 0 +
f3 
f4 
f5 
f6 
f7 
f10 
f11 
f12 
f13 
f14 
f15 
f16 
f17 
f20 
f21 
f22 
f23 
04:00:59 started fork 1
04:00:59 waiting for connection...
04:01:00 inferior fork termination interrupt
04:01:00 fork check
f0 
f1 rfsts 2 nuke
f2 rfsts 1 hst LOGICON.ARPA conn 7,,7 bcnt 17545014261 lcnt 17544757061 +
f3 
f4 
f5 
f6 
f7 
f10 
f11 
f12 
f13 
f14 
f15 
f16 
f17 
f20 
f21 
f22 
f23 
04:01:06 started fork 0
04:01:06 waiting for connection...
04:02:02 inferior fork termination interrupt
04:02:02 fork check
f0 rfsts 1 hst GREMLIN.NRTC.NORTHROP.COM conn 7,,7 bcnt 20225117241 lcnt 0 +
f1 
f2 rfsts 2 nuke
f3 
f4 
f5 
f6 
f7 
f10 
f11 
f12 
f13 
f14 
f15 
f16 
f17 
f20 
f21 
f22 
f23 
04:03:22 clock tick (5 min timer)
04:03:22 fork check
f0 rfsts 1 hst GREMLIN.NRTC.NORTHROP.COM conn 7,,7 bcnt 20225206661 lcnt 20225117241 +
f1 
f2 
f3 
f4 
f5 
f6 
f7 
f10 
f11 
f12 
f13 
f14 
f15 
f16 
f17 
f20 
f21 
f22 
f23 
04:05:22 started fork 1
04:05:22 waiting for connection...
04:05:25 inferior fork termination interrupt
04:05:25 fork check
f0 rfsts 1 hst GREMLIN.NRTC.NORTHROP.COM conn 7,,7 bcnt 20225354521 lcnt 20225206661 +
f1 rfsts 2 nuke
f2 
f3 
f4 
f5 
f6 
f7 
f10 
f11 
f12 
f13 
f14 
f15 
f16 
f17 
f20 
f21 
f22 
f23 
04:05:27 started fork 2
04:05:27 waiting for connection...
04:08:05 inferior fork termination interrupt
04:08:05 fork check
f0 rfsts 1 hst GREMLIN.NRTC.NORTHROP.COM conn 7,,7 bcnt 20225534021 lcnt 20225354521 +
f1 
f2 rfsts 2 nuke
f3 
f4 
f5 
f6 
f7 
f10 
f11 
f12 
f13 
f14 
f15 
f16 
f17 
f20 
f21 
f22 
f23 
04:08:19 clock tick (5 min timer)
04:08:19 fork check
f0 rfsts 1 hst GREMLIN.NRTC.NORTHROP.COM conn 7,,7 bcnt 20225545141 lcnt 20225534021 +
f1 
f2 
f3 
f4 
f5 
f6 
f7 
f10 
f11 
f12 
f13 
f14 
f15 
f16 
f17 
f20 
f21 
f22 
f23 
04:13:16 clock tick (5 min timer)
04:13:16 fork check
f0 rfsts 1 hst GREMLIN.NRTC.NORTHROP.COM conn 7,,7 bcnt 20226335401 lcnt 20225545141 +
f1 
f2 
f3 
f4 
f5 
f6 
f7 
f10 
f11 
f12 
f13 
f14 
f15 
f16 
f17 
f20 
f21 
f22 
f23 
04:14:25 started fork 1
04:14:25 waiting for connection...
04:14:29 inferior fork termination interrupt
04:14:30 fork check
f0 rfsts 1 hst GREMLIN.NRTC.NORTHROP.COM conn 7,,7 bcnt 20226367741 lcnt 20226335401 +
f1 rfsts 2 nuke
f2 
f3 
f4 
f5 
f6 
f7 
f10 
f11 
f12 
f13 
f14 
f15 
f16 
f17 
f20 
f21 
f22 
f23 
04:18:12 clock tick (5 min timer)
04:18:12 fork check
f0 rfsts 1 hst GREMLIN.NRTC.NORTHROP.COM conn 7,,7 bcnt 20226514241 lcnt 20226367741 +
f1 
f2 
f3 
f4 
f5 
f6 
f7 
f10 
f11 
f12 
f13 
f14 
f15 
f16 
f17 
f20 
f21 
f22 
f23 
04:21:47 inferior fork termination interrupt
04:21:48 fork check
f0 rfsts 2 nuke
04:41:40 started fork 2
04:41:40 waiting for connection...
04:44:44 started fork 0
04:44:44 waiting for connection...
04:44:47 inferior fork termination interrupt
04:44:47 fork check
f0 rfsts 2 nuke
f1 
f2 rfsts 1 hst MGHCCC.HARVARD.EDU conn 7,,7 bcnt 33060574761 lcnt 0 +
f3 
f4 
f5 
f6 
f7 
f10 
f11 
f12 
f13 
f14 
f15 
f16 
f17 
f20 
f21 
f22 
f23 
04:46:37 clock tick (5 min timer)
04:46:37 fork check
f0 
f1 
f2 rfsts 1 hst MGHCCC.HARVARD.EDU conn 7,,7 bcnt 33061051061 lcnt 33060574761 +
f3 
f4 
f5 
f6 
f7 
f10 
f11 
f12 
f13 
f14 
f15 
f16 
f17 
f20 
f21 
f22 
f23 
04:51:34 clock tick (5 min timer)
04:51:34 fork check
f0 
f1 
f2 rfsts 1 hst MGHCCC.HARVARD.EDU conn 7,,7 bcnt 33061746601 lcnt 33061051061 +
f3 
f4 
f5 
f6 
f7 
f10 
f11 
f12 
f13 
f14 
f15 
f16 
f17 
f20 
f21 
f22 
f23 
04:52:03 inferior fork termination interrupt
04:52:03 fork check
f0 
f1 
f2 rfsts 2 nuke
04:57:14 started fork 1
04:57:14 waiting for connection...
04:57:25 inferior fork termination interrupt
04:57:25 fork check
f0 
f1 rfsts 2 nuke
04:57:53 started fork 0
04:57:53 waiting for connection...
05:02:49 clock tick (5 min timer)
05:02:50 fork check
f0 rfsts 0 hst TUCC.TUCC.EDU conn 7,,7 bcnt 37334060241 lcnt 0 +
f1 
f2 
f3 
f4 
f5 
f6 
f7 
f10 
f11 
f12 
f13 
f14 
f15 
f16 
f17 
f20 
f21 
f22 
f23 
05:05:20 started fork 1
05:05:20 waiting for connection...
05:05:24 inferior fork termination interrupt
05:05:24 fork check
f0 rfsts 1 hst tucc.tucc.edu conn 7,,7 bcnt 37334151101 lcnt 37334060241 +
f1 rfsts 2 nuke
f2 
f3 
f4 
f5 
f6 
f7 
f10 
f11 
f12 
f13 
f14 
f15 
f16 
f17 
f20 
f21 
f22 
f23 
05:07:52 clock tick (5 min timer)
05:07:52 fork check
f0 rfsts 1 hst tucc.tucc.edu conn 7,,7 bcnt 37334155525 lcnt 37334151101 +
f1 
f2 
f3 
f4 
f5 
f6 
f7 
f10 
f11 
f12 
f13 
f14 
f15 
f16 
f17 
f20 
f21 
f22 
f23 
05:08:25 started fork 2
05:08:25 waiting for connection...
05:12:49 clock tick (5 min timer)
05:12:49 fork check
f0 rfsts 1 hst tucc.tucc.edu conn 7,,7 bcnt 37334167462 lcnt 37334155525 +
f1 
f2 rfsts 1 hst NCSC.ARPA conn 7,,7 bcnt 2164444637 lcnt 0 +
f3 
f4 
f5 
f6 
f7 
f10 
f11 
f12 
f13 
f14 
f15 
f16 
f17 
f20 
f21 
f22 
f23 
05:13:51 inferior fork termination interrupt
05:13:51 fork check
f0 rfsts 1 hst tucc.tucc.edu conn 7,,7 bcnt 37334171462 lcnt 37334167462 +
f1 
f2 rfsts 2 nuke
f3 
f4 
f5 
f6 
f7 
f10 
f11 
f12 
f13 
f14 
f15 
f16 
f17 
f20 
f21 
f22 
f23 
05:17:48 clock tick (5 min timer)
05:17:48 fork check
f0 rfsts 1 hst tucc.tucc.edu conn 7,,7 bcnt 37334200570 lcnt 37334171462 +
f1 
f2 
f3 
f4 
f5 
f6 
f7 
f10 
f11 
f12 
f13 
f14 
f15 
f16 
f17 
f20 
f21 
f22 
f23 
05:20:27 started fork 1
05:20:27 waiting for connection...
05:20:29 inferior fork termination interrupt
05:20:29 fork check
f0 rfsts 1 hst tucc.tucc.edu conn 7,,7 bcnt 37334206533 lcnt 37334200570 +
f1 rfsts 2 nuke
f2 
f3 
f4 
f5 
f6 
f7 
f10 
f11 
f12 
f13 
f14 
f15 
f16 
f17 
f20 
f21 
f22 
f23 
05:22:20 started fork 2
05:22:20 waiting for connection...
05:22:45 clock tick (5 min timer)
05:22:45 fork check
f0 rfsts 1 hst tucc.tucc.edu conn 7,,7 bcnt 37334212501 lcnt 37334206533 +
f1 
f2 rfsts 1 hst NCSC.ARPA conn 7,,7 bcnt 5737624277 lcnt 0 +
f3 
f4 
f5 
f6 
f7 
f10 
f11 
f12 
f13 
f14 
f15 
f16 
f17 
f20 
f21 
f22 
f23 
05:27:41 clock tick (5 min timer)
05:27:41 fork check
f0 rfsts 1 hst tucc.tucc.edu conn 7,,7 bcnt 37334223701 lcnt 37334212501 +
f1 
f2 rfsts 1 hst NCSC.ARPA conn 7,,7 bcnt 5740101477 lcnt 5737624277 +
f3 
f4 
f5 
f6 
f7 
f10 
f11 
f12 
f13 
f14 
f15 
f16 
f17 
f20 
f21 
f22 
f23 
05:32:40 clock tick (5 min timer)
05:32:40 fork check
f0 rfsts 1 hst tucc.tucc.edu conn 7,,7 bcnt 37334234214 lcnt 37334223701 +
f1 
f2 rfsts 1 hst NCSC.ARPA conn 7,,7 bcnt 5740547177 lcnt 5740101477 +
f3 
f4 
f5 
f6 
f7 
f10 
f11 
f12 
f13 
f14 
f15 
f16 
f17 
f20 
f21 
f22 
f23 
05:35:48 inferior fork termination interrupt
05:35:48 fork check
f0 rfsts 1 hst tucc.tucc.edu conn 7,,7 bcnt 37334242127 lcnt 37334234214 +
f1 
f2 rfsts 2 nuke
f3 
f4 
f5 
f6 
f7 
f10 
f11 
f12 
f13 
f14 
f15 
f16 
f17 
f20 
f21 
f22 
f23 
05:37:37 clock tick (5 min timer)
05:37:37 fork check
f0 rfsts 1 hst tucc.tucc.edu conn 7,,7 bcnt 37334246100 lcnt 37334242127 +
f1 
f2 
f3 
f4 
f5 
f6 
f7 
f10 
f11 
f12 
f13 
f14 
f15 
f16 
f17 
f20 
f21 
f22 
f23 
05:42:34 clock tick (5 min timer)
05:42:34 fork check
f0 rfsts 1 hst tucc.tucc.edu conn 7,,7 bcnt 37334257752 lcnt 37334246100 +
f1 
f2 
f3 
f4 
f5 
f6 
f7 
f10 
f11 
f12 
f13 
f14 
f15 
f16 
f17 
f20 
f21 
f22 
f23 
05:47:31 clock tick (5 min timer)
05:47:31 fork check
f0 rfsts 1 hst tucc.tucc.edu conn 7,,7 bcnt 37334271023 lcnt 37334257752 +
f1 
f2 
f3 
f4 
f5 
f6 
f7 
f10 
f11 
f12 
f13 
f14 
f15 
f16 
f17 
f20 
f21 
f22 
f23 
05:52:27 clock tick (5 min timer)
05:52:27 fork check
f0 rfsts 1 hst tucc.tucc.edu conn 7,,7 bcnt 37334277601 lcnt 37334271023 +
f1 
f2 
f3 
f4 
f5 
f6 
f7 
f10 
f11 
f12 
f13 
f14 
f15 
f16 
f17 
f20 
f21 
f22 
f23 
05:57:24 clock tick (5 min timer)
05:57:24 fork check
f0 rfsts 1 hst tucc.tucc.edu conn 7,,7 bcnt 37334311454 lcnt 37334277601 +
f1 
f2 
f3 
f4 
f5 
f6 
f7 
f10 
f11 
f12 
f13 
f14 
f15 
f16 
f17 
f20 
f21 
f22 
f23 
05:59:29 started fork 1
05:59:29 waiting for connection...
05:59:31 inferior fork termination interrupt
05:59:31 fork check
f0 rfsts 1 hst tucc.tucc.edu conn 7,,7 bcnt 37334315454 lcnt 37334311454 +
f1 rfsts 2 nuke
f2 
f3 
f4 
f5 
f6 
f7 
f10 
f11 
f12 
f13 
f14 
f15 
f16 
f17 
f20 
f21 
f22 
f23 
05:59:36 started fork 2
05:59:36 waiting for connection...
06:02:21 clock tick (5 min timer)
06:02:21 fork check
f0 rfsts 1 hst tucc.tucc.edu conn 7,,7 bcnt 37334323411 lcnt 37334315454 +
f1 
f2 rfsts 1 hst 30001207232 conn 7,,7 bcnt 17710033741 lcnt 0 +
f3 
f4 
f5 
f6 
f7 
f10 
f11 
f12 
f13 
f14 
f15 
f16 
f17 
f20 
f21 
f22 
f23 
06:02:53 inferior fork termination interrupt
06:02:53 fork check
f0 rfsts 1 hst tucc.tucc.edu conn 7,,7 bcnt 37334324113 lcnt 37334323411 +
f1 
f2 rfsts 2 nuke
f3 
f4 
f5 
f6 
f7 
f10 
f11 
f12 
f13 
f14 
f15 
f16 
f17 
f20 
f21 
f22 
f23 
06:07:23 clock tick (5 min timer)
06:07:23 fork check
f0 rfsts 1 hst tucc.tucc.edu conn 7,,7 bcnt 37334333366 lcnt 37334324113 +
f1 
f2 
f3 
f4 
f5 
f6 
f7 
f10 
f11 
f12 
f13 
f14 
f15 
f16 
f17 
f20 
f21 
f22 
f23 
06:12:20 clock tick (5 min timer)
06:12:20 fork check
f0 rfsts 1 hst tucc.tucc.edu conn 7,,7 bcnt 37334343726 lcnt 37334333366 +
f1 
f2 
f3 
f4 
f5 
f6 
f7 
f10 
f11 
f12 
f13 
f14 
f15 
f16 
f17 
f20 
f21 
f22 
f23 
06:13:45 started fork 1
06:13:45 waiting for connection...
06:13:57 inferior fork termination interrupt
06:13:57 fork check
f0 rfsts 1 hst tucc.tucc.edu conn 7,,7 bcnt 37334347221 lcnt 37334343726 +
f1 rfsts 2 nuke
f2 
f3 
f4 
f5 
f6 
f7 
f10 
f11 
f12 
f13 
f14 
f15 
f16 
f17 
f20 
f21 
f22 
f23 
06:14:29 started fork 2
06:14:29 waiting for connection...
06:17:17 clock tick (5 min timer)
06:17:17 fork check
f0 rfsts 1 hst tucc.tucc.edu conn 7,,7 bcnt 37334355163 lcnt 37334347221 +
f1 
f2 rfsts 1 hst CCM.UDel.EDU conn 7,,7 bcnt 23644373071 lcnt 0 +
f3 
f4 
f5 
f6 
f7 
f10 
f11 
f12 
f13 
f14 
f15 
f16 
f17 
f20 
f21 
f22 
f23 
06:22:17 clock tick (5 min timer)
06:22:17 fork check
f0 rfsts 1 hst tucc.tucc.edu conn 7,,7 bcnt 37334367141 lcnt 37334355163 +
f1 
f2 rfsts 1 hst CCM.UDel.EDU conn 7,,7 bcnt 23645261161 lcnt 23644373071 +
f3 
f4 
f5 
f6 
f7 
f10 
f11 
f12 
f13 
f14 
f15 
f16 
f17 
f20 
f21 
f22 
f23 
06:27:13 clock tick (5 min timer)
06:27:13 fork check
f0 rfsts 1 hst tucc.tucc.edu conn 7,,7 bcnt 37334377105 lcnt 37334367141 +
f1 
f2 rfsts 1 hst CCM.UDel.EDU conn 7,,7 bcnt 23645733401 lcnt 23645261161 +
f3 
f4 
f5 
f6 
f7 
f10 
f11 
f12 
f13 
f14 
f15 
f16 
f17 
f20 
f21 
f22 
f23 
06:28:00 inferior fork termination interrupt
06:28:00 fork check
f0 rfsts 1 hst tucc.tucc.edu conn 7,,7 bcnt 37334401073 lcnt 37334377105 +
f1 
f2 rfsts 2 nuke
f3 
f4 
f5 
f6 
f7 
f10 
f11 
f12 
f13 
f14 
f15 
f16 
f17 
f20 
f21 
f22 
f23 
06:32:10 clock tick (5 min timer)
06:32:10 fork check
f0 rfsts 1 hst tucc.tucc.edu conn 7,,7 bcnt 37334410767 lcnt 37334401073 +
f1 
f2 
f3 
f4 
f5 
f6 
f7 
f10 
f11 
f12 
f13 
f14 
f15 
f16 
f17 
f20 
f21 
f22 
f23 
06:37:07 clock tick (5 min timer)
06:37:07 fork check
f0 rfsts 1 hst tucc.tucc.edu conn 7,,7 bcnt 37334420722 lcnt 37334410767 +
f1 
f2 
f3 
f4 
f5 
f6 
f7 
f10 
f11 
f12 
f13 
f14 
f15 
f16 
f17 
f20 
f21 
f22 
f23 
06:40:03 started fork 1
06:40:03 waiting for connection...
06:40:06 inferior fork termination interrupt
06:40:06 fork check
f0 rfsts 1 hst tucc.tucc.edu conn 7,,7 bcnt 37334426670 lcnt 37334420722 +
f1 rfsts 2 nuke
f2 
f3 
f4 
f5 
f6 
f7 
f10 
f11 
f12 
f13 
f14 
f15 
f16 
f17 
f20 
f21 
f22 
f23 
06:40:36 started fork 2
06:40:36 waiting for connection...
06:42:04 clock tick (5 min timer)
06:42:04 fork check
f0 rfsts 1 hst tucc.tucc.edu conn 7,,7 bcnt 37334430066 lcnt 37334426670 +
f1 
f2 rfsts 1 hst HARVARD.HARVARD.EDU conn 7,,7 bcnt 32622653441 lcnt 0 +
f3 
f4 
f5 
f6 
f7 
f10 
f11 
f12 
f13 
f14 
f15 
f16 
f17 
f20 
f21 
f22 
f23 
06:47:02 clock tick (5 min timer)
06:47:02 fork check
f0 rfsts 1 hst tucc.tucc.edu conn 7,,7 bcnt 37334441706 lcnt 37334430066 +
f1 
f2 rfsts 1 hst HARVARD.HARVARD.EDU conn 7,,7 bcnt 32623534541 lcnt 32622653441 +
f3 
f4 
f5 
f6 
f7 
f10 
f11 
f12 
f13 
f14 
f15 
f16 
f17 
f20 
f21 
f22 
f23 
06:50:07 inferior fork termination interrupt
06:50:08 fork check
f0 rfsts 1 hst tucc.tucc.edu conn 7,,7 bcnt 37334445657 lcnt 37334441706 +
f1 
f2 rfsts 2 nuke
f3 
f4 
f5 
f6 
f7 
f10 
f11 
f12 
f13 
f14 
f15 
f16 
f17 
f20 
f21 
f22 
f23 
06:51:59 clock tick (5 min timer)
06:51:59 fork check
f0 rfsts 1 hst tucc.tucc.edu conn 7,,7 bcnt 37334451621 lcnt 37334445657 +
f1 
f2 
f3 
f4 
f5 
f6 
f7 
f10 
f11 
f12 
f13 
f14 
f15 
f16 
f17 
f20 
f21 
f22 
f23 
06:56:56 clock tick (5 min timer)
06:56:57 fork check
f0 rfsts 0 hst tucc.tucc.edu conn 0,,0 nuke
07:00:52 started fork 1
07:00:52 waiting for connection...
07:00:56 inferior fork termination interrupt
07:00:56 fork check
f0 
f1 rfsts 2 nuke
07:18:18 started fork 0
07:18:18 waiting for connection...
07:23:15 clock tick (5 min timer)
07:23:15 fork check
f0 rfsts 1 hst STSCI.ARPA conn 7,,7 bcnt 4677474245 lcnt 0 +
f1 
f2 
f3 
f4 
f5 
f6 
f7 
f10 
f11 
f12 
f13 
f14 
f15 
f16 
f17 
f20 
f21 
f22 
f23 
07:28:21 clock tick (5 min timer)
07:28:21 fork check
f0 rfsts 1 hst STSCI.ARPA conn 7,,7 bcnt 4700022341 lcnt 4677474245 +
f1 
f2 
f3 
f4 
f5 
f6 
f7 
f10 
f11 
f12 
f13 
f14 
f15 
f16 
f17 
f20 
f21 
f22 
f23 
07:33:32 clock tick (5 min timer)
07:33:32 fork check
f0 rfsts 0 hst STSCI.ARPA conn 7,,7 bcnt 4700520345 lcnt 4700022341 +
f1 
f2 
f3 
f4 
f5 
f6 
f7 
f10 
f11 
f12 
f13 
f14 
f15 
f16 
f17 
f20 
f21 
f22 
f23 
07:35:02 inferior fork termination interrupt
07:35:02 fork check
f0 rfsts 2 nuke
07:41:09 started fork 1
07:41:09 waiting for connection...
07:41:15 inferior fork termination interrupt
07:41:15 fork check
f0 
f1 rfsts 2 nuke
08:28:54 started fork 0
08:28:54 waiting for connection...
08:28:58 inferior fork termination interrupt
08:28:59 fork check
f0 rfsts 2 nuke
08:35:19 started fork 1
08:35:19 waiting for connection...
08:35:33 inferior fork termination interrupt
08:35:33 fork check
f0 
f1 rfsts 2 nuke
08:43:20 started fork 0
08:43:20 waiting for connection...
08:43:22 inferior fork termination interrupt
08:43:22 fork check
f0 rfsts 2 nuke
08:43:28 started fork 1
08:43:28 waiting for connection...
08:45:06 inferior fork termination interrupt
08:45:06 fork check
f0 
f1 rfsts 2 nuke
08:47:18 started fork 0
08:47:18 waiting for connection...
08:47:25 inferior fork termination interrupt
08:47:25 fork check
f0 rfsts 2 nuke
08:47:32 started fork 1
08:47:32 waiting for connection...
08:52:28 clock tick (5 min timer)
08:52:28 fork check
f0 
f1 rfsts 5 hst NSWC2-GW.ARPA conn 7,,7 bcnt 34527511241 lcnt 0 +
f2 
f3 
f4 
f5 
f6 
f7 
f10 
f11 
f12 
f13 
f14 
f15 
f16 
f17 
f20 
f21 
f22 
f23 
08:57:33 clock tick (5 min timer)
08:57:34 fork check
f0 
f1 rfsts 1 hst NSWC2-GW.ARPA conn 7,,7 bcnt 34530373077 lcnt 34527511241 +
f2 
f3 
f4 
f5 
f6 
f7 
f10 
f11 
f12 
f13 
f14 
f15 
f16 
f17 
f20 
f21 
f22 
f23 
08:57:51 inferior fork termination interrupt
08:57:51 fork check
f0 
f1 rfsts 2 nuke
08:58:28 started fork 0
08:58:28 waiting for connection...
08:58:36 inferior fork termination interrupt
08:58:36 fork check
f0 rfsts 2 nuke
09:07:54 started fork 1
09:07:54 waiting for connection...
09:07:56 inferior fork termination interrupt
09:07:57 fork check
f0 
f1 rfsts 2 nuke
09:23:43 started fork 0
09:23:43 waiting for connection...
09:23:46 inferior fork termination interrupt
09:23:47 fork check
f0 rfsts 2 nuke
09:40:30 started fork 1
09:40:30 waiting for connection...
09:40:38 inferior fork termination interrupt
