
 9-Dec-88 10:30:23 NETSRV Version 5.3(6)-4 Initialized
 9-Dec-88 10:30:23 Internet Status Change.  Primary network is up, interface is enabled.
 9-Dec-88 10:30:24 Receive contacts for Finger        on port 79
 9-Dec-88 10:30:25 Receive contacts for FTP           on port 21
 9-Dec-88 10:30:25 Receive contacts for TAC News      on port 98
 9-Dec-88 10:30:26 Receive contacts for TCP status    on port 15
 9-Dec-88 10:30:26 Receive contacts for NIC Services  on port 131
 9-Dec-88 10:30:35 *** Problem with server for FTP          
 9-Dec-88 10:30:35 *** Fork halted at PC DOLISN
 9-Dec-88 10:30:35 *** Error:  Connection error or connection rejected
 9-Dec-88 10:30:35 *** Error Environment Information, 4N Host: 0          , 4N Port: 0    
 9-Dec-88 10:30:35 
 9-Dec-88 10:33:16 FTP           Host: nrc-link2.ind, 4n port: 1110 , TTY152
 9-Dec-88 10:35:19 FTP           Host: MELPAR-EMH1.A, 4n port: 1451 , TTY157
 9-Dec-88 10:36:45 FTP           Host: MATHER1.ARPA , 4n port: 2590 , TTY152
 9-Dec-88 10:43:41 FTP           Host: 20034500412  , 4n port: 1602 , TTY151
 9-Dec-88 10:45:06 FTP           Host: 20031200427  , 4n port: 1115 , TTY160
 9-Dec-88 10:46:40 FTP           Host: UAP1.CDS.WPAF, 4n port: 1752 , TTY152
 9-Dec-88 10:47:55 FTP           Host: wheat-chex.ai, 4n port: 6860 , TTY162
 9-Dec-88 10:50:25 FTP           Host: wb.msc.umn.ed, 4n port: 1119 , TTY154
 9-Dec-88 10:51:07 FTP           Host: 20037601177  , 4n port: 2323 , TTY151
 9-Dec-88 10:53:07 FTP           Host: COS2.FAC.FORD, 4n port: 2710 , TTY162
 9-Dec-88 10:54:49 *** Problem with server for FTP          
 9-Dec-88 10:54:49 *** Fork halted at PC DOLISN
 9-Dec-88 10:54:49 *** Error:  Retransmission timeout
 9-Dec-88 10:54:49 *** Error Environment Information, 4N Host: 20001221002, 4N Port: 2710 
 9-Dec-88 10:54:49 
 9-Dec-88 10:54:58 FTP           Host: 30007610416  , 4n port: 7279 , TTY160
 9-Dec-88 10:55:08 FTP           Host: 20016624202  , 4n port: 8115 , TTY170
 9-Dec-88 10:57:34 FTP           Host: MELPAR-EMH1.A, 4n port: 1463 , TTY157
 9-Dec-88 11:00:49 FTP           Host: deschon.isi.e, 4n port: 1285 , TTY151
 9-Dec-88 11:01:40 FTP           Host: DMAHTC.ARPA  , 4n port: 1040 , TTY151
 9-Dec-88 11:01:57 FTP           Host: 20016624202  , 4n port: 8122 , TTY167
 9-Dec-88 11:07:12 FTP           Host: 20016624202  , 4n port: 8126 , TTY151
 9-Dec-88 11:11:46 FTP           Host: ESDVAX.ARPA  , 4n port: 1777 , TTY152
 9-Dec-88 11:13:40 FTP           Host: web-2b.Berkel, 4n port: 2589 , TTY165
 9-Dec-88 11:15:40 FTP           Host: MELPAR-EMH1.A, 4n port: 1476 , TTY152
 9-Dec-88 11:16:30 FTP           Host: ESDVAX.ARPA  , 4n port: 1783 , TTY154
 9-Dec-88 11:17:21 FTP           Host: gershwin.Berk, 4n port: 1365 , TTY164
 9-Dec-88 11:19:01 FTP           Host: deschon.isi.e, 4n port: 1302 , TTY166
 9-Dec-88 11:19:46 FTP           Host: dix.gps.calte, 4n port: 1044 , TTY170
 9-Dec-88 11:22:38 FTP           Host: gershwin.Berk, 4n port: 1369 , TTY171
 9-Dec-88 11:23:46 FTP           Host: GPU.UTCS.UTOR, 4n port: 7786 , TTY171
 9-Dec-88 11:24:45 FTP           Host: trantor.umd.e, 4n port: 1801 , TTY173
 9-Dec-88 11:25:52 FTP           Host: gershwin.Berk, 4n port: 1378 , TTY165
 9-Dec-88 11:26:10 FTP           Host: fmlab.eng.umd, 4n port: 1296 , TTY164
 9-Dec-88 11:27:12 FTP           Host: gershwin.Berk, 4n port: 1382 , TTY154
 9-Dec-88 11:28:31 FTP           Host: deschon.isi.e, 4n port: 1305 , TTY154
 9-Dec-88 11:29:54 FTP           Host: ISS1.ARPA    , 4n port: 1000 , TTY162
 9-Dec-88 11:33:06 FTP           Host: arisia.Xerox., 4n port: 2194 , TTY171
 9-Dec-88 11:33:56 FTP           Host: arisia.Xerox., 4n port: 2196 , TTY163
 9-Dec-88 11:40:43 FTP           Host: 3201000111   , 4n port: 1045 , TTY154
 9-Dec-88 11:41:06 FTP           Host: gershwin.Berk, 4n port: 1392 , TTY170
 9-Dec-88 11:43:04 Finger        Host: 20044453402  , 4n port: 26827
 9-Dec-88 11:46:14 FTP           Host: ABEND.UTCS.UT, 4n port: 3958 , TTY171
 9-Dec-88 11:47:53 FTP           Host: ABEND.UTCS.UT, 4n port: 3960 , TTY170
 9-Dec-88 11:48:26 FTP           Host: hplabs.hp.com, 4n port: 3633 , TTY173
 9-Dec-88 11:48:40 FTP           Host: web-2b.Berkel, 4n port: 2651 , TTY165
 9-Dec-88 11:50:28 *** Problem with server for FTP          
 9-Dec-88 11:50:28 *** Fork halted at PC DOLISN
 9-Dec-88 11:50:28 *** Error:  Retransmission timeout
 9-Dec-88 11:50:28 *** Error Environment Information, 4N Host: 20010134516, 4N Port: 2651 
 9-Dec-88 11:50:28 
 9-Dec-88 11:53:24 FTP           Host: ISS1.ARPA    , 4n port: 1001 , TTY163
 9-Dec-88 11:53:46 FTP           Host: web-2b.Berkel, 4n port: 2662 , TTY164
 9-Dec-88 11:59:55 FTP           Host: MCCLELLAN-MDS, 4n port: 1055 , TTY152
 9-Dec-88 12:00:09 FTP           Host: 20045120110  , 4n port: 1935 , TTY156
 9-Dec-88 12:00:47 FTP           Host: SUN.COM      , 4n port: 1107 , TTY165
 9-Dec-88 12:03:49 Finger        Host: VAXB.NAVY.MIL, 4n port: 1340 
 9-Dec-88 12:04:14 Finger        Host: DEPT.CSCI.UNT, 4n port: 1357 
 9-Dec-88 12:04:46 Finger        Host: VAXB.NAVY.MIL, 4n port: 1341 
 9-Dec-88 12:05:24 *** Problem with server for FTP          
 9-Dec-88 12:05:24 *** Fork halted at PC DOLISN
 9-Dec-88 12:05:24 *** Error:  Retransmission timeout
 9-Dec-88 12:05:24 *** Error Environment Information, 4N Host: 1201600002 , 4N Port: 1107 
 9-Dec-88 12:05:24 
 9-Dec-88 12:05:37 FTP           Host: MELPAR-EMH1.A, 4n port: 1505 , TTY164
 9-Dec-88 12:05:57 Finger        Host: VAXB.NAVY.MIL, 4n port: 1342 
 9-Dec-88 12:07:15 FTP           Host: MCCLELLAN-MDS, 4n port: 1059 , TTY167
 9-Dec-88 12:07:33 *** Problem with server for Finger       
 9-Dec-88 12:07:33 *** Alarm expired while waiting for Connection to close
 9-Dec-88 12:07:33 *** Error Environment Information, 4N Host: 20065404001, 4N Port: 5995 
 9-Dec-88 12:07:33 
 9-Dec-88 12:08:30 *** Problem with server for FTP          
 9-Dec-88 12:08:30 *** Fork halted at PC DOLISN
 9-Dec-88 12:08:30 *** Error:  Connection error or connection rejected
 9-Dec-88 12:08:30 *** Error Environment Information, 4N Host: 3201200027 , 4N Port: 1059 
 9-Dec-88 12:08:30 
 9-Dec-88 12:09:32 FTP           Host: ISS1.ARPA    , 4n port: 1002 , TTY152
 9-Dec-88 12:10:45 FTP           Host: 20037601242  , 4n port: 15039, TTY167
 9-Dec-88 12:11:31 FTP           Host: SUN.COM      , 4n port: 1271 , TTY165
 9-Dec-88 12:13:18 FTP           Host: 20037601177  , 4n port: 2338 , TTY167
 9-Dec-88 12:13:34 FTP           Host: NMFECC.ARPA  , 4n port: 3814 , TTY175
 9-Dec-88 12:14:31 FTP           Host: MCCLELLAN-MDS, 4n port: 1061 , TTY172
 9-Dec-88 12:15:19 FTP           Host: ISS1.ARPA    , 4n port: 1003 , TTY152
 9-Dec-88 12:16:24 FTP           Host: RADC-LONS.ARP, 4n port: 4183 , TTY163
 9-Dec-88 12:18:50 Finger        Host: Jessica.Stanf, 4n port: 4219 
 9-Dec-88 12:18:55 FTP           Host: ATT.ARPA     , 4n port: 3724 , TTY172
 9-Dec-88 12:21:02 FTP           Host: 20067400445  , 4n port: 1077 , TTY176
 9-Dec-88 12:24:05 FTP           Host: 3201000111   , 4n port: 1045 , TTY172
 9-Dec-88 12:39:57 FTP           Host: MCCLELLAN-MDS, 4n port: 1063 , TTY167
 9-Dec-88 12:42:29 Finger        Host: midgard.UCSC., 4n port: 1785 
 9-Dec-88 12:45:35 FTP           Host: MCCLELLAN-MDS, 4n port: 1066 , TTY165
 9-Dec-88 12:46:43 FTP           Host: DEPT.CSCI.UNT, 4n port: 1406 , TTY167
 9-Dec-88 12:51:20 FTP           Host: vtcc1.CC.VT.E, 4n port: 1169 , TTY154
 9-Dec-88 12:56:03 FTP           Host: 20104001001  , 4n port: 2403 , TTY164
 9-Dec-88 12:56:27 FTP           Host: SAAD-EMH1.ARM, 4n port: 1207 , TTY167
 9-Dec-88 12:56:58 FTP           Host: FFBPC.LARC.NA, 4n port: 14086, TTY171
 9-Dec-88 12:59:43 FTP           Host: SAAD-EMH1.ARM, 4n port: 1210 , TTY154
 9-Dec-88 12:59:53 FTP           Host: 20214402411  , 4n port: 1071 , TTY160
 9-Dec-88 13:00:43 FTP           Host: vtcc1.CC.VT.E, 4n port: 1175 , TTY165
 9-Dec-88 13:02:40 FTP           Host: NYU.EDU      , 4n port: 3508 , TTY166
 9-Dec-88 13:04:48 *** Problem with server for FTP          
 9-Dec-88 13:04:48 *** Fork halted at PC DOLISN
 9-Dec-88 13:04:48 *** Error:  Retransmission timeout
 9-Dec-88 13:04:48 *** Error Environment Information, 4N Host: 3200000072 , 4N Port: 3508 
 9-Dec-88 13:04:48 
 9-Dec-88 13:09:57 *** Problem with server for FTP          
 9-Dec-88 13:09:57 *** Fork halted at PC DOLISN
 9-Dec-88 13:09:57 *** Error:  Retransmission timeout
 9-Dec-88 13:09:57 *** Error Environment Information, 4N Host: 3200000072 , 4N Port: 3508 
 9-Dec-88 13:09:57 
 9-Dec-88 13:10:50 FTP           Host: AFCC-OA1.ARPA, 4n port: 20018, TTY160
 9-Dec-88 13:15:46 FTP           Host: FTH-COCHISE.A, 4n port: 22544, TTY154
 9-Dec-88 13:18:40 Finger        Host: uther.cs.purd, 4n port: 3038 
 9-Dec-88 13:32:32 FTP           Host: smoke.brl.mil, 4n port: 1492 , TTY160
 9-Dec-88 13:33:54 FTP           Host: ABEND.UTCS.UT, 4n port: 4453 , TTY167
 9-Dec-88 13:36:46 FTP           Host: MELPAR-EMH1.A, 4n port: 1538 , TTY163
 9-Dec-88 13:37:21 Finger        Host: PO3.ANDREW.CM, 4n port: 1404 
 9-Dec-88 13:43:00 FTP           Host: 20136403322  , 4n port: 1455 , TTY155
 9-Dec-88 13:43:29 FTP           Host: VM1.NODAK.EDU, 4n port: 28332, TTY156
 9-Dec-88 13:44:16 *** Problem with server for Finger       
 9-Dec-88 13:44:16 *** Fork halted at PC DOLISN
 9-Dec-88 13:44:16 *** Error:  Retransmission timeout
 9-Dec-88 13:44:16 *** Error Environment Information, 4N Host: 20000406037, 4N Port: 1404 
 9-Dec-88 13:44:16 
 9-Dec-88 13:53:37 *** Problem with server for FTP          
 9-Dec-88 13:53:37 *** Fork halted at PC DOLISN
 9-Dec-88 13:53:37 *** Error:  Retransmission timeout
 9-Dec-88 13:53:38 *** Error Environment Information, 4N Host: 30010211036, 4N Port: 28332
 9-Dec-88 13:53:38 
 9-Dec-88 13:54:23 *** Problem with server for FTP          
 9-Dec-88 13:54:23 *** Fork halted at PC DOLISN
 9-Dec-88 13:54:23 *** Error:  Retransmission timeout
 9-Dec-88 13:54:23 *** Error Environment Information, 4N Host: 30010211036, 4N Port: 28332
 9-Dec-88 13:54:23 
 9-Dec-88 13:55:04 FTP           Host: ibm.com      , 4n port: 1115 , TTY153
 9-Dec-88 13:56:41 FTP           Host: ATT.ARPA     , 4n port: 3842 , TTY170
 9-Dec-88 13:57:31 FTP           Host: LACKLAND-AIM1, 4n port: 1053 , TTY166
 9-Dec-88 13:58:29 FTP           Host: cpsvax.cps.ms, 4n port: 3765 , TTY161
 9-Dec-88 13:59:52 FTP           Host: STEWART-EMH1., 4n port: 65528, TTY167