23-Nov-88 20:37:22 SRI-NIC.ARPA finger
23-Nov-88 20:38:02 SRI-NIC.ARPA help
23-Nov-88 20:38:11 SRI-NIC.ARPA foo
23-Nov-88 20:41:26 SRI-NIC.ARPA help
23-Nov-88 20:41:30 SRI-NIC.ARPA phoon
23-Nov-88 20:41:48 SRI-NIC.ARPA cookie
23-Nov-88 20:42:03 SRI-NIC.ARPA gtdom
23-Nov-88 20:42:21 SRI-NIC.ARPA gtdom
23-Nov-88 20:42:57 SRI-NIC.ARPA gtdom
23-Nov-88 20:44:27 SRI-NIC.ARPA tstats
23-Nov-88 20:44:43 SRI-NIC.ARPA help
23-Nov-88 20:44:48 SRI-NIC.ARPA cookie
23-Nov-88 20:49:01 SRI-NIC.ARPA snigle
23-Nov-88 20:49:08 SRI-NIC.ARPA help
23-Nov-88 21:07:35 SRI-NIC.ARPA cookie
23-Nov-88 21:07:56 SRI-NIC.ARPA finger
23-Nov-88 21:08:30 SRI-NIC.ARPA wwv
23-Nov-88 21:08:47 SRI-NIC.ARPA help
23-Nov-88 21:09:04 SRI-NIC.ARPA wwv
23-Nov-88 21:13:18 SRI-NIC.ARPA help
23-Nov-88 21:13:34 SRI-NIC.ARPA wwv
23-Nov-88 23:32:42 SRI-NIC.ARPA help
23-Nov-88 23:32:48 SRI-NIC.ARPA namser
23-Nov-88 23:33:10 SRI-NIC.ARPA whois
23-Nov-88 23:38:35 SRI-NIC.ARPA help
23-Nov-88 23:38:41 SRI-NIC.ARPA whois
23-Nov-88 23:39:03 SRI-NIC.ARPA wwv
23-Nov-88 23:39:15 SRI-NIC.ARPA snigle
23-Nov-88 23:40:34 SRI-NIC.ARPA tstats
24-Nov-88 14:03:12 snark.bellcore.com HELP
24-Nov-88 14:03:52 snark.bellcore.com HELP
24-Nov-88 14:04:08 snark.bellcore.com snigle
24-Nov-88 14:04:44 snark.bellcore.com wwv
24-Nov-88 14:05:00 snark.bellcore.com finger
24-Nov-88 17:40:31 SRI-NIC.ARPA HELP
24-Nov-88 17:40:47 SRI-NIC.ARPA wwv
24-Nov-88 20:46:50 Fernwood.MPK.CA.US help
24-Nov-88 20:47:15 Fernwood.MPK.CA.US snigle
24-Nov-88 20:47:31 Fernwood.MPK.CA.US wwv
24-Nov-88 20:47:48 Fernwood.MPK.CA.US whois
25-Nov-88 12:41:41 SUN.COM help
25-Nov-88 12:41:52 SUN.COM snigle
25-Nov-88 12:42:13 SUN.COM wwv
25-Nov-88 12:42:25 SUN.COM cookIE
25-Nov-88 12:42:37 SUN.COM finger
25-Nov-88 12:42:54 SUN.COM t}
25-Nov-88 12:43:09 SUN.COM help
25-Nov-88 12:43:49 SUN.COM help
25-Nov-88 12:44:06 SUN.COM hostname
25-Nov-88 12:44:28 SUN.COM tstats
25-Nov-88 16:41:38 SRI-NIC.ARPA help
25-Nov-88 16:41:48 SRI-NIC.ARPA wwv
25-Nov-88 21:37:03 20031000501 HELP
25-Nov-88 21:37:37 20031000501 wwv
28-Nov-88 14:47:14 XENNA.ENCORE.COM 

28-Nov-88 14:48:05 XENNA.ENCORE.COM HEL
28-Nov-88 14:51:42 XENNA.ENCORE.COM hel
28-Nov-88 14:57:58 XENNA.ENCORE.COM ft
28-Nov-88 16:09:49 RA.MIT.EDU help
28-Nov-88 16:10:02 RA.MIT.EDU nger
28-Nov-88 16:10:14 RA.MIT.EDU cookie
28-Nov-88 16:10:28 RA.MIT.EDU snigle
28-Nov-88 19:58:38 mathom.cisco.com help
28-Nov-88 19:58:53 mathom.cisco.com cookie
28-Nov-88 19:59:02 mathom.cisco.com wwv
28-Nov-88 19:59:27 mathom.cisco.com snigle
28-Nov-88 19:59:55 mathom.cisco.com eh
28-Nov-88 20:00:01 mathom.cisco.com help
28-Nov-88 20:00:12 mathom.cisco.com tstats
28-Nov-88 21:15:17 Fernwood.MPK.CA.US help
29-Nov-88 21:57:32 Fernwood.MPK.CA.US tstats
