
			19-Aug-88 18:55:17

BATCON Version	5(6075)			GLXLIB Version	5(1256)

	    Job 1ST-CH Req #62 for A.ALDERSON in Stream 2

	OUTPUT:	 Nolog				TIME-LIMIT: 2:00:00
	UNIQUE:	 No				BATCH-LOG:  Supersede
	RESTART: No				ASSISTANCE: Yes
	ACCOUNT:                                SEQUENCE:   1761

	Input from => SRC:<7.FT3.MONITOR.STANFORD.LOTS>1ST-CHIVES-MONITR.MIC.1
	Output to  => SRC:<7.FT3.MONITOR.STANFORD.LOTS>1ST-CHIVES-MONITR.LOG



18:55:17 MONTR	 Stanford Macbeth, TOPS-20 Monitor 6.1(16465)-4
18:55:17 MONTR	 Job 75 on TTY36 19-Aug-88  6:55PM
18:55:18 MONTR	 $
18:55:18 MONTR	[CONNECTED TO SRC:<7.FT3.MONITOR.STANFORD.LOTS>]
18:55:18 MONTR	@ENABLE
18:55:18 MONTR	 $@TERMINAL NO PAUSE END
18:55:19 MONTR	
18:55:19 MONTR	 $@TAKE SETSRC
18:55:19 MONTR	
18:55:19 MONTR	 $@PHOTO
18:55:20 USER	
18:55:20 USER	Welcome to PHOTO.  To exit you must type 'POP' when at the EXEC command level.
18:55:20 USER	For more help type 'HELP PHOTO' to the EXEC.
18:55:21 USER		
18:55:21 USER	Log File (press RETURN to default to PHOTO.LOG): *MON:CHIVES-MONITR.LOG
18:55:21 USER	
18:55:21 USER	[PHOTO:  Recording initiated  Fri 19-Aug-88 6:55PM]
18:55:21 USER	
18:55:22 MONTR	 $@ENABLE
18:55:22 MONTR	
18:55:22 MONTR	 $@SET TRAP FILE
18:55:22 MONTR	
18:55:22 MONTR	 $@TAKE MON:ASM1stCHI.CMD
18:55:22 MONTR	
18:55:23 MONTR	 $COMPILE/COMPILE MON:SYSFLG.MAC+MON:PROLOG.MAC R:PROLOG	;Common monitor definitions
18:55:23 MONTR	% Error while reading ASM1STCHI.CMD.1, file aborted.
18:55:23 MONTR	?No such device
18:55:23 MONTR	 $
		@LINK
		*@MON:LNKNEW
		*@MON:LNKLOT
		@GET MON
		@START 142
		*0^[6M
		*BUGHLT<HLTADR^[12B
		*BUGCHK<CHKADR^[11B
		*DBUGIP/2
		*INTBYP/0
		*DBUGSW/0
		*EDDTF/0
		*^[G
		@POP
		@TERMINAL PAUSE END
		@KMIC

		BTNECF End of Control File while searching for %ERR

18:55:23 MONTR	
18:55:26 MONTR	Killed by OPERATOR
18:55:26 MONTR	Killed Job 75, User A.ALDERSON, TTY 36, at 19-Aug-88 18:55:26
18:55:26 MONTR	 Used 0:00:02 in 0:00:08
